<?xml version="1.0" encoding="utf-8"?>
<TestRun id="fddbab51-eb93-4de2-84b3-c0d56f72e6d9" name="Martin@DESKTOP-CM8OBSG 2026-09-22 18:59:11" runUser="DESKTOP-CM8OBSG\Martin" xmlns="http://microsoft.com/schemas/VisualStudio/TeamTest/2010">
  <Times creation="2026-09-22T18:59:11.7046038+02:00" queuing="2026-09-22T18:59:11.7046043+02:00" start="2026-09-22T18:59:04.3853370+02:00" finish="2026-09-22T19:21:42.9852288+02:00" />
  <TestSettings name="default" id="77018242-3960-42b9-83e4-caad30278fc8">
    <Deployment runDeploymentRoot="Martin_DESKTOP-CM8OBSG_2026-09-22_18_59_11" />
  </TestSettings>
  <Results>
    <UnitTestResult executionId="afae9d52-a9ab-4601-88d4-615ffb3f0505" testId="207de048-71ae-6187-4fb8-e9198efa586a" testName="VideoWebPlayer.Tests.BackupUploadE2ETests.BackupUpload_Interrupted_ResumesFromServerOffset" computerName="DESKTOP-CM8OBSG" duration="00:02:01.0516580" startTime="2026-09-22T19:05:19.7126256+02:00" endTime="2026-09-22T19:07:20.7649230+02:00" testType="13cdc9d9-ddb5-4fa4-a97d-d965ccfc6d4b" outcome="Failed" testListId="8c84fa94-04c1-424b-9868-57a2d4851a1d" relativeResultsDirectory="afae9d52-a9ab-4601-88d4-615ffb3f0505">
      <Output>
        <ErrorInfo>
          <Message>System.TimeoutException : Timeout 120000ms exceeded.
Call log:
  -   - waiting for Locator("#email")</Message>
          <StackTrace>   at Microsoft.Playwright.Transport.Connection.InnerSendMessageToServerAsync[T](ChannelOwner object, String method, Dictionary`2 dictionary, Boolean keepNulls) in /_/src/Playwright/Transport/Connection.cs:line 206&#xD;
   at Microsoft.Playwright.Transport.Connection.WrapApiCallAsync[T](Func`1 action, Boolean isInternal) in /_/src/Playwright/Transport/Connection.cs:line 535&#xD;
   at VideoWebPlayer.Tests.BackupUploadE2ETests.LoginAsync(String email, String password) in D:\Repositories\softwareschmiede\458c8158-1438-49a5-bbe0-55ad7ddecbaf\VideoWebPlayer.Tests\BackupUploadE2ETests.cs:line 413&#xD;
   at VideoWebPlayer.Tests.BackupUploadE2ETests.BackupUpload_Interrupted_ResumesFromServerOffset() in D:\Repositories\softwareschmiede\458c8158-1438-49a5-bbe0-55ad7ddecbaf\VideoWebPlayer.Tests\BackupUploadE2ETests.cs:line 174&#xD;
--- End of stack trace from previous location ---</StackTrace>
        </ErrorInfo>
      </Output>
    </UnitTestResult>
    <UnitTestResult executionId="2255fac8-a175-4689-8450-99852dca9768" testId="76ceece6-f236-e9c7-16a9-954cd67375f1" testName="VideoWebPlayer.Tests.BackupUploadE2ETests.BackupUpload_InterruptedSession_ShowsResumeHint" computerName="DESKTOP-CM8OBSG" duration="00:02:01.3271206" startTime="2026-09-22T19:07:20.7655709+02:00" endTime="2026-09-22T19:09:22.0928256+02:00" testType="13cdc9d9-ddb5-4fa4-a97d-d965ccfc6d4b" outcome="Failed" testListId="8c84fa94-04c1-424b-9868-57a2d4851a1d" relativeResultsDirectory="2255fac8-a175-4689-8450-99852dca9768">
      <Output>
        <ErrorInfo>
          <Message>System.TimeoutException : Timeout 120000ms exceeded.
Call log:
  -   - waiting for Locator("#email")</Message>
          <StackTrace>   at Microsoft.Playwright.Transport.Connection.InnerSendMessageToServerAsync[T](ChannelOwner object, String method, Dictionary`2 dictionary, Boolean keepNulls) in /_/src/Playwright/Transport/Connection.cs:line 206&#xD;
   at Microsoft.Playwright.Transport.Connection.WrapApiCallAsync[T](Func`1 action, Boolean isInternal) in /_/src/Playwright/Transport/Connection.cs:line 535&#xD;
   at VideoWebPlayer.Tests.BackupUploadE2ETests.LoginAsync(String email, String password) in D:\Repositories\softwareschmiede\458c8158-1438-49a5-bbe0-55ad7ddecbaf\VideoWebPlayer.Tests\BackupUploadE2ETests.cs:line 413&#xD;
   at VideoWebPlayer.Tests.BackupUploadE2ETests.BackupUpload_InterruptedSession_ShowsResumeHint() in D:\Repositories\softwareschmiede\458c8158-1438-49a5-bbe0-55ad7ddecbaf\VideoWebPlayer.Tests\BackupUploadE2ETests.cs:line 293&#xD;
--- End of stack trace from previous location ---</StackTrace>
        </ErrorInfo>
      </Output>
    </UnitTestResult>
    <UnitTestResult executionId="42f4758d-6968-4be4-b0ac-f46021f35825" testId="8cfbc9a5-3aec-8bd3-7e4a-b9033dbdd6ea" testName="VideoWebPlayer.Tests.MediaBoxContextMenuInteractionE2ETests.ClickOutside_ClosesOpenMenu" computerName="DESKTOP-CM8OBSG" duration="00:00:31.6535119" startTime="2026-09-22T19:00:19.5119007+02:00" endTime="2026-09-22T19:00:51.1659233+02:00" testType="13cdc9d9-ddb5-4fa4-a97d-d965ccfc6d4b" outcome="Failed" testListId="8c84fa94-04c1-424b-9868-57a2d4851a1d" relativeResultsDirectory="42f4758d-6968-4be4-b0ac-f46021f35825">
      <Output>
        <ErrorInfo>
          <Message>System.TimeoutException : Timeout 30000ms exceeded.
Call log:
  -   - waiting for Locator("#email")</Message>
          <StackTrace>   at Microsoft.Playwright.Transport.Connection.InnerSendMessageToServerAsync[T](ChannelOwner object, String method, Dictionary`2 dictionary, Boolean keepNulls) in /_/src/Playwright/Transport/Connection.cs:line 206&#xD;
   at Microsoft.Playwright.Transport.Connection.WrapApiCallAsync[T](Func`1 action, Boolean isInternal) in /_/src/Playwright/Transport/Connection.cs:line 535&#xD;
   at VideoWebPlayer.Tests.Helpers.MediaBoxContextMenuE2ETestBase.LoginAndNavigateToHomeAsync() in D:\Repositories\softwareschmiede\458c8158-1438-49a5-bbe0-55ad7ddecbaf\VideoWebPlayer.Tests\Helpers\MediaBoxContextMenuE2ETestBase.cs:line 105&#xD;
   at VideoWebPlayer.Tests.MediaBoxContextMenuInteractionE2ETests.ClickOutside_ClosesOpenMenu() in D:\Repositories\softwareschmiede\458c8158-1438-49a5-bbe0-55ad7ddecbaf\VideoWebPlayer.Tests\MediaBoxContextMenuInteractionE2ETests.cs:line 156&#xD;
--- End of stack trace from previous location ---</StackTrace>
        </ErrorInfo>
      </Output>
    </UnitTestResult>
    <UnitTestResult executionId="a61e5107-3a52-49f1-b250-b3ae88fa9a92" testId="cdc6a990-e753-1269-b788-def34966aaec" testName="VideoWebPlayer.Tests.AboutPageE2ETests.AboutPage_ReturnsFirstStepsAndGitHubLink" computerName="DESKTOP-CM8OBSG" duration="00:00:06.4984735" startTime="2026-09-22T18:59:05.3238567+02:00" endTime="2026-09-22T18:59:11.8300963+02:00" testType="13cdc9d9-ddb5-4fa4-a97d-d965ccfc6d4b" outcome="Failed" testListId="8c84fa94-04c1-424b-9868-57a2d4851a1d" relativeResultsDirectory="a61e5107-3a52-49f1-b250-b3ae88fa9a92">
      <Output>
        <ErrorInfo>
          <Message>Assert.Equal() Failure: Values differ&#xD;
Expected: OK&#xD;
Actual:   Found</Message>
          <StackTrace>   at VideoWebPlayer.Tests.AboutPageE2ETests.AboutPage_ReturnsFirstStepsAndGitHubLink() in D:\Repositories\softwareschmiede\458c8158-1438-49a5-bbe0-55ad7ddecbaf\VideoWebPlayer.Tests\AboutPageE2ETests.cs:line 44&#xD;
--- End of stack trace from previous location ---</StackTrace>
        </ErrorInfo>
      </Output>
    </UnitTestResult>
    <UnitTestResult executionId="b782b12f-0d8f-4cee-87c5-99a7fc2957fe" testId="2435985f-ab52-e2fd-c731-d9183dca6ceb" testName="VideoWebPlayer.Tests.ContinueWatchingE2ETests.EpisodeGap_EpisodeCompleted_NextAvailableEpisodeAppearsInContinueWatchingList" computerName="DESKTOP-CM8OBSG" duration="00:00:01.1830445" startTime="2026-09-22T18:59:14.8118823+02:00" endTime="2026-09-22T18:59:15.9950044+02:00" testType="13cdc9d9-ddb5-4fa4-a97d-d965ccfc6d4b" outcome="Passed" testListId="8c84fa94-04c1-424b-9868-57a2d4851a1d" relativeResultsDirectory="b782b12f-0d8f-4cee-87c5-99a7fc2957fe" />
    <UnitTestResult executionId="b88ab8b5-dcac-4be7-b063-39e734fe0da1" testId="86ab1f91-4310-3f40-e06a-afcad3eb14d2" testName="VideoWebPlayer.Tests.FirstUserRedirectE2ETests.RegisterFirstUser_SubmitsAndSetsAuthCookie" computerName="DESKTOP-CM8OBSG" duration="00:00:01.1748452" startTime="2026-09-22T18:59:13.0335788+02:00" endTime="2026-09-22T18:59:14.2089426+02:00" testType="13cdc9d9-ddb5-4fa4-a97d-d965ccfc6d4b" outcome="Failed" testListId="8c84fa94-04c1-424b-9868-57a2d4851a1d" relativeResultsDirectory="b88ab8b5-dcac-4be7-b063-39e734fe0da1">
      <Output>
        <ErrorInfo>
          <Message>Assert.Equal() Failure: Values differ&#xD;
Expected: OK&#xD;
Actual:   Found</Message>
          <StackTrace>   at VideoWebPlayer.Tests.FirstUserRedirectE2ETests.RegisterFirstUser_SubmitsAndSetsAuthCookie() in D:\Repositories\softwareschmiede\458c8158-1438-49a5-bbe0-55ad7ddecbaf\VideoWebPlayer.Tests\FirstUserRedirectE2ETests.cs:line 99&#xD;
--- End of stack trace from previous location ---</StackTrace>
        </ErrorInfo>
      </Output>
    </UnitTestResult>
    <UnitTestResult executionId="6c84f908-325b-4507-9442-f0776d614632" testId="aff283d7-e5f6-133b-8345-19d2bbb8c4e2" testName="VideoWebPlayer.Tests.MediaBoxContextMenuPositionE2ETests.OpenMenu_OnFirstCard_StaysWithinViewportBounds(width: 375, height: 667)" computerName="DESKTOP-CM8OBSG" duration="00:00:31.6463244" startTime="2026-09-22T19:00:19.3052834+02:00" endTime="2026-09-22T19:00:50.9518952+02:00" testType="13cdc9d9-ddb5-4fa4-a97d-d965ccfc6d4b" outcome="Failed" testListId="8c84fa94-04c1-424b-9868-57a2d4851a1d" relativeResultsDirectory="6c84f908-325b-4507-9442-f0776d614632">
      <Output>
        <ErrorInfo>
          <Message>System.TimeoutException : Timeout 30000ms exceeded.
Call log:
  -   - waiting for Locator("#email")</Message>
          <StackTrace>   at Microsoft.Playwright.Transport.Connection.InnerSendMessageToServerAsync[T](ChannelOwner object, String method, Dictionary`2 dictionary, Boolean keepNulls) in /_/src/Playwright/Transport/Connection.cs:line 206&#xD;
   at Microsoft.Playwright.Transport.Connection.WrapApiCallAsync[T](Func`1 action, Boolean isInternal) in /_/src/Playwright/Transport/Connection.cs:line 535&#xD;
   at VideoWebPlayer.Tests.Helpers.MediaBoxContextMenuE2ETestBase.LoginAndNavigateToHomeAsync() in D:\Repositories\softwareschmiede\458c8158-1438-49a5-bbe0-55ad7ddecbaf\VideoWebPlayer.Tests\Helpers\MediaBoxContextMenuE2ETestBase.cs:line 105&#xD;
   at VideoWebPlayer.Tests.MediaBoxContextMenuPositionE2ETests.OpenMenu_OnFirstCard_StaysWithinViewportBounds(Int32 width, Int32 height) in D:\Repositories\softwareschmiede\458c8158-1438-49a5-bbe0-55ad7ddecbaf\VideoWebPlayer.Tests\MediaBoxContextMenuPositionE2ETests.cs:line 24&#xD;
--- End of stack trace from previous location ---</StackTrace>
        </ErrorInfo>
      </Output>
    </UnitTestResult>
    <UnitTestResult executionId="cbb27294-fd85-4028-86d9-1e7572571f20" testId="2ca685a5-7efd-554d-4b2a-329e9608ae22" testName="VideoWebPlayer.Tests.ContinueWatchingE2ETests.SeasonTransition_LastEpisodeOfSeasonCompleted_FirstEpisodeOfNextSeasonAppears" computerName="DESKTOP-CM8OBSG" duration="00:00:06.8218339" startTime="2026-09-22T18:59:05.3238659+02:00" endTime="2026-09-22T18:59:12.1531253+02:00" testType="13cdc9d9-ddb5-4fa4-a97d-d965ccfc6d4b" outcome="Passed" testListId="8c84fa94-04c1-424b-9868-57a2d4851a1d" relativeResultsDirectory="cbb27294-fd85-4028-86d9-1e7572571f20" />
    <UnitTestResult executionId="70ac1ddc-2136-4ee3-90a7-646a482237aa" testId="0ed8ac00-cc7d-78e3-2c34-108097922d30" testName="VideoWebPlayer.Tests.ContinueWatchingE2ETests.HappyPath_EpisodeCompleted_NextEpisodeAppearsInContinueWatchingList" computerName="DESKTOP-CM8OBSG" duration="00:00:01.1800948" startTime="2026-09-22T18:59:13.6305653+02:00" endTime="2026-09-22T18:59:14.8107464+02:00" testType="13cdc9d9-ddb5-4fa4-a97d-d965ccfc6d4b" outcome="Passed" testListId="8c84fa94-04c1-424b-9868-57a2d4851a1d" relativeResultsDirectory="70ac1ddc-2136-4ee3-90a7-646a482237aa" />
    <UnitTestResult executionId="cfa8a69a-6706-4439-bd2b-1f39c4683ce0" testId="d8d8cfe6-d308-ca22-0554-e1ff64bc9918" testName="VideoWebPlayer.Tests.UpdatesPageE2ETests.Admin_Checks_For_Updates_And_Refreshes_Changed_Data" computerName="DESKTOP-CM8OBSG" duration="00:02:00.9124620" startTime="2026-09-22T19:05:19.2536548+02:00" endTime="2026-09-22T19:07:20.1660002+02:00" testType="13cdc9d9-ddb5-4fa4-a97d-d965ccfc6d4b" outcome="Failed" testListId="8c84fa94-04c1-424b-9868-57a2d4851a1d" relativeResultsDirectory="cfa8a69a-6706-4439-bd2b-1f39c4683ce0">
      <Output>
        <ErrorInfo>
          <Message>System.TimeoutException : Timeout 120000ms exceeded.
Call log:
  -   - waiting for Locator("#email")</Message>
          <StackTrace>   at Microsoft.Playwright.Transport.Connection.InnerSendMessageToServerAsync[T](ChannelOwner object, String method, Dictionary`2 dictionary, Boolean keepNulls) in /_/src/Playwright/Transport/Connection.cs:line 206&#xD;
   at Microsoft.Playwright.Transport.Connection.WrapApiCallAsync[T](Func`1 action, Boolean isInternal) in /_/src/Playwright/Transport/Connection.cs:line 535&#xD;
   at VideoWebPlayer.Tests.UpdatesPageE2ETests.LoginAsync() in D:\Repositories\softwareschmiede\458c8158-1438-49a5-bbe0-55ad7ddecbaf\VideoWebPlayer.Tests\UpdatesPageE2ETests.cs:line 347&#xD;
   at VideoWebPlayer.Tests.UpdatesPageE2ETests.Admin_Checks_For_Updates_And_Refreshes_Changed_Data() in D:\Repositories\softwareschmiede\458c8158-1438-49a5-bbe0-55ad7ddecbaf\VideoWebPlayer.Tests\UpdatesPageE2ETests.cs:line 155&#xD;
--- End of stack trace from previous location ---</StackTrace>
        </ErrorInfo>
      </Output>
    </UnitTestResult>
    <UnitTestResult executionId="ace220a8-6b80-43af-8883-e4b441fd6e8c" testId="8c0c0d34-5391-1ad9-5f3e-651f6b9dcb05" testName="VideoWebPlayer.Tests.BackupUploadE2ETests.BackupUpload_InterruptedSession_CanDiscardResumeHint" computerName="DESKTOP-CM8OBSG" duration="00:02:11.8845627" startTime="2026-09-22T18:59:05.3238743+02:00" endTime="2026-09-22T19:01:17.2130807+02:00" testType="13cdc9d9-ddb5-4fa4-a97d-d965ccfc6d4b" outcome="Failed" testListId="8c84fa94-04c1-424b-9868-57a2d4851a1d" relativeResultsDirectory="ace220a8-6b80-43af-8883-e4b441fd6e8c">
      <Output>
        <ErrorInfo>
          <Message>System.TimeoutException : Timeout 120000ms exceeded.
Call log:
  -   - waiting for Locator("#email")</Message>
          <StackTrace>   at Microsoft.Playwright.Transport.Connection.InnerSendMessageToServerAsync[T](ChannelOwner object, String method, Dictionary`2 dictionary, Boolean keepNulls) in /_/src/Playwright/Transport/Connection.cs:line 206&#xD;
   at Microsoft.Playwright.Transport.Connection.WrapApiCallAsync[T](Func`1 action, Boolean isInternal) in /_/src/Playwright/Transport/Connection.cs:line 535&#xD;
   at VideoWebPlayer.Tests.BackupUploadE2ETests.LoginAsync(String email, String password) in D:\Repositories\softwareschmiede\458c8158-1438-49a5-bbe0-55ad7ddecbaf\VideoWebPlayer.Tests\BackupUploadE2ETests.cs:line 413&#xD;
   at VideoWebPlayer.Tests.BackupUploadE2ETests.BackupUpload_InterruptedSession_CanDiscardResumeHint() in D:\Repositories\softwareschmiede\458c8158-1438-49a5-bbe0-55ad7ddecbaf\VideoWebPlayer.Tests\BackupUploadE2ETests.cs:line 307&#xD;
--- End of stack trace from previous location ---</StackTrace>
        </ErrorInfo>
      </Output>
    </UnitTestResult>
    <UnitTestResult executionId="5f07b407-f26f-4971-802f-dec3eeeac1ef" testId="3f53d568-6ffe-015a-a4a6-b1c53cd16e90" testName="VideoWebPlayer.Tests.UpdatesPageE2ETests.Admin_Installs_Update_Through_Post_And_Sees_Result" computerName="DESKTOP-CM8OBSG" duration="00:02:01.6318477" startTime="2026-09-22T19:07:20.1673494+02:00" endTime="2026-09-22T19:09:21.7990859+02:00" testType="13cdc9d9-ddb5-4fa4-a97d-d965ccfc6d4b" outcome="Failed" testListId="8c84fa94-04c1-424b-9868-57a2d4851a1d" relativeResultsDirectory="5f07b407-f26f-4971-802f-dec3eeeac1ef">
      <Output>
        <ErrorInfo>
          <Message>System.TimeoutException : Timeout 120000ms exceeded.
Call log:
  -   - waiting for Locator("#email")</Message>
          <StackTrace>   at Microsoft.Playwright.Transport.Connection.InnerSendMessageToServerAsync[T](ChannelOwner object, String method, Dictionary`2 dictionary, Boolean keepNulls) in /_/src/Playwright/Transport/Connection.cs:line 206&#xD;
   at Microsoft.Playwright.Transport.Connection.WrapApiCallAsync[T](Func`1 action, Boolean isInternal) in /_/src/Playwright/Transport/Connection.cs:line 535&#xD;
   at VideoWebPlayer.Tests.UpdatesPageE2ETests.LoginAsync() in D:\Repositories\softwareschmiede\458c8158-1438-49a5-bbe0-55ad7ddecbaf\VideoWebPlayer.Tests\UpdatesPageE2ETests.cs:line 347&#xD;
   at VideoWebPlayer.Tests.UpdatesPageE2ETests.Admin_Installs_Update_Through_Post_And_Sees_Result() in D:\Repositories\softwareschmiede\458c8158-1438-49a5-bbe0-55ad7ddecbaf\VideoWebPlayer.Tests\UpdatesPageE2ETests.cs:line 262&#xD;
--- End of stack trace from previous location ---</StackTrace>
        </ErrorInfo>
      </Output>
    </UnitTestResult>
    <UnitTestResult executionId="c98fbc23-7402-4fab-ab36-0bac7c5289a2" testId="758dad43-928a-7c48-b746-e6030a392dec" testName="VideoWebPlayer.Tests.EpisodesBackgroundImageAccessTokenE2ETests.GetBackgroundImage_WithoutAccessToken_ReturnsUnauthorized" computerName="DESKTOP-CM8OBSG" duration="00:00:01.4550310" startTime="2026-09-22T18:59:11.9757131+02:00" endTime="2026-09-22T18:59:13.4308122+02:00" testType="13cdc9d9-ddb5-4fa4-a97d-d965ccfc6d4b" outcome="Passed" testListId="8c84fa94-04c1-424b-9868-57a2d4851a1d" relativeResultsDirectory="c98fbc23-7402-4fab-ab36-0bac7c5289a2" />
    <UnitTestResult executionId="81bcbafa-0b72-4cf0-9c2c-ce81ee40f3b5" testId="4894a060-5898-4d02-9df5-32e8c0e13e27" testName="VideoWebPlayer.Tests.UnlockedSourceE2ETests.Regular_User_Can_Open_Unlock_Source_And_Only_Unlocked_Entries_Are_Shown" computerName="DESKTOP-CM8OBSG" duration="00:02:12.4134447" startTime="2026-09-22T18:59:05.3238053+02:00" endTime="2026-09-22T19:01:17.7417550+02:00" testType="13cdc9d9-ddb5-4fa4-a97d-d965ccfc6d4b" outcome="Failed" testListId="8c84fa94-04c1-424b-9868-57a2d4851a1d" relativeResultsDirectory="81bcbafa-0b72-4cf0-9c2c-ce81ee40f3b5">
      <Output>
        <ErrorInfo>
          <Message>System.TimeoutException : Timeout 120000ms exceeded.
Call log:
  -   - waiting for Locator("#email")</Message>
          <StackTrace>   at Microsoft.Playwright.Transport.Connection.InnerSendMessageToServerAsync[T](ChannelOwner object, String method, Dictionary`2 dictionary, Boolean keepNulls) in /_/src/Playwright/Transport/Connection.cs:line 206&#xD;
   at Microsoft.Playwright.Transport.Connection.WrapApiCallAsync[T](Func`1 action, Boolean isInternal) in /_/src/Playwright/Transport/Connection.cs:line 535&#xD;
   at VideoWebPlayer.Tests.UnlockedSourceE2ETests.LoginAsync(String email) in D:\Repositories\softwareschmiede\458c8158-1438-49a5-bbe0-55ad7ddecbaf\VideoWebPlayer.Tests\UnlockedSourceE2ETests.cs:line 159&#xD;
   at VideoWebPlayer.Tests.UnlockedSourceE2ETests.Regular_User_Can_Open_Unlock_Source_And_Only_Unlocked_Entries_Are_Shown() in D:\Repositories\softwareschmiede\458c8158-1438-49a5-bbe0-55ad7ddecbaf\VideoWebPlayer.Tests\UnlockedSourceE2ETests.cs:line 117&#xD;
--- End of stack trace from previous location ---</StackTrace>
        </ErrorInfo>
      </Output>
    </UnitTestResult>
    <UnitTestResult executionId="6b2ccfac-e352-4b85-9822-a541e92b0bf6" testId="018932d0-686c-a984-889a-07cf1475ef9d" testName="VideoWebPlayer.Tests.MediaBoxContextMenuPositionE2ETests.OpenMenu_OnLastCard_StaysWithinViewportBounds(width: 375, height: 667)" computerName="DESKTOP-CM8OBSG" duration="00:00:31.5881207" startTime="2026-09-22T18:59:47.7160934+02:00" endTime="2026-09-22T19:00:19.3045503+02:00" testType="13cdc9d9-ddb5-4fa4-a97d-d965ccfc6d4b" outcome="Failed" testListId="8c84fa94-04c1-424b-9868-57a2d4851a1d" relativeResultsDirectory="6b2ccfac-e352-4b85-9822-a541e92b0bf6">
      <Output>
        <ErrorInfo>
          <Message>System.TimeoutException : Timeout 30000ms exceeded.
Call log:
  -   - waiting for Locator("#email")</Message>
          <StackTrace>   at Microsoft.Playwright.Transport.Connection.InnerSendMessageToServerAsync[T](ChannelOwner object, String method, Dictionary`2 dictionary, Boolean keepNulls) in /_/src/Playwright/Transport/Connection.cs:line 206&#xD;
   at Microsoft.Playwright.Transport.Connection.WrapApiCallAsync[T](Func`1 action, Boolean isInternal) in /_/src/Playwright/Transport/Connection.cs:line 535&#xD;
   at VideoWebPlayer.Tests.Helpers.MediaBoxContextMenuE2ETestBase.LoginAndNavigateToHomeAsync() in D:\Repositories\softwareschmiede\458c8158-1438-49a5-bbe0-55ad7ddecbaf\VideoWebPlayer.Tests\Helpers\MediaBoxContextMenuE2ETestBase.cs:line 105&#xD;
   at VideoWebPlayer.Tests.MediaBoxContextMenuPositionE2ETests.OpenMenu_OnLastCard_StaysWithinViewportBounds(Int32 width, Int32 height) in D:\Repositories\softwareschmiede\458c8158-1438-49a5-bbe0-55ad7ddecbaf\VideoWebPlayer.Tests\MediaBoxContextMenuPositionE2ETests.cs:line 38&#xD;
--- End of stack trace from previous location ---</StackTrace>
        </ErrorInfo>
      </Output>
    </UnitTestResult>
    <UnitTestResult executionId="5277a1b5-9725-4c79-b5a1-781d85cec65c" testId="aaa530b1-d8f7-3140-f959-5882b26fb3da" testName="VideoWebPlayer.Tests.UpdatesPageE2ETests.Admin_Edits_Resets_And_Saves_Update_Configuration" computerName="DESKTOP-CM8OBSG" duration="00:02:11.8835508" startTime="2026-09-22T18:59:05.3238791+02:00" endTime="2026-09-22T19:01:17.2121156+02:00" testType="13cdc9d9-ddb5-4fa4-a97d-d965ccfc6d4b" outcome="Failed" testListId="8c84fa94-04c1-424b-9868-57a2d4851a1d" relativeResultsDirectory="5277a1b5-9725-4c79-b5a1-781d85cec65c">
      <Output>
        <ErrorInfo>
          <Message>System.TimeoutException : Timeout 120000ms exceeded.
Call log:
  -   - waiting for Locator("#email")</Message>
          <StackTrace>   at Microsoft.Playwright.Transport.Connection.InnerSendMessageToServerAsync[T](ChannelOwner object, String method, Dictionary`2 dictionary, Boolean keepNulls) in /_/src/Playwright/Transport/Connection.cs:line 206&#xD;
   at Microsoft.Playwright.Transport.Connection.WrapApiCallAsync[T](Func`1 action, Boolean isInternal) in /_/src/Playwright/Transport/Connection.cs:line 535&#xD;
   at VideoWebPlayer.Tests.UpdatesPageE2ETests.LoginAsync() in D:\Repositories\softwareschmiede\458c8158-1438-49a5-bbe0-55ad7ddecbaf\VideoWebPlayer.Tests\UpdatesPageE2ETests.cs:line 347&#xD;
   at VideoWebPlayer.Tests.UpdatesPageE2ETests.Admin_Edits_Resets_And_Saves_Update_Configuration() in D:\Repositories\softwareschmiede\458c8158-1438-49a5-bbe0-55ad7ddecbaf\VideoWebPlayer.Tests\UpdatesPageE2ETests.cs:line 191&#xD;
--- End of stack trace from previous location ---</StackTrace>
        </ErrorInfo>
      </Output>
    </UnitTestResult>
    <UnitTestResult executionId="87f28225-7886-4f83-85c6-7194758989e2" testId="5fe55b6f-f491-9f46-2367-7f19b77e460f" testName="VideoWebPlayer.Tests.MediaBoxContextMenuInteractionE2ETests.PointerCancel_ClosesOpenMenu" computerName="DESKTOP-CM8OBSG" duration="00:00:31.7057574" startTime="2026-09-22T19:00:51.1673292+02:00" endTime="2026-09-22T19:01:22.8734914+02:00" testType="13cdc9d9-ddb5-4fa4-a97d-d965ccfc6d4b" outcome="Failed" testListId="8c84fa94-04c1-424b-9868-57a2d4851a1d" relativeResultsDirectory="87f28225-7886-4f83-85c6-7194758989e2">
      <Output>
        <ErrorInfo>
          <Message>System.TimeoutException : Timeout 30000ms exceeded.
Call log:
  -   - waiting for Locator("#email")</Message>
          <StackTrace>   at Microsoft.Playwright.Transport.Connection.InnerSendMessageToServerAsync[T](ChannelOwner object, String method, Dictionary`2 dictionary, Boolean keepNulls) in /_/src/Playwright/Transport/Connection.cs:line 206&#xD;
   at Microsoft.Playwright.Transport.Connection.WrapApiCallAsync[T](Func`1 action, Boolean isInternal) in /_/src/Playwright/Transport/Connection.cs:line 535&#xD;
   at VideoWebPlayer.Tests.Helpers.MediaBoxContextMenuE2ETestBase.LoginAndNavigateToHomeAsync() in D:\Repositories\softwareschmiede\458c8158-1438-49a5-bbe0-55ad7ddecbaf\VideoWebPlayer.Tests\Helpers\MediaBoxContextMenuE2ETestBase.cs:line 105&#xD;
   at VideoWebPlayer.Tests.MediaBoxContextMenuInteractionE2ETests.PointerCancel_ClosesOpenMenu() in D:\Repositories\softwareschmiede\458c8158-1438-49a5-bbe0-55ad7ddecbaf\VideoWebPlayer.Tests\MediaBoxContextMenuInteractionE2ETests.cs:line 103&#xD;
--- End of stack trace from previous location ---</StackTrace>
        </ErrorInfo>
      </Output>
    </UnitTestResult>
    <UnitTestResult executionId="dac83db7-1f60-4db5-8ced-d42e57a220c0" testId="27aa2833-282a-5824-b83c-495d274a012f" testName="VideoWebPlayer.Tests.MovieCollectionEditE2ETests.Admin_Can_Edit_And_Save_Single_Movie_Title" computerName="DESKTOP-CM8OBSG" duration="00:02:12.4133266" startTime="2026-09-22T18:59:05.3238230+02:00" endTime="2026-09-22T19:01:17.7417656+02:00" testType="13cdc9d9-ddb5-4fa4-a97d-d965ccfc6d4b" outcome="Failed" testListId="8c84fa94-04c1-424b-9868-57a2d4851a1d" relativeResultsDirectory="dac83db7-1f60-4db5-8ced-d42e57a220c0">
      <Output>
        <ErrorInfo>
          <Message>System.TimeoutException : Timeout 120000ms exceeded.
Call log:
  -   - waiting for Locator("#email")</Message>
          <StackTrace>   at Microsoft.Playwright.Transport.Connection.InnerSendMessageToServerAsync[T](ChannelOwner object, String method, Dictionary`2 dictionary, Boolean keepNulls) in /_/src/Playwright/Transport/Connection.cs:line 206&#xD;
   at Microsoft.Playwright.Transport.Connection.WrapApiCallAsync[T](Func`1 action, Boolean isInternal) in /_/src/Playwright/Transport/Connection.cs:line 535&#xD;
   at VideoWebPlayer.Tests.MovieCollectionEditE2ETests.Admin_Can_Edit_And_Save_Single_Movie_Title() in D:\Repositories\softwareschmiede\458c8158-1438-49a5-bbe0-55ad7ddecbaf\VideoWebPlayer.Tests\MovieCollectionEditE2ETests.cs:line 114&#xD;
--- End of stack trace from previous location ---</StackTrace>
        </ErrorInfo>
      </Output>
    </UnitTestResult>
    <UnitTestResult executionId="aa406948-1d73-42a1-8d76-2d87fd400fd0" testId="a9ac0315-0896-aee9-f566-132f7563e3a7" testName="VideoWebPlayer.Tests.BackupUploadE2ETests.BackupUpload_NonAdmin_SeesNoUploadControl" computerName="DESKTOP-CM8OBSG" duration="00:02:01.3086726" startTime="2026-09-22T19:01:17.2418566+02:00" endTime="2026-09-22T19:03:18.5504365+02:00" testType="13cdc9d9-ddb5-4fa4-a97d-d965ccfc6d4b" outcome="Failed" testListId="8c84fa94-04c1-424b-9868-57a2d4851a1d" relativeResultsDirectory="aa406948-1d73-42a1-8d76-2d87fd400fd0">
      <Output>
        <ErrorInfo>
          <Message>System.TimeoutException : Timeout 120000ms exceeded.
Call log:
  -   - waiting for Locator("#email")</Message>
          <StackTrace>   at Microsoft.Playwright.Transport.Connection.InnerSendMessageToServerAsync[T](ChannelOwner object, String method, Dictionary`2 dictionary, Boolean keepNulls) in /_/src/Playwright/Transport/Connection.cs:line 206&#xD;
   at Microsoft.Playwright.Transport.Connection.WrapApiCallAsync[T](Func`1 action, Boolean isInternal) in /_/src/Playwright/Transport/Connection.cs:line 535&#xD;
   at VideoWebPlayer.Tests.BackupUploadE2ETests.LoginAsync(String email, String password) in D:\Repositories\softwareschmiede\458c8158-1438-49a5-bbe0-55ad7ddecbaf\VideoWebPlayer.Tests\BackupUploadE2ETests.cs:line 413&#xD;
   at VideoWebPlayer.Tests.BackupUploadE2ETests.BackupUpload_NonAdmin_SeesNoUploadControl() in D:\Repositories\softwareschmiede\458c8158-1438-49a5-bbe0-55ad7ddecbaf\VideoWebPlayer.Tests\BackupUploadE2ETests.cs:line 395&#xD;
--- End of stack trace from previous location ---</StackTrace>
        </ErrorInfo>
      </Output>
    </UnitTestResult>
    <UnitTestResult executionId="14b32f18-de5f-4707-8c17-a5b11324169b" testId="33f87a38-7ca4-a1f9-c05a-30fc7eb3f586" testName="VideoWebPlayer.Tests.BackupUploadE2ETests.BackupUpload_ExceedingLimit_ShowsError" computerName="DESKTOP-CM8OBSG" duration="00:02:01.9599304" startTime="2026-09-22T19:19:40.8289571+02:00" endTime="2026-09-22T19:21:42.7887889+02:00" testType="13cdc9d9-ddb5-4fa4-a97d-d965ccfc6d4b" outcome="Failed" testListId="8c84fa94-04c1-424b-9868-57a2d4851a1d" relativeResultsDirectory="14b32f18-de5f-4707-8c17-a5b11324169b">
      <Output>
        <ErrorInfo>
          <Message>System.TimeoutException : Timeout 120000ms exceeded.
Call log:
  -   - waiting for Locator("#email")</Message>
          <StackTrace>   at Microsoft.Playwright.Transport.Connection.InnerSendMessageToServerAsync[T](ChannelOwner object, String method, Dictionary`2 dictionary, Boolean keepNulls) in /_/src/Playwright/Transport/Connection.cs:line 206&#xD;
   at Microsoft.Playwright.Transport.Connection.WrapApiCallAsync[T](Func`1 action, Boolean isInternal) in /_/src/Playwright/Transport/Connection.cs:line 535&#xD;
   at VideoWebPlayer.Tests.BackupUploadE2ETests.LoginAsync(String email, String password) in D:\Repositories\softwareschmiede\458c8158-1438-49a5-bbe0-55ad7ddecbaf\VideoWebPlayer.Tests\BackupUploadE2ETests.cs:line 413&#xD;
   at VideoWebPlayer.Tests.BackupUploadE2ETests.BackupUpload_ExceedingLimit_ShowsError() in D:\Repositories\softwareschmiede\458c8158-1438-49a5-bbe0-55ad7ddecbaf\VideoWebPlayer.Tests\BackupUploadE2ETests.cs:line 243&#xD;
--- End of stack trace from previous location ---</StackTrace>
        </ErrorInfo>
      </Output>
    </UnitTestResult>
    <UnitTestResult executionId="aa07749c-75a1-419e-9700-b91bc44e23e3" testId="dadc6ee2-07c6-b8d7-012e-c560309ab388" testName="VideoWebPlayer.Tests.BackupUploadE2ETests.BackupUpload_InvalidFile_ShowsError" computerName="DESKTOP-CM8OBSG" duration="00:02:06.9642596" startTime="2026-09-22T19:09:22.0936386+02:00" endTime="2026-09-22T19:11:29.0580261+02:00" testType="13cdc9d9-ddb5-4fa4-a97d-d965ccfc6d4b" outcome="Failed" testListId="8c84fa94-04c1-424b-9868-57a2d4851a1d" relativeResultsDirectory="aa07749c-75a1-419e-9700-b91bc44e23e3">
      <Output>
        <ErrorInfo>
          <Message>System.TimeoutException : Timeout 120000ms exceeded.
Call log:
  -   - waiting for Locator("#email")</Message>
          <StackTrace>   at Microsoft.Playwright.Transport.Connection.InnerSendMessageToServerAsync[T](ChannelOwner object, String method, Dictionary`2 dictionary, Boolean keepNulls) in /_/src/Playwright/Transport/Connection.cs:line 206&#xD;
   at Microsoft.Playwright.Transport.Connection.WrapApiCallAsync[T](Func`1 action, Boolean isInternal) in /_/src/Playwright/Transport/Connection.cs:line 535&#xD;
   at VideoWebPlayer.Tests.BackupUploadE2ETests.LoginAsync(String email, String password) in D:\Repositories\softwareschmiede\458c8158-1438-49a5-bbe0-55ad7ddecbaf\VideoWebPlayer.Tests\BackupUploadE2ETests.cs:line 413&#xD;
   at VideoWebPlayer.Tests.BackupUploadE2ETests.BackupUpload_InvalidFile_ShowsError() in D:\Repositories\softwareschmiede\458c8158-1438-49a5-bbe0-55ad7ddecbaf\VideoWebPlayer.Tests\BackupUploadE2ETests.cs:line 215&#xD;
--- End of stack trace from previous location ---</StackTrace>
        </ErrorInfo>
      </Output>
    </UnitTestResult>
    <UnitTestResult executionId="069c00b2-785d-4604-863a-42a940e35590" testId="d07302cf-6957-f669-c0be-b35f91371703" testName="VideoWebPlayer.Tests.UpdatesPageE2ETests.Updates_Page_Disables_Manual_Actions_When_Busy_Or_Locked" computerName="DESKTOP-CM8OBSG" duration="00:02:01.1160967" startTime="2026-09-22T19:01:17.2128063+02:00" endTime="2026-09-22T19:03:18.3286918+02:00" testType="13cdc9d9-ddb5-4fa4-a97d-d965ccfc6d4b" outcome="Failed" testListId="8c84fa94-04c1-424b-9868-57a2d4851a1d" relativeResultsDirectory="069c00b2-785d-4604-863a-42a940e35590">
      <Output>
        <ErrorInfo>
          <Message>System.TimeoutException : Timeout 120000ms exceeded.
Call log:
  -   - waiting for Locator("#email")</Message>
          <StackTrace>   at Microsoft.Playwright.Transport.Connection.InnerSendMessageToServerAsync[T](ChannelOwner object, String method, Dictionary`2 dictionary, Boolean keepNulls) in /_/src/Playwright/Transport/Connection.cs:line 206&#xD;
   at Microsoft.Playwright.Transport.Connection.WrapApiCallAsync[T](Func`1 action, Boolean isInternal) in /_/src/Playwright/Transport/Connection.cs:line 535&#xD;
   at VideoWebPlayer.Tests.UpdatesPageE2ETests.LoginAsync() in D:\Repositories\softwareschmiede\458c8158-1438-49a5-bbe0-55ad7ddecbaf\VideoWebPlayer.Tests\UpdatesPageE2ETests.cs:line 347&#xD;
   at VideoWebPlayer.Tests.UpdatesPageE2ETests.Updates_Page_Disables_Manual_Actions_When_Busy_Or_Locked() in D:\Repositories\softwareschmiede\458c8158-1438-49a5-bbe0-55ad7ddecbaf\VideoWebPlayer.Tests\UpdatesPageE2ETests.cs:line 280&#xD;
--- End of stack trace from previous location ---</StackTrace>
        </ErrorInfo>
      </Output>
    </UnitTestResult>
    <UnitTestResult executionId="8df5c2ba-b5f1-4dac-80fe-4b2e17e7ea96" testId="d555c6a4-d98c-683e-71bd-b4f2ed415209" testName="VideoWebPlayer.Tests.IdentityRedirectManagerE2ETests.RegisterWithConfirmedAccount_DoesNotThrowNavigationException" computerName="DESKTOP-CM8OBSG" duration="00:00:06.4238731" startTime="2026-09-22T18:59:05.3238377+02:00" endTime="2026-09-22T18:59:11.7986155+02:00" testType="13cdc9d9-ddb5-4fa4-a97d-d965ccfc6d4b" outcome="Failed" testListId="8c84fa94-04c1-424b-9868-57a2d4851a1d" relativeResultsDirectory="8df5c2ba-b5f1-4dac-80fe-4b2e17e7ea96">
      <Output>
        <ErrorInfo>
          <Message>Assert.Equal() Failure: Values differ&#xD;
Expected: OK&#xD;
Actual:   Found</Message>
          <StackTrace>   at VideoWebPlayer.Tests.IdentityRedirectManagerE2ETests.RegisterWithConfirmedAccount_DoesNotThrowNavigationException() in D:\Repositories\softwareschmiede\458c8158-1438-49a5-bbe0-55ad7ddecbaf\VideoWebPlayer.Tests\IdentityRedirectManagerE2ETests.cs:line 52&#xD;
--- End of stack trace from previous location ---</StackTrace>
        </ErrorInfo>
      </Output>
    </UnitTestResult>
    <UnitTestResult executionId="e212ee53-c076-4991-a498-77bece914528" testId="c10c0e36-3d19-fe8e-35a7-904f806a9c9b" testName="VideoWebPlayer.Tests.MediaBoxContextMenuInteractionE2ETests.PointerReleaseBeforeDelay_DoesNotOpenMenu_AndNavigatesNormally" computerName="DESKTOP-CM8OBSG" duration="00:00:31.6382712" startTime="2026-09-22T19:01:22.8741808+02:00" endTime="2026-09-22T19:01:54.5128210+02:00" testType="13cdc9d9-ddb5-4fa4-a97d-d965ccfc6d4b" outcome="Failed" testListId="8c84fa94-04c1-424b-9868-57a2d4851a1d" relativeResultsDirectory="e212ee53-c076-4991-a498-77bece914528">
      <Output>
        <ErrorInfo>
          <Message>System.TimeoutException : Timeout 30000ms exceeded.
Call log:
  -   - waiting for Locator("#email")</Message>
          <StackTrace>   at Microsoft.Playwright.Transport.Connection.InnerSendMessageToServerAsync[T](ChannelOwner object, String method, Dictionary`2 dictionary, Boolean keepNulls) in /_/src/Playwright/Transport/Connection.cs:line 206&#xD;
   at Microsoft.Playwright.Transport.Connection.WrapApiCallAsync[T](Func`1 action, Boolean isInternal) in /_/src/Playwright/Transport/Connection.cs:line 535&#xD;
   at VideoWebPlayer.Tests.Helpers.MediaBoxContextMenuE2ETestBase.LoginAndNavigateToHomeAsync() in D:\Repositories\softwareschmiede\458c8158-1438-49a5-bbe0-55ad7ddecbaf\VideoWebPlayer.Tests\Helpers\MediaBoxContextMenuE2ETestBase.cs:line 105&#xD;
   at VideoWebPlayer.Tests.MediaBoxContextMenuInteractionE2ETests.PointerReleaseBeforeDelay_DoesNotOpenMenu_AndNavigatesNormally() in D:\Repositories\softwareschmiede\458c8158-1438-49a5-bbe0-55ad7ddecbaf\VideoWebPlayer.Tests\MediaBoxContextMenuInteractionE2ETests.cs:line 44&#xD;
--- End of stack trace from previous location ---</StackTrace>
        </ErrorInfo>
      </Output>
    </UnitTestResult>
    <UnitTestResult executionId="02cd640e-fed3-4af2-a2bf-38098259a528" testId="1914ec07-2eea-91ca-339f-6ea003e6ac39" testName="VideoWebPlayer.Tests.BackupUploadE2ETests.BackupUpload_LargeFile_UsesMultipleChunks" computerName="DESKTOP-CM8OBSG" duration="00:02:01.1602151" startTime="2026-09-22T19:03:18.5516433+02:00" endTime="2026-09-22T19:05:19.7117169+02:00" testType="13cdc9d9-ddb5-4fa4-a97d-d965ccfc6d4b" outcome="Failed" testListId="8c84fa94-04c1-424b-9868-57a2d4851a1d" relativeResultsDirectory="02cd640e-fed3-4af2-a2bf-38098259a528">
      <Output>
        <ErrorInfo>
          <Message>System.TimeoutException : Timeout 120000ms exceeded.
Call log:
  -   - waiting for Locator("#email")</Message>
          <StackTrace>   at Microsoft.Playwright.Transport.Connection.InnerSendMessageToServerAsync[T](ChannelOwner object, String method, Dictionary`2 dictionary, Boolean keepNulls) in /_/src/Playwright/Transport/Connection.cs:line 206&#xD;
   at Microsoft.Playwright.Transport.Connection.WrapApiCallAsync[T](Func`1 action, Boolean isInternal) in /_/src/Playwright/Transport/Connection.cs:line 535&#xD;
   at VideoWebPlayer.Tests.BackupUploadE2ETests.LoginAsync(String email, String password) in D:\Repositories\softwareschmiede\458c8158-1438-49a5-bbe0-55ad7ddecbaf\VideoWebPlayer.Tests\BackupUploadE2ETests.cs:line 413&#xD;
   at VideoWebPlayer.Tests.BackupUploadE2ETests.BackupUpload_LargeFile_UsesMultipleChunks() in D:\Repositories\softwareschmiede\458c8158-1438-49a5-bbe0-55ad7ddecbaf\VideoWebPlayer.Tests\BackupUploadE2ETests.cs:line 147&#xD;
--- End of stack trace from previous location ---</StackTrace>
        </ErrorInfo>
      </Output>
    </UnitTestResult>
    <UnitTestResult executionId="51f2210c-d3a0-4760-8a3e-3e8dffe9923f" testId="3562198e-d083-9878-223b-d7cad3356acf" testName="VideoWebPlayer.Tests.BackupUploadE2ETests.BackupUpload_WhileRunning_DisablesUploadButton" computerName="DESKTOP-CM8OBSG" duration="00:02:02.9513871" startTime="2026-09-22T19:13:30.7965803+02:00" endTime="2026-09-22T19:15:33.7483494+02:00" testType="13cdc9d9-ddb5-4fa4-a97d-d965ccfc6d4b" outcome="Failed" testListId="8c84fa94-04c1-424b-9868-57a2d4851a1d" relativeResultsDirectory="51f2210c-d3a0-4760-8a3e-3e8dffe9923f">
      <Output>
        <ErrorInfo>
          <Message>System.TimeoutException : Timeout 120000ms exceeded.
Call log:
  -   - waiting for Locator("#email")</Message>
          <StackTrace>   at Microsoft.Playwright.Transport.Connection.InnerSendMessageToServerAsync[T](ChannelOwner object, String method, Dictionary`2 dictionary, Boolean keepNulls) in /_/src/Playwright/Transport/Connection.cs:line 206&#xD;
   at Microsoft.Playwright.Transport.Connection.WrapApiCallAsync[T](Func`1 action, Boolean isInternal) in /_/src/Playwright/Transport/Connection.cs:line 535&#xD;
   at VideoWebPlayer.Tests.BackupUploadE2ETests.LoginAsync(String email, String password) in D:\Repositories\softwareschmiede\458c8158-1438-49a5-bbe0-55ad7ddecbaf\VideoWebPlayer.Tests\BackupUploadE2ETests.cs:line 413&#xD;
   at VideoWebPlayer.Tests.BackupUploadE2ETests.BackupUpload_WhileRunning_DisablesUploadButton() in D:\Repositories\softwareschmiede\458c8158-1438-49a5-bbe0-55ad7ddecbaf\VideoWebPlayer.Tests\BackupUploadE2ETests.cs:line 263&#xD;
--- End of stack trace from previous location ---</StackTrace>
        </ErrorInfo>
      </Output>
    </UnitTestResult>
    <UnitTestResult executionId="c1ebe468-9b63-4f35-a2a1-b9cc8e4b863f" testId="ed0c4198-f1a2-c889-4ca3-de16020f2230" testName="VideoWebPlayer.Tests.UnlockedMediaE2ETests.Admin_Can_Unlock_TVShow_And_MovieCollection_For_User" computerName="DESKTOP-CM8OBSG" duration="00:02:12.4135135" startTime="2026-09-22T18:59:05.3238133+02:00" endTime="2026-09-22T19:01:17.7417700+02:00" testType="13cdc9d9-ddb5-4fa4-a97d-d965ccfc6d4b" outcome="Failed" testListId="8c84fa94-04c1-424b-9868-57a2d4851a1d" relativeResultsDirectory="c1ebe468-9b63-4f35-a2a1-b9cc8e4b863f">
      <Output>
        <ErrorInfo>
          <Message>System.TimeoutException : Timeout 120000ms exceeded.
Call log:
  -   - waiting for Locator("#email")</Message>
          <StackTrace>   at Microsoft.Playwright.Transport.Connection.InnerSendMessageToServerAsync[T](ChannelOwner object, String method, Dictionary`2 dictionary, Boolean keepNulls) in /_/src/Playwright/Transport/Connection.cs:line 206&#xD;
   at Microsoft.Playwright.Transport.Connection.WrapApiCallAsync[T](Func`1 action, Boolean isInternal) in /_/src/Playwright/Transport/Connection.cs:line 535&#xD;
   at VideoWebPlayer.Tests.UnlockedMediaE2ETests.LoginAsync(String email) in D:\Repositories\softwareschmiede\458c8158-1438-49a5-bbe0-55ad7ddecbaf\VideoWebPlayer.Tests\UnlockedMediaE2ETests.cs:line 136&#xD;
   at VideoWebPlayer.Tests.UnlockedMediaE2ETests.Admin_Can_Unlock_TVShow_And_MovieCollection_For_User() in D:\Repositories\softwareschmiede\458c8158-1438-49a5-bbe0-55ad7ddecbaf\VideoWebPlayer.Tests\UnlockedMediaE2ETests.cs:line 112&#xD;
--- End of stack trace from previous location ---</StackTrace>
        </ErrorInfo>
      </Output>
    </UnitTestResult>
    <UnitTestResult executionId="bb4c88c5-61d6-4604-a7f9-c75c080872c5" testId="009de4bc-a626-891e-416a-8aea14d95144" testName="VideoWebPlayer.Tests.MediaBoxContextMenuInteractionE2ETests.LongPress_ExactlyThreeSeconds_OpensMenuWithActions" computerName="DESKTOP-CM8OBSG" duration="00:00:31.7936122" startTime="2026-09-22T18:59:47.7162014+02:00" endTime="2026-09-22T19:00:19.5101882+02:00" testType="13cdc9d9-ddb5-4fa4-a97d-d965ccfc6d4b" outcome="Failed" testListId="8c84fa94-04c1-424b-9868-57a2d4851a1d" relativeResultsDirectory="bb4c88c5-61d6-4604-a7f9-c75c080872c5">
      <Output>
        <ErrorInfo>
          <Message>System.TimeoutException : Timeout 30000ms exceeded.
Call log:
  -   - waiting for Locator("#email")</Message>
          <StackTrace>   at Microsoft.Playwright.Transport.Connection.InnerSendMessageToServerAsync[T](ChannelOwner object, String method, Dictionary`2 dictionary, Boolean keepNulls) in /_/src/Playwright/Transport/Connection.cs:line 206&#xD;
   at Microsoft.Playwright.Transport.Connection.WrapApiCallAsync[T](Func`1 action, Boolean isInternal) in /_/src/Playwright/Transport/Connection.cs:line 535&#xD;
   at VideoWebPlayer.Tests.Helpers.MediaBoxContextMenuE2ETestBase.LoginAndNavigateToHomeAsync() in D:\Repositories\softwareschmiede\458c8158-1438-49a5-bbe0-55ad7ddecbaf\VideoWebPlayer.Tests\Helpers\MediaBoxContextMenuE2ETestBase.cs:line 105&#xD;
   at VideoWebPlayer.Tests.MediaBoxContextMenuInteractionE2ETests.LongPress_ExactlyThreeSeconds_OpensMenuWithActions() in D:\Repositories\softwareschmiede\458c8158-1438-49a5-bbe0-55ad7ddecbaf\VideoWebPlayer.Tests\MediaBoxContextMenuInteractionE2ETests.cs:line 21&#xD;
--- End of stack trace from previous location ---</StackTrace>
        </ErrorInfo>
      </Output>
    </UnitTestResult>
    <UnitTestResult executionId="c931cac5-f036-48cc-ba3b-cf142b7e7120" testId="f15485f2-6de0-36a5-de01-948ae401ab0a" testName="VideoWebPlayer.Tests.MediaBoxContextMenuInteractionE2ETests.EscapeKey_ClosesOpenMenuAndRestoresLinkFocus" computerName="DESKTOP-CM8OBSG" duration="00:00:31.4735003" startTime="2026-09-22T19:02:26.1029694+02:00" endTime="2026-09-22T19:02:57.5768087+02:00" testType="13cdc9d9-ddb5-4fa4-a97d-d965ccfc6d4b" outcome="Failed" testListId="8c84fa94-04c1-424b-9868-57a2d4851a1d" relativeResultsDirectory="c931cac5-f036-48cc-ba3b-cf142b7e7120">
      <Output>
        <ErrorInfo>
          <Message>System.TimeoutException : Timeout 30000ms exceeded.
Call log:
  -   - waiting for Locator("#email")</Message>
          <StackTrace>   at Microsoft.Playwright.Transport.Connection.InnerSendMessageToServerAsync[T](ChannelOwner object, String method, Dictionary`2 dictionary, Boolean keepNulls) in /_/src/Playwright/Transport/Connection.cs:line 206&#xD;
   at Microsoft.Playwright.Transport.Connection.WrapApiCallAsync[T](Func`1 action, Boolean isInternal) in /_/src/Playwright/Transport/Connection.cs:line 535&#xD;
   at VideoWebPlayer.Tests.Helpers.MediaBoxContextMenuE2ETestBase.LoginAndNavigateToHomeAsync() in D:\Repositories\softwareschmiede\458c8158-1438-49a5-bbe0-55ad7ddecbaf\VideoWebPlayer.Tests\Helpers\MediaBoxContextMenuE2ETestBase.cs:line 105&#xD;
   at VideoWebPlayer.Tests.MediaBoxContextMenuInteractionE2ETests.EscapeKey_ClosesOpenMenuAndRestoresLinkFocus() in D:\Repositories\softwareschmiede\458c8158-1438-49a5-bbe0-55ad7ddecbaf\VideoWebPlayer.Tests\MediaBoxContextMenuInteractionE2ETests.cs:line 132&#xD;
--- End of stack trace from previous location ---</StackTrace>
        </ErrorInfo>
      </Output>
    </UnitTestResult>
    <UnitTestResult executionId="5ab98fae-7606-4df2-b0f2-96834edf15d6" testId="9ff21d67-6bcf-cb13-1068-565e6dc5b86c" testName="VideoWebPlayer.Tests.UpdatesPageE2ETests.Updates_Page_Remains_Usable_On_Mobile_Viewport" computerName="DESKTOP-CM8OBSG" duration="00:02:00.9241527" startTime="2026-09-22T19:03:18.3292768+02:00" endTime="2026-09-22T19:05:19.2530709+02:00" testType="13cdc9d9-ddb5-4fa4-a97d-d965ccfc6d4b" outcome="Failed" testListId="8c84fa94-04c1-424b-9868-57a2d4851a1d" relativeResultsDirectory="5ab98fae-7606-4df2-b0f2-96834edf15d6">
      <Output>
        <ErrorInfo>
          <Message>System.TimeoutException : Timeout 120000ms exceeded.
Call log:
  -   - waiting for Locator("#email")</Message>
          <StackTrace>   at Microsoft.Playwright.Transport.Connection.InnerSendMessageToServerAsync[T](ChannelOwner object, String method, Dictionary`2 dictionary, Boolean keepNulls) in /_/src/Playwright/Transport/Connection.cs:line 206&#xD;
   at Microsoft.Playwright.Transport.Connection.WrapApiCallAsync[T](Func`1 action, Boolean isInternal) in /_/src/Playwright/Transport/Connection.cs:line 535&#xD;
   at VideoWebPlayer.Tests.UpdatesPageE2ETests.LoginAsync() in D:\Repositories\softwareschmiede\458c8158-1438-49a5-bbe0-55ad7ddecbaf\VideoWebPlayer.Tests\UpdatesPageE2ETests.cs:line 347&#xD;
   at VideoWebPlayer.Tests.UpdatesPageE2ETests.Updates_Page_Remains_Usable_On_Mobile_Viewport() in D:\Repositories\softwareschmiede\458c8158-1438-49a5-bbe0-55ad7ddecbaf\VideoWebPlayer.Tests\UpdatesPageE2ETests.cs:line 309&#xD;
--- End of stack trace from previous location ---</StackTrace>
        </ErrorInfo>
      </Output>
    </UnitTestResult>
    <UnitTestResult executionId="d30d5f77-e0dd-4014-b4c2-1d9a65293b8f" testId="9a45db0d-3890-3014-596c-1f82e308534f" testName="VideoWebPlayer.Tests.MediaSourceDeleteE2ETests.Admin_Can_Delete_MediaSource_And_It_Disappears" computerName="DESKTOP-CM8OBSG" duration="00:02:12.4132598" startTime="2026-09-22T18:59:05.3238861+02:00" endTime="2026-09-22T19:01:17.7417405+02:00" testType="13cdc9d9-ddb5-4fa4-a97d-d965ccfc6d4b" outcome="Failed" testListId="8c84fa94-04c1-424b-9868-57a2d4851a1d" relativeResultsDirectory="d30d5f77-e0dd-4014-b4c2-1d9a65293b8f">
      <Output>
        <ErrorInfo>
          <Message>System.TimeoutException : Timeout 120000ms exceeded.
Call log:
  -   - waiting for Locator("#email")</Message>
          <StackTrace>   at Microsoft.Playwright.Transport.Connection.InnerSendMessageToServerAsync[T](ChannelOwner object, String method, Dictionary`2 dictionary, Boolean keepNulls) in /_/src/Playwright/Transport/Connection.cs:line 206&#xD;
   at Microsoft.Playwright.Transport.Connection.WrapApiCallAsync[T](Func`1 action, Boolean isInternal) in /_/src/Playwright/Transport/Connection.cs:line 535&#xD;
   at VideoWebPlayer.Tests.MediaSourceDeleteE2ETests.Admin_Can_Delete_MediaSource_And_It_Disappears() in D:\Repositories\softwareschmiede\458c8158-1438-49a5-bbe0-55ad7ddecbaf\VideoWebPlayer.Tests\MediaSourceDeleteE2ETests.cs:line 115&#xD;
--- End of stack trace from previous location ---</StackTrace>
        </ErrorInfo>
      </Output>
    </UnitTestResult>
    <UnitTestResult executionId="0cf7ae1d-4484-497b-8a41-9ac309290f6f" testId="bfe2138c-0c89-0331-3296-5a5b21a5d9fc" testName="VideoWebPlayer.Tests.BackupUploadE2ETests.BackupUpload_NonJsonErrorResponse_ShowsFriendlyMessage" computerName="DESKTOP-CM8OBSG" duration="00:02:02.8773480" startTime="2026-09-22T19:15:33.7488794+02:00" endTime="2026-09-22T19:17:36.6261650+02:00" testType="13cdc9d9-ddb5-4fa4-a97d-d965ccfc6d4b" outcome="Failed" testListId="8c84fa94-04c1-424b-9868-57a2d4851a1d" relativeResultsDirectory="0cf7ae1d-4484-497b-8a41-9ac309290f6f">
      <Output>
        <ErrorInfo>
          <Message>System.TimeoutException : Timeout 120000ms exceeded.
Call log:
  -   - waiting for Locator("#email")</Message>
          <StackTrace>   at Microsoft.Playwright.Transport.Connection.InnerSendMessageToServerAsync[T](ChannelOwner object, String method, Dictionary`2 dictionary, Boolean keepNulls) in /_/src/Playwright/Transport/Connection.cs:line 206&#xD;
   at Microsoft.Playwright.Transport.Connection.WrapApiCallAsync[T](Func`1 action, Boolean isInternal) in /_/src/Playwright/Transport/Connection.cs:line 535&#xD;
   at VideoWebPlayer.Tests.BackupUploadE2ETests.LoginAsync(String email, String password) in D:\Repositories\softwareschmiede\458c8158-1438-49a5-bbe0-55ad7ddecbaf\VideoWebPlayer.Tests\BackupUploadE2ETests.cs:line 413&#xD;
   at VideoWebPlayer.Tests.BackupUploadE2ETests.BackupUpload_NonJsonErrorResponse_ShowsFriendlyMessage() in D:\Repositories\softwareschmiede\458c8158-1438-49a5-bbe0-55ad7ddecbaf\VideoWebPlayer.Tests\BackupUploadE2ETests.cs:line 326&#xD;
--- End of stack trace from previous location ---</StackTrace>
        </ErrorInfo>
      </Output>
    </UnitTestResult>
    <UnitTestResult executionId="a3bcc136-6ece-4e5d-9709-48028452cfe3" testId="af6f4822-cfca-4b36-ed9f-d605a4fdd0ef" testName="VideoWebPlayer.Tests.UpdatesPageE2ETests.Admin_Navigates_To_Updates_Page_And_Sees_Structured_Status" computerName="DESKTOP-CM8OBSG" duration="00:02:05.4511001" startTime="2026-09-22T19:09:21.7999336+02:00" endTime="2026-09-22T19:11:27.2510082+02:00" testType="13cdc9d9-ddb5-4fa4-a97d-d965ccfc6d4b" outcome="Failed" testListId="8c84fa94-04c1-424b-9868-57a2d4851a1d" relativeResultsDirectory="a3bcc136-6ece-4e5d-9709-48028452cfe3">
      <Output>
        <ErrorInfo>
          <Message>System.TimeoutException : Timeout 120000ms exceeded.
Call log:
  -   - waiting for Locator("#email")</Message>
          <StackTrace>   at Microsoft.Playwright.Transport.Connection.InnerSendMessageToServerAsync[T](ChannelOwner object, String method, Dictionary`2 dictionary, Boolean keepNulls) in /_/src/Playwright/Transport/Connection.cs:line 206&#xD;
   at Microsoft.Playwright.Transport.Connection.WrapApiCallAsync[T](Func`1 action, Boolean isInternal) in /_/src/Playwright/Transport/Connection.cs:line 535&#xD;
   at VideoWebPlayer.Tests.UpdatesPageE2ETests.LoginAsync() in D:\Repositories\softwareschmiede\458c8158-1438-49a5-bbe0-55ad7ddecbaf\VideoWebPlayer.Tests\UpdatesPageE2ETests.cs:line 347&#xD;
   at VideoWebPlayer.Tests.UpdatesPageE2ETests.Admin_Navigates_To_Updates_Page_And_Sees_Structured_Status() in D:\Repositories\softwareschmiede\458c8158-1438-49a5-bbe0-55ad7ddecbaf\VideoWebPlayer.Tests\UpdatesPageE2ETests.cs:line 122&#xD;
--- End of stack trace from previous location ---</StackTrace>
        </ErrorInfo>
      </Output>
    </UnitTestResult>
    <UnitTestResult executionId="19092b60-9a34-4b31-831b-769272b19f36" testId="7ca8ddaa-0f3b-ff93-64e1-ffbe60f7c084" testName="VideoWebPlayer.Tests.FirstUserRedirectE2ETests.LoginPage_WithoutUsers_RedirectsToRegisterPreservingReturnUrl" computerName="DESKTOP-CM8OBSG" duration="00:00:06.3258099" startTime="2026-09-22T18:59:05.3237903+02:00" endTime="2026-09-22T18:59:11.6657168+02:00" testType="13cdc9d9-ddb5-4fa4-a97d-d965ccfc6d4b" outcome="Passed" testListId="8c84fa94-04c1-424b-9868-57a2d4851a1d" relativeResultsDirectory="19092b60-9a34-4b31-831b-769272b19f36" />
    <UnitTestResult executionId="99eabd3c-64b6-468a-8520-4ed37aceb293" testId="59d6044b-2cb7-70e4-4564-dbacd74fa13a" testName="VideoWebPlayer.Tests.EpisodesBackgroundImageAccessTokenE2ETests.GetBackgroundImage_WithAccessTokenQueryParameter_ReturnsGeneratedImage" computerName="DESKTOP-CM8OBSG" duration="00:00:06.6429485" startTime="2026-09-22T18:59:05.3237957+02:00" endTime="2026-09-22T18:59:11.9742687+02:00" testType="13cdc9d9-ddb5-4fa4-a97d-d965ccfc6d4b" outcome="Passed" testListId="8c84fa94-04c1-424b-9868-57a2d4851a1d" relativeResultsDirectory="99eabd3c-64b6-468a-8520-4ed37aceb293" />
    <UnitTestResult executionId="d7c1b087-bfbd-40bc-aee8-ff43af7c498b" testId="d1a0b80a-5b42-d5fa-2df9-1683b86139ce" testName="VideoWebPlayer.Tests.MediaBoxContextMenuInteractionE2ETests.NativeContextMenu_RightClick_DoesNotOpenActionMenu" computerName="DESKTOP-CM8OBSG" duration="00:00:42.3670470" startTime="2026-09-22T18:59:05.3238306+02:00" endTime="2026-09-22T18:59:47.7151069+02:00" testType="13cdc9d9-ddb5-4fa4-a97d-d965ccfc6d4b" outcome="Failed" testListId="8c84fa94-04c1-424b-9868-57a2d4851a1d" relativeResultsDirectory="d7c1b087-bfbd-40bc-aee8-ff43af7c498b">
      <Output>
        <ErrorInfo>
          <Message>System.TimeoutException : Timeout 30000ms exceeded.
Call log:
  -   - waiting for Locator("#email")</Message>
          <StackTrace>   at Microsoft.Playwright.Transport.Connection.InnerSendMessageToServerAsync[T](ChannelOwner object, String method, Dictionary`2 dictionary, Boolean keepNulls) in /_/src/Playwright/Transport/Connection.cs:line 206&#xD;
   at Microsoft.Playwright.Transport.Connection.WrapApiCallAsync[T](Func`1 action, Boolean isInternal) in /_/src/Playwright/Transport/Connection.cs:line 535&#xD;
   at VideoWebPlayer.Tests.Helpers.MediaBoxContextMenuE2ETestBase.LoginAndNavigateToHomeAsync() in D:\Repositories\softwareschmiede\458c8158-1438-49a5-bbe0-55ad7ddecbaf\VideoWebPlayer.Tests\Helpers\MediaBoxContextMenuE2ETestBase.cs:line 105&#xD;
   at VideoWebPlayer.Tests.MediaBoxContextMenuInteractionE2ETests.NativeContextMenu_RightClick_DoesNotOpenActionMenu() in D:\Repositories\softwareschmiede\458c8158-1438-49a5-bbe0-55ad7ddecbaf\VideoWebPlayer.Tests\MediaBoxContextMenuInteractionE2ETests.cs:line 85&#xD;
--- End of stack trace from previous location ---</StackTrace>
        </ErrorInfo>
      </Output>
    </UnitTestResult>
    <UnitTestResult executionId="31d957c3-c33a-4e6e-8063-a8f258e22a09" testId="181b5dab-b566-f890-0432-245b99617a96" testName="VideoWebPlayer.Tests.ContinueWatchingE2ETests.SeriesEnd_LastEpisodeOfLastSeasonCompleted_NoContinueWatchingEntryCreated" computerName="DESKTOP-CM8OBSG" duration="00:00:01.4748600" startTime="2026-09-22T18:59:12.1547658+02:00" endTime="2026-09-22T18:59:13.6296938+02:00" testType="13cdc9d9-ddb5-4fa4-a97d-d965ccfc6d4b" outcome="Passed" testListId="8c84fa94-04c1-424b-9868-57a2d4851a1d" relativeResultsDirectory="31d957c3-c33a-4e6e-8063-a8f258e22a09" />
    <UnitTestResult executionId="c8009fed-fe32-45ee-ab0d-e279d0e70f73" testId="5106a795-54f2-5849-1e6a-7b961056dbe0" testName="VideoWebPlayer.Tests.MediaBoxContextMenuPositionE2ETests.OpenMenu_OnLastCard_StaysWithinViewportBounds(width: 1280, height: 800)" computerName="DESKTOP-CM8OBSG" duration="00:00:42.3860920" startTime="2026-09-22T18:59:05.3238878+02:00" endTime="2026-09-22T18:59:47.7151069+02:00" testType="13cdc9d9-ddb5-4fa4-a97d-d965ccfc6d4b" outcome="Failed" testListId="8c84fa94-04c1-424b-9868-57a2d4851a1d" relativeResultsDirectory="c8009fed-fe32-45ee-ab0d-e279d0e70f73">
      <Output>
        <ErrorInfo>
          <Message>System.TimeoutException : Timeout 30000ms exceeded.
Call log:
  -   - waiting for Locator("#email")</Message>
          <StackTrace>   at Microsoft.Playwright.Transport.Connection.InnerSendMessageToServerAsync[T](ChannelOwner object, String method, Dictionary`2 dictionary, Boolean keepNulls) in /_/src/Playwright/Transport/Connection.cs:line 206&#xD;
   at Microsoft.Playwright.Transport.Connection.WrapApiCallAsync[T](Func`1 action, Boolean isInternal) in /_/src/Playwright/Transport/Connection.cs:line 535&#xD;
   at VideoWebPlayer.Tests.Helpers.MediaBoxContextMenuE2ETestBase.LoginAndNavigateToHomeAsync() in D:\Repositories\softwareschmiede\458c8158-1438-49a5-bbe0-55ad7ddecbaf\VideoWebPlayer.Tests\Helpers\MediaBoxContextMenuE2ETestBase.cs:line 105&#xD;
   at VideoWebPlayer.Tests.MediaBoxContextMenuPositionE2ETests.OpenMenu_OnLastCard_StaysWithinViewportBounds(Int32 width, Int32 height) in D:\Repositories\softwareschmiede\458c8158-1438-49a5-bbe0-55ad7ddecbaf\VideoWebPlayer.Tests\MediaBoxContextMenuPositionE2ETests.cs:line 38&#xD;
--- End of stack trace from previous location ---</StackTrace>
        </ErrorInfo>
      </Output>
    </UnitTestResult>
    <UnitTestResult executionId="e10bb6d2-b470-4072-9b06-eede4d433399" testId="235faf4b-a8f8-7e0f-3aff-a0643ce2d7c5" testName="VideoWebPlayer.Tests.BackupUploadE2ETests.BackupUpload_ValidFile_ShowsProgressAndImportsBackup" computerName="DESKTOP-CM8OBSG" duration="00:02:01.7369468" startTime="2026-09-22T19:11:29.0589220+02:00" endTime="2026-09-22T19:13:30.7958558+02:00" testType="13cdc9d9-ddb5-4fa4-a97d-d965ccfc6d4b" outcome="Failed" testListId="8c84fa94-04c1-424b-9868-57a2d4851a1d" relativeResultsDirectory="e10bb6d2-b470-4072-9b06-eede4d433399">
      <Output>
        <ErrorInfo>
          <Message>System.TimeoutException : Timeout 120000ms exceeded.
Call log:
  -   - waiting for Locator("#email")</Message>
          <StackTrace>   at Microsoft.Playwright.Transport.Connection.InnerSendMessageToServerAsync[T](ChannelOwner object, String method, Dictionary`2 dictionary, Boolean keepNulls) in /_/src/Playwright/Transport/Connection.cs:line 206&#xD;
   at Microsoft.Playwright.Transport.Connection.WrapApiCallAsync[T](Func`1 action, Boolean isInternal) in /_/src/Playwright/Transport/Connection.cs:line 535&#xD;
   at VideoWebPlayer.Tests.BackupUploadE2ETests.LoginAsync(String email, String password) in D:\Repositories\softwareschmiede\458c8158-1438-49a5-bbe0-55ad7ddecbaf\VideoWebPlayer.Tests\BackupUploadE2ETests.cs:line 413&#xD;
   at VideoWebPlayer.Tests.BackupUploadE2ETests.BackupUpload_ValidFile_ShowsProgressAndImportsBackup() in D:\Repositories\softwareschmiede\458c8158-1438-49a5-bbe0-55ad7ddecbaf\VideoWebPlayer.Tests\BackupUploadE2ETests.cs:line 126&#xD;
--- End of stack trace from previous location ---</StackTrace>
        </ErrorInfo>
      </Output>
    </UnitTestResult>
    <UnitTestResult executionId="5fca068e-5673-44c0-9d4a-126b108942d5" testId="c09aa0b3-1f12-a97f-26c7-62ac961ee239" testName="VideoWebPlayer.Tests.BackupUploadE2ETests.BackupUpload_NavigatingAwayDuringUpload_AbortsWithoutRedirectBack" computerName="DESKTOP-CM8OBSG" duration="00:02:04.2003815" startTime="2026-09-22T19:17:36.6271007+02:00" endTime="2026-09-22T19:19:40.8275554+02:00" testType="13cdc9d9-ddb5-4fa4-a97d-d965ccfc6d4b" outcome="Failed" testListId="8c84fa94-04c1-424b-9868-57a2d4851a1d" relativeResultsDirectory="5fca068e-5673-44c0-9d4a-126b108942d5">
      <Output>
        <ErrorInfo>
          <Message>System.TimeoutException : Timeout 120000ms exceeded.
Call log:
  -   - waiting for Locator("#email")</Message>
          <StackTrace>   at Microsoft.Playwright.Transport.Connection.InnerSendMessageToServerAsync[T](ChannelOwner object, String method, Dictionary`2 dictionary, Boolean keepNulls) in /_/src/Playwright/Transport/Connection.cs:line 206&#xD;
   at Microsoft.Playwright.Transport.Connection.WrapApiCallAsync[T](Func`1 action, Boolean isInternal) in /_/src/Playwright/Transport/Connection.cs:line 535&#xD;
   at VideoWebPlayer.Tests.BackupUploadE2ETests.LoginAsync(String email, String password) in D:\Repositories\softwareschmiede\458c8158-1438-49a5-bbe0-55ad7ddecbaf\VideoWebPlayer.Tests\BackupUploadE2ETests.cs:line 413&#xD;
   at VideoWebPlayer.Tests.BackupUploadE2ETests.BackupUpload_NavigatingAwayDuringUpload_AbortsWithoutRedirectBack() in D:\Repositories\softwareschmiede\458c8158-1438-49a5-bbe0-55ad7ddecbaf\VideoWebPlayer.Tests\BackupUploadE2ETests.cs:line 352&#xD;
--- End of stack trace from previous location ---</StackTrace>
        </ErrorInfo>
      </Output>
    </UnitTestResult>
    <UnitTestResult executionId="e18907c4-0abc-4b4c-9791-753990c8eb0c" testId="436cc92e-e114-dbdd-4f50-4c280b12a769" testName="VideoWebPlayer.Tests.MediaSourceSwitchE2ETests.User_Can_Switch_Source_From_Menu_And_Sees_Only_Selected_Source_Titles" computerName="DESKTOP-CM8OBSG" duration="00:02:12.4135418" startTime="2026-09-22T18:59:05.3238485+02:00" endTime="2026-09-22T19:01:17.7417820+02:00" testType="13cdc9d9-ddb5-4fa4-a97d-d965ccfc6d4b" outcome="Failed" testListId="8c84fa94-04c1-424b-9868-57a2d4851a1d" relativeResultsDirectory="e18907c4-0abc-4b4c-9791-753990c8eb0c">
      <Output>
        <ErrorInfo>
          <Message>System.TimeoutException : Timeout 120000ms exceeded.
Call log:
  -   - waiting for Locator("#email")</Message>
          <StackTrace>   at Microsoft.Playwright.Transport.Connection.InnerSendMessageToServerAsync[T](ChannelOwner object, String method, Dictionary`2 dictionary, Boolean keepNulls) in /_/src/Playwright/Transport/Connection.cs:line 206&#xD;
   at Microsoft.Playwright.Transport.Connection.WrapApiCallAsync[T](Func`1 action, Boolean isInternal) in /_/src/Playwright/Transport/Connection.cs:line 535&#xD;
   at VideoWebPlayer.Tests.MediaSourceSwitchE2ETests.LoginAsync() in D:\Repositories\softwareschmiede\458c8158-1438-49a5-bbe0-55ad7ddecbaf\VideoWebPlayer.Tests\MediaSourceSwitchE2ETests.cs:line 145&#xD;
   at VideoWebPlayer.Tests.MediaSourceSwitchE2ETests.User_Can_Switch_Source_From_Menu_And_Sees_Only_Selected_Source_Titles() in D:\Repositories\softwareschmiede\458c8158-1438-49a5-bbe0-55ad7ddecbaf\VideoWebPlayer.Tests\MediaSourceSwitchE2ETests.cs:line 118&#xD;
--- End of stack trace from previous location ---</StackTrace>
        </ErrorInfo>
      </Output>
    </UnitTestResult>
    <UnitTestResult executionId="66de6fc4-b113-403b-987a-1e6db1f15039" testId="922f6d05-2590-8a95-bd78-372cc3336ddd" testName="VideoWebPlayer.Tests.FirstUserRedirectE2ETests.HomePage_WithoutUsers_RedirectsToRegisterPreservingReturnUrl" computerName="DESKTOP-CM8OBSG" duration="00:00:01.3455880" startTime="2026-09-22T18:59:11.6870016+02:00" endTime="2026-09-22T18:59:13.0327342+02:00" testType="13cdc9d9-ddb5-4fa4-a97d-d965ccfc6d4b" outcome="Passed" testListId="8c84fa94-04c1-424b-9868-57a2d4851a1d" relativeResultsDirectory="66de6fc4-b113-403b-987a-1e6db1f15039" />
    <UnitTestResult executionId="aa85f728-7374-459e-9a4f-03a274b979fb" testId="081bbf32-d7fb-29f5-080f-fc62f9b0bc7f" testName="VideoWebPlayer.Tests.MediaBoxContextMenuInteractionE2ETests.MovementOverTolerance_CancelsPendingLongPress" computerName="DESKTOP-CM8OBSG" duration="00:00:31.4475732" startTime="2026-09-22T19:02:57.5775054+02:00" endTime="2026-09-22T19:03:29.0254272+02:00" testType="13cdc9d9-ddb5-4fa4-a97d-d965ccfc6d4b" outcome="Failed" testListId="8c84fa94-04c1-424b-9868-57a2d4851a1d" relativeResultsDirectory="aa85f728-7374-459e-9a4f-03a274b979fb">
      <Output>
        <ErrorInfo>
          <Message>System.TimeoutException : Timeout 30000ms exceeded.
Call log:
  -   - waiting for Locator("#email")</Message>
          <StackTrace>   at Microsoft.Playwright.Transport.Connection.InnerSendMessageToServerAsync[T](ChannelOwner object, String method, Dictionary`2 dictionary, Boolean keepNulls) in /_/src/Playwright/Transport/Connection.cs:line 206&#xD;
   at Microsoft.Playwright.Transport.Connection.WrapApiCallAsync[T](Func`1 action, Boolean isInternal) in /_/src/Playwright/Transport/Connection.cs:line 535&#xD;
   at VideoWebPlayer.Tests.Helpers.MediaBoxContextMenuE2ETestBase.LoginAndNavigateToHomeAsync() in D:\Repositories\softwareschmiede\458c8158-1438-49a5-bbe0-55ad7ddecbaf\VideoWebPlayer.Tests\Helpers\MediaBoxContextMenuE2ETestBase.cs:line 105&#xD;
   at VideoWebPlayer.Tests.MediaBoxContextMenuInteractionE2ETests.MovementOverTolerance_CancelsPendingLongPress() in D:\Repositories\softwareschmiede\458c8158-1438-49a5-bbe0-55ad7ddecbaf\VideoWebPlayer.Tests\MediaBoxContextMenuInteractionE2ETests.cs:line 64&#xD;
--- End of stack trace from previous location ---</StackTrace>
        </ErrorInfo>
      </Output>
    </UnitTestResult>
    <UnitTestResult executionId="9d7e5577-fddf-42ac-8678-60c8d4f452f7" testId="9ae2f764-bb8e-8555-e548-1cdeb0761d46" testName="VideoWebPlayer.Tests.MediaBoxContextMenuInteractionE2ETests.MenuAction_Remove_ClosesMenuAndRemovesCard" computerName="DESKTOP-CM8OBSG" duration="00:00:31.5884992" startTime="2026-09-22T19:01:54.5133573+02:00" endTime="2026-09-22T19:02:26.1023393+02:00" testType="13cdc9d9-ddb5-4fa4-a97d-d965ccfc6d4b" outcome="Failed" testListId="8c84fa94-04c1-424b-9868-57a2d4851a1d" relativeResultsDirectory="9d7e5577-fddf-42ac-8678-60c8d4f452f7">
      <Output>
        <ErrorInfo>
          <Message>System.TimeoutException : Timeout 30000ms exceeded.
Call log:
  -   - waiting for Locator("#email")</Message>
          <StackTrace>   at Microsoft.Playwright.Transport.Connection.InnerSendMessageToServerAsync[T](ChannelOwner object, String method, Dictionary`2 dictionary, Boolean keepNulls) in /_/src/Playwright/Transport/Connection.cs:line 206&#xD;
   at Microsoft.Playwright.Transport.Connection.WrapApiCallAsync[T](Func`1 action, Boolean isInternal) in /_/src/Playwright/Transport/Connection.cs:line 535&#xD;
   at VideoWebPlayer.Tests.Helpers.MediaBoxContextMenuE2ETestBase.LoginAndNavigateToHomeAsync() in D:\Repositories\softwareschmiede\458c8158-1438-49a5-bbe0-55ad7ddecbaf\VideoWebPlayer.Tests\Helpers\MediaBoxContextMenuE2ETestBase.cs:line 105&#xD;
   at VideoWebPlayer.Tests.MediaBoxContextMenuInteractionE2ETests.MenuAction_Remove_ClosesMenuAndRemovesCard() in D:\Repositories\softwareschmiede\458c8158-1438-49a5-bbe0-55ad7ddecbaf\VideoWebPlayer.Tests\MediaBoxContextMenuInteractionE2ETests.cs:line 180&#xD;
--- End of stack trace from previous location ---</StackTrace>
        </ErrorInfo>
      </Output>
    </UnitTestResult>
    <UnitTestResult executionId="fa335c04-d6d8-4de1-958f-7207f61ca4bb" testId="a0dba3fc-92ef-a488-a3b3-17f7b7288f96" testName="VideoWebPlayer.Tests.MediaBoxContextMenuPositionE2ETests.OpenMenu_OnFirstCard_StaysWithinViewportBounds(width: 1280, height: 800)" computerName="DESKTOP-CM8OBSG" duration="00:00:31.6110044" startTime="2026-09-22T19:00:50.9524267+02:00" endTime="2026-09-22T19:01:22.5637555+02:00" testType="13cdc9d9-ddb5-4fa4-a97d-d965ccfc6d4b" outcome="Failed" testListId="8c84fa94-04c1-424b-9868-57a2d4851a1d" relativeResultsDirectory="fa335c04-d6d8-4de1-958f-7207f61ca4bb">
      <Output>
        <ErrorInfo>
          <Message>System.TimeoutException : Timeout 30000ms exceeded.
Call log:
  -   - waiting for Locator("#email")</Message>
          <StackTrace>   at Microsoft.Playwright.Transport.Connection.InnerSendMessageToServerAsync[T](ChannelOwner object, String method, Dictionary`2 dictionary, Boolean keepNulls) in /_/src/Playwright/Transport/Connection.cs:line 206&#xD;
   at Microsoft.Playwright.Transport.Connection.WrapApiCallAsync[T](Func`1 action, Boolean isInternal) in /_/src/Playwright/Transport/Connection.cs:line 535&#xD;
   at VideoWebPlayer.Tests.Helpers.MediaBoxContextMenuE2ETestBase.LoginAndNavigateToHomeAsync() in D:\Repositories\softwareschmiede\458c8158-1438-49a5-bbe0-55ad7ddecbaf\VideoWebPlayer.Tests\Helpers\MediaBoxContextMenuE2ETestBase.cs:line 105&#xD;
   at VideoWebPlayer.Tests.MediaBoxContextMenuPositionE2ETests.OpenMenu_OnFirstCard_StaysWithinViewportBounds(Int32 width, Int32 height) in D:\Repositories\softwareschmiede\458c8158-1438-49a5-bbe0-55ad7ddecbaf\VideoWebPlayer.Tests\MediaBoxContextMenuPositionE2ETests.cs:line 24&#xD;
--- End of stack trace from previous location ---</StackTrace>
        </ErrorInfo>
      </Output>
    </UnitTestResult>
  </Results>
  <TestDefinitions>
    <UnitTest name="VideoWebPlayer.Tests.MediaBoxContextMenuInteractionE2ETests.EscapeKey_ClosesOpenMenuAndRestoresLinkFocus" storage="d:\repositories\softwareschmiede\458c8158-1438-49a5-bbe0-55ad7ddecbaf\videowebplayer.tests\bin\release\net10.0\videowebplayer.tests.dll" id="f15485f2-6de0-36a5-de01-948ae401ab0a">
      <Execution id="c931cac5-f036-48cc-ba3b-cf142b7e7120" />
      <TestMethod codeBase="D:\Repositories\softwareschmiede\458c8158-1438-49a5-bbe0-55ad7ddecbaf\VideoWebPlayer.Tests\bin\Release\net10.0\VideoWebPlayer.Tests.dll" adapterTypeName="executor://xunit/VsTestRunner3/netcore/" className="VideoWebPlayer.Tests.MediaBoxContextMenuInteractionE2ETests" name="EscapeKey_ClosesOpenMenuAndRestoresLinkFocus" />
    </UnitTest>
    <UnitTest name="VideoWebPlayer.Tests.BackupUploadE2ETests.BackupUpload_InvalidFile_ShowsError" storage="d:\repositories\softwareschmiede\458c8158-1438-49a5-bbe0-55ad7ddecbaf\videowebplayer.tests\bin\release\net10.0\videowebplayer.tests.dll" id="dadc6ee2-07c6-b8d7-012e-c560309ab388">
      <Execution id="aa07749c-75a1-419e-9700-b91bc44e23e3" />
      <TestMethod codeBase="D:\Repositories\softwareschmiede\458c8158-1438-49a5-bbe0-55ad7ddecbaf\VideoWebPlayer.Tests\bin\Release\net10.0\VideoWebPlayer.Tests.dll" adapterTypeName="executor://xunit/VsTestRunner3/netcore/" className="VideoWebPlayer.Tests.BackupUploadE2ETests" name="BackupUpload_InvalidFile_ShowsError" />
    </UnitTest>
    <UnitTest name="VideoWebPlayer.Tests.UpdatesPageE2ETests.Updates_Page_Disables_Manual_Actions_When_Busy_Or_Locked" storage="d:\repositories\softwareschmiede\458c8158-1438-49a5-bbe0-55ad7ddecbaf\videowebplayer.tests\bin\release\net10.0\videowebplayer.tests.dll" id="d07302cf-6957-f669-c0be-b35f91371703">
      <Execution id="069c00b2-785d-4604-863a-42a940e35590" />
      <TestMethod codeBase="D:\Repositories\softwareschmiede\458c8158-1438-49a5-bbe0-55ad7ddecbaf\VideoWebPlayer.Tests\bin\Release\net10.0\VideoWebPlayer.Tests.dll" adapterTypeName="executor://xunit/VsTestRunner3/netcore/" className="VideoWebPlayer.Tests.UpdatesPageE2ETests" name="Updates_Page_Disables_Manual_Actions_When_Busy_Or_Locked" />
    </UnitTest>
    <UnitTest name="VideoWebPlayer.Tests.UnlockedSourceE2ETests.Regular_User_Can_Open_Unlock_Source_And_Only_Unlocked_Entries_Are_Shown" storage="d:\repositories\softwareschmiede\458c8158-1438-49a5-bbe0-55ad7ddecbaf\videowebplayer.tests\bin\release\net10.0\videowebplayer.tests.dll" id="4894a060-5898-4d02-9df5-32e8c0e13e27">
      <Execution id="81bcbafa-0b72-4cf0-9c2c-ce81ee40f3b5" />
      <TestMethod codeBase="D:\Repositories\softwareschmiede\458c8158-1438-49a5-bbe0-55ad7ddecbaf\VideoWebPlayer.Tests\bin\Release\net10.0\VideoWebPlayer.Tests.dll" adapterTypeName="executor://xunit/VsTestRunner3/netcore/" className="VideoWebPlayer.Tests.UnlockedSourceE2ETests" name="Regular_User_Can_Open_Unlock_Source_And_Only_Unlocked_Entries_Are_Shown" />
    </UnitTest>
    <UnitTest name="VideoWebPlayer.Tests.BackupUploadE2ETests.BackupUpload_ValidFile_ShowsProgressAndImportsBackup" storage="d:\repositories\softwareschmiede\458c8158-1438-49a5-bbe0-55ad7ddecbaf\videowebplayer.tests\bin\release\net10.0\videowebplayer.tests.dll" id="235faf4b-a8f8-7e0f-3aff-a0643ce2d7c5">
      <Execution id="e10bb6d2-b470-4072-9b06-eede4d433399" />
      <TestMethod codeBase="D:\Repositories\softwareschmiede\458c8158-1438-49a5-bbe0-55ad7ddecbaf\VideoWebPlayer.Tests\bin\Release\net10.0\VideoWebPlayer.Tests.dll" adapterTypeName="executor://xunit/VsTestRunner3/netcore/" className="VideoWebPlayer.Tests.BackupUploadE2ETests" name="BackupUpload_ValidFile_ShowsProgressAndImportsBackup" />
    </UnitTest>
    <UnitTest name="VideoWebPlayer.Tests.UpdatesPageE2ETests.Admin_Checks_For_Updates_And_Refreshes_Changed_Data" storage="d:\repositories\softwareschmiede\458c8158-1438-49a5-bbe0-55ad7ddecbaf\videowebplayer.tests\bin\release\net10.0\videowebplayer.tests.dll" id="d8d8cfe6-d308-ca22-0554-e1ff64bc9918">
      <Execution id="cfa8a69a-6706-4439-bd2b-1f39c4683ce0" />
      <TestMethod codeBase="D:\Repositories\softwareschmiede\458c8158-1438-49a5-bbe0-55ad7ddecbaf\VideoWebPlayer.Tests\bin\Release\net10.0\VideoWebPlayer.Tests.dll" adapterTypeName="executor://xunit/VsTestRunner3/netcore/" className="VideoWebPlayer.Tests.UpdatesPageE2ETests" name="Admin_Checks_For_Updates_And_Refreshes_Changed_Data" />
    </UnitTest>
    <UnitTest name="VideoWebPlayer.Tests.BackupUploadE2ETests.BackupUpload_LargeFile_UsesMultipleChunks" storage="d:\repositories\softwareschmiede\458c8158-1438-49a5-bbe0-55ad7ddecbaf\videowebplayer.tests\bin\release\net10.0\videowebplayer.tests.dll" id="1914ec07-2eea-91ca-339f-6ea003e6ac39">
      <Execution id="02cd640e-fed3-4af2-a2bf-38098259a528" />
      <TestMethod codeBase="D:\Repositories\softwareschmiede\458c8158-1438-49a5-bbe0-55ad7ddecbaf\VideoWebPlayer.Tests\bin\Release\net10.0\VideoWebPlayer.Tests.dll" adapterTypeName="executor://xunit/VsTestRunner3/netcore/" className="VideoWebPlayer.Tests.BackupUploadE2ETests" name="BackupUpload_LargeFile_UsesMultipleChunks" />
    </UnitTest>
    <UnitTest name="VideoWebPlayer.Tests.FirstUserRedirectE2ETests.LoginPage_WithoutUsers_RedirectsToRegisterPreservingReturnUrl" storage="d:\repositories\softwareschmiede\458c8158-1438-49a5-bbe0-55ad7ddecbaf\videowebplayer.tests\bin\release\net10.0\videowebplayer.tests.dll" id="7ca8ddaa-0f3b-ff93-64e1-ffbe60f7c084">
      <Execution id="19092b60-9a34-4b31-831b-769272b19f36" />
      <TestMethod codeBase="D:\Repositories\softwareschmiede\458c8158-1438-49a5-bbe0-55ad7ddecbaf\VideoWebPlayer.Tests\bin\Release\net10.0\VideoWebPlayer.Tests.dll" adapterTypeName="executor://xunit/VsTestRunner3/netcore/" className="VideoWebPlayer.Tests.FirstUserRedirectE2ETests" name="LoginPage_WithoutUsers_RedirectsToRegisterPreservingReturnUrl" />
    </UnitTest>
    <UnitTest name="VideoWebPlayer.Tests.BackupUploadE2ETests.BackupUpload_NavigatingAwayDuringUpload_AbortsWithoutRedirectBack" storage="d:\repositories\softwareschmiede\458c8158-1438-49a5-bbe0-55ad7ddecbaf\videowebplayer.tests\bin\release\net10.0\videowebplayer.tests.dll" id="c09aa0b3-1f12-a97f-26c7-62ac961ee239">
      <Execution id="5fca068e-5673-44c0-9d4a-126b108942d5" />
      <TestMethod codeBase="D:\Repositories\softwareschmiede\458c8158-1438-49a5-bbe0-55ad7ddecbaf\VideoWebPlayer.Tests\bin\Release\net10.0\VideoWebPlayer.Tests.dll" adapterTypeName="executor://xunit/VsTestRunner3/netcore/" className="VideoWebPlayer.Tests.BackupUploadE2ETests" name="BackupUpload_NavigatingAwayDuringUpload_AbortsWithoutRedirectBack" />
    </UnitTest>
    <UnitTest name="VideoWebPlayer.Tests.MediaBoxContextMenuPositionE2ETests.OpenMenu_OnLastCard_StaysWithinViewportBounds(width: 1280, height: 800)" storage="d:\repositories\softwareschmiede\458c8158-1438-49a5-bbe0-55ad7ddecbaf\videowebplayer.tests\bin\release\net10.0\videowebplayer.tests.dll" id="5106a795-54f2-5849-1e6a-7b961056dbe0">
      <Execution id="c8009fed-fe32-45ee-ab0d-e279d0e70f73" />
      <TestMethod codeBase="D:\Repositories\softwareschmiede\458c8158-1438-49a5-bbe0-55ad7ddecbaf\VideoWebPlayer.Tests\bin\Release\net10.0\VideoWebPlayer.Tests.dll" adapterTypeName="executor://xunit/VsTestRunner3/netcore/" className="VideoWebPlayer.Tests.MediaBoxContextMenuPositionE2ETests" name="OpenMenu_OnLastCard_StaysWithinViewportBounds" />
    </UnitTest>
    <UnitTest name="VideoWebPlayer.Tests.BackupUploadE2ETests.BackupUpload_InterruptedSession_ShowsResumeHint" storage="d:\repositories\softwareschmiede\458c8158-1438-49a5-bbe0-55ad7ddecbaf\videowebplayer.tests\bin\release\net10.0\videowebplayer.tests.dll" id="76ceece6-f236-e9c7-16a9-954cd67375f1">
      <Execution id="2255fac8-a175-4689-8450-99852dca9768" />
      <TestMethod codeBase="D:\Repositories\softwareschmiede\458c8158-1438-49a5-bbe0-55ad7ddecbaf\VideoWebPlayer.Tests\bin\Release\net10.0\VideoWebPlayer.Tests.dll" adapterTypeName="executor://xunit/VsTestRunner3/netcore/" className="VideoWebPlayer.Tests.BackupUploadE2ETests" name="BackupUpload_InterruptedSession_ShowsResumeHint" />
    </UnitTest>
    <UnitTest name="VideoWebPlayer.Tests.AboutPageE2ETests.AboutPage_ReturnsFirstStepsAndGitHubLink" storage="d:\repositories\softwareschmiede\458c8158-1438-49a5-bbe0-55ad7ddecbaf\videowebplayer.tests\bin\release\net10.0\videowebplayer.tests.dll" id="cdc6a990-e753-1269-b788-def34966aaec">
      <Execution id="a61e5107-3a52-49f1-b250-b3ae88fa9a92" />
      <TestMethod codeBase="D:\Repositories\softwareschmiede\458c8158-1438-49a5-bbe0-55ad7ddecbaf\VideoWebPlayer.Tests\bin\Release\net10.0\VideoWebPlayer.Tests.dll" adapterTypeName="executor://xunit/VsTestRunner3/netcore/" className="VideoWebPlayer.Tests.AboutPageE2ETests" name="AboutPage_ReturnsFirstStepsAndGitHubLink" />
    </UnitTest>
    <UnitTest name="VideoWebPlayer.Tests.FirstUserRedirectE2ETests.HomePage_WithoutUsers_RedirectsToRegisterPreservingReturnUrl" storage="d:\repositories\softwareschmiede\458c8158-1438-49a5-bbe0-55ad7ddecbaf\videowebplayer.tests\bin\release\net10.0\videowebplayer.tests.dll" id="922f6d05-2590-8a95-bd78-372cc3336ddd">
      <Execution id="66de6fc4-b113-403b-987a-1e6db1f15039" />
      <TestMethod codeBase="D:\Repositories\softwareschmiede\458c8158-1438-49a5-bbe0-55ad7ddecbaf\VideoWebPlayer.Tests\bin\Release\net10.0\VideoWebPlayer.Tests.dll" adapterTypeName="executor://xunit/VsTestRunner3/netcore/" className="VideoWebPlayer.Tests.FirstUserRedirectE2ETests" name="HomePage_WithoutUsers_RedirectsToRegisterPreservingReturnUrl" />
    </UnitTest>
    <UnitTest name="VideoWebPlayer.Tests.UpdatesPageE2ETests.Admin_Navigates_To_Updates_Page_And_Sees_Structured_Status" storage="d:\repositories\softwareschmiede\458c8158-1438-49a5-bbe0-55ad7ddecbaf\videowebplayer.tests\bin\release\net10.0\videowebplayer.tests.dll" id="af6f4822-cfca-4b36-ed9f-d605a4fdd0ef">
      <Execution id="a3bcc136-6ece-4e5d-9709-48028452cfe3" />
      <TestMethod codeBase="D:\Repositories\softwareschmiede\458c8158-1438-49a5-bbe0-55ad7ddecbaf\VideoWebPlayer.Tests\bin\Release\net10.0\VideoWebPlayer.Tests.dll" adapterTypeName="executor://xunit/VsTestRunner3/netcore/" className="VideoWebPlayer.Tests.UpdatesPageE2ETests" name="Admin_Navigates_To_Updates_Page_And_Sees_Structured_Status" />
    </UnitTest>
    <UnitTest name="VideoWebPlayer.Tests.UpdatesPageE2ETests.Updates_Page_Remains_Usable_On_Mobile_Viewport" storage="d:\repositories\softwareschmiede\458c8158-1438-49a5-bbe0-55ad7ddecbaf\videowebplayer.tests\bin\release\net10.0\videowebplayer.tests.dll" id="9ff21d67-6bcf-cb13-1068-565e6dc5b86c">
      <Execution id="5ab98fae-7606-4df2-b0f2-96834edf15d6" />
      <TestMethod codeBase="D:\Repositories\softwareschmiede\458c8158-1438-49a5-bbe0-55ad7ddecbaf\VideoWebPlayer.Tests\bin\Release\net10.0\VideoWebPlayer.Tests.dll" adapterTypeName="executor://xunit/VsTestRunner3/netcore/" className="VideoWebPlayer.Tests.UpdatesPageE2ETests" name="Updates_Page_Remains_Usable_On_Mobile_Viewport" />
    </UnitTest>
    <UnitTest name="VideoWebPlayer.Tests.MediaBoxContextMenuInteractionE2ETests.MovementOverTolerance_CancelsPendingLongPress" storage="d:\repositories\softwareschmiede\458c8158-1438-49a5-bbe0-55ad7ddecbaf\videowebplayer.tests\bin\release\net10.0\videowebplayer.tests.dll" id="081bbf32-d7fb-29f5-080f-fc62f9b0bc7f">
      <Execution id="aa85f728-7374-459e-9a4f-03a274b979fb" />
      <TestMethod codeBase="D:\Repositories\softwareschmiede\458c8158-1438-49a5-bbe0-55ad7ddecbaf\VideoWebPlayer.Tests\bin\Release\net10.0\VideoWebPlayer.Tests.dll" adapterTypeName="executor://xunit/VsTestRunner3/netcore/" className="VideoWebPlayer.Tests.MediaBoxContextMenuInteractionE2ETests" name="MovementOverTolerance_CancelsPendingLongPress" />
    </UnitTest>
    <UnitTest name="VideoWebPlayer.Tests.ContinueWatchingE2ETests.SeasonTransition_LastEpisodeOfSeasonCompleted_FirstEpisodeOfNextSeasonAppears" storage="d:\repositories\softwareschmiede\458c8158-1438-49a5-bbe0-55ad7ddecbaf\videowebplayer.tests\bin\release\net10.0\videowebplayer.tests.dll" id="2ca685a5-7efd-554d-4b2a-329e9608ae22">
      <Execution id="cbb27294-fd85-4028-86d9-1e7572571f20" />
      <TestMethod codeBase="D:\Repositories\softwareschmiede\458c8158-1438-49a5-bbe0-55ad7ddecbaf\VideoWebPlayer.Tests\bin\Release\net10.0\VideoWebPlayer.Tests.dll" adapterTypeName="executor://xunit/VsTestRunner3/netcore/" className="VideoWebPlayer.Tests.ContinueWatchingE2ETests" name="SeasonTransition_LastEpisodeOfSeasonCompleted_FirstEpisodeOfNextSeasonAppears" />
    </UnitTest>
    <UnitTest name="VideoWebPlayer.Tests.EpisodesBackgroundImageAccessTokenE2ETests.GetBackgroundImage_WithAccessTokenQueryParameter_ReturnsGeneratedImage" storage="d:\repositories\softwareschmiede\458c8158-1438-49a5-bbe0-55ad7ddecbaf\videowebplayer.tests\bin\release\net10.0\videowebplayer.tests.dll" id="59d6044b-2cb7-70e4-4564-dbacd74fa13a">
      <Execution id="99eabd3c-64b6-468a-8520-4ed37aceb293" />
      <TestMethod codeBase="D:\Repositories\softwareschmiede\458c8158-1438-49a5-bbe0-55ad7ddecbaf\VideoWebPlayer.Tests\bin\Release\net10.0\VideoWebPlayer.Tests.dll" adapterTypeName="executor://xunit/VsTestRunner3/netcore/" className="VideoWebPlayer.Tests.EpisodesBackgroundImageAccessTokenE2ETests" name="GetBackgroundImage_WithAccessTokenQueryParameter_ReturnsGeneratedImage" />
    </UnitTest>
[...]
[xUnit.net 00:10:17.46]         /_/src/Playwright/Transport/Connection.cs(535,0): at Microsoft.Playwright.Transport.Connection.WrapApiCallAsync[T](Func`1 action, Boolean isInternal)&#xD;
[xUnit.net 00:10:17.46]         D:\Repositories\softwareschmiede\458c8158-1438-49a5-bbe0-55ad7ddecbaf\VideoWebPlayer.Tests\BackupUploadE2ETests.cs(413,0): at VideoWebPlayer.Tests.BackupUploadE2ETests.LoginAsync(String email, String password)&#xD;
[xUnit.net 00:10:17.46]         D:\Repositories\softwareschmiede\458c8158-1438-49a5-bbe0-55ad7ddecbaf\VideoWebPlayer.Tests\BackupUploadE2ETests.cs(293,0): at VideoWebPlayer.Tests.BackupUploadE2ETests.BackupUpload_InterruptedSession_ShowsResumeHint()&#xD;
[xUnit.net 00:10:17.46]         --- End of stack trace from previous location ---&#xD;
[xUnit.net 00:12:22.62]       System.TimeoutException : Timeout 120000ms exceeded.
Call log:
  -   - waiting for Locator("#email")&#xD;
[xUnit.net 00:12:22.62]       Stack Trace:&#xD;
[xUnit.net 00:12:22.62]         /_/src/Playwright/Transport/Connection.cs(206,0): at Microsoft.Playwright.Transport.Connection.InnerSendMessageToServerAsync[T](ChannelOwner object, String method, Dictionary`2 dictionary, Boolean keepNulls)&#xD;
[xUnit.net 00:12:22.62]         /_/src/Playwright/Transport/Connection.cs(535,0): at Microsoft.Playwright.Transport.Connection.WrapApiCallAsync[T](Func`1 action, Boolean isInternal)&#xD;
[xUnit.net 00:12:22.62]         D:\Repositories\softwareschmiede\458c8158-1438-49a5-bbe0-55ad7ddecbaf\VideoWebPlayer.Tests\UpdatesPageE2ETests.cs(347,0): at VideoWebPlayer.Tests.UpdatesPageE2ETests.LoginAsync()&#xD;
[xUnit.net 00:12:22.62]         D:\Repositories\softwareschmiede\458c8158-1438-49a5-bbe0-55ad7ddecbaf\VideoWebPlayer.Tests\UpdatesPageE2ETests.cs(122,0): at VideoWebPlayer.Tests.UpdatesPageE2ETests.Admin_Navigates_To_Updates_Page_And_Sees_Structured_Status()&#xD;
[xUnit.net 00:12:22.62]         --- End of stack trace from previous location ---&#xD;
[xUnit.net 00:12:24.43]       System.TimeoutException : Timeout 120000ms exceeded.
Call log:
  -   - waiting for Locator("#email")&#xD;
[xUnit.net 00:12:24.43]       Stack Trace:&#xD;
[xUnit.net 00:12:24.43]         /_/src/Playwright/Transport/Connection.cs(206,0): at Microsoft.Playwright.Transport.Connection.InnerSendMessageToServerAsync[T](ChannelOwner object, String method, Dictionary`2 dictionary, Boolean keepNulls)&#xD;
[xUnit.net 00:12:24.43]         /_/src/Playwright/Transport/Connection.cs(535,0): at Microsoft.Playwright.Transport.Connection.WrapApiCallAsync[T](Func`1 action, Boolean isInternal)&#xD;
[xUnit.net 00:12:24.43]         D:\Repositories\softwareschmiede\458c8158-1438-49a5-bbe0-55ad7ddecbaf\VideoWebPlayer.Tests\BackupUploadE2ETests.cs(413,0): at VideoWebPlayer.Tests.BackupUploadE2ETests.LoginAsync(String email, String password)&#xD;
[xUnit.net 00:12:24.43]         D:\Repositories\softwareschmiede\458c8158-1438-49a5-bbe0-55ad7ddecbaf\VideoWebPlayer.Tests\BackupUploadE2ETests.cs(215,0): at VideoWebPlayer.Tests.BackupUploadE2ETests.BackupUpload_InvalidFile_ShowsError()&#xD;
[xUnit.net 00:12:24.43]         --- End of stack trace from previous location ---&#xD;
[xUnit.net 00:14:26.16]       System.TimeoutException : Timeout 120000ms exceeded.
Call log:
  -   - waiting for Locator("#email")&#xD;
[xUnit.net 00:14:26.16]       Stack Trace:&#xD;
[xUnit.net 00:14:26.16]         /_/src/Playwright/Transport/Connection.cs(206,0): at Microsoft.Playwright.Transport.Connection.InnerSendMessageToServerAsync[T](ChannelOwner object, String method, Dictionary`2 dictionary, Boolean keepNulls)&#xD;
[xUnit.net 00:14:26.16]         /_/src/Playwright/Transport/Connection.cs(535,0): at Microsoft.Playwright.Transport.Connection.WrapApiCallAsync[T](Func`1 action, Boolean isInternal)&#xD;
[xUnit.net 00:14:26.16]         D:\Repositories\softwareschmiede\458c8158-1438-49a5-bbe0-55ad7ddecbaf\VideoWebPlayer.Tests\BackupUploadE2ETests.cs(413,0): at VideoWebPlayer.Tests.BackupUploadE2ETests.LoginAsync(String email, String password)&#xD;
[xUnit.net 00:14:26.16]         D:\Repositories\softwareschmiede\458c8158-1438-49a5-bbe0-55ad7ddecbaf\VideoWebPlayer.Tests\BackupUploadE2ETests.cs(126,0): at VideoWebPlayer.Tests.BackupUploadE2ETests.BackupUpload_ValidFile_ShowsProgressAndImportsBackup()&#xD;
[xUnit.net 00:14:26.16]         --- End of stack trace from previous location ---&#xD;
[xUnit.net 00:16:29.12]       System.TimeoutException : Timeout 120000ms exceeded.
Call log:
  -   - waiting for Locator("#email")&#xD;
[xUnit.net 00:16:29.12]       Stack Trace:&#xD;
[xUnit.net 00:16:29.12]         /_/src/Playwright/Transport/Connection.cs(206,0): at Microsoft.Playwright.Transport.Connection.InnerSendMessageToServerAsync[T](ChannelOwner object, String method, Dictionary`2 dictionary, Boolean keepNulls)&#xD;
[xUnit.net 00:16:29.12]         /_/src/Playwright/Transport/Connection.cs(535,0): at Microsoft.Playwright.Transport.Connection.WrapApiCallAsync[T](Func`1 action, Boolean isInternal)&#xD;
[xUnit.net 00:16:29.12]         D:\Repositories\softwareschmiede\458c8158-1438-49a5-bbe0-55ad7ddecbaf\VideoWebPlayer.Tests\BackupUploadE2ETests.cs(413,0): at VideoWebPlayer.Tests.BackupUploadE2ETests.LoginAsync(String email, String password)&#xD;
[xUnit.net 00:16:29.12]         D:\Repositories\softwareschmiede\458c8158-1438-49a5-bbe0-55ad7ddecbaf\VideoWebPlayer.Tests\BackupUploadE2ETests.cs(263,0): at VideoWebPlayer.Tests.BackupUploadE2ETests.BackupUpload_WhileRunning_DisablesUploadButton()&#xD;
[xUnit.net 00:16:29.12]         --- End of stack trace from previous location ---&#xD;
[xUnit.net 00:18:32.00]       System.TimeoutException : Timeout 120000ms exceeded.
Call log:
  -   - waiting for Locator("#email")&#xD;
[xUnit.net 00:18:32.00]       Stack Trace:&#xD;
[xUnit.net 00:18:32.00]         /_/src/Playwright/Transport/Connection.cs(206,0): at Microsoft.Playwright.Transport.Connection.InnerSendMessageToServerAsync[T](ChannelOwner object, String method, Dictionary`2 dictionary, Boolean keepNulls)&#xD;
[xUnit.net 00:18:32.00]         /_/src/Playwright/Transport/Connection.cs(535,0): at Microsoft.Playwright.Transport.Connection.WrapApiCallAsync[T](Func`1 action, Boolean isInternal)&#xD;
[xUnit.net 00:18:32.00]         D:\Repositories\softwareschmiede\458c8158-1438-49a5-bbe0-55ad7ddecbaf\VideoWebPlayer.Tests\BackupUploadE2ETests.cs(413,0): at VideoWebPlayer.Tests.BackupUploadE2ETests.LoginAsync(String email, String password)&#xD;
[xUnit.net 00:18:32.00]         D:\Repositories\softwareschmiede\458c8158-1438-49a5-bbe0-55ad7ddecbaf\VideoWebPlayer.Tests\BackupUploadE2ETests.cs(326,0): at VideoWebPlayer.Tests.BackupUploadE2ETests.BackupUpload_NonJsonErrorResponse_ShowsFriendlyMessage()&#xD;
[xUnit.net 00:18:32.00]         --- End of stack trace from previous location ---&#xD;
[xUnit.net 00:20:36.20]       System.TimeoutException : Timeout 120000ms exceeded.
Call log:
  -   - waiting for Locator("#email")&#xD;
[xUnit.net 00:20:36.20]       Stack Trace:&#xD;
[xUnit.net 00:20:36.20]         /_/src/Playwright/Transport/Connection.cs(206,0): at Microsoft.Playwright.Transport.Connection.InnerSendMessageToServerAsync[T](ChannelOwner object, String method, Dictionary`2 dictionary, Boolean keepNulls)&#xD;
[xUnit.net 00:20:36.20]         /_/src/Playwright/Transport/Connection.cs(535,0): at Microsoft.Playwright.Transport.Connection.WrapApiCallAsync[T](Func`1 action, Boolean isInternal)&#xD;
[xUnit.net 00:20:36.20]         D:\Repositories\softwareschmiede\458c8158-1438-49a5-bbe0-55ad7ddecbaf\VideoWebPlayer.Tests\BackupUploadE2ETests.cs(413,0): at VideoWebPlayer.Tests.BackupUploadE2ETests.LoginAsync(String email, String password)&#xD;
[xUnit.net 00:20:36.20]         D:\Repositories\softwareschmiede\458c8158-1438-49a5-bbe0-55ad7ddecbaf\VideoWebPlayer.Tests\BackupUploadE2ETests.cs(352,0): at VideoWebPlayer.Tests.BackupUploadE2ETests.BackupUpload_NavigatingAwayDuringUpload_AbortsWithoutRedirectBack()&#xD;
[xUnit.net 00:20:36.20]         --- End of stack trace from previous location ---&#xD;
[xUnit.net 00:22:38.16]       System.TimeoutException : Timeout 120000ms exceeded.
Call log:
  -   - waiting for Locator("#email")&#xD;
[xUnit.net 00:22:38.16]       Stack Trace:&#xD;
[xUnit.net 00:22:38.16]         /_/src/Playwright/Transport/Connection.cs(206,0): at Microsoft.Playwright.Transport.Connection.InnerSendMessageToServerAsync[T](ChannelOwner object, String method, Dictionary`2 dictionary, Boolean keepNulls)&#xD;
[xUnit.net 00:22:38.16]         /_/src/Playwright/Transport/Connection.cs(535,0): at Microsoft.Playwright.Transport.Connection.WrapApiCallAsync[T](Func`1 action, Boolean isInternal)&#xD;
[xUnit.net 00:22:38.16]         D:\Repositories\softwareschmiede\458c8158-1438-49a5-bbe0-55ad7ddecbaf\VideoWebPlayer.Tests\BackupUploadE2ETests.cs(413,0): at VideoWebPlayer.Tests.BackupUploadE2ETests.LoginAsync(String email, String password)&#xD;
[xUnit.net 00:22:38.16]         D:\Repositories\softwareschmiede\458c8158-1438-49a5-bbe0-55ad7ddecbaf\VideoWebPlayer.Tests\BackupUploadE2ETests.cs(243,0): at VideoWebPlayer.Tests.BackupUploadE2ETests.BackupUpload_ExceedingLimit_ShowsError()&#xD;
[xUnit.net 00:22:38.16]         --- End of stack trace from previous location ---&#xD;
[xUnit.net 00:22:38.17]   Finished:    VideoWebPlayer.Tests (ID = '4e0991edc9464c2f26592c0e4a87f50fd1e293f9f59fdfc35e9b453efba0254e')&#xD;
</StdOut>
    </Output>
    <RunInfos>
      <RunInfo computerName="DESKTOP-CM8OBSG" outcome="Error" timestamp="2026-09-22T18:59:11.8045954+02:00">
        <Text>[xUnit.net 00:00:07.17]     VideoWebPlayer.Tests.IdentityRedirectManagerE2ETests.RegisterWithConfirmedAccount_DoesNotThrowNavigationException [FAIL]</Text>
      </RunInfo>
      <RunInfo computerName="DESKTOP-CM8OBSG" outcome="Error" timestamp="2026-09-22T18:59:11.8308853+02:00">
        <Text>[xUnit.net 00:00:07.19]     VideoWebPlayer.Tests.AboutPageE2ETests.AboutPage_ReturnsFirstStepsAndGitHubLink [FAIL]</Text>
      </RunInfo>
      <RunInfo computerName="DESKTOP-CM8OBSG" outcome="Error" timestamp="2026-09-22T18:59:14.2094951+02:00">
        <Text>[xUnit.net 00:00:09.57]     VideoWebPlayer.Tests.FirstUserRedirectE2ETests.RegisterFirstUser_SubmitsAndSetsAuthCookie [FAIL]</Text>
      </RunInfo>
      <RunInfo computerName="DESKTOP-CM8OBSG" outcome="Error" timestamp="2026-09-22T18:59:47.7157813+02:00">
        <Text>[xUnit.net 00:00:43.08]     VideoWebPlayer.Tests.MediaBoxContextMenuInteractionE2ETests.NativeContextMenu_RightClick_DoesNotOpenActionMenu [FAIL]</Text>
      </RunInfo>
      <RunInfo computerName="DESKTOP-CM8OBSG" outcome="Error" timestamp="2026-09-22T18:59:47.7160885+02:00">
        <Text>[xUnit.net 00:00:43.08]     VideoWebPlayer.Tests.MediaBoxContextMenuPositionE2ETests.OpenMenu_OnLastCard_StaysWithinViewportBounds(width: 1280, height: 800) [FAIL]</Text>
      </RunInfo>
      <RunInfo computerName="DESKTOP-CM8OBSG" outcome="Error" timestamp="2026-09-22T19:00:19.3050163+02:00">
        <Text>[xUnit.net 00:01:14.67]     VideoWebPlayer.Tests.MediaBoxContextMenuPositionE2ETests.OpenMenu_OnLastCard_StaysWithinViewportBounds(width: 375, height: 667) [FAIL]</Text>
      </RunInfo>
      <RunInfo computerName="DESKTOP-CM8OBSG" outcome="Error" timestamp="2026-09-22T19:00:19.5107590+02:00">
        <Text>[xUnit.net 00:01:14.87]     VideoWebPlayer.Tests.MediaBoxContextMenuInteractionE2ETests.LongPress_ExactlyThreeSeconds_OpensMenuWithActions [FAIL]</Text>
      </RunInfo>
      <RunInfo computerName="DESKTOP-CM8OBSG" outcome="Error" timestamp="2026-09-22T19:00:50.9523235+02:00">
        <Text>[xUnit.net 00:01:46.32]     VideoWebPlayer.Tests.MediaBoxContextMenuPositionE2ETests.OpenMenu_OnFirstCard_StaysWithinViewportBounds(width: 375, height: 667) [FAIL]</Text>
      </RunInfo>
      <RunInfo computerName="DESKTOP-CM8OBSG" outcome="Error" timestamp="2026-09-22T19:00:51.1663238+02:00">
        <Text>[xUnit.net 00:01:46.53]     VideoWebPlayer.Tests.MediaBoxContextMenuInteractionE2ETests.ClickOutside_ClosesOpenMenu [FAIL]</Text>
      </RunInfo>
      <RunInfo computerName="DESKTOP-CM8OBSG" outcome="Error" timestamp="2026-09-22T19:01:17.2126369+02:00">
        <Text>[xUnit.net 00:02:12.58]     VideoWebPlayer.Tests.UpdatesPageE2ETests.Admin_Edits_Resets_And_Saves_Update_Configuration [FAIL]</Text>
      </RunInfo>
      <RunInfo computerName="DESKTOP-CM8OBSG" outcome="Error" timestamp="2026-09-22T19:01:17.2137345+02:00">
        <Text>[xUnit.net 00:02:12.58]     VideoWebPlayer.Tests.BackupUploadE2ETests.BackupUpload_InterruptedSession_CanDiscardResumeHint [FAIL]</Text>
      </RunInfo>
      <RunInfo computerName="DESKTOP-CM8OBSG" outcome="Error" timestamp="2026-09-22T19:01:17.7422427+02:00">
        <Text>[xUnit.net 00:02:13.11]     VideoWebPlayer.Tests.MediaSourceDeleteE2ETests.Admin_Can_Delete_MediaSource_And_It_Disappears [FAIL]</Text>
      </RunInfo>
      <RunInfo computerName="DESKTOP-CM8OBSG" outcome="Error" timestamp="2026-09-22T19:01:17.7429298+02:00">
        <Text>[xUnit.net 00:02:13.11]     VideoWebPlayer.Tests.UnlockedSourceE2ETests.Regular_User_Can_Open_Unlock_Source_And_Only_Unlocked_Entries_Are_Shown [FAIL]</Text>
      </RunInfo>
      <RunInfo computerName="DESKTOP-CM8OBSG" outcome="Error" timestamp="2026-09-22T19:01:17.7439594+02:00">
        <Text>[xUnit.net 00:02:13.11]     VideoWebPlayer.Tests.MovieCollectionEditE2ETests.Admin_Can_Edit_And_Save_Single_Movie_Title [FAIL]</Text>
      </RunInfo>
      <RunInfo computerName="DESKTOP-CM8OBSG" outcome="Error" timestamp="2026-09-22T19:01:17.7441715+02:00">
        <Text>[xUnit.net 00:02:13.11]     VideoWebPlayer.Tests.UnlockedMediaE2ETests.Admin_Can_Unlock_TVShow_And_MovieCollection_For_User [FAIL]</Text>
      </RunInfo>
      <RunInfo computerName="DESKTOP-CM8OBSG" outcome="Error" timestamp="2026-09-22T19:01:17.7444375+02:00">
        <Text>[xUnit.net 00:02:13.11]     VideoWebPlayer.Tests.MediaSourceSwitchE2ETests.User_Can_Switch_Source_From_Menu_And_Sees_Only_Selected_Source_Titles [FAIL]</Text>
      </RunInfo>
      <RunInfo computerName="DESKTOP-CM8OBSG" outcome="Error" timestamp="2026-09-22T19:01:22.5642117+02:00">
        <Text>[xUnit.net 00:02:17.93]     VideoWebPlayer.Tests.MediaBoxContextMenuPositionE2ETests.OpenMenu_OnFirstCard_StaysWithinViewportBounds(width: 1280, height: 800) [FAIL]</Text>
      </RunInfo>
      <RunInfo computerName="DESKTOP-CM8OBSG" outcome="Error" timestamp="2026-09-22T19:01:22.8738039+02:00">
        <Text>[xUnit.net 00:02:18.24]     VideoWebPlayer.Tests.MediaBoxContextMenuInteractionE2ETests.PointerCancel_ClosesOpenMenu [FAIL]</Text>
      </RunInfo>
      <RunInfo computerName="DESKTOP-CM8OBSG" outcome="Error" timestamp="2026-09-22T19:01:54.5132365+02:00">
        <Text>[xUnit.net 00:02:49.88]     VideoWebPlayer.Tests.MediaBoxContextMenuInteractionE2ETests.PointerReleaseBeforeDelay_DoesNotOpenMenu_AndNavigatesNormally [FAIL]</Text>
      </RunInfo>
      <RunInfo computerName="DESKTOP-CM8OBSG" outcome="Error" timestamp="2026-09-22T19:02:26.1027326+02:00">
        <Text>[xUnit.net 00:03:21.47]     VideoWebPlayer.Tests.MediaBoxContextMenuInteractionE2ETests.MenuAction_Remove_ClosesMenuAndRemovesCard [FAIL]</Text>
      </RunInfo>
      <RunInfo computerName="DESKTOP-CM8OBSG" outcome="Error" timestamp="2026-09-22T19:02:57.5771181+02:00">
        <Text>[xUnit.net 00:03:52.94]     VideoWebPlayer.Tests.MediaBoxContextMenuInteractionE2ETests.EscapeKey_ClosesOpenMenuAndRestoresLinkFocus [FAIL]</Text>
      </RunInfo>
      <RunInfo computerName="DESKTOP-CM8OBSG" outcome="Error" timestamp="2026-09-22T19:03:18.3290121+02:00">
        <Text>[xUnit.net 00:04:13.69]     VideoWebPlayer.Tests.UpdatesPageE2ETests.Updates_Page_Disables_Manual_Actions_When_Busy_Or_Locked [FAIL]</Text>
      </RunInfo>
      <RunInfo computerName="DESKTOP-CM8OBSG" outcome="Error" timestamp="2026-09-22T19:03:18.5507914+02:00">
        <Text>[xUnit.net 00:04:13.91]     VideoWebPlayer.Tests.BackupUploadE2ETests.BackupUpload_NonAdmin_SeesNoUploadControl [FAIL]</Text>
      </RunInfo>
      <RunInfo computerName="DESKTOP-CM8OBSG" outcome="Error" timestamp="2026-09-22T19:03:29.0258498+02:00">
        <Text>[xUnit.net 00:04:24.39]     VideoWebPlayer.Tests.MediaBoxContextMenuInteractionE2ETests.MovementOverTolerance_CancelsPendingLongPress [FAIL]</Text>
      </RunInfo>
      <RunInfo computerName="DESKTOP-CM8OBSG" outcome="Error" timestamp="2026-09-22T19:05:19.2533755+02:00">
        <Text>[xUnit.net 00:06:14.62]     VideoWebPlayer.Tests.UpdatesPageE2ETests.Updates_Page_Remains_Usable_On_Mobile_Viewport [FAIL]</Text>
      </RunInfo>
      <RunInfo computerName="DESKTOP-CM8OBSG" outcome="Error" timestamp="2026-09-22T19:05:19.7122829+02:00">
        <Text>[xUnit.net 00:06:15.08]     VideoWebPlayer.Tests.BackupUploadE2ETests.BackupUpload_LargeFile_UsesMultipleChunks [FAIL]</Text>
      </RunInfo>
      <RunInfo computerName="DESKTOP-CM8OBSG" outcome="Error" timestamp="2026-09-22T19:07:20.1663188+02:00">
        <Text>[xUnit.net 00:08:15.53]     VideoWebPlayer.Tests.UpdatesPageE2ETests.Admin_Checks_For_Updates_And_Refreshes_Changed_Data [FAIL]</Text>
      </RunInfo>
      <RunInfo computerName="DESKTOP-CM8OBSG" outcome="Error" timestamp="2026-09-22T19:07:20.7652468+02:00">
        <Text>[xUnit.net 00:08:16.13]     VideoWebPlayer.Tests.BackupUploadE2ETests.BackupUpload_Interrupted_ResumesFromServerOffset [FAIL]</Text>
      </RunInfo>
      <RunInfo computerName="DESKTOP-CM8OBSG" outcome="Error" timestamp="2026-09-22T19:09:21.7996748+02:00">
        <Text>[xUnit.net 00:10:17.17]     VideoWebPlayer.Tests.UpdatesPageE2ETests.Admin_Installs_Update_Through_Post_And_Sees_Result [FAIL]</Text>
      </RunInfo>
      <RunInfo computerName="DESKTOP-CM8OBSG" outcome="Error" timestamp="2026-09-22T19:09:22.0933153+02:00">
        <Text>[xUnit.net 00:10:17.46]     VideoWebPlayer.Tests.BackupUploadE2ETests.BackupUpload_InterruptedSession_ShowsResumeHint [FAIL]</Text>
      </RunInfo>
      <RunInfo computerName="DESKTOP-CM8OBSG" outcome="Error" timestamp="2026-09-22T19:11:27.2516304+02:00">
        <Text>[xUnit.net 00:12:22.62]     VideoWebPlayer.Tests.UpdatesPageE2ETests.Admin_Navigates_To_Updates_Page_And_Sees_Structured_Status [FAIL]</Text>
      </RunInfo>
      <RunInfo computerName="DESKTOP-CM8OBSG" outcome="Error" timestamp="2026-09-22T19:11:29.0586946+02:00">
        <Text>[xUnit.net 00:12:24.43]     VideoWebPlayer.Tests.BackupUploadE2ETests.BackupUpload_InvalidFile_ShowsError [FAIL]</Text>
      </RunInfo>
      <RunInfo computerName="DESKTOP-CM8OBSG" outcome="Error" timestamp="2026-09-22T19:13:30.7963218+02:00">
        <Text>[xUnit.net 00:14:26.16]     VideoWebPlayer.Tests.BackupUploadE2ETests.BackupUpload_ValidFile_ShowsProgressAndImportsBackup [FAIL]</Text>
      </RunInfo>
      <RunInfo computerName="DESKTOP-CM8OBSG" outcome="Error" timestamp="2026-09-22T19:15:33.7486908+02:00">
        <Text>[xUnit.net 00:16:29.12]     VideoWebPlayer.Tests.BackupUploadE2ETests.BackupUpload_WhileRunning_DisablesUploadButton [FAIL]</Text>
      </RunInfo>
      <RunInfo computerName="DESKTOP-CM8OBSG" outcome="Error" timestamp="2026-09-22T19:17:36.6266964+02:00">
        <Text>[xUnit.net 00:18:32.00]     VideoWebPlayer.Tests.BackupUploadE2ETests.BackupUpload_NonJsonErrorResponse_ShowsFriendlyMessage [FAIL]</Text>
      </RunInfo>
      <RunInfo computerName="DESKTOP-CM8OBSG" outcome="Error" timestamp="2026-09-22T19:19:40.8283024+02:00">
        <Text>[xUnit.net 00:20:36.20]     VideoWebPlayer.Tests.BackupUploadE2ETests.BackupUpload_NavigatingAwayDuringUpload_AbortsWithoutRedirectBack [FAIL]</Text>
      </RunInfo>
      <RunInfo computerName="DESKTOP-CM8OBSG" outcome="Error" timestamp="2026-09-22T19:21:42.7892176+02:00">
        <Text>[xUnit.net 00:22:38.16]     VideoWebPlayer.Tests.BackupUploadE2ETests.BackupUpload_ExceedingLimit_ShowsError [FAIL]</Text>
      </RunInfo>
    </RunInfos>
  </ResultSummary>
</TestRun>