<?xml version="1.0" encoding="utf-8"?>
<TestRun id="be2c92d9-a747-4419-bf32-a0b41f5613b7" name="Martin@DESKTOP-CM8OBSG 2026-09-22 18:58:59" runUser="DESKTOP-CM8OBSG\Martin" xmlns="http://microsoft.com/schemas/VisualStudio/TeamTest/2010">
  <Times creation="2026-09-22T18:58:59.2774080+02:00" queuing="2026-09-22T18:58:59.2774081+02:00" start="2026-09-22T18:58:58.4922214+02:00" finish="2026-09-22T18:58:59.2777179+02:00" />
  <TestSettings name="default" id="62f6bc80-b87a-4ed5-8bb0-cb3499a10024">
    <Deployment runDeploymentRoot="Martin_DESKTOP-CM8OBSG_2026-09-22_18_58_59" />
  </TestSettings>
  <TestLists>
    <TestList name="Ergebnisse nicht in einer Liste" id="8c84fa94-04c1-424b-9868-57a2d4851a1d" />
    <TestList name="Alle geladenen Ergebnisse" id="19431567-8539-422a-85d7-44ee4e166bda" />
  </TestLists>
  <ResultSummary outcome="Completed">
    <Counters total="0" executed="0" passed="0" failed="0" error="0" timeout="0" aborted="0" inconclusive="0" passedButRunAborted="0" notRunnable="0" notExecuted="0" disconnected="0" warning="0" completed="0" inProgress="0" pending="0" />
    <Output>
      <StdOut>[xUnit.net 00:00:00.00] xUnit.net VSTest Adapter v3.1.5+1b188a7b0a (64-bit .NET 10.0.12)&#xD;
[xUnit.net 00:00:00.18]   Discovering: VideoWebPlayer.Tests&#xD;
[xUnit.net 00:00:00.43]   Discovered:  VideoWebPlayer.Tests&#xD;
</StdOut>
    </Output>
    <RunInfos>
      <RunInfo computerName="DESKTOP-CM8OBSG" outcome="Warning" timestamp="2026-09-22T18:58:59.2370929+02:00">
        <Text>Kein Test entspricht dem angegebenen Testfallfilter "Category=Integration" in "D:\Repositories\softwareschmiede\458c8158-1438-49a5-bbe0-55ad7ddecbaf\VideoWebPlayer.Tests\bin\Release\net10.0\VideoWebPlayer.Tests.dll".</Text>
      </RunInfo>
    </RunInfos>
  </ResultSummary>
</TestRun>