<?xml version="1.0" encoding="utf-8"?>
<TestRun id="ae500cb3-b9c5-4e95-916f-c6a4b3c45bc0" name="Martin@DESKTOP-CM8OBSG 2026-09-22 18:58:36" runUser="DESKTOP-CM8OBSG\Martin" xmlns="http://microsoft.com/schemas/VisualStudio/TeamTest/2010">
  <Times creation="2026-09-22T18:58:36.1547973+02:00" queuing="2026-09-22T18:58:36.1547974+02:00" start="2026-09-22T18:58:33.8121294+02:00" finish="2026-09-22T18:58:49.9008809+02:00" />
  <TestSettings name="default" id="a7fc7748-6a0c-4c10-90ab-94e8b20efb51">
    <Deployment runDeploymentRoot="Martin_DESKTOP-CM8OBSG_2026-09-22_18_58_36" />
  </TestSettings>
  <Results>
    <UnitTestResult executionId="a2977680-7123-475b-a618-a3f6eacbe4b4" testId="42b4aa40-c40f-7adf-062d-d944913edd98" testName="VideoWebPlayer.Tests.Services.ContinueWatchingServiceGetNextEpisodeTests.EpisodeGaps_SkipsGappedEpisodes_FindsNext" computerName="DESKTOP-CM8OBSG" duration="00:00:00.0093375" startTime="2026-09-22T18:58:37.9012194+02:00" endTime="2026-09-22T18:58:37.9105761+02:00" testType="13cdc9d9-ddb5-4fa4-a97d-d965ccfc6d4b" outcome="Passed" testListId="8c84fa94-04c1-424b-9868-57a2d4851a1d" relativeResultsDirectory="a2977680-7123-475b-a618-a3f6eacbe4b4" />
    <UnitTestResult executionId="c771dd8c-1527-449d-96bc-407fbcef3881" testId="a7e2b3bf-1ab3-0d82-af1a-d4ecbeec1de6" testName="VideoWebPlayer.Tests.Utils.ByteSizeHelperTests.FormatBytes_UsesLargestFittingUnit(bytes: 512, expected: &quot;512 B&quot;)" computerName="DESKTOP-CM8OBSG" duration="00:00:00.0000171" startTime="2026-09-22T18:58:36.2912591+02:00" endTime="2026-09-22T18:58:36.2912873+02:00" testType="13cdc9d9-ddb5-4fa4-a97d-d965ccfc6d4b" outcome="Passed" testListId="8c84fa94-04c1-424b-9868-57a2d4851a1d" relativeResultsDirectory="c771dd8c-1527-449d-96bc-407fbcef3881" />
    <UnitTestResult executionId="ca064b7b-bc2b-4217-8d8b-fc3f46d4701b" testId="783f6236-3f19-ef19-2fab-929b8c6c62a9" testName="VideoWebPlayer.Tests.Services.UpdateAdminServiceTests.CheckAsync_WhenIdle_CallsCommandHandler" computerName="DESKTOP-CM8OBSG" duration="00:00:00.0030071" startTime="2026-09-22T18:58:36.8071813+02:00" endTime="2026-09-22T18:58:36.8102042+02:00" testType="13cdc9d9-ddb5-4fa4-a97d-d965ccfc6d4b" outcome="Passed" testListId="8c84fa94-04c1-424b-9868-57a2d4851a1d" relativeResultsDirectory="ca064b7b-bc2b-4217-8d8b-fc3f46d4701b" />
    <UnitTestResult executionId="8904d69d-44f9-4066-a009-436b2947f682" testId="c0133d0f-af66-a6c6-d5f8-34e21ba57831" testName="VideoWebPlayer.Tests.Services.Backups.BackupUploadSessionServiceTests_AppendChunk.AppendChunk_WithMismatchedOffset_RequiresResume" computerName="DESKTOP-CM8OBSG" duration="00:00:00.3286197" startTime="2026-09-22T18:58:36.0041009+02:00" endTime="2026-09-22T18:58:36.3382033+02:00" testType="13cdc9d9-ddb5-4fa4-a97d-d965ccfc6d4b" outcome="Passed" testListId="8c84fa94-04c1-424b-9868-57a2d4851a1d" relativeResultsDirectory="8904d69d-44f9-4066-a009-436b2947f682" />
    <UnitTestResult executionId="55fa6553-4adc-4b57-b219-a861856ecb45" testId="6a201dd5-0aeb-3c72-68b4-c65d51909ffd" testName="VideoWebPlayer.Tests.Utils.ByteSizeHelperTests.FormatBytes_UsesLargestFittingUnit(bytes: 1024, expected: &quot;1 KB&quot;)" computerName="DESKTOP-CM8OBSG" duration="00:00:00.0000089" startTime="2026-09-22T18:58:36.2916412+02:00" endTime="2026-09-22T18:58:36.2916616+02:00" testType="13cdc9d9-ddb5-4fa4-a97d-d965ccfc6d4b" outcome="Passed" testListId="8c84fa94-04c1-424b-9868-57a2d4851a1d" relativeResultsDirectory="55fa6553-4adc-4b57-b219-a861856ecb45" />
    <UnitTestResult executionId="a606cdfc-f5f1-466f-910c-5b8b78e0b04f" testId="65fa3a93-d776-becf-ffa4-2967237141ed" testName="VideoWebPlayer.Tests.Services.Backups.BackupUploadSessionServiceTests_BeginSession.BeginSessionAsync_WithZeroLength_Fails" computerName="DESKTOP-CM8OBSG" duration="00:00:00.0011744" startTime="2026-09-22T18:58:36.3198720+02:00" endTime="2026-09-22T18:58:36.3210725+02:00" testType="13cdc9d9-ddb5-4fa4-a97d-d965ccfc6d4b" outcome="Passed" testListId="8c84fa94-04c1-424b-9868-57a2d4851a1d" relativeResultsDirectory="a606cdfc-f5f1-466f-910c-5b8b78e0b04f" />
    <UnitTestResult executionId="71d7219e-7c9c-4a36-80a1-2d25852c1f28" testId="0f36ad0b-e6bc-1693-278d-6f67cae37ccd" testName="VideoWebPlayer.Tests.Utils.ByteSizeHelperTests.SplitBytes_PicksReadableUnit(bytes: 536870912, expectedValue: 512, expectedUnit: &quot;MB&quot;)" computerName="DESKTOP-CM8OBSG" duration="00:00:00.0002120" startTime="2026-09-22T18:58:36.2936441+02:00" endTime="2026-09-22T18:58:36.2938711+02:00" testType="13cdc9d9-ddb5-4fa4-a97d-d965ccfc6d4b" outcome="Passed" testListId="8c84fa94-04c1-424b-9868-57a2d4851a1d" relativeResultsDirectory="71d7219e-7c9c-4a36-80a1-2d25852c1f28" />
    <UnitTestResult executionId="2ebc09c0-209c-4c65-be3c-dca102981a15" testId="d5077ba9-8a21-d1ec-d016-7a31a3b8e17a" testName="VideoWebPlayer.Tests.Services.Backups.BackupUploadSessionServiceTests_Cleanup.BeginSessionAsync_WhenOrphanedTempFileIsOld_DeletesOrphan" computerName="DESKTOP-CM8OBSG" duration="00:00:00.0133763" startTime="2026-09-22T18:58:37.6746281+02:00" endTime="2026-09-22T18:58:37.6880269+02:00" testType="13cdc9d9-ddb5-4fa4-a97d-d965ccfc6d4b" outcome="Passed" testListId="8c84fa94-04c1-424b-9868-57a2d4851a1d" relativeResultsDirectory="2ebc09c0-209c-4c65-be3c-dca102981a15" />
    <UnitTestResult executionId="7458084f-aa79-420a-ad25-44d60dd68b47" testId="42c112bd-7f55-9468-46fa-a664b47e4ec4" testName="VideoWebPlayer.Tests.BackgroundProcessingGateTests.PauseForRestoreAsync_RejectsParallelRestoreUntilLeaseIsDisposed" computerName="DESKTOP-CM8OBSG" duration="00:00:00.0012912" startTime="2026-09-22T18:58:37.8080651+02:00" endTime="2026-09-22T18:58:37.8093718+02:00" testType="13cdc9d9-ddb5-4fa4-a97d-d965ccfc6d4b" outcome="Passed" testListId="8c84fa94-04c1-424b-9868-57a2d4851a1d" relativeResultsDirectory="7458084f-aa79-420a-ad25-44d60dd68b47" />
    <UnitTestResult executionId="ef4ef27f-df10-450e-bb4d-84b799f43db0" testId="2735ed77-1398-f178-f8c1-ec8d1dd254c5" testName="VideoWebPlayer.Tests.Services.Backups.VideoWebPlayerBackupFacadeTests.ImportUploadFileAsync_EmptyFile_ReturnsFailureAndKeepsTempFile" computerName="DESKTOP-CM8OBSG" duration="00:00:00.0054433" startTime="2026-09-22T18:58:37.6237186+02:00" endTime="2026-09-22T18:58:37.6291909+02:00" testType="13cdc9d9-ddb5-4fa4-a97d-d965ccfc6d4b" outcome="Passed" testListId="8c84fa94-04c1-424b-9868-57a2d4851a1d" relativeResultsDirectory="ef4ef27f-df10-450e-bb4d-84b799f43db0" />
    <UnitTestResult executionId="aefbdba9-098a-4ac2-9dc6-2993a7aa93de" testId="fdd15baf-92cd-7026-7f6e-89014a6f7f4a" testName="VideoWebPlayer.Tests.Utils.ByteSizeHelperTests.FormatBytes_UsesLargestFittingUnit(bytes: 1023, expected: &quot;1023 B&quot;)" computerName="DESKTOP-CM8OBSG" duration="00:00:00.0000073" startTime="2026-09-22T18:58:36.2917302+02:00" endTime="2026-09-22T18:58:36.2917440+02:00" testType="13cdc9d9-ddb5-4fa4-a97d-d965ccfc6d4b" outcome="Passed" testListId="8c84fa94-04c1-424b-9868-57a2d4851a1d" relativeResultsDirectory="aefbdba9-098a-4ac2-9dc6-2993a7aa93de" />
    <UnitTestResult executionId="a766090d-12aa-4530-ab9f-86e7345eec6c" testId="7f8f8dc0-7272-0e94-cc4f-26c17f393dad" testName="VideoWebPlayer.Tests.Services.UpdateBackupCoordinatorTests.CreateBackupAsync_DoesNotApplyUnsafeRetentionToConfiguredDirectory" computerName="DESKTOP-CM8OBSG" duration="00:00:00.0105241" startTime="2026-09-22T18:58:37.6276886+02:00" endTime="2026-09-22T18:58:37.6382457+02:00" testType="13cdc9d9-ddb5-4fa4-a97d-d965ccfc6d4b" outcome="Passed" testListId="8c84fa94-04c1-424b-9868-57a2d4851a1d" relativeResultsDirectory="a766090d-12aa-4530-ab9f-86e7345eec6c" />
    <UnitTestResult executionId="d24d84cb-73a3-4ac6-829a-957111ba889b" testId="28ff2ec5-37fd-f7c8-9bef-92f785ef9bc5" testName="VideoWebPlayer.Tests.KestrelLimitsTests.ParseMaxRequestBodySize_WithNonNumericValue_ThrowsInvalidOperationException" computerName="DESKTOP-CM8OBSG" duration="00:00:00.0009823" startTime="2026-09-22T18:58:36.2895299+02:00" endTime="2026-09-22T18:58:36.2905248+02:00" testType="13cdc9d9-ddb5-4fa4-a97d-d965ccfc6d4b" outcome="Passed" testListId="8c84fa94-04c1-424b-9868-57a2d4851a1d" relativeResultsDirectory="d24d84cb-73a3-4ac6-829a-957111ba889b" />
    <UnitTestResult executionId="e66a9804-d1a3-41ac-803b-69a14cdaa7a6" testId="51a77c33-2195-c1de-ca6d-657f838f0b72" testName="VideoWebPlayer.Tests.Services.ContinueWatchingContextMenuActionTests.HideAsync_RemovesOnlyEntryForCurrentUser" computerName="DESKTOP-CM8OBSG" duration="00:00:01.7547666" startTime="2026-09-22T18:58:36.0040668+02:00" endTime="2026-09-22T18:58:37.7619751+02:00" testType="13cdc9d9-ddb5-4fa4-a97d-d965ccfc6d4b" outcome="Passed" testListId="8c84fa94-04c1-424b-9868-57a2d4851a1d" relativeResultsDirectory="e66a9804-d1a3-41ac-803b-69a14cdaa7a6" />
    <UnitTestResult executionId="73fad035-4265-4c47-b0c7-1a43fbe32fd3" testId="f7027e65-a98c-0dd3-95f1-2b0bf288666e" testName="VideoWebPlayer.Tests.Services.FavoritesServiceContextMenuActionTests.RemoveFavoriteAsync_WithPersistenceId_RemovesEveryFavoriteType(targetTemplate: FavoriteEntry { CreatedAt = 2026-09-22T16:58:37.6730158Z, Id = 0, MovieCollectionId = 101, MovieId = null, TVShowEpisodeId = null, ··· })" computerName="DESKTOP-CM8OBSG" duration="00:00:00.0737188" startTime="2026-09-22T18:58:37.7075418+02:00" endTime="2026-09-22T18:58:37.7813010+02:00" testType="13cdc9d9-ddb5-4fa4-a97d-d965ccfc6d4b" outcome="Passed" testListId="8c84fa94-04c1-424b-9868-57a2d4851a1d" relativeResultsDirectory="73fad035-4265-4c47-b0c7-1a43fbe32fd3" />
    <UnitTestResult executionId="87f4444c-3b7d-4be8-9217-22af2aa0333e" testId="f55c1785-5c4e-1de8-5c8a-987d853d4808" testName="VideoWebPlayer.Tests.Utils.ByteSizeHelperTests.SplitBytes_PicksReadableUnit(bytes: 1073741824, expectedValue: 1, expectedUnit: &quot;GB&quot;)" computerName="DESKTOP-CM8OBSG" duration="00:00:00.0000064" startTime="2026-09-22T18:58:36.2940640+02:00" endTime="2026-09-22T18:58:36.2940779+02:00" testType="13cdc9d9-ddb5-4fa4-a97d-d965ccfc6d4b" outcome="Passed" testListId="8c84fa94-04c1-424b-9868-57a2d4851a1d" relativeResultsDirectory="87f4444c-3b7d-4be8-9217-22af2aa0333e" />
    <UnitTestResult executionId="937bc5cf-40ba-4bf1-8205-57eafd921fef" testId="a7553402-3d04-1119-5c92-25b5ccf459e1" testName="VideoWebPlayer.Tests.UpdatesControllerAuthorizationTests.Check_ValidatesAntiforgeryToken" computerName="DESKTOP-CM8OBSG" duration="00:00:00.8005246" startTime="2026-09-22T18:58:36.0041195+02:00" endTime="2026-09-22T18:58:36.8100648+02:00" testType="13cdc9d9-ddb5-4fa4-a97d-d965ccfc6d4b" outcome="Passed" testListId="8c84fa94-04c1-424b-9868-57a2d4851a1d" relativeResultsDirectory="937bc5cf-40ba-4bf1-8205-57eafd921fef" />
    <UnitTestResult executionId="4864a018-016f-47c5-b76a-2d17e532d64d" testId="5af7a2d5-c437-0f74-db1e-23f690192ba6" testName="VideoWebPlayer.Tests.Controllers.ItemsControllerAccessTests.Get_TVShow_Without_Access_Returns_Unauthorized" computerName="DESKTOP-CM8OBSG" duration="00:00:00.0039370" startTime="2026-09-22T18:58:38.2311451+02:00" endTime="2026-09-22T18:58:38.2351211+02:00" testType="13cdc9d9-ddb5-4fa4-a97d-d965ccfc6d4b" outcome="Passed" testListId="8c84fa94-04c1-424b-9868-57a2d4851a1d" relativeResultsDirectory="4864a018-016f-47c5-b76a-2d17e532d64d" />
    <UnitTestResult executionId="02288dc6-fbd7-496c-8feb-303a305ac75e" testId="a6e05270-8b27-05d2-2211-9454ceacb6a1" testName="VideoWebPlayer.Tests.Utils.ByteSizeHelperTests.ToBytes_ConvertsUnitValueToBytes(value: 5, unit: &quot;GB&quot;, expected: 5368709120)" computerName="DESKTOP-CM8OBSG" duration="00:00:00.0003707" startTime="2026-09-22T18:58:36.2894342+02:00" endTime="2026-09-22T18:58:36.2898247+02:00" testType="13cdc9d9-ddb5-4fa4-a97d-d965ccfc6d4b" outcome="Passed" testListId="8c84fa94-04c1-424b-9868-57a2d4851a1d" relativeResultsDirectory="02288dc6-fbd7-496c-8feb-303a305ac75e" />
    <UnitTestResult executionId="5daa77d8-0c96-4dcd-96bf-9d6476c525b4" testId="470daf82-7e74-a9bf-6606-ecc5d269a714" testName="VideoWebPlayer.Tests.Utils.ByteSizeHelperTests.SplitBytes_PicksReadableUnit(bytes: 1610612736, expectedValue: 1,5, expectedUnit: &quot;GB&quot;)" computerName="DESKTOP-CM8OBSG" duration="00:00:00.0000102" startTime="2026-09-22T18:58:36.2939721+02:00" endTime="2026-09-22T18:58:36.2939932+02:00" testType="13cdc9d9-ddb5-4fa4-a97d-d965ccfc6d4b" outcome="Passed" testListId="8c84fa94-04c1-424b-9868-57a2d4851a1d" relativeResultsDirectory="5daa77d8-0c96-4dcd-96bf-9d6476c525b4" />
    <UnitTestResult executionId="7ba5eb26-34ba-46b1-828a-7565776b1525" testId="cb6b6042-a346-a517-379d-de8dc9a2bfbb" testName="VideoWebPlayer.Tests.Services.Backups.BackupUploadSessionServiceTests_BeginSession.BeginSessionAsync_WithLengthAboveMaxUploadSize_FormatsGigabyteLimit" computerName="DESKTOP-CM8OBSG" duration="00:00:00.0010577" startTime="2026-09-22T18:58:36.3212788+02:00" endTime="2026-09-22T18:58:36.3223568+02:00" testType="13cdc9d9-ddb5-4fa4-a97d-d965ccfc6d4b" outcome="Passed" testListId="8c84fa94-04c1-424b-9868-57a2d4851a1d" relativeResultsDirectory="7ba5eb26-34ba-46b1-828a-7565776b1525" />
    <UnitTestResult executionId="3f7e6713-a8f0-4ba4-8118-755f7b9b417e" testId="0702ec98-2eb1-a03b-8052-9c44b6276397" testName="VideoWebPlayer.Tests.Services.UpdateSettingsServiceTests.GetOrCreateAsync_CleansPersistedLegacyLimitsBeforeReturningSettingsAndRuntimeOptions(persistedInterval: 2000, expectedInterval: 1440, persistedRetention: 50, expectedRetention: 10)" computerName="DESKTOP-CM8OBSG" duration="00:00:00.0008413" startTime="2026-09-22T18:58:37.6429399+02:00" endTime="2026-09-22T18:58:37.6438021+02:00" testType="13cdc9d9-ddb5-4fa4-a97d-d965ccfc6d4b" outcome="Passed" testListId="8c84fa94-04c1-424b-9868-57a2d4851a1d" relativeResultsDirectory="3f7e6713-a8f0-4ba4-8118-755f7b9b417e" />
    <UnitTestResult executionId="03109e9e-6878-4895-bcd1-94aa0a735e80" testId="9fe4a074-a906-98d4-5e76-6e563fa7d8bc" testName="VideoWebPlayer.Tests.EpisodesControllerBackgroundImageTests.GetBackgroundImage_WhenNoGeneratedImage_FallsBackToBannerOrFanart" computerName="DESKTOP-CM8OBSG" duration="00:00:00.2513835" startTime="2026-09-22T18:58:38.8341009+02:00" endTime="2026-09-22T18:58:39.0855258+02:00" testType="13cdc9d9-ddb5-4fa4-a97d-d965ccfc6d4b" outcome="Passed" testListId="8c84fa94-04c1-424b-9868-57a2d4851a1d" relativeResultsDirectory="03109e9e-6878-4895-bcd1-94aa0a735e80" />
    <UnitTestResult executionId="b6e78c00-176a-4861-b5b3-ca0d3c2fd87f" testId="20df4bf8-93eb-d783-2579-186375d90ad7" testName="VideoWebPlayer.Tests.Controllers.ActorsControllerTests.GetActors_Aggregated_Video_Counts_Match_Details" computerName="DESKTOP-CM8OBSG" duration="00:00:02.3222551" startTime="2026-09-22T18:58:36.0040489+02:00" endTime="2026-09-22T18:58:38.3317364+02:00" testType="13cdc9d9-ddb5-4fa4-a97d-d965ccfc6d4b" outcome="Passed" testListId="8c84fa94-04c1-424b-9868-57a2d4851a1d" relativeResultsDirectory="b6e78c00-176a-4861-b5b3-ca0d3c2fd87f" />
    <UnitTestResult executionId="2c4fa50b-2f18-4243-8425-fde34ac0925f" testId="6adbaf68-06e8-e324-c0a8-87f8e26b9b58" testName="VideoWebPlayer.Tests.EpisodesControllerBackgroundImageTests.GetBackgroundImage_WhenSuccessful_SetsCacheControlAndETagHeaders" computerName="DESKTOP-CM8OBSG" duration="00:00:00.1631537" startTime="2026-09-22T18:58:38.1199870+02:00" endTime="2026-09-22T18:58:38.2831798+02:00" testType="13cdc9d9-ddb5-4fa4-a97d-d965ccfc6d4b" outcome="Passed" testListId="8c84fa94-04c1-424b-9868-57a2d4851a1d" relativeResultsDirectory="2c4fa50b-2f18-4243-8425-fde34ac0925f" />
    <UnitTestResult executionId="67069fcb-f8a1-4953-9992-0f7734cf686e" testId="417b33f7-c42f-9fe7-feb4-c2d76e08d0f5" testName="VideoWebPlayer.Tests.BackupSettingsServiceTests.GetOptionsAsync_MapsUpdateBackupRetentionFromUpdateSettings" computerName="DESKTOP-CM8OBSG" duration="00:00:00.0016686" startTime="2026-09-22T18:58:37.6439879+02:00" endTime="2026-09-22T18:58:37.6456765+02:00" testType="13cdc9d9-ddb5-4fa4-a97d-d965ccfc6d4b" outcome="Passed" testListId="8c84fa94-04c1-424b-9868-57a2d4851a1d" relativeResultsDirectory="67069fcb-f8a1-4953-9992-0f7734cf686e" />
    <UnitTestResult executionId="0eecce15-dccb-4ecc-a3aa-99155008cdbc" testId="a7f321fa-35f7-a7f2-9be4-b1d9ca8a2f49" testName="VideoWebPlayer.Tests.Services.WatchedStatusServiceTests.Database_RejectsDuplicateMovieForSameUser" computerName="DESKTOP-CM8OBSG" duration="00:00:00.0920081" startTime="2026-09-22T18:58:38.1814548+02:00" endTime="2026-09-22T18:58:38.2734900+02:00" testType="13cdc9d9-ddb5-4fa4-a97d-d965ccfc6d4b" outcome="Passed" testListId="8c84fa94-04c1-424b-9868-57a2d4851a1d" relativeResultsDirectory="0eecce15-dccb-4ecc-a3aa-99155008cdbc" />
    <UnitTestResult executionId="4ae6312c-8617-4145-a4c2-608f90c60b19" testId="231689f3-296d-94c6-0e10-c3f0327e5965" testName="VideoWebPlayer.Tests.Services.MsToolsUpdaterIntegrationTests.ManualCheckAsync_ClearsPreviousLastErrorInUpdaterStatus" computerName="DESKTOP-CM8OBSG" duration="00:00:00.8285680" startTime="2026-09-22T18:58:36.0041052+02:00" endTime="2026-09-22T18:58:36.8379829+02:00" testType="13cdc9d9-ddb5-4fa4-a97d-d965ccfc6d4b" outcome="Passed" testListId="8c84fa94-04c1-424b-9868-57a2d4851a1d" relativeResultsDirectory="4ae6312c-8617-4145-a4c2-608f90c60b19" />
    <UnitTestResult executionId="9e7a8dc6-d15d-4300-97d5-be696b2e7a1d" testId="387ba775-2a83-3d4d-27cf-2fae63a259f5" testName="VideoWebPlayer.Tests.MediaSourceScanServiceTests.ExecuteAsync_RunsScanAndClassification_WhenNoCollectionsExist" computerName="DESKTOP-CM8OBSG" duration="00:00:00.0271691" startTime="2026-09-22T18:58:49.0372187+02:00" endTime="2026-09-22T18:58:49.0644476+02:00" testType="13cdc9d9-ddb5-4fa4-a97d-d965ccfc6d4b" outcome="Passed" testListId="8c84fa94-04c1-424b-9868-57a2d4851a1d" relativeResultsDirectory="9e7a8dc6-d15d-4300-97d5-be696b2e7a1d" />
    <UnitTestResult executionId="2674e519-ff05-42cd-b875-6ca08a3a3534" testId="413de3f8-55b3-ed94-fda7-d602f9b00bff" testName="VideoWebPlayer.Tests.ApiDocumentationContractTests.ApiDocumentationContainsMauiRelevantRoutes" computerName="DESKTOP-CM8OBSG" duration="00:00:00.0005754" startTime="2026-09-22T18:58:40.6267987+02:00" endTime="2026-09-22T18:58:40.6274089+02:00" testType="13cdc9d9-ddb5-4fa4-a97d-d965ccfc6d4b" outcome="Passed" testListId="8c84fa94-04c1-424b-9868-57a2d4851a1d" relativeResultsDirectory="2674e519-ff05-42cd-b875-6ca08a3a3534" />
    <UnitTestResult executionId="e1b3aa11-b0fc-4b82-9b97-d9b3c80858fe" testId="3e7dae7c-6fab-b739-0872-8a0c3374b49a" testName="VideoWebPlayer.Tests.KestrelLimitsTests.ParseMaxRequestBodySize_WithZero_ReturnsNull" computerName="DESKTOP-CM8OBSG" duration="00:00:00.1249341" startTime="2026-09-22T18:58:36.0041474+02:00" endTime="2026-09-22T18:58:36.1344550+02:00" testType="13cdc9d9-ddb5-4fa4-a97d-d965ccfc6d4b" outcome="Passed" testListId="8c84fa94-04c1-424b-9868-57a2d4851a1d" relativeResultsDirectory="e1b3aa11-b0fc-4b82-9b97-d9b3c80858fe" />
    <UnitTestResult executionId="860bb8d4-6719-47fc-b055-0b40e9cb9516" testId="95de6210-3cd0-ab46-ff1e-bb9f215d932c" testName="VideoWebPlayer.Tests.BackgroundProcessingGateTests.PauseForRestoreAsync_WaitsForActiveOperationAndBlocksNewOperations" computerName="DESKTOP-CM8OBSG" duration="00:00:00.1142959" startTime="2026-09-22T18:58:37.6315749+02:00" endTime="2026-09-22T18:58:37.7459006+02:00" testType="13cdc9d9-ddb5-4fa4-a97d-d965ccfc6d4b" outcome="Passed" testListId="8c84fa94-04c1-424b-9868-57a2d4851a1d" relativeResultsDirectory="860bb8d4-6719-47fc-b055-0b40e9cb9516" />
    <UnitTestResult executionId="f81bd089-a996-4245-ac6b-14f7f096b554" testId="1da3e8aa-9282-7156-1f28-992497a9a06b" testName="VideoWebPlayer.Tests.KestrelLimitsTests.ParseMaxRequestBodySize_WithNegativeValue_ReturnsNull" computerName="DESKTOP-CM8OBSG" duration="00:00:00.0002073" startTime="2026-09-22T18:58:36.1374312+02:00" endTime="2026-09-22T18:58:36.1376556+02:00" testType="13cdc9d9-ddb5-4fa4-a97d-d965ccfc6d4b" outcome="Passed" testListId="8c84fa94-04c1-424b-9868-57a2d4851a1d" relativeResultsDirectory="f81bd089-a996-4245-ac6b-14f7f096b554" />
    <UnitTestResult executionId="fb4b56bb-4fa8-485f-9934-40b9e64794e4" testId="1948b58c-ab6c-aeb0-6e89-18972ddb0694" testName="VideoWebPlayer.Tests.Services.ContinueWatchingServiceGetNextEpisodeTests.FirstEpisodeMissing_SkipsTo_NextAvailable" computerName="DESKTOP-CM8OBSG" duration="00:00:00.0051747" startTime="2026-09-22T18:58:37.9865902+02:00" endTime="2026-09-22T18:58:37.9918032+02:00" testType="13cdc9d9-ddb5-4fa4-a97d-d965ccfc6d4b" outcome="Passed" testListId="8c84fa94-04c1-424b-9868-57a2d4851a1d" relativeResultsDirectory="fb4b56bb-4fa8-485f-9934-40b9e64794e4" />
    <UnitTestResult executionId="a597aacf-c86c-4d46-aa6f-b17fcbecd553" testId="234b99e7-2407-bdc0-da1b-e8ae21457858" testName="VideoWebPlayer.Tests.MetadataEditorUiStateTests.DetailsPage_OrdersAssignedGenresFirst(fileName: &quot;MovieCollectionDetails.razor&quot;)" computerName="DESKTOP-CM8OBSG" duration="00:00:00.0017379" startTime="2026-09-22T18:58:36.3015631+02:00" endTime="2026-09-22T18:58:36.3033316+02:00" testType="13cdc9d9-ddb5-4fa4-a97d-d965ccfc6d4b" outcome="Passed" testListId="8c84fa94-04c1-424b-9868-57a2d4851a1d" relativeResultsDirectory="a597aacf-c86c-4d46-aa6f-b17fcbecd553" />
    <UnitTestResult executionId="b899e78c-6e18-49c0-918f-c50e7565a8b7" testId="b82a4573-c4c7-cad6-fee7-a2430aea7695" testName="VideoWebPlayer.Tests.Services.Backups.BackupUploadSessionServiceTests_GetSession.GetSession_WhenSessionExpired_ReturnsNull" computerName="DESKTOP-CM8OBSG" duration="00:00:00.0051174" startTime="2026-09-22T18:58:36.2456180+02:00" endTime="2026-09-22T18:58:36.2507813+02:00" testType="13cdc9d9-ddb5-4fa4-a97d-d965ccfc6d4b" outcome="Passed" testListId="8c84fa94-04c1-424b-9868-57a2d4851a1d" relativeResultsDirectory="b899e78c-6e18-49c0-918f-c50e7565a8b7" />
    <UnitTestResult executionId="f927830c-a5f8-472c-9393-990a342f34ed" testId="eb50c6f3-fab7-1e4b-db0e-d2a04bcf57da" testName="VideoWebPlayer.Tests.Services.WatchedStatusServiceTests.GetWatchedAtAsync_IsUserScoped" computerName="DESKTOP-CM8OBSG" duration="00:00:00.0360495" startTime="2026-09-22T18:58:38.4432488+02:00" endTime="2026-09-22T18:58:38.4793273+02:00" testType="13cdc9d9-ddb5-4fa4-a97d-d965ccfc6d4b" outcome="Passed" testListId="8c84fa94-04c1-424b-9868-57a2d4851a1d" relativeResultsDirectory="f927830c-a5f8-472c-9393-990a342f34ed" />
    <UnitTestResult executionId="78209eb4-abe5-4181-92f1-a68630169d9f" testId="1713eb45-18e4-ea32-f0a6-ad4c8b1a35a2" testName="VideoWebPlayer.Tests.Services.MediaMetadataEditorServiceTests.UpdateAsync_RejectsInvalidIdsAndNames(objectType: &quot;movie&quot;, id: -1, name: &quot;Title&quot;)" computerName="DESKTOP-CM8OBSG" duration="00:00:00.0001159" startTime="2026-09-22T18:58:37.8923825+02:00" endTime="2026-09-22T18:58:37.8925138+02:00" testType="13cdc9d9-ddb5-4fa4-a97d-d965ccfc6d4b" outcome="Passed" testListId="8c84fa94-04c1-424b-9868-57a2d4851a1d" relativeResultsDirectory="78209eb4-abe5-4181-92f1-a68630169d9f" />
    <UnitTestResult executionId="4ea585bd-dcfb-41a3-b5a9-9120521cb70e" testId="da6eb782-9d7b-b54d-ff77-b2397e0de835" testName="VideoWebPlayer.Tests.Services.Backups.VideoWebPlayerBackupFacadeTests.ImportUploadFileAsync_ValidFile_MovesToStorageAndRecordsHistory" computerName="DESKTOP-CM8OBSG" duration="00:00:00.0132219" startTime="2026-09-22T18:58:37.6478872+02:00" endTime="2026-09-22T18:58:37.6611415+02:00" testType="13cdc9d9-ddb5-4fa4-a97d-d965ccfc6d4b" outcome="Passed" testListId="8c84fa94-04c1-424b-9868-57a2d4851a1d" relativeResultsDirectory="4ea585bd-dcfb-41a3-b5a9-9120521cb70e" />
    <UnitTestResult executionId="5af1f66b-33da-495c-a98f-68eec329aee9" testId="7218dae8-a938-2696-372f-f2ebd98e86c5" testName="VideoWebPlayer.Tests.EpisodesControllerBackgroundImageTests.GetBackgroundImage_WhenFanartSetButNoGeneratedImage_GeneratesAndPersistsBackgroundImage" computerName="DESKTOP-CM8OBSG" duration="00:00:00.5016284" startTime="2026-09-22T18:58:38.3309158+02:00" endTime="2026-09-22T18:58:38.8325776+02:00" testType="13cdc9d9-ddb5-4fa4-a97d-d965ccfc6d4b" outcome="Passed" testListId="8c84fa94-04c1-424b-9868-57a2d4851a1d" relativeResultsDirectory="5af1f66b-33da-495c-a98f-68eec329aee9" />
    <UnitTestResult executionId="ae42f61c-dac9-44b0-bff5-a1b9caefe1f6" testId="9d99957e-80f1-be62-c69b-1bbd442d58f6" testName="VideoWebPlayer.Tests.Services.MediaMetadataEditorServiceTests.UpdateAsync_RejectsReleaseDateForPremieredAtTypes(objectType: &quot;tvshowseason&quot;)" computerName="DESKTOP-CM8OBSG" duration="00:00:00.0014707" startTime="2026-09-22T18:58:37.8884074+02:00" endTime="2026-09-22T18:58:37.8898954+02:00" testType="13cdc9d9-ddb5-4fa4-a97d-d965ccfc6d4b" outcome="Passed" testListId="8c84fa94-04c1-424b-9868-57a2d4851a1d" relativeResultsDirectory="ae42f61c-dac9-44b0-bff5-a1b9caefe1f6" />
    <UnitTestResult executionId="21649151-b536-4685-9b7d-8a4a39d4e4c8" testId="35642201-cb24-2978-0a0d-61550a45a140" testName="VideoWebPlayer.Tests.TVShowDetailsBackgroundImageUrlBuilderTests.BuildEpisodeBackgroundImageUrl_WithNullAccessToken_StillIncludesQueryParameter" computerName="DESKTOP-CM8OBSG" duration="00:00:00.2249223" startTime="2026-09-22T18:58:36.0040881+02:00" endTime="2026-09-22T18:58:36.2344094+02:00" testType="13cdc9d9-ddb5-4fa4-a97d-d965ccfc6d4b" outcome="Passed" testListId="8c84fa94-04c1-424b-9868-57a2d4851a1d" relativeResultsDirectory="21649151-b536-4685-9b7d-8a4a39d4e4c8" />
    <UnitTestResult executionId="a86f5edb-8f24-4f71-aa3d-29a697b61dcb" testId="64d104a7-c7b1-d1d6-b966-16c896dbcd90" testName="VideoWebPlayer.Tests.Services.MediaMetadataEditorServiceTests.UpdateAsync_RejectsPremieredAtForReleaseDateTypes(objectType: &quot;tvshow&quot;)" computerName="DESKTOP-CM8OBSG" duration="00:00:00.0013755" startTime="2026-09-22T18:58:37.7942656+02:00" endTime="2026-09-22T18:58:37.7956573+02:00" testType="13cdc9d9-ddb5-4fa4-a97d-d965ccfc6d4b" outcome="Passed" testListId="8c84fa94-04c1-424b-9868-57a2d4851a1d" relativeResultsDirectory="a86f5edb-8f24-4f71-aa3d-29a697b61dcb" />
    <UnitTestResult executionId="7c57fa49-a9d7-46b5-9dbd-f163066fa086" testId="c798eb98-71b8-13b7-b02e-d95c3eb24fba" testName="VideoWebPlayer.Tests.Services.ContinueWatchingServiceSignalRTests.ProcessBufferedEntry_Episode_SendsSignalRUpdate" computerName="DESKTOP-CM8OBSG" duration="00:00:00.1176690" startTime="2026-09-22T18:58:37.7427155+02:00" endTime="2026-09-22T18:58:37.8604029+02:00" testType="13cdc9d9-ddb5-4fa4-a97d-d965ccfc6d4b" outcome="Passed" testListId="8c84fa94-04c1-424b-9868-57a2d4851a1d" relativeResultsDirectory="7c57fa49-a9d7-46b5-9dbd-f163066fa086" />
    <UnitTestResult executionId="c09109dd-0b2b-449f-86fa-4e58168fb0bc" testId="567f41b5-8632-5d49-b246-25100492c0f8" testName="VideoWebPlayer.Tests.Utils.ByteSizeHelperTests.FormatBytes_UsesLargestFittingUnit(bytes: 0, expected: &quot;0 B&quot;)" computerName="DESKTOP-CM8OBSG" duration="00:00:00.0001778" startTime="2026-09-22T18:58:36.2909628+02:00" endTime="2026-09-22T18:58:36.2911543+02:00" testType="13cdc9d9-ddb5-4fa4-a97d-d965ccfc6d4b" outcome="Passed" testListId="8c84fa94-04c1-424b-9868-57a2d4851a1d" relativeResultsDirectory="c09109dd-0b2b-449f-86fa-4e58168fb0bc" />
    <UnitTestResult executionId="92458951-80e7-44a2-8063-162fd5ab2f56" testId="0cbcc47f-ea85-e002-df55-f87a6533bd23" testName="VideoWebPlayer.Tests.Services.UpdateBackupCoordinatorTests.CreateBackupAsync_PassesExistingConfiguredDirectory" computerName="DESKTOP-CM8OBSG" duration="00:00:00.0044501" startTime="2026-09-22T18:58:37.6385534+02:00" endTime="2026-09-22T18:58:37.6430306+02:00" testType="13cdc9d9-ddb5-4fa4-a97d-d965ccfc6d4b" outcome="Passed" testListId="8c84fa94-04c1-424b-9868-57a2d4851a1d" relativeResultsDirectory="92458951-80e7-44a2-8063-162fd5ab2f56" />
    <UnitTestResult executionId="14ec247a-7fd8-4ca9-93be-bb8752cee041" testId="3290daa7-d507-f542-3f4f-73f3c10c5d9e" testName="VideoWebPlayer.Tests.Controllers.ActorsControllerTests.GetActors_Excludes_Actors_From_Inaccessible_Sources" computerName="DESKTOP-CM8OBSG" duration="00:00:00.0747399" startTime="2026-09-22T18:58:38.3319671+02:00" endTime="2026-09-22T18:58:38.4067354+02:00" testType="13cdc9d9-ddb5-4fa4-a97d-d965ccfc6d4b" outcome="Passed" testListId="8c84fa94-04c1-424b-9868-57a2d4851a1d" relativeResultsDirectory="14ec247a-7fd8-4ca9-93be-bb8752cee041" />
    <UnitTestResult executionId="f5664d29-3c92-454c-a649-70494f874d12" testId="575b0e54-c8e1-7115-6aec-f34eb643d11d" testName="VideoWebPlayer.Tests.Services.Backups.BackupUploadSessionServiceTests_BeginSession.BeginSessionAsync_WithPathInFileName_Fails" computerName="DESKTOP-CM8OBSG" duration="00:00:00.0010177" startTime="2026-09-22T18:58:36.3259803+02:00" endTime="2026-09-22T18:58:36.3270188+02:00" testType="13cdc9d9-ddb5-4fa4-a97d-d965ccfc6d4b" outcome="Passed" testListId="8c84fa94-04c1-424b-9868-57a2d4851a1d" relativeResultsDirectory="f5664d29-3c92-454c-a649-70494f874d12" />
    <UnitTestResult executionId="32aff88e-5ee5-4131-b092-21f3ded22f16" testId="2ac064c2-bfc2-eae2-9681-0130f68484cf" testName="VideoWebPlayer.Tests.Components.MediaBoxContextMenuInteractionTests.ContextMenuHandler_SuppressesNativeMenuButDoesNotOpenActions" computerName="DESKTOP-CM8OBSG" duration="00:00:00.0024012" startTime="2026-09-22T18:58:36.2897768+02:00" endTime="2026-09-22T18:58:36.2921968+02:00" testType="13cdc9d9-ddb5-4fa4-a97d-d965ccfc6d4b" outcome="Passed" testListId="8c84fa94-04c1-424b-9868-57a2d4851a1d" relativeResultsDirectory="32aff88e-5ee5-4131-b092-21f3ded22f16" />
    <UnitTestResult executionId="4e05ef62-9da8-4f33-87b5-d027b7c074ed" testId="fd6cfed8-24cc-25da-0806-eab42aae6368" testName="VideoWebPlayer.Tests.Services.MediaMetadataEditorServiceTests.GetGenreOptionsAsync_ReturnsDistinctSortedGenreNames" computerName="DESKTOP-CM8OBSG" duration="00:00:00.0097592" startTime="2026-09-22T18:58:37.7840754+02:00" endTime="2026-09-22T18:58:37.7938611+02:00" testType="13cdc9d9-ddb5-4fa4-a97d-d965ccfc6d4b" outcome="Passed" testListId="8c84fa94-04c1-424b-9868-57a2d4851a1d" relativeResultsDirectory="4e05ef62-9da8-4f33-87b5-d027b7c074ed" />
    <UnitTestResult executionId="cefcfbe9-2976-43b7-9631-13a1f4c844b9" testId="f2f328ba-c1d4-f7b3-f7b5-598514d37ebd" testName="VideoWebPlayer.Tests.Services.MediaMetadataEditorServiceTests.UpdateAsync_RejectsPremieredAtForReleaseDateTypes(objectType: &quot;moviecollection&quot;)" computerName="DESKTOP-CM8OBSG" duration="00:00:00.0002633" startTime="2026-09-22T18:58:37.7957986+02:00" endTime="2026-09-22T18:58:37.7960822+02:00" testType="13cdc9d9-ddb5-4fa4-a97d-d965ccfc6d4b" outcome="Passed" testListId="8c84fa94-04c1-424b-9868-57a2d4851a1d" relativeResultsDirectory="cefcfbe9-2976-43b7-9631-13a1f4c844b9" />
    <UnitTestResult executionId="3759894a-ba04-4095-83b8-e56057998e75" testId="d5b060a2-68a4-a2bd-b2d9-c17cef8ef221" testName="VideoWebPlayer.Tests.Services.UpdateSettingsServiceTests.AdminSnapshot_UsesCleanedPersistedLegacyLimits" computerName="DESKTOP-CM8OBSG" duration="00:00:00.0027761" startTime="2026-09-22T18:58:37.6440112+02:00" endTime="2026-09-22T18:58:37.6468009+02:00" testType="13cdc9d9-ddb5-4fa4-a97d-d965ccfc6d4b" outcome="Passed" testListId="8c84fa94-04c1-424b-9868-57a2d4851a1d" relativeResultsDirectory="3759894a-ba04-4095-83b8-e56057998e75" />
    <UnitTestResult executionId="94fc9d21-77d9-4b5b-8922-f8b01b0135f6" testId="49e81002-f66d-2a89-bbc4-9d786c4ed51e" testName="VideoWebPlayer.Tests.ApplicationDbContextTests.DeleteMediaSourceAsync_RemovesPicturesAssignedToMediaBaseEntries" computerName="DESKTOP-CM8OBSG" duration="00:00:00.1097152" startTime="2026-09-22T18:58:38.5409593+02:00" endTime="2026-09-22T18:58:38.6507037+02:00" testType="13cdc9d9-ddb5-4fa4-a97d-d965ccfc6d4b" outcome="Passed" testListId="8c84fa94-04c1-424b-9868-57a2d4851a1d" relativeResultsDirectory="94fc9d21-77d9-4b5b-8922-f8b01b0135f6" />
    <UnitTestResult executionId="f7a1510a-5559-425a-a93f-f19eabbdce05" testId="716d2f2e-a8ea-f262-cb1c-1fb2853d2265" testName="VideoWebPlayer.Tests.BackupsControllerAuthorizationTests.UploadChunkEndpoint_IsExposedAsUnlimitedStreamPost" computerName="DESKTOP-CM8OBSG" duration="00:00:00.0029109" startTime="2026-09-22T18:58:36.4537904+02:00" endTime="2026-09-22T18:58:36.4567220+02:00" testType="13cdc9d9-ddb5-4fa4-a97d-d965ccfc6d4b" outcome="Passed" testListId="8c84fa94-04c1-424b-9868-57a2d4851a1d" relativeResultsDirectory="f7a1510a-5559-425a-a93f-f19eabbdce05" />
    <UnitTestResult executionId="2df1eac6-ca8b-4d85-bad6-9fdef99f64b3" testId="b821b65b-f0bb-5148-40d4-5695d947f402" testName="VideoWebPlayer.Tests.Controllers.ItemsControllerAccessTests.Get_TVShowEpisode_Without_Access_Returns_Unauthorized" computerName="DESKTOP-CM8OBSG" duration="00:00:00.0357924" startTime="2026-09-22T18:58:38.2354027+02:00" endTime="2026-09-22T18:58:38.2712361+02:00" testType="13cdc9d9-ddb5-4fa4-a97d-d965ccfc6d4b" outcome="Passed" testListId="8c84fa94-04c1-424b-9868-57a2d4851a1d" relativeResultsDirectory="2df1eac6-ca8b-4d85-bad6-9fdef99f64b3" />
    <UnitTestResult executionId="3fb08896-460f-44e1-9f6e-06540ac43916" testId="331dbdb7-a524-3cdf-30d8-cdf8d82e6b17" testName="VideoWebPlayer.Tests.Services.EpisodeBackgroundImage.EpisodeBackgroundImageServiceTests.Test_EnsureBackgroundImage_UsesPoster_WhenFanartMissing" computerName="DESKTOP-CM8OBSG" duration="00:00:02.6058507" startTime="2026-09-22T18:58:36.0040611+02:00" endTime="2026-09-22T18:58:38.6152874+02:00" testType="13cdc9d9-ddb5-4fa4-a97d-d965ccfc6d4b" outcome="Passed" testListId="8c84fa94-04c1-424b-9868-57a2d4851a1d" relativeResultsDirectory="3fb08896-460f-44e1-9f6e-06540ac43916" />
    <UnitTestResult executionId="1be65205-0f0a-4665-b7e3-de7be1555a65" testId="51c9f4ac-e4e5-76b0-b2ce-1125be00070c" testName="VideoWebPlayer.Tests.Services.ContinueWatchingServiceGetNextEpisodeTests.MultipleEpisodesWithIdenticalReleaseDate_SortsByNumber" computerName="DESKTOP-CM8OBSG" duration="00:00:00.0047111" startTime="2026-09-22T18:58:37.9731811+02:00" endTime="2026-09-22T18:58:37.9779258+02:00" testType="13cdc9d9-ddb5-4fa4-a97d-d965ccfc6d4b" outcome="Passed" testListId="8c84fa94-04c1-424b-9868-57a2d4851a1d" relativeResultsDirectory="1be65205-0f0a-4665-b7e3-de7be1555a65" />
    <UnitTestResult executionId="b2a94a40-11f7-447e-8d84-503a56dc6c57" testId="3b467947-ab78-43a8-f1a4-1acda7d3d3c3" testName="VideoWebPlayer.Tests.UpdatesControllerAuthorizationTests.Install_ValidatesAntiforgeryToken" computerName="DESKTOP-CM8OBSG" duration="00:00:00.0028553" startTime="2026-09-22T18:58:36.8107332+02:00" endTime="2026-09-22T18:58:36.8136120+02:00" testType="13cdc9d9-ddb5-4fa4-a97d-d965ccfc6d4b" outcome="Passed" testListId="8c84fa94-04c1-424b-9868-57a2d4851a1d" relativeResultsDirectory="b2a94a40-11f7-447e-8d84-503a56dc6c57" />
    <UnitTestResult executionId="be658cf7-1f3c-4a81-ba27-b2de14b32d4e" testId="84fdc6a4-fe1f-51e5-aab0-d9ddae06d285" testName="VideoWebPlayer.Tests.MediaSourceClassifierActorBackfillTests.BackfillMissingActorsAsync_ReassignsActors_WithoutUniqueConstraintViolation" computerName="DESKTOP-CM8OBSG" duration="00:00:00.0519564" startTime="2026-09-22T18:58:42.3440048+02:00" endTime="2026-09-22T18:58:42.3960102+02:00" testType="13cdc9d9-ddb5-4fa4-a97d-d965ccfc6d4b" outcome="Passed" testListId="8c84fa94-04c1-424b-9868-57a2d4851a1d" relativeResultsDirectory="be658cf7-1f3c-4a81-ba27-b2de14b32d4e" />
    <UnitTestResult executionId="1d6e6472-76e2-4553-b0eb-770c58933668" testId="df962fa3-c21d-cd1a-fc3e-fa5238b2610d" testName="VideoWebPlayer.Tests.Services.UpdateBackupCoordinatorTests.CreateBackupAsync_WithoutRegisteredBackupServiceAndFailureAllowed_AllowsInstallation" computerName="DESKTOP-CM8OBSG" duration="00:00:00.0027049" startTime="2026-09-22T18:58:37.6247087+02:00" endTime="2026-09-22T18:58:37.6274345+02:00" testType="13cdc9d9-ddb5-4fa4-a97d-d965ccfc6d4b" outcome="Passed" testListId="8c84fa94-04c1-424b-9868-57a2d4851a1d" relativeResultsDirectory="1d6e6472-76e2-4553-b0eb-770c58933668" />
    <UnitTestResult executionId="c1df7be8-3c1c-485a-b8ba-468ed0239ee5" testId="21129285-3b16-ae90-2328-34749d8e1f6b" testName="VideoWebPlayer.Tests.Services.RecentEntryServiceTests.GetRecentEntriesAsync_UserWithoutSourceAccess_SeesOnlyUnlockedEntries" computerName="DESKTOP-CM8OBSG" duration="00:00:02.2265037" startTime="2026-09-22T18:58:36.0040840+02:00" endTime="2026-09-22T18:58:38.2361297+02:00" testType="13cdc9d9-ddb5-4fa4-a97d-d965ccfc6d4b" outcome="Passed" testListId="8c84fa94-04c1-424b-9868-57a2d4851a1d" relativeResultsDirectory="c1df7be8-3c1c-485a-b8ba-468ed0239ee5" />
    <UnitTestResult executionId="bafb6c1b-e19c-40db-a622-845440ffdfea" testId="f94ee8fa-a321-05c2-c239-310510f67f81" testName="VideoWebPlayer.Tests.Services.EpisodeBackgroundImage.EpisodeBackgroundImageGeneratorTests.Test_GenerateBackgroundImage_WithValidFanart_ReturnsImage" computerName="DESKTOP-CM8OBSG" duration="00:00:00.0948250" startTime="2026-09-22T18:58:38.4331040+02:00" endTime="2026-09-22T18:58:38.5279565+02:00" testType="13cdc9d9-ddb5-4fa4-a97d-d965ccfc6d4b" outcome="Passed" testListId="8c84fa94-04c1-424b-9868-57a2d4851a1d" relativeResultsDirectory="bafb6c1b-e19c-40db-a622-845440ffdfea" />
    <UnitTestResult executionId="6a4f8b1c-dfcd-4d73-8e11-f4d5555820cd" testId="4a79edd4-3eae-b803-4ec2-d43d86418066" testName="VideoWebPlayer.Tests.ItemsControllerMetadataTests.UpdateMetadata_WhenNameIsTooLong_ReturnsBadRequest" computerName="DESKTOP-CM8OBSG" duration="00:00:00.0029914" startTime="2026-09-22T18:58:37.6872429+02:00" endTime="2026-09-22T18:58:37.6902555+02:00" testType="13cdc9d9-ddb5-4fa4-a97d-d965ccfc6d4b" outcome="Passed" testListId="8c84fa94-04c1-424b-9868-57a2d4851a1d" relativeResultsDirectory="6a4f8b1c-dfcd-4d73-8e11-f4d5555820cd" />
    <UnitTestResult executionId="19fc0c72-0fdc-453b-8211-09fa6776dbf7" testId="5775504c-6ece-f42c-ed8f-5259ea56709d" testName="VideoWebPlayer.Tests.Services.ContinueWatchingServiceGetNextEpisodeTests.SingleEpisodeInSeason_ReturnsNull" computerName="DESKTOP-CM8OBSG" duration="00:00:01.2300587" startTime="2026-09-22T18:58:36.6138492+02:00" endTime="2026-09-22T18:58:37.8439502+02:00" testType="13cdc9d9-ddb5-4fa4-a97d-d965ccfc6d4b" outcome="Passed" testListId="8c84fa94-04c1-424b-9868-57a2d4851a1d" relativeResultsDirectory="19fc0c72-0fdc-453b-8211-09fa6776dbf7" />
    <UnitTestResult executionId="928e8c86-1bb0-4251-b192-b49c3c6a3e62" testId="55d3c3f6-7c9d-fb2c-4157-c9533e85e010" testName="VideoWebPlayer.Tests.Services.UpdateSettingsServiceTests.UpdateAsync_RejectsInvalidIntervalAndRetentionValues(intervalMinutes: 30, retainedBackups: 11)" computerName="DESKTOP-CM8OBSG" duration="00:00:01.2676478" startTime="2026-09-22T18:58:36.2958197+02:00" endTime="2026-09-22T18:58:37.5634921+02:00" testType="13cdc9d9-ddb5-4fa4-a97d-d965ccfc6d4b" outcome="Passed" testListId="8c84fa94-04c1-424b-9868-57a2d4851a1d" relativeResultsDirectory="928e8c86-1bb0-4251-b192-b49c3c6a3e62" />
    <UnitTestResult executionId="98097d77-7dc0-4d68-ab71-03a2b31bcb9d" testId="1c15e84d-7c88-9e9c-ecbe-ab2b5209d06a" testName="VideoWebPlayer.Tests.Services.UpdateBackupCoordinatorTests.CreateBackupAsync_WhenDisabled_SkipsBackupService" computerName="DESKTOP-CM8OBSG" duration="00:00:00.0096030" startTime="2026-09-22T18:58:37.6471941+02:00" endTime="2026-09-22T18:58:37.6568264+02:00" testType="13cdc9d9-ddb5-4fa4-a97d-d965ccfc6d4b" outcome="Passed" testListId="8c84fa94-04c1-424b-9868-57a2d4851a1d" relativeResultsDirectory="98097d77-7dc0-4d68-ab71-03a2b31bcb9d" />
    <UnitTestResult executionId="71273611-8c78-4bcb-bf30-b83a5afe0e2c" testId="941e1714-61bf-a1a7-711a-a2c655beed7d" testName="VideoWebPlayer.Tests.TVShowDetailsBackgroundImageUrlBuilderTests.BuildEpisodeBackgroundImageUrl_AppendsAccessToken" computerName="DESKTOP-CM8OBSG" duration="00:00:00.0002361" startTime="2026-09-22T18:58:36.2348204+02:00" endTime="2026-09-22T18:58:36.2350858+02:00" testType="13cdc9d9-ddb5-4fa4-a97d-d965ccfc6d4b" outcome="Passed" testListId="8c84fa94-04c1-424b-9868-57a2d4851a1d" relativeResultsDirectory="71273611-8c78-4bcb-bf30-b83a5afe0e2c" />
    <UnitTestResult executionId="b0ec3bf3-1f53-4416-b3b3-6d8a8f5a08b2" testId="8595183f-6140-ac7f-60a2-1738b83fea3c" testName="VideoWebPlayer.Tests.Services.ContinueWatchingServiceGetNextEpisodeTests.AllEpisodesWithoutReleaseDate_SortsByNumber" computerName="DESKTOP-CM8OBSG" duration="00:00:00.0079404" startTime="2026-09-22T18:58:37.9782006+02:00" endTime="2026-09-22T18:58:37.9861812+02:00" testType="13cdc9d9-ddb5-4fa4-a97d-d965ccfc6d4b" outcome="Passed" testListId="8c84fa94-04c1-424b-9868-57a2d4851a1d" relativeResultsDirectory="b0ec3bf3-1f53-4416-b3b3-6d8a8f5a08b2" />
    <UnitTestResult executionId="ad42330a-a631-4ad7-82a2-7f042d874cb8" testId="339bf639-f706-db27-3bb5-d505055e0d23" testName="VideoWebPlayer.Tests.Services.EpisodeBackgroundImage.EpisodeBackgroundImageServiceTests.Test_EnsureBackgroundImage_ReturnsNull_WhenNeitherFanartNorPosterAvailable" computerName="DESKTOP-CM8OBSG" duration="00:00:00.0574724" startTime="2026-09-22T18:58:40.6821824+02:00" endTime="2026-09-22T18:58:40.7397145+02:00" testType="13cdc9d9-ddb5-4fa4-a97d-d965ccfc6d4b" outcome="Passed" testListId="8c84fa94-04c1-424b-9868-57a2d4851a1d" relativeResultsDirectory="ad42330a-a631-4ad7-82a2-7f042d874cb8" />
    <UnitTestResult executionId="65ed1162-4de7-4f4b-bd90-634d06b7c5e0" testId="4634d455-17bc-5bab-b4aa-2bf68394da91" testName="VideoWebPlayer.Tests.Services.EpisodeBackgroundImage.EpisodeBackgroundImageServiceTests.Test_EnsureBackgroundImage_UsesCached_OnSubsequentCall" computerName="DESKTOP-CM8OBSG" duration="00:00:00.3021369" startTime="2026-09-22T18:58:39.4026205+02:00" endTime="2026-09-22T18:58:39.7047934+02:00" testType="13cdc9d9-ddb5-4fa4-a97d-d965ccfc6d4b" outcome="Passed" testListId="8c84fa94-04c1-424b-9868-57a2d4851a1d" relativeResultsDirectory="65ed1162-4de7-4f4b-bd90-634d06b7c5e0" />
    <UnitTestResult executionId="2fc79069-cb0e-4ed0-964e-6ea0b73da180" testId="bf76348b-92ab-d7f2-a188-66e71936c0f2" testName="VideoWebPlayer.Tests.Services.ContinueWatchingServiceGetNextEpisodeTests.RegressionTest_LoopScenario_NoInfiniteLoop" computerName="DESKTOP-CM8OBSG" duration="00:00:00.0077327" startTime="2026-09-22T18:58:37.8932524+02:00" endTime="2026-09-22T18:58:37.9010037+02:00" testType="13cdc9d9-ddb5-4fa4-a97d-d965ccfc6d4b" outcome="Passed" testListId="8c84fa94-04c1-424b-9868-57a2d4851a1d" relativeResultsDirectory="2fc79069-cb0e-4ed0-964e-6ea0b73da180" />
    <UnitTestResult executionId="2a07f5b5-c210-48a2-8245-470c9994bbec" testId="3672f88d-68db-c893-1a3f-45e7e9a87b79" testName="VideoWebPlayer.Tests.Services.Backups.BackupUploadSessionServiceTests_Cleanup.GetSession_WhenSessionExpired_RemovesSessionAndTempFile" computerName="DESKTOP-CM8OBSG" duration="00:00:00.0028427" startTime="2026-09-22T18:58:37.6715046+02:00" endTime="2026-09-22T18:58:37.6743694+02:00" testType="13cdc9d9-ddb5-4fa4-a97d-d965ccfc6d4b" outcome="Passed" testListId="8c84fa94-04c1-424b-9868-57a2d4851a1d" relativeResultsDirectory="2a07f5b5-c210-48a2-8245-470c9994bbec" />
    <UnitTestResult executionId="01bb0fd6-97f9-451f-8906-abb40a33af17" testId="aa8c3245-605b-a336-b6cb-bf89a12d00c1" testName="VideoWebPlayer.Tests.MetadataEditorUiStateTests.TVShowDetails_UsesEpisodeReleaseDateAndHidesSeasonEditUntilEditing" computerName="DESKTOP-CM8OBSG" duration="00:00:00.0021029" startTime="2026-09-22T18:58:36.3138482+02:00" endTime="2026-09-22T18:58:36.3159700+02:00" testType="13cdc9d9-ddb5-4fa4-a97d-d965ccfc6d4b" outcome="Passed" testListId="8c84fa94-04c1-424b-9868-57a2d4851a1d" relativeResultsDirectory="01bb0fd6-97f9-451f-8906-abb40a33af17" />
    <UnitTestResult executionId="18f19ed7-5cb2-416e-8e38-655994f2d337" testId="fc8f7742-6daf-9585-6942-8c90b7f7a367" testName="VideoWebPlayer.Tests.Services.Backups.BackupUploadSessionServiceTests_BeginSession.BeginSessionAsync_WithEmptyFileName_Fails" computerName="DESKTOP-CM8OBSG" duration="00:00:00.0007415" startTime="2026-09-22T18:58:36.3235312+02:00" endTime="2026-09-22T18:58:36.3242898+02:00" testType="13cdc9d9-ddb5-4fa4-a97d-d965ccfc6d4b" outcome="Passed" testListId="8c84fa94-04c1-424b-9868-57a2d4851a1d" relativeResultsDirectory="18f19ed7-5cb2-416e-8e38-655994f2d337" />
    <UnitTestResult executionId="bc60bab1-8ad5-4f6f-b6fb-f69aa3ec03a7" testId="dea8bfb6-28f3-81c9-2b0b-31fd2cd3a5ff" testName="VideoWebPlayer.Tests.RestoreInProgressMiddlewareTests.InvokeAsync_ReturnsStatusJsonForApiRequestsDuringRestore" computerName="DESKTOP-CM8OBSG" duration="00:00:00.0626013" startTime="2026-09-22T18:58:37.6788328+02:00" endTime="2026-09-22T18:58:37.7414756+02:00" testType="13cdc9d9-ddb5-4fa4-a97d-d965ccfc6d4b" outcome="Passed" testListId="8c84fa94-04c1-424b-9868-57a2d4851a1d" relativeResultsDirectory="bc60bab1-8ad5-4f6f-b6fb-f69aa3ec03a7" />
    <UnitTestResult executionId="7f93d2b9-9255-4fc2-b113-f9f3c230afcf" testId="863f768d-0fd5-b00a-c449-9321fac3ebdf" testName="VideoWebPlayer.Tests.Services.UpdateBackupEventBinderTests.BeforeInstall_WithoutBackupService_CancelsInstallation" computerName="DESKTOP-CM8OBSG" duration="00:00:00.0032236" startTime="2026-09-22T18:58:37.6277640+02:00" endTime="2026-09-22T18:58:37.6310085+02:00" testType="13cdc9d9-ddb5-4fa4-a97d-d965ccfc6d4b" outcome="Passed" testListId="8c84fa94-04c1-424b-9868-57a2d4851a1d" relativeResultsDirectory="7f93d2b9-9255-4fc2-b113-f9f3c230afcf" />
    <UnitTestResult executionId="b3c03362-e825-4705-a50e-e13eb4e07563" testId="5743913e-ab43-a679-d998-85f699ffa065" testName="VideoWebPlayer.Tests.Controllers.SourceVisibilityControllerTests.GetSources_Includes_Sources_With_Unlocked_Items" computerName="DESKTOP-CM8OBSG" duration="00:00:01.9546353" startTime="2026-09-22T18:58:36.2533784+02:00" endTime="2026-09-22T18:58:38.2080348+02:00" testType="13cdc9d9-ddb5-4fa4-a97d-d965ccfc6d4b" outcome="Passed" testListId="8c84fa94-04c1-424b-9868-57a2d4851a1d" relativeResultsDirectory="b3c03362-e825-4705-a50e-e13eb4e07563" />
    <UnitTestResult executionId="73fc965b-0c62-46b6-b44a-38ad1d72d35c" testId="66a727d2-243c-b8fd-31f6-72d6f9143e77" testName="VideoWebPlayer.Tests.BackupSettingsServiceTests.GetOptionsAsync_RaisesPersistedLegacyUploadLimitToConfiguredDefault" computerName="DESKTOP-CM8OBSG" duration="00:00:00.0020425" startTime="2026-09-22T18:58:37.6416684+02:00" endTime="2026-09-22T18:58:37.6437299+02:00" testType="13cdc9d9-ddb5-4fa4-a97d-d965ccfc6d4b" outcome="Passed" testListId="8c84fa94-04c1-424b-9868-57a2d4851a1d" relativeResultsDirectory="73fc965b-0c62-46b6-b44a-38ad1d72d35c" />
    <UnitTestResult executionId="1ee70443-0b8d-4dfe-a1c7-ef7732913c7d" testId="6c5ed67c-3eae-e1a5-15e6-3d115a1c8878" testName="VideoWebPlayer.Tests.Services.MediaMetadataEditorServiceTests.UpdateAsync_RejectsTooLongName" computerName="DESKTOP-CM8OBSG" duration="00:00:00.0013536" startTime="2026-09-22T18:58:37.8927621+02:00" endTime="2026-09-22T18:58:37.8941343+02:00" testType="13cdc9d9-ddb5-4fa4-a97d-d965ccfc6d4b" outcome="Passed" testListId="8c84fa94-04c1-424b-9868-57a2d4851a1d" relativeResultsDirectory="1ee70443-0b8d-4dfe-a1c7-ef7732913c7d" />
    <UnitTestResult executionId="deb9da2c-5f5f-4425-89ec-82f56336554e" testId="cddc9bf7-3e15-9ed1-6b56-a3395dde7d81" testName="VideoWebPlayer.Tests.Services.ContinueWatchingWatchedStatusTests.ProcessBufferedEntry_OutsideEndThreshold_DoesNotMarkMovieWatched" computerName="DESKTOP-CM8OBSG" duration="00:00:00.8911960" startTime="2026-09-22T18:58:36.8393025+02:00" endTime="2026-09-22T18:58:37.7305325+02:00" testType="13cdc9d9-ddb5-4fa4-a97d-d965ccfc6d4b" outcome="Passed" testListId="8c84fa94-04c1-424b-9868-57a2d4851a1d" relativeResultsDirectory="deb9da2c-5f5f-4425-89ec-82f56336554e" />
    <UnitTestResult executionId="23ae72ce-0a2a-4bc8-960f-6a1fda90f71c" testId="a412e775-e04a-84e4-426a-8e471c3b2eb6" testName="VideoWebPlayer.Tests.Utils.ByteSizeHelperTests.ToBytes_ConvertsUnitValueToBytes(value: 512, unit: &quot;MB&quot;, expected: 536870912)" computerName="DESKTOP-CM8OBSG" duration="00:00:00.0000099" startTime="2026-09-22T18:58:36.2899304+02:00" endTime="2026-09-22T18:58:36.2899533+02:00" testType="13cdc9d9-ddb5-4fa4-a97d-d965ccfc6d4b" outcome="Passed" testListId="8c84fa94-04c1-424b-9868-57a2d4851a1d" relativeResultsDirectory="23ae72ce-0a2a-4bc8-960f-6a1fda90f71c" />
    <UnitTestResult executionId="41de20ff-d541-49fe-9a75-427bc839dc1c" testId="2343bd2f-4e1f-38a7-043a-c9af174c16af" testName="VideoWebPlayer.Tests.MediaSourceScanServiceTests.Services_ScannerAndClassifier_IncrementalSeriesProcessing" computerName="DESKTOP-CM8OBSG" duration="00:00:03.3598299" startTime="2026-09-22T18:58:42.4560237+02:00" endTime="2026-09-22T18:58:45.8158951+02:00" testType="13cdc9d9-ddb5-4fa4-a97d-d965ccfc6d4b" outcome="Passed" testListId="8c84fa94-04c1-424b-9868-57a2d4851a1d" relativeResultsDirectory="41de20ff-d541-49fe-9a75-427bc839dc1c" />
    <UnitTestResult executionId="5e171d01-5d02-4d9a-bac4-d2992f56499d" testId="9ac57737-b78b-eba6-3267-bc7b92b7fc06" testName="VideoWebPlayer.Tests.Services.ContinueWatchingServiceSignalRTests.ProcessBufferedEntry_NewEntry_SendsSignalRUpdate" computerName="DESKTOP-CM8OBSG" duration="00:00:01.7119761" startTime="2026-09-22T18:58:36.0041258+02:00" endTime="2026-09-22T18:58:37.7191956+02:00" testType="13cdc9d9-ddb5-4fa4-a97d-d965ccfc6d4b" outcome="Passed" testListId="8c84fa94-04c1-424b-9868-57a2d4851a1d" relativeResultsDirectory="5e171d01-5d02-4d9a-bac4-d2992f56499d" />
    <UnitTestResult executionId="d2515b1d-7807-49e5-8fcc-48da35c4a005" testId="70b71162-6bc9-242a-3e34-cb6149b787e4" testName="VideoWebPlayer.Tests.MediaSourceClassifierActorBackfillTests.BackfillMissingActorsAsync_SkipsManuallyEditedMovie" computerName="DESKTOP-CM8OBSG" duration="00:00:00.1242139" startTime="2026-09-22T18:58:42.0177677+02:00" endTime="2026-09-22T18:58:42.1420280+02:00" testType="13cdc9d9-ddb5-4fa4-a97d-d965ccfc6d4b" outcome="Passed" testListId="8c84fa94-04c1-424b-9868-57a2d4851a1d" relativeResultsDirectory="d2515b1d-7807-49e5-8fcc-48da35c4a005" />
    <UnitTestResult executionId="e0be148e-bc54-4776-9a6d-d79029251dd5" testId="bb2c118e-889d-1e07-5cf3-af048fab3cbf" testName="VideoWebPlayer.Tests.Controllers.ItemsControllerAccessTests.Get_TVShowEpisode_Unlocked_Returns_Ok" computerName="DESKTOP-CM8OBSG" duration="00:00:00.0319836" startTime="2026-09-22T18:58:38.3032029+02:00" endTime="2026-09-22T18:58:38.3352189+02:00" testType="13cdc9d9-ddb5-4fa4-a97d-d965ccfc6d4b" outcome="Passed" testListId="8c84fa94-04c1-424b-9868-57a2d4851a1d" relativeResultsDirectory="e0be148e-bc54-4776-9a6d-d79029251dd5" />
    <UnitTestResult executionId="42a15166-ab4c-4f8d-a3d0-db296fa11c69" testId="aca3c077-aa27-2ab1-62f7-16b5370c992a" testName="VideoWebPlayer.Tests.MetadataEditModelValidationTests.Validate_WhenTitleIsTooLong_ReturnsTitleLengthMessage" computerName="DESKTOP-CM8OBSG" duration="00:00:00.0011276" startTime="2026-09-22T18:58:37.6738040+02:00" endTime="2026-09-22T18:58:37.6749610+02:00" testType="13cdc9d9-ddb5-4fa4-a97d-d965ccfc6d4b" outcome="Passed" testListId="8c84fa94-04c1-424b-9868-57a2d4851a1d" relativeResultsDirectory="42a15166-ab4c-4f8d-a3d0-db296fa11c69" />
    <UnitTestResult executionId="5d2655b2-c43d-4d47-9c5a-19bb9ab10c78" testId="55782a04-4b59-cab9-caa4-907243fe0f30" testName="VideoWebPlayer.Tests.Services.EpisodeBackgroundImage.EpisodeBackgroundImageServiceTests.Test_EnsureBackgroundImage_LazyLoads_OnFirstCall" computerName="DESKTOP-CM8OBSG" duration="00:00:00.3200832" startTime="2026-09-22T18:58:40.7983135+02:00" endTime="2026-09-22T18:58:41.1184416+02:00" testType="13cdc9d9-ddb5-4fa4-a97d-d965ccfc6d4b" outcome="Passed" testListId="8c84fa94-04c1-424b-9868-57a2d4851a1d" relativeResultsDirectory="5d2655b2-c43d-4d47-9c5a-19bb9ab10c78" />
    <UnitTestResult executionId="45159d1b-1208-403c-ba89-3a8f8213dd9b" testId="3d09bab7-50fd-9a30-ea15-7586afca8f01" testName="VideoWebPlayer.Tests.Services.UpdateSettingsServiceTests.UpdateAsync_RejectsInvalidIntervalAndRetentionValues(intervalMinutes: 0, retainedBackups: 5)" computerName="DESKTOP-CM8OBSG" duration="00:00:00.0003764" startTime="2026-09-22T18:58:37.5911075+02:00" endTime="2026-09-22T18:58:37.5915006+02:00" testType="13cdc9d9-ddb5-4fa4-a97d-d965ccfc6d4b" outcome="Passed" testListId="8c84fa94-04c1-424b-9868-57a2d4851a1d" relativeResultsDirectory="45159d1b-1208-403c-ba89-3a8f8213dd9b" />
    <UnitTestResult executionId="dccfe27c-09c5-4837-82c1-3e427df72f4c" testId="52a832d2-1f8b-aaff-0fd5-5247317d289d" testName="VideoWebPlayer.Tests.ApiDocumentationContractTests.MauiContract_RuntimeLoginHealthAndAuthenticatedRead_Succeeds" computerName="DESKTOP-CM8OBSG" duration="00:00:01.3886098" startTime="2026-09-22T18:58:40.6276074+02:00" endTime="2026-09-22T18:58:42.0162655+02:00" testType="13cdc9d9-ddb5-4fa4-a97d-d965ccfc6d4b" outcome="Passed" testListId="8c84fa94-04c1-424b-9868-57a2d4851a1d" relativeResultsDirectory="dccfe27c-09c5-4837-82c1-3e427df72f4c" />
    <UnitTestResult executionId="db7363f2-ed67-425e-b4f6-a7c67432a24f" testId="8a24f677-f24c-8992-90da-c1a9b4de836b" testName="VideoWebPlayer.Tests.Services.Backups.BackupUploadSessionServiceTests_Concurrency.GetSession_ExpiredSessionWhoseWriteLockIsHeld_IsNotDisposed" computerName="DESKTOP-CM8OBSG" duration="00:00:00.2669120" startTime="2026-09-22T18:58:36.3463682+02:00" endTime="2026-09-22T18:58:36.6133141+02:00" testType="13cdc9d9-ddb5-4fa4-a97d-d965ccfc6d4b" outcome="Passed" testListId="8c84fa94-04c1-424b-9868-57a2d4851a1d" relativeResultsDirectory="db7363f2-ed67-425e-b4f6-a7c67432a24f" />
    <UnitTestResult executionId="9d275e35-1ed3-4e30-bc4a-0ebffddbf08e" testId="aa8febaf-6bfc-e457-1597-149548839a2b" testName="VideoWebPlayer.Tests.Utils.ByteSizeHelperTests.ToBytes_ConvertsUnitValueToBytes(value: 1, unit: &quot;KB-oder-unbekannt&quot;, expected: 1048576)" computerName="DESKTOP-CM8OBSG" duration="00:00:00.0000081" startTime="2026-09-22T18:58:36.2900336+02:00" endTime="2026-09-22T18:58:36.2900505+02:00" testType="13cdc9d9-ddb5-4fa4-a97d-d965ccfc6d4b" outcome="Passed" testListId="8c84fa94-04c1-424b-9868-57a2d4851a1d" relativeResultsDirectory="9d275e35-1ed3-4e30-bc4a-0ebffddbf08e" />
    <UnitTestResult executionId="ff9b3c83-4e6a-47b7-a85e-3de76908a1f9" testId="b7f55a94-271a-644d-6d20-f4870fdb8340" testName="VideoWebPlayer.Tests.Services.MediaMetadataEditorServiceTests.UpdateAsync_RejectsPremieredAtForReleaseDateTypes(objectType: &quot;movie&quot;)" computerName="DESKTOP-CM8OBSG" duration="00:00:00.0001599" startTime="2026-09-22T18:58:37.7975641+02:00" endTime="2026-09-22T18:58:37.7977401+02:00" testType="13cdc9d9-ddb5-4fa4-a97d-d965ccfc6d4b" outcome="Passed" testListId="8c84fa94-04c1-424b-9868-57a2d4851a1d" relativeResultsDirectory="ff9b3c83-4e6a-47b7-a85e-3de76908a1f9" />
    <UnitTestResult executionId="eeca4584-e132-4f5e-a5ec-f94158289b85" testId="53e066eb-b6e4-c35a-4260-1af225a5e801" testName="VideoWebPlayer.Tests.EpisodesControllerBackgroundImageTests.GetBackgroundImage_WhenNotLoggedIn_ReturnsUnauthorized" computerName="DESKTOP-CM8OBSG" duration="00:00:02.1092698" startTime="2026-09-22T18:58:36.0040999+02:00" endTime="2026-09-22T18:58:38.1187661+02:00" testType="13cdc9d9-ddb5-4fa4-a97d-d965ccfc6d4b" outcome="Passed" testListId="8c84fa94-04c1-424b-9868-57a2d4851a1d" relativeResultsDirectory="eeca4584-e132-4f5e-a5ec-f94158289b85" />
    <UnitTestResult executionId="9d498c8a-e0e6-4e4a-a6fd-524bbbce9496" testId="d1627210-df85-050b-8944-2a64aa8aec5c" testName="VideoWebPlayer.Tests.Utils.ByteSizeHelperTests.SplitBytes_PicksReadableUnit(bytes: 5368709120, expectedValue: 5, expectedUnit: &quot;GB&quot;)" computerName="DESKTOP-CM8OBSG" duration="00:00:00.0000066" startTime="2026-09-22T18:58:36.2941417+02:00" endTime="2026-09-22T18:58:36.2941546+02:00" testType="13cdc9d9-ddb5-4fa4-a97d-d965ccfc6d4b" outcome="Passed" testListId="8c84fa94-04c1-424b-9868-57a2d4851a1d" relativeResultsDirectory="9d498c8a-e0e6-4e4a-a6fd-524bbbce9496" />
    <UnitTestResult executionId="8ae7b215-3602-4c2e-bd39-db250078bcae" testId="93c53c2f-d9f3-affc-cce2-0ab8d8012e51" testName="VideoWebPlayer.Tests.BackupsControllerAuthorizationTests.GetUploadStatusEndpoint_IsExposedAsGet" computerName="DESKTOP-CM8OBSG" duration="00:00:00.0001108" startTime="2026-09-22T18:58:36.4568330+02:00" endTime="2026-09-22T18:58:36.4569561+02:00" testType="13cdc9d9-ddb5-4fa4-a97d-d965ccfc6d4b" outcome="Passed" testListId="8c84fa94-04c1-424b-9868-57a2d4851a1d" relativeResultsDirectory="8ae7b215-3602-4c2e-bd39-db250078bcae" />
    <UnitTestResult executionId="792dea8e-0606-44f5-882b-c26155e87304" testId="70963d8f-69f1-d549-b5e0-4d4ae50e8181" testName="VideoWebPlayer.Tests.Services.UpdateAdminServiceTests.GetSnapshotAsync_IncludesSettingsStatusAndDefaultSettings" computerName="DESKTOP-CM8OBSG" duration="00:00:00.0052483" startTime="2026-09-22T18:58:36.8016596+02:00" endTime="2026-09-22T18:58:36.8069316+02:00" testType="13cdc9d9-ddb5-4fa4-a97d-d965ccfc6d4b" outcome="Passed" testListId="8c84fa94-04c1-424b-9868-57a2d4851a1d" relativeResultsDirectory="792dea8e-0606-44f5-882b-c26155e87304" />
    <UnitTestResult executionId="7831f25b-d76c-4b1f-a5d0-148237d5e6b9" testId="f6c49c81-6d7b-67a0-d57d-f83da270740b" testName="VideoWebPlayer.Tests.MediaSourceClassifierBackgroundImageTests.ClassifyAllAsync_DoesNotMarkBackgroundForUpdate_WhenOnlyBannerFileIsAssigned" computerName="DESKTOP-CM8OBSG" duration="00:00:00.1373412" startTime="2026-09-22T18:58:49.2233674+02:00" endTime="2026-09-22T18:58:49.3607572+02:00" testType="13cdc9d9-ddb5-4fa4-a97d-d965ccfc6d4b" outcome="Passed" testListId="8c84fa94-04c1-424b-9868-57a2d4851a1d" relativeResultsDirectory="7831f25b-d76c-4b1f-a5d0-148237d5e6b9" />
    <UnitTestResult executionId="560982ce-6044-4253-8f09-1ea0bc9b5b54" testId="be538e2c-8ed4-4833-1d13-ac16546b93bc" testName="VideoWebPlayer.Tests.Services.ContinueWatchingWatchedStatusTests.ProcessBufferedEntry_InsideEndThreshold_MarksMovieWatched" computerName="DESKTOP-CM8OBSG" duration="00:00:00.0633708" startTime="2026-09-22T18:58:37.7308006+02:00" endTime="2026-09-22T18:58:37.7941952+02:00" testType="13cdc9d9-ddb5-4fa4-a97d-d965ccfc6d4b" outcome="Passed" testListId="8c84fa94-04c1-424b-9868-57a2d4851a1d" relativeResultsDirectory="560982ce-6044-4253-8f09-1ea0bc9b5b54" />
    <UnitTestResult executionId="5283607a-8c57-4af8-8cfa-d13689c459b4" testId="4d910e3a-c953-bbbc-e940-0e20ecee7fe6" testName="VideoWebPlayer.Tests.Services.EpisodeBackgroundImage.EpisodeBackgroundImageGeneratorTests.Test_GenerateBackgroundImage_WithMissingFanart_ReturnsNull" computerName="DESKTOP-CM8OBSG" duration="00:00:00.0025217" startTime="2026-09-22T18:58:37.9205192+02:00" endTime="2026-09-22T18:58:37.9230566+02:00" testType="13cdc9d9-ddb5-4fa4-a97d-d965ccfc6d4b" outcome="Passed" testListId="8c84fa94-04c1-424b-9868-57a2d4851a1d" relativeResultsDirectory="5283607a-8c57-4af8-8cfa-d13689c459b4" />
    <UnitTestResult executionId="cc9b0d91-3e8f-4425-9eaa-276bbed997d4" testId="b53703e3-fc6e-60b2-2bed-acdf15b3d663" testName="VideoWebPlayer.Tests.Services.Backups.BackupUploadSessionServiceTests_Concurrency.AppendChunkAsync_AfterSessionAborted_ReturnsRejectedInsteadOfThrowing" computerName="DESKTOP-CM8OBSG" duration="00:00:00.0021336" startTime="2026-09-22T18:58:36.3412863+02:00" endTime="2026-09-22T18:58:36.3434390+02:00" testType="13cdc9d9-ddb5-4fa4-a97d-d965ccfc6d4b" outcome="Passed" testListId="8c84fa94-04c1-424b-9868-57a2d4851a1d" relativeResultsDirectory="cc9b0d91-3e8f-4425-9eaa-276bbed997d4" />
    <UnitTestResult executionId="98c39a6f-b736-4555-a9c6-2c4f2d6c2590" testId="5b4377aa-eb85-cc59-d643-024e9998995e" testName="VideoWebPlayer.Tests.MediaSourceScanServiceTests.ExecuteAsync_ClassifiesEpisodes_WhenSeriesStructureExists" computerName="DESKTOP-CM8OBSG" duration="00:00:01.3529720" startTime="2026-09-22T18:58:47.6828040+02:00" endTime="2026-09-22T18:58:49.0358262+02:00" testType="13cdc9d9-ddb5-4fa4-a97d-d965ccfc6d4b" outcome="Passed" testListId="8c84fa94-04c1-424b-9868-57a2d4851a1d" relativeResultsDirectory="98c39a6f-b736-4555-a9c6-2c4f2d6c2590" />
    <UnitTestResult executionId="2fe98606-3897-4478-97b3-a4c70a54674a" testId="f9e3fe53-984e-ed66-7c82-26be8e0fd658" testName="VideoWebPlayer.Tests.Utils.ByteSizeHelperTests.FormatBytes_UsesLargestFittingUnit(bytes: 5368709120, expected: &quot;5 GB&quot;)" computerName="DESKTOP-CM8OBSG" duration="00:00:00.0005271" startTime="2026-09-22T18:58:36.2902851+02:00" endTime="2026-09-22T18:58:36.2908283+02:00" testType="13cdc9d9-ddb5-4fa4-a97d-d965ccfc6d4b" outcome="Passed" testListId="8c84fa94-04c1-424b-9868-57a2d4851a1d" relativeResultsDirectory="2fe98606-3897-4478-97b3-a4c70a54674a" />
    <UnitTestResult executionId="dbafb407-9ca9-44d8-aa46-498037791755" testId="f445b531-d0d4-7e1f-e3cc-15cf670424d5" testName="VideoWebPlayer.Tests.ApplicationDbContextTests.DeleteMediaSourceAsync_DoesNotAffectOtherSources" computerName="DESKTOP-CM8OBSG" duration="00:00:00.1519219" startTime="2026-09-22T18:58:38.9886527+02:00" endTime="2026-09-22T18:58:39.1406171+02:00" testType="13cdc9d9-ddb5-4fa4-a97d-d965ccfc6d4b" outcome="Passed" testListId="8c84fa94-04c1-424b-9868-57a2d4851a1d" relativeResultsDirectory="dbafb407-9ca9-44d8-aa46-498037791755" />
    <UnitTestResult executionId="5fc1f6ed-0004-4e17-941d-bc270b7095c6" testId="f26e4b97-0ecc-f1ea-5105-9bbdd88d8ce1" testName="VideoWebPlayer.Tests.Services.UpdateAdminServiceTests.InstallAsync_WhenUpdateAvailable_DownloadsThenInstalls" computerName="DESKTOP-CM8OBSG" duration="00:00:00.0027879" startTime="2026-09-22T18:58:36.8184353+02:00" endTime="2026-09-22T18:58:36.8212537+02:00" testType="13cdc9d9-ddb5-4fa4-a97d-d965ccfc6d4b" outcome="Passed" testListId="8c84fa94-04c1-424b-9868-57a2d4851a1d" relativeResultsDirectory="5fc1f6ed-0004-4e17-941d-bc270b7095c6" />
    <UnitTestResult executionId="c548c083-3e05-4059-85e5-bc0ef90b3e5c" testId="f8838c04-7a55-79c2-1bfc-206e3de10bb0" testName="VideoWebPlayer.Tests.Services.Backups.VideoWebPlayerBackupFacadeTests.ImportUploadFileAsync_NameWithoutBakExtension_AppendsExtension" computerName="DESKTOP-CM8OBSG" duration="00:00:00.8274779" startTime="2026-09-22T18:58:36.7953135+02:00" endTime="2026-09-22T18:58:37.6228537+02:00" testType="13cdc9d9-ddb5-4fa4-a97d-d965ccfc6d4b" outcome="Passed" testListId="8c84fa94-04c1-424b-9868-57a2d4851a1d" relativeResultsDirectory="c548c083-3e05-4059-85e5-bc0ef90b3e5c" />
    <UnitTestResult executionId="fd328f05-2606-4320-8585-63433432c8b6" testId="320297b8-8268-7cbc-c01e-e67acdbc3fed" testName="VideoWebPlayer.Tests.UpdatesControllerAuthorizationTests.UpdatesController_RequiresAdminOnlyPolicy" computerName="DESKTOP-CM8OBSG" duration="00:00:00.0002539" startTime="2026-09-22T18:58:36.8103210+02:00" endTime="2026-09-22T18:58:36.8105938+02:00" testType="13cdc9d9-ddb5-4fa4-a97d-d965ccfc6d4b" outcome="Passed" testListId="8c84fa94-04c1-424b-9868-57a2d4851a1d" relativeResultsDirectory="fd328f05-2606-4320-8585-63433432c8b6" />
    <UnitTestResult executionId="caf454b0-d3bd-4460-879a-732d18b5c8d4" testId="8eabe2b3-cb9f-2bd5-2cbd-b5c0e83a2237" testName="VideoWebPlayer.Tests.MetadataEditorUiStateTests.DetailsPage_OrdersAssignedGenresFirst(fileName: &quot;TVShowDetails.razor&quot;)" computerName="DESKTOP-CM8OBSG" duration="00:00:00.0038465" startTime="2026-09-22T18:58:36.2947732+02:00" endTime="2026-09-22T18:58:36.2996777+02:00" testType="13cdc9d9-ddb5-4fa4-a97d-d965ccfc6d4b" outcome="Passed" testListId="8c84fa94-04c1-424b-9868-57a2d4851a1d" relativeResultsDirectory="caf454b0-d3bd-4460-879a-732d18b5c8d4" />
    <UnitTestResult executionId="4309ed67-9272-4284-ae19-1070545b4fd0" testId="f0e0c70b-c7ee-d7ea-ae41-d8f9d525bdd9" testName="VideoWebPlayer.Tests.Services.EpisodeBackgroundImage.EpisodeBackgroundImageServiceTests.Test_EnsureBackgroundImage_Regenerates_WhenFlagSet" computerName="DESKTOP-CM8OBSG" duration="00:00:00.6460644" startTime="2026-09-22T18:58:39.7054569+02:00" endTime="2026-09-22T18:58:40.3515597+02:00" testType="13cdc9d9-ddb5-4fa4-a97d-d965ccfc6d4b" outcome="Passed" testListId="8c84fa94-04c1-424b-9868-57a2d4851a1d" relativeResultsDirectory="4309ed67-9272-4284-ae19-1070545b4fd0" />
    <UnitTestResult executionId="f4dbdeaa-154c-4bcc-9859-c6463e4da741" testId="f9a7cfe5-d6a1-00a6-6d49-4a43250f7c56" testName="VideoWebPlayer.Tests.Services.Backups.BackupUploadSessionServiceTests_BeginSession.BeginSessionAsync_WithLengthAboveMaxUploadSize_Fails" computerName="DESKTOP-CM8OBSG" duration="00:00:00.0065545" startTime="2026-09-22T18:58:36.3272237+02:00" endTime="2026-09-22T18:58:36.3338092+02:00" testType="13cdc9d9-ddb5-4fa4-a97d-d965ccfc6d4b" outcome="Passed" testListId="8c84fa94-04c1-424b-9868-57a2d4851a1d" relativeResultsDirectory="f4dbdeaa-154c-4bcc-9859-c6463e4da741" />
    <UnitTestResult executionId="abc10ee6-7017-44a0-a2b6-b34a167bf3f9" testId="139b3634-57f0-28d2-3613-8ef14b36bdfe" testName="VideoWebPlayer.Tests.Services.MediaMetadataEditorServiceTests.UpdateTVShowAsync_SavesGenresAndRejectsPremieredAt" computerName="DESKTOP-CM8OBSG" duration="00:00:01.7738897" startTime="2026-09-22T18:58:36.0040713+02:00" endTime="2026-09-22T18:58:37.7834034+02:00" testType="13cdc9d9-ddb5-4fa4-a97d-d965ccfc6d4b" outcome="Passed" testListId="8c84fa94-04c1-424b-9868-57a2d4851a1d" relativeResultsDirectory="abc10ee6-7017-44a0-a2b6-b34a167bf3f9" />
    <UnitTestResult executionId="d969ac69-8995-4792-b8c1-ec9d703b6744" testId="962a03e4-35ef-6bf7-7da6-890eb46bbee2" testName="VideoWebPlayer.Tests.MetadataEditorUiStateTests.DetailsPage_UsesBlazorValidationAndDirtyDialog(fileName: &quot;TVShowDetails.razor&quot;)" computerName="DESKTOP-CM8OBSG" duration="00:00:00.0022536" startTime="2026-09-22T18:58:36.3097420+02:00" endTime="2026-09-22T18:58:36.3120100+02:00" testType="13cdc9d9-ddb5-4fa4-a97d-d965ccfc6d4b" outcome="Passed" testListId="8c84fa94-04c1-424b-9868-57a2d4851a1d" relativeResultsDirectory="d969ac69-8995-4792-b8c1-ec9d703b6744" />
    <UnitTestResult executionId="79c20d16-3727-4598-84bf-3285d7188af5" testId="6de82629-afe7-65c2-6f46-6a2d663d8715" testName="VideoWebPlayer.Tests.Services.ContinueWatchingServiceSignalRTests.BufferFlow_EnqueueAndProcess_SendsSignalREvent" computerName="DESKTOP-CM8OBSG" duration="00:00:00.0061845" startTime="2026-09-22T18:58:37.8605870+02:00" endTime="2026-09-22T18:58:37.8668017+02:00" testType="13cdc9d9-ddb5-4fa4-a97d-d965ccfc6d4b" outcome="Passed" testListId="8c84fa94-04c1-424b-9868-57a2d4851a1d" relativeResultsDirectory="79c20d16-3727-4598-84bf-3285d7188af5" />
    <UnitTestResult executionId="18bac1c9-a45a-4765-a89c-a42f0fbb5ead" testId="284ed5db-1230-f6ad-207e-de1cfc3c566b" testName="VideoWebPlayer.Tests.Services.EpisodeBackgroundImage.EpisodeBackgroundImageServiceTests.Test_EnsureBackgroundImage_PrefersFanart_OverPoster_WhenBothAvailable" computerName="DESKTOP-CM8OBSG" duration="00:00:00.3155524" startTime="2026-09-22T18:58:39.0864541+02:00" endTime="2026-09-22T18:58:39.4020377+02:00" testType="13cdc9d9-ddb5-4fa4-a97d-d965ccfc6d4b" outcome="Passed" testListId="8c84fa94-04c1-424b-9868-57a2d4851a1d" relativeResultsDirectory="18bac1c9-a45a-4765-a89c-a42f0fbb5ead" />
    <UnitTestResult executionId="af724bed-f1e2-4150-9a36-d493cceffb83" testId="730a2235-2fdc-899e-e47c-c3331d319944" testName="VideoWebPlayer.Tests.VideoWebPlayerAutomaticBackupRunnerTests.RunAutomaticBackupAsync_RecordsHistoryAndAppliesRetention" computerName="DESKTOP-CM8OBSG" duration="00:00:01.6244606" startTime="2026-09-22T18:58:36.0040815+02:00" endTime="2026-09-22T18:58:37.6338415+02:00" testType="13cdc9d9-ddb5-4fa4-a97d-d965ccfc6d4b" outcome="Passed" testListId="8c84fa94-04c1-424b-9868-57a2d4851a1d" relativeResultsDirectory="af724bed-f1e2-4150-9a36-d493cceffb83" />
    <UnitTestResult executionId="60ec8585-9547-43f7-b9ea-67235c6d6761" testId="4dac3f06-3c84-6eb2-de85-788f64e04f25" testName="VideoWebPlayer.Tests.Controllers.ItemsControllerAccessTests.Get_MovieCollection_Without_Access_Returns_Unauthorized" computerName="DESKTOP-CM8OBSG" duration="00:00:00.0085346" startTime="2026-09-22T18:58:38.3355507+02:00" endTime="2026-09-22T18:58:38.3441202+02:00" testType="13cdc9d9-ddb5-4fa4-a97d-d965ccfc6d4b" outcome="Passed" testListId="8c84fa94-04c1-424b-9868-57a2d4851a1d" relativeResultsDirectory="60ec8585-9547-43f7-b9ea-67235c6d6761" />
    <UnitTestResult executionId="6c249fc8-eca1-453d-89a1-1e654a530248" testId="af8493e6-807d-18ea-ad49-840a021f7b37" testName="VideoWebPlayer.Tests.BackgroundProcessingGateTests.PauseForRestoreAsync_CancellationWhileWaitingResumesOperations" computerName="DESKTOP-CM8OBSG" duration="00:00:00.0616011" startTime="2026-09-22T18:58:37.7461084+02:00" endTime="2026-09-22T18:58:37.8077365+02:00" testType="13cdc9d9-ddb5-4fa4-a97d-d965ccfc6d4b" outcome="Passed" testListId="8c84fa94-04c1-424b-9868-57a2d4851a1d" relativeResultsDirectory="6c249fc8-eca1-453d-89a1-1e654a530248" />
    <UnitTestResult executionId="0f2a9f91-e8d2-40f1-aca5-8a3dd3544dcb" testId="a4e31c7f-c9ec-fcd3-89c6-d19059f45f73" testName="VideoWebPlayer.Tests.Services.EpisodeBackgroundImage.EpisodeBackgroundImageServiceTests.Test_MarkBackgroundImageForUpdate_SetsFlag_OnNewFanart" computerName="DESKTOP-CM8OBSG" duration="00:00:00.4700073" startTime="2026-09-22T18:58:38.6161871+02:00" endTime="2026-09-22T18:58:39.0862212+02:00" testType="13cdc9d9-ddb5-4fa4-a97d-d965ccfc6d4b" outcome="Passed" testListId="8c84fa94-04c1-424b-9868-57a2d4851a1d" relativeResultsDirectory="0f2a9f91-e8d2-40f1-aca5-8a3dd3544dcb" />
    <UnitTestResult executionId="377d35ea-16cc-4a68-9b13-d45ace0d74db" testId="fbc0af6e-c3d7-eda8-de8f-736a5ea6005b" testName="VideoWebPlayer.Tests.MetadataEditorUiStateTests.TVShowDetails_SeasonEditClearsEpisodeContext" computerName="DESKTOP-CM8OBSG" duration="00:00:00.0017669" startTime="2026-09-22T18:58:36.3161534+02:00" endTime="2026-09-22T18:58:36.3179453+02:00" testType="13cdc9d9-ddb5-4fa4-a97d-d965ccfc6d4b" outcome="Passed" testListId="8c84fa94-04c1-424b-9868-57a2d4851a1d" relativeResultsDirectory="377d35ea-16cc-4a68-9b13-d45ace0d74db" />
    <UnitTestResult executionId="484ff328-b478-484a-887b-0bd09c52329c" testId="7fbe78c6-4ab7-a313-524f-da888f7bb662" testName="VideoWebPlayer.Tests.RestoreBackupJobServiceTests.StartRestore_RunsInBackgroundAndRejectsParallelRestore" computerName="DESKTOP-CM8OBSG" duration="00:00:00.6950400" startTime="2026-09-22T18:58:36.9610338+02:00" endTime="2026-09-22T18:58:37.6561016+02:00" testType="13cdc9d9-ddb5-4fa4-a97d-d965ccfc6d4b" outcome="Passed" testListId="8c84fa94-04c1-424b-9868-57a2d4851a1d" relativeResultsDirectory="484ff328-b478-484a-887b-0bd09c52329c" />
    <UnitTestResult executionId="6d2dc519-7500-4dac-80a2-894ebaadec8b" testId="9b3156dc-a7f4-dd41-cfd0-0fda863a6c50" testName="VideoWebPlayer.Tests.ItemsControllerMetadataTests.UpdateMetadata_WhenIdIsInvalid_ReturnsBadRequest" computerName="DESKTOP-CM8OBSG" duration="00:00:00.0091533" startTime="2026-09-22T18:58:37.6934192+02:00" endTime="2026-09-22T18:58:37.7025917+02:00" testType="13cdc9d9-ddb5-4fa4-a97d-d965ccfc6d4b" outcome="Passed" testListId="8c84fa94-04c1-424b-9868-57a2d4851a1d" relativeResultsDirectory="6d2dc519-7500-4dac-80a2-894ebaadec8b" />
    <UnitTestResult executionId="a666d75a-988e-43a5-9f8e-fd948dc06998" testId="f1306288-7366-8dfe-f0c4-e4725fbd3bfe" testName="VideoWebPlayer.Tests.Controllers.ItemsControllerAccessTests.Get_Movie_From_Unlocked_Collection_Returns_Ok" computerName="DESKTOP-CM8OBSG" duration="00:00:02.1749701" startTime="2026-09-22T18:58:36.0041416+02:00" endTime="2026-09-22T18:58:38.1845008+02:00" testType="13cdc9d9-ddb5-4fa4-a97d-d965ccfc6d4b" outcome="Passed" testListId="8c84fa94-04c1-424b-9868-57a2d4851a1d" relativeResultsDirectory="a666d75a-988e-43a5-9f8e-fd948dc06998" />
    <UnitTestResult executionId="bdbcb855-90bd-4b46-9a24-cfe12f9dc2d5" testId="b99ad8ad-b9e0-e99a-2a28-3266b1959974" testName="VideoWebPlayer.Tests.ApplicationDbContextTests.DeleteMediaSourceAsync_RemovesPicturesAndActivityEntries" computerName="DESKTOP-CM8OBSG" duration="00:00:00.4146024" startTime="2026-09-22T18:58:38.1259130+02:00" endTime="2026-09-22T18:58:38.5405371+02:00" testType="13cdc9d9-ddb5-4fa4-a97d-d965ccfc6d4b" outcome="Passed" testListId="8c84fa94-04c1-424b-9868-57a2d4851a1d" relativeResultsDirectory="bdbcb855-90bd-4b46-9a24-cfe12f9dc2d5" />
    <UnitTestResult executionId="ea4fe8bb-d5e1-414f-ad80-5aa9d0353e44" testId="08e997fa-102d-83b0-8048-59947d8f4afb" testName="VideoWebPlayer.Tests.Services.ContinueWatchingServiceSignalRTests.ProcessBufferedEntry_UpdateExisting_SendsSignalRUpdate" computerName="DESKTOP-CM8OBSG" duration="00:00:00.0122516" startTime="2026-09-22T18:58:37.7298460+02:00" endTime="2026-09-22T18:58:37.7421285+02:00" testType="13cdc9d9-ddb5-4fa4-a97d-d965ccfc6d4b" outcome="Passed" testListId="8c84fa94-04c1-424b-9868-57a2d4851a1d" relativeResultsDirectory="ea4fe8bb-d5e1-414f-ad80-5aa9d0353e44" />
    <UnitTestResult executionId="9aca7bed-130c-4455-b5ba-7e42c62aea4a" testId="f652d9fc-71a3-55d3-c49f-54fd4703e027" testName="VideoWebPlayer.Tests.Services.Backups.BackupUploadSessionServiceTests_AppendChunk.AppendChunk_WritesAtOffsetAndTracksReceivedBytes" computerName="DESKTOP-CM8OBSG" duration="00:00:00.0050726" startTime="2026-09-22T18:58:36.3384896+02:00" endTime="2026-09-22T18:58:36.3435853+02:00" testType="13cdc9d9-ddb5-4fa4-a97d-d965ccfc6d4b" outcome="Passed" testListId="8c84fa94-04c1-424b-9868-57a2d4851a1d" relativeResultsDirectory="9aca7bed-130c-4455-b5ba-7e42c62aea4a" />
    <UnitTestResult executionId="d8daad04-c42a-449e-a480-bc3c16d40892" testId="96294db1-13be-3acf-ed78-e9c0e53c7e60" testName="VideoWebPlayer.Tests.Services.ContinueWatchingServiceGetNextEpisodeTests.NextSeasonEmpty_ReturnsNull" computerName="DESKTOP-CM8OBSG" duration="00:00:00.0216591" startTime="2026-09-22T18:58:37.9107560+02:00" endTime="2026-09-22T18:58:37.9324436+02:00" testType="13cdc9d9-ddb5-4fa4-a97d-d965ccfc6d4b" outcome="Passed" testListId="8c84fa94-04c1-424b-9868-57a2d4851a1d" relativeResultsDirectory="d8daad04-c42a-449e-a480-bc3c16d40892" />
    <UnitTestResult executionId="5c18ad70-a616-40fb-92ea-c4a6e1597fa2" testId="3108ec6d-f9fc-5396-57d7-cd740be84995" testName="VideoWebPlayer.Tests.Services.MediaMetadataEditorServiceTests.UpdateAsync_EntersBackgroundProcessingGate" computerName="DESKTOP-CM8OBSG" duration="00:00:00.0036385" startTime="2026-09-22T18:58:37.8554172+02:00" endTime="2026-09-22T18:58:37.8590805+02:00" testType="13cdc9d9-ddb5-4fa4-a97d-d965ccfc6d4b" outcome="Passed" testListId="8c84fa94-04c1-424b-9868-57a2d4851a1d" relativeResultsDirectory="5c18ad70-a616-40fb-92ea-c4a6e1597fa2" />
    <UnitTestResult executionId="103a32e5-5f70-40e4-8431-09dc28974114" testId="b73d9c02-01de-8726-54b5-c1b6c4dd275b" testName="VideoWebPlayer.Tests.MediaSourceScanServiceTests.ExecuteAsync_AddsMediaItem_WhenSourceContainsMovieFile" computerName="DESKTOP-CM8OBSG" duration="00:00:00.0352373" startTime="2026-09-22T18:58:47.6468094+02:00" endTime="2026-09-22T18:58:47.6821108+02:00" testType="13cdc9d9-ddb5-4fa4-a97d-d965ccfc6d4b" outcome="Passed" testListId="8c84fa94-04c1-424b-9868-57a2d4851a1d" relativeResultsDirectory="103a32e5-5f70-40e4-8431-09dc28974114" />
    <UnitTestResult executionId="ae342961-7ec6-4e2b-8d4a-fbb672bea41a" testId="c63fb57c-3a31-e1d3-503f-74f1b76bb947" testName="VideoWebPlayer.Tests.ApplicationDbContextTests.DeleteMediaSourceAsync_PublishesMediaSourceDeletedEvent" computerName="DESKTOP-CM8OBSG" duration="00:00:00.0672180" startTime="2026-09-22T18:58:38.7958554+02:00" endTime="2026-09-22T18:58:38.8631061+02:00" testType="13cdc9d9-ddb5-4fa4-a97d-d965ccfc6d4b" outcome="Passed" testListId="8c84fa94-04c1-424b-9868-57a2d4851a1d" relativeResultsDirectory="ae342961-7ec6-4e2b-8d4a-fbb672bea41a" />
    <UnitTestResult executionId="f0dfe5a7-5dc1-4db0-bf56-58de3996509c" testId="25bbf5cd-9ba1-5c56-6fa8-01f6acf1a7f8" testName="VideoWebPlayer.Tests.Utils.ByteSizeHelperTests.FormatBytes_WithValueAboveTerabytes_StopsAtGigabytes" computerName="DESKTOP-CM8OBSG" duration="00:00:00.0000550" startTime="2026-09-22T18:58:36.2944359+02:00" endTime="2026-09-22T18:58:36.2945008+02:00" testType="13cdc9d9-ddb5-4fa4-a97d-d965ccfc6d4b" outcome="Passed" testListId="8c84fa94-04c1-424b-9868-57a2d4851a1d" relativeResultsDirectory="f0dfe5a7-5dc1-4db0-bf56-58de3996509c" />
    <UnitTestResult executionId="672c6c46-fba4-494a-bba4-8fb908660720" testId="ef630eab-5aeb-defd-0735-841afd3b7355" testName="VideoWebPlayer.Tests.KestrelLimitsTests.ParseMaxRequestBodySize_WithPositiveValue_ReturnsLimit" computerName="DESKTOP-CM8OBSG" duration="00:00:00.1516164" startTime="2026-09-22T18:58:36.1377829+02:00" endTime="2026-09-22T18:58:36.2894133+02:00" testType="13cdc9d9-ddb5-4fa4-a97d-d965ccfc6d4b" outcome="Passed" testListId="8c84fa94-04c1-424b-9868-57a2d4851a1d" relativeResultsDirectory="672c6c46-fba4-494a-bba4-8fb908660720" />
    <UnitTestResult executionId="2153bef8-f766-4229-9678-201308d3d2e7" testId="91b4968a-eb3f-b3d8-0285-e1c42de70294" testName="VideoWebPlayer.Tests.Services.Backups.BackupUploadSessionServiceTests_BeginSession.BeginSessionAsync_WithNegativeLength_Fails" computerName="DESKTOP-CM8OBSG" duration="00:00:00.0008076" startTime="2026-09-22T18:58:36.3225343+02:00" endTime="2026-09-22T18:58:36.3233604+02:00" testType="13cdc9d9-ddb5-4fa4-a97d-d965ccfc6d4b" outcome="Passed" testListId="8c84fa94-04c1-424b-9868-57a2d4851a1d" relativeResultsDirectory="2153bef8-f766-4229-9678-201308d3d2e7" />
    <UnitTestResult executionId="320afce2-5192-4658-b43a-e26022930081" testId="c388766f-6752-02ce-e66c-03102719fccb" testName="VideoWebPlayer.Tests.Services.EpisodeBackgroundImage.EpisodeBackgroundImageGeneratorTests.Test_GetDominantColor_ReturnsCorrectColor" computerName="DESKTOP-CM8OBSG" duration="00:00:00.0072247" startTime="2026-09-22T18:58:37.9131175+02:00" endTime="2026-09-22T18:58:37.9203666+02:00" testType="13cdc9d9-ddb5-4fa4-a97d-d965ccfc6d4b" outcome="Passed" testListId="8c84fa94-04c1-424b-9868-57a2d4851a1d" relativeResultsDirectory="320afce2-5192-4658-b43a-e26022930081" />
    <UnitTestResult executionId="3c0da7cf-9deb-46da-940d-6af2581f323e" testId="2e1bb7a8-d87d-b39c-8bbb-1ae3b6eb973e" testName="VideoWebPlayer.Tests.Controllers.ActorsControllerTests.GetActor_Aggregates_Movie_Collections_And_TV_Shows" computerName="DESKTOP-CM8OBSG" duration="00:00:00.0775097" startTime="2026-09-22T18:58:38.4069895+02:00" endTime="2026-09-22T18:58:38.4845209+02:00" testType="13cdc9d9-ddb5-4fa4-a97d-d965ccfc6d4b" outcome="Passed" testListId="8c84fa94-04c1-424b-9868-57a2d4851a1d" relativeResultsDirectory="3c0da7cf-9deb-46da-940d-6af2581f323e" />
    <UnitTestResult executionId="42028c7a-ad4c-4570-880b-32dc8881322f" testId="aebe2a70-94a5-afb5-cb19-b307a9f7d77b" testName="VideoWebPlayer.Tests.Services.WatchedStatusServiceTests.MarkWatchedAsync_StoresMovieAndEpisodePerUser" computerName="DESKTOP-CM8OBSG" duration="00:00:00.0432473" startTime="2026-09-22T18:58:38.3995742+02:00" endTime="2026-09-22T18:58:38.4428435+02:00" testType="13cdc9d9-ddb5-4fa4-a97d-d965ccfc6d4b" outcome="Passed" testListId="8c84fa94-04c1-424b-9868-57a2d4851a1d" relativeResultsDirectory="42028c7a-ad4c-4570-880b-32dc8881322f" />
    <UnitTestResult executionId="ff1b3064-37b0-4721-af59-30dbe9de31e3" testId="d7851fa2-2664-eda9-fbe8-a936c62a0d05" testName="VideoWebPlayer.Tests.MediaSourceClassifierBackgroundImageTests.ClassifyAllAsync_MarksBackgroundForUpdate_WhenNewFanartFileAppearsForEpisodeWithExistingGeneratedBackground" computerName="DESKTOP-CM8OBSG" duration="00:00:00.1570299" startTime="2026-09-22T18:58:49.0653287+02:00" endTime="2026-09-22T18:58:49.2224137+02:00" testType="13cdc9d9-ddb5-4fa4-a97d-d965ccfc6d4b" outcome="Passed" testListId="8c84fa94-04c1-424b-9868-57a2d4851a1d" relativeResultsDirectory="ff1b3064-37b0-4721-af59-30dbe9de31e3" />
    <UnitTestResult executionId="47ee55c5-828d-4ed3-8ab9-4e0c92ecb1e9" testId="d6e78642-0634-a14b-f87c-2f1e96fdf69e" testName="VideoWebPlayer.Tests.MediaSourceClassifierActorBackfillTests.BackfillMissingActorsAsync_LoadsActors_FromMovieDotNfo" computerName="DESKTOP-CM8OBSG" duration="00:00:00.1085616" startTime="2026-09-22T18:58:42.1430490+02:00" endTime="2026-09-22T18:58:42.2516630+02:00" testType="13cdc9d9-ddb5-4fa4-a97d-d965ccfc6d4b" outcome="Passed" testListId="8c84fa94-04c1-424b-9868-57a2d4851a1d" relativeResultsDirectory="47ee55c5-828d-4ed3-8ab9-4e0c92ecb1e9" />
[...]
    <TestEntry testId="2c4ce002-d078-5136-52e3-9cd14e3a4232" executionId="6ebe4355-4b9b-4434-a958-a4978dd52a9b" testListId="8c84fa94-04c1-424b-9868-57a2d4851a1d" />
    <TestEntry testId="d8dc2015-add2-fb2b-2cf8-252fa9defb16" executionId="c0f0ff66-a2b5-4162-bdba-67fd41ca6c13" testListId="8c84fa94-04c1-424b-9868-57a2d4851a1d" />
    <TestEntry testId="c516b12f-2af5-3e0f-27e3-553e9a7c06da" executionId="6e84cd97-1319-48c5-8863-db199ee1333f" testListId="8c84fa94-04c1-424b-9868-57a2d4851a1d" />
    <TestEntry testId="bb3cfc0f-acb9-22e3-c779-bec024c7a03c" executionId="72825574-5397-4b72-8434-9268e327bcd0" testListId="8c84fa94-04c1-424b-9868-57a2d4851a1d" />
    <TestEntry testId="09dbbb0f-b24d-d70e-0312-023d9be12a27" executionId="9ed5fc68-5f34-4548-8e67-eca4ccf2e4ac" testListId="8c84fa94-04c1-424b-9868-57a2d4851a1d" />
    <TestEntry testId="ae17086a-48de-7f2e-3198-12f215d52c72" executionId="ce0676d3-8406-4711-8532-ae2ac6e7a012" testListId="8c84fa94-04c1-424b-9868-57a2d4851a1d" />
    <TestEntry testId="71b260a4-7a0a-22bd-51b9-3b57c783a4a6" executionId="9d303598-54a3-44ba-bcbd-a37587b4bafe" testListId="8c84fa94-04c1-424b-9868-57a2d4851a1d" />
    <TestEntry testId="7a2bebb4-5a83-8c25-574a-79c9ed03c170" executionId="e249c799-ee67-4d1a-b3c1-43a4d55212f2" testListId="8c84fa94-04c1-424b-9868-57a2d4851a1d" />
    <TestEntry testId="bfaedc76-1cf4-713b-4d86-4a6e02709ac8" executionId="5a1fec21-a03d-4d4d-90dc-c88e6681421a" testListId="8c84fa94-04c1-424b-9868-57a2d4851a1d" />
    <TestEntry testId="ea90c80d-da1a-2a5a-0c3b-366266ea4d71" executionId="1ae8baf3-49a0-481c-b87f-881a65aca141" testListId="8c84fa94-04c1-424b-9868-57a2d4851a1d" />
    <TestEntry testId="c6b538ce-33a9-adad-0173-4e7bcaa0a08d" executionId="5f57df50-150d-421c-855c-934f212a0b83" testListId="8c84fa94-04c1-424b-9868-57a2d4851a1d" />
    <TestEntry testId="7ce316e4-55a6-240a-7d5f-0980b3f1ec8f" executionId="151726c1-55c1-4e06-8e15-015a078c0a22" testListId="8c84fa94-04c1-424b-9868-57a2d4851a1d" />
    <TestEntry testId="bff9bc06-6bc4-1d5a-abb4-d46da8afadbc" executionId="5106d95d-0630-46af-b2e6-41768e61c0c3" testListId="8c84fa94-04c1-424b-9868-57a2d4851a1d" />
    <TestEntry testId="fd439eff-020e-b439-13cb-0d553b9c06a9" executionId="83bf3bb3-408a-4d43-b7b2-6449cf5dd091" testListId="8c84fa94-04c1-424b-9868-57a2d4851a1d" />
    <TestEntry testId="68b734b5-1f46-0967-8b50-bd3865321346" executionId="c9639244-a1f0-4478-a4b4-fc26f296823c" testListId="8c84fa94-04c1-424b-9868-57a2d4851a1d" />
    <TestEntry testId="5c3816c1-6eb3-31d1-6176-2e2e744acf0f" executionId="cefd890e-aed6-4755-9df0-47ea116df62d" testListId="8c84fa94-04c1-424b-9868-57a2d4851a1d" />
    <TestEntry testId="ef297977-d1ea-da5f-c606-71b90229a785" executionId="0899d892-a3c5-436c-8626-4a78a0ef1f9e" testListId="8c84fa94-04c1-424b-9868-57a2d4851a1d" />
    <TestEntry testId="8c3a9934-2130-5b99-6ec8-25a22e7f412e" executionId="db58b426-0f65-448f-8d4e-6fb13f38bc91" testListId="8c84fa94-04c1-424b-9868-57a2d4851a1d" />
    <TestEntry testId="30c51aae-283c-e31c-987b-5a1af7283ef2" executionId="671a71d1-f3e7-4844-92b6-d1b388f5f5e4" testListId="8c84fa94-04c1-424b-9868-57a2d4851a1d" />
    <TestEntry testId="60bbb635-d4e7-f7e9-5cfb-31e2767369ae" executionId="25a52226-0c6d-4216-bf6b-4b02a9669858" testListId="8c84fa94-04c1-424b-9868-57a2d4851a1d" />
    <TestEntry testId="ac9d4568-d6b4-a611-6e4e-f240d3f4ce90" executionId="0c474c28-7fa2-4918-b5ef-33b35f88ecd5" testListId="8c84fa94-04c1-424b-9868-57a2d4851a1d" />
    <TestEntry testId="1420802e-f5d0-9eee-37ef-10725cf8f59f" executionId="656bb6bd-e940-4f35-82d3-ba6c57d13da1" testListId="8c84fa94-04c1-424b-9868-57a2d4851a1d" />
    <TestEntry testId="c43da728-aa0d-ac7a-3ae4-7faf9543140d" executionId="3fad3e4b-e882-41af-a37f-f8f3ab43e2e9" testListId="8c84fa94-04c1-424b-9868-57a2d4851a1d" />
    <TestEntry testId="90bf971e-f9d8-7652-34af-ed3c1d48291e" executionId="aa272d0d-044b-4fad-af7e-a3becb777e74" testListId="8c84fa94-04c1-424b-9868-57a2d4851a1d" />
    <TestEntry testId="f45740c1-244c-f7bc-dd90-053ff6b4588e" executionId="900d2711-42aa-4899-a1d6-d36da03faf93" testListId="8c84fa94-04c1-424b-9868-57a2d4851a1d" />
    <TestEntry testId="5f140c77-fdd9-b947-695f-0a91ef8e49ab" executionId="478e3b3d-4d11-4730-ac6f-d3cbce5c1374" testListId="8c84fa94-04c1-424b-9868-57a2d4851a1d" />
    <TestEntry testId="166e698a-e831-ae2a-ae4c-8abfb431f19a" executionId="5aaf9e1d-fd92-481c-8fe0-c84462231a04" testListId="8c84fa94-04c1-424b-9868-57a2d4851a1d" />
    <TestEntry testId="fc706573-da86-dcb9-ed71-58fd6848f599" executionId="d09c1e82-5c46-40d6-8798-a826a765e7d0" testListId="8c84fa94-04c1-424b-9868-57a2d4851a1d" />
    <TestEntry testId="5533c20f-9692-173c-8478-78178e37cf59" executionId="7dffa85e-3e1d-4c9e-85bc-61a2387454e0" testListId="8c84fa94-04c1-424b-9868-57a2d4851a1d" />
    <TestEntry testId="d2dcb5a4-38e8-7798-2b39-cc2521120432" executionId="7189ed57-d640-40fd-9cfa-b7080bb9ef26" testListId="8c84fa94-04c1-424b-9868-57a2d4851a1d" />
    <TestEntry testId="c645fdec-9e6b-0c9d-3338-494816d19f94" executionId="ea2a6650-3492-4a84-9cf1-102528f7483c" testListId="8c84fa94-04c1-424b-9868-57a2d4851a1d" />
    <TestEntry testId="8dbf715d-a808-95da-92f9-d99da704af3b" executionId="89eff13f-d097-466f-bfe1-bf4b65b97716" testListId="8c84fa94-04c1-424b-9868-57a2d4851a1d" />
    <TestEntry testId="800d207a-2fb3-9ccc-1a74-51bfb6f07a80" executionId="3e651fa0-028d-4c33-a86c-f0702effd7db" testListId="8c84fa94-04c1-424b-9868-57a2d4851a1d" />
    <TestEntry testId="15cbc13d-0e26-b323-586b-011a3b76d4ff" executionId="21a33797-fcf5-4265-8bde-e159609c0fb2" testListId="8c84fa94-04c1-424b-9868-57a2d4851a1d" />
    <TestEntry testId="8091342c-3711-1d04-4b10-edb004add822" executionId="640a8e50-ab21-4a8b-9b03-93d7fb76744c" testListId="8c84fa94-04c1-424b-9868-57a2d4851a1d" />
    <TestEntry testId="f6df9b61-58ca-af14-dca4-bc7ec972a9e2" executionId="77514e6a-0e8f-4744-abad-4bf664844295" testListId="8c84fa94-04c1-424b-9868-57a2d4851a1d" />
    <TestEntry testId="1ec8bbf3-be59-da73-188e-1a3de09b6afd" executionId="2723ae9b-2196-4411-a048-5ad57e9fbfe6" testListId="8c84fa94-04c1-424b-9868-57a2d4851a1d" />
    <TestEntry testId="69aa0a84-04b4-a611-68f0-4f684902c7ec" executionId="e1c49790-a48e-49de-836b-9a86d885f91a" testListId="8c84fa94-04c1-424b-9868-57a2d4851a1d" />
    <TestEntry testId="7966f87c-807d-59a7-0742-d55dc582c883" executionId="9cf47faa-5f21-470d-8e85-f4ecba072b61" testListId="8c84fa94-04c1-424b-9868-57a2d4851a1d" />
    <TestEntry testId="a31498af-9726-8744-9f4c-3078aaea89af" executionId="a040bf52-ae33-4968-89ba-5811c7f04df6" testListId="8c84fa94-04c1-424b-9868-57a2d4851a1d" />
    <TestEntry testId="01a6ac1b-9fd2-94d2-b99c-8bbb2591d5aa" executionId="7675cfdf-5491-4ffb-962e-a11ec3e37d10" testListId="8c84fa94-04c1-424b-9868-57a2d4851a1d" />
    <TestEntry testId="40c838ae-27c1-0312-70a3-42308ef4c3a4" executionId="c730e1ad-de68-4fda-be2a-29b68bbba845" testListId="8c84fa94-04c1-424b-9868-57a2d4851a1d" />
    <TestEntry testId="f7027e65-a98c-0dd3-95f1-2b0bf288666e" executionId="7534b784-259d-45b3-a990-ec7bcab21aec" testListId="8c84fa94-04c1-424b-9868-57a2d4851a1d" />
    <TestEntry testId="f7027e65-a98c-0dd3-95f1-2b0bf288666e" executionId="491e2246-eada-414c-bbe6-b097aa17adc0" testListId="8c84fa94-04c1-424b-9868-57a2d4851a1d" />
    <TestEntry testId="b25a2c6e-84da-c9a8-e39c-c42a30ab6d56" executionId="fbabe1ea-e431-4704-a7b5-a353260202e9" testListId="8c84fa94-04c1-424b-9868-57a2d4851a1d" />
    <TestEntry testId="f7027e65-a98c-0dd3-95f1-2b0bf288666e" executionId="d61247fa-326b-4910-a76d-75284fa3800f" testListId="8c84fa94-04c1-424b-9868-57a2d4851a1d" />
    <TestEntry testId="eaa64127-54ac-ddac-5aa4-f97f6c70fae4" executionId="613cffdc-cc5a-4648-81ac-6fc19043930f" testListId="8c84fa94-04c1-424b-9868-57a2d4851a1d" />
    <TestEntry testId="ec1b08d6-49ff-7744-adda-b8bca18e0dba" executionId="8eed6521-3226-446f-bc33-c2e0a0ed6a9d" testListId="8c84fa94-04c1-424b-9868-57a2d4851a1d" />
    <TestEntry testId="34b659ae-e40e-3244-3ec2-d9b8ed4c9aae" executionId="5b28aeee-f9ba-44f6-ad42-b0b79a764953" testListId="8c84fa94-04c1-424b-9868-57a2d4851a1d" />
    <TestEntry testId="4958f0ed-c27d-5e5f-f7ea-6552dc0b9899" executionId="f469edd7-54fd-4f8a-9848-9e35ee647c72" testListId="8c84fa94-04c1-424b-9868-57a2d4851a1d" />
    <TestEntry testId="9b87e751-3776-021f-6464-fec8dc0d9654" executionId="e5017518-fd96-44eb-b284-17f7eb8d7929" testListId="8c84fa94-04c1-424b-9868-57a2d4851a1d" />
    <TestEntry testId="907767fb-d595-b91f-03e3-234efc29e492" executionId="33072555-99b3-4444-8418-504f4b9c8dd2" testListId="8c84fa94-04c1-424b-9868-57a2d4851a1d" />
    <TestEntry testId="257647b4-6745-c26e-1bc3-64856b0490c1" executionId="bbfd9f95-24e8-421a-a5aa-9c5a5209b68b" testListId="8c84fa94-04c1-424b-9868-57a2d4851a1d" />
    <TestEntry testId="93507b67-af54-7ef2-206f-00799f803785" executionId="bb49f376-619c-414b-8162-1c52b2c229b6" testListId="8c84fa94-04c1-424b-9868-57a2d4851a1d" />
    <TestEntry testId="dda5c524-7822-f237-b70e-517c10c6f337" executionId="427c044b-71ef-4756-9b3e-35f8ae3b42f1" testListId="8c84fa94-04c1-424b-9868-57a2d4851a1d" />
    <TestEntry testId="d0d137ca-823e-80dd-5654-00284ae9bd9f" executionId="059ba279-2e5c-414c-b39e-4892758341fc" testListId="8c84fa94-04c1-424b-9868-57a2d4851a1d" />
    <TestEntry testId="48430f80-ec53-c539-549b-d19881238ac7" executionId="60f8f3de-a472-43cd-8d34-20d80fea8972" testListId="8c84fa94-04c1-424b-9868-57a2d4851a1d" />
    <TestEntry testId="4450c8d5-f58b-0d75-a0fd-e2b1a69e9599" executionId="2350c59e-c974-4850-9fe8-ca0a5ffc9956" testListId="8c84fa94-04c1-424b-9868-57a2d4851a1d" />
    <TestEntry testId="9362973c-1f9e-6376-5733-22595b3e25fb" executionId="3eb1e51a-bb95-4455-8bb2-65450c7ffd4e" testListId="8c84fa94-04c1-424b-9868-57a2d4851a1d" />
    <TestEntry testId="85bdca0c-97d6-23bd-7f81-7e90c56a192a" executionId="0c3857b3-7a9e-4d30-aca9-90094673e417" testListId="8c84fa94-04c1-424b-9868-57a2d4851a1d" />
    <TestEntry testId="06855945-d9fb-222c-4cbd-3ebd4370b1bf" executionId="72570979-35d2-42d4-82a4-8a0bcd057002" testListId="8c84fa94-04c1-424b-9868-57a2d4851a1d" />
    <TestEntry testId="f3a4f7e4-cdcc-c9f0-11f5-c5e4193f617c" executionId="6fb1e3bd-6bc7-46c0-add3-37fe32c3d8eb" testListId="8c84fa94-04c1-424b-9868-57a2d4851a1d" />
    <TestEntry testId="0f93be03-4d24-3ffc-33eb-859b7c3191a3" executionId="e7b08273-00de-4ee1-b939-e17766d36511" testListId="8c84fa94-04c1-424b-9868-57a2d4851a1d" />
    <TestEntry testId="da52ef38-b1e7-bc44-55f4-7fe94c0be49e" executionId="9766358a-8702-4cc9-a450-bf2abb21ddab" testListId="8c84fa94-04c1-424b-9868-57a2d4851a1d" />
    <TestEntry testId="f7027e65-a98c-0dd3-95f1-2b0bf288666e" executionId="95d9319f-201c-4898-aa90-4f9581a98945" testListId="8c84fa94-04c1-424b-9868-57a2d4851a1d" />
    <TestEntry testId="398c0bc0-fb32-709a-3dd7-549aa72837de" executionId="b68bddc3-ee2f-4d2a-bed9-51cdfcd88352" testListId="8c84fa94-04c1-424b-9868-57a2d4851a1d" />
    <TestEntry testId="0b64cea4-dd3c-41c1-0f49-df19a3ef484a" executionId="9da14267-1b6d-49fe-b2c5-b129b7ebfd38" testListId="8c84fa94-04c1-424b-9868-57a2d4851a1d" />
    <TestEntry testId="84df83c6-ad85-33ac-374a-d92ef5062f13" executionId="0d59849b-8ba5-4f7d-9082-8a3ede9aeb04" testListId="8c84fa94-04c1-424b-9868-57a2d4851a1d" />
    <TestEntry testId="4c842b06-23ba-9679-5341-63491ab85193" executionId="6de029b8-8d99-46f4-a501-cc519c26ecff" testListId="8c84fa94-04c1-424b-9868-57a2d4851a1d" />
    <TestEntry testId="566b0047-c7b9-3eb3-1d64-4afd15d79cb2" executionId="97dbefdd-3061-4349-97f8-d4ac809d3908" testListId="8c84fa94-04c1-424b-9868-57a2d4851a1d" />
    <TestEntry testId="25310843-3d68-5674-583d-7d36df1ab682" executionId="8a57b461-ba24-4b04-9af5-d09d4082f799" testListId="8c84fa94-04c1-424b-9868-57a2d4851a1d" />
    <TestEntry testId="4ad4646c-ed64-0548-30a4-20058b3918a6" executionId="4544b458-e5a7-4d73-b808-5424bc17cb75" testListId="8c84fa94-04c1-424b-9868-57a2d4851a1d" />
    <TestEntry testId="2c4d82da-c547-c9fc-748b-8167cec18504" executionId="486fa146-9537-45b0-be9a-19450d6213c9" testListId="8c84fa94-04c1-424b-9868-57a2d4851a1d" />
    <TestEntry testId="bec5c278-6ec1-efc3-c555-ab25978e7906" executionId="a853223a-dc26-474a-a3c3-a167ceae97b0" testListId="8c84fa94-04c1-424b-9868-57a2d4851a1d" />
    <TestEntry testId="7db5adf2-652c-9bfe-1a1b-a27bbf2618f4" executionId="81c770a8-b195-4e53-8b86-b3282c3c6ec9" testListId="8c84fa94-04c1-424b-9868-57a2d4851a1d" />
    <TestEntry testId="68c23bbd-60b4-121e-a7b6-a77996da200b" executionId="e71176a3-1b80-4dc8-a981-2ec7a7cd4d2e" testListId="8c84fa94-04c1-424b-9868-57a2d4851a1d" />
    <TestEntry testId="c495decc-b50e-b467-bab4-7c7fa928b5eb" executionId="116e1401-eb25-4b08-a663-c2008e83b60f" testListId="8c84fa94-04c1-424b-9868-57a2d4851a1d" />
    <TestEntry testId="3592b6e4-6a25-916e-2ab9-1b1213d942ed" executionId="c227cc95-8ba3-4da2-93de-db0ea943b056" testListId="8c84fa94-04c1-424b-9868-57a2d4851a1d" />
    <TestEntry testId="cc640fb5-9327-f2ba-f7a1-470ea480d798" executionId="c1fc1fd7-1374-475b-bfbf-5007e3191775" testListId="8c84fa94-04c1-424b-9868-57a2d4851a1d" />
    <TestEntry testId="0f363a96-ecbb-d935-19e5-267c7a78e000" executionId="7277ae02-2bcb-47f1-a84e-1df0c8ad4402" testListId="8c84fa94-04c1-424b-9868-57a2d4851a1d" />
    <TestEntry testId="5a6cda3c-a215-b8f2-ea3d-13f42470bf1d" executionId="29547032-b891-4385-aebd-fa16c2704c59" testListId="8c84fa94-04c1-424b-9868-57a2d4851a1d" />
    <TestEntry testId="c8f2cf2e-a5ab-c0fc-84f1-1550e7ba745b" executionId="30084404-5c61-4c73-9e75-5336f92e0480" testListId="8c84fa94-04c1-424b-9868-57a2d4851a1d" />
    <TestEntry testId="a8beebca-084e-d42a-a339-7c68c5d37b19" executionId="2b547812-b778-495a-bcee-4f41ae1d5d2d" testListId="8c84fa94-04c1-424b-9868-57a2d4851a1d" />
    <TestEntry testId="f2af6028-2142-6a45-36fd-e2270bcfca14" executionId="38d2145d-c4d5-4b07-be7c-069d642b6d98" testListId="8c84fa94-04c1-424b-9868-57a2d4851a1d" />
    <TestEntry testId="7c1d8c40-9430-e388-9c97-35b734644a68" executionId="6084aacb-3a53-4afb-8461-aa69012295fd" testListId="8c84fa94-04c1-424b-9868-57a2d4851a1d" />
    <TestEntry testId="756fc695-e805-5dc0-e722-af6c5a054d2b" executionId="f68062ee-0f83-4f01-a31e-daf54e488fa8" testListId="8c84fa94-04c1-424b-9868-57a2d4851a1d" />
    <TestEntry testId="f7e2cde4-7a77-55bb-4b6a-d2c3262333ce" executionId="24b3ec64-56fe-4a08-a388-3b3f62c520c8" testListId="8c84fa94-04c1-424b-9868-57a2d4851a1d" />
    <TestEntry testId="7ade06a2-239c-914a-e479-f089c22cad73" executionId="2d0c2cc7-72dc-4777-a144-a25481dbe621" testListId="8c84fa94-04c1-424b-9868-57a2d4851a1d" />
    <TestEntry testId="8c06daae-9431-435f-cdf7-d4810b00a679" executionId="081046aa-414c-44c7-a4fd-16be9426acd2" testListId="8c84fa94-04c1-424b-9868-57a2d4851a1d" />
    <TestEntry testId="93ad4f6c-0c12-d26a-1fb6-990b21c6e680" executionId="a3a5c314-6c51-42c1-a8fe-768709beea8b" testListId="8c84fa94-04c1-424b-9868-57a2d4851a1d" />
    <TestEntry testId="8aca3636-85fa-7214-16e7-0168b6371fad" executionId="5f33e8a8-d915-44f6-bb0b-ef01077296a7" testListId="8c84fa94-04c1-424b-9868-57a2d4851a1d" />
    <TestEntry testId="c3973463-0f70-6c87-b9e1-8fdf8d98ec8f" executionId="0ecc396d-b87b-4a2d-a2f4-255407a01b68" testListId="8c84fa94-04c1-424b-9868-57a2d4851a1d" />
    <TestEntry testId="a510c74d-6594-c2c9-0e3a-9f96faf35990" executionId="08d1a8b3-4a56-49d4-ab45-d9e3dcd3994a" testListId="8c84fa94-04c1-424b-9868-57a2d4851a1d" />
    <TestEntry testId="00a1cb18-3a78-e2c7-2005-a6a95d8fea24" executionId="a280415d-32f3-4a54-ae59-9b082b131b7e" testListId="8c84fa94-04c1-424b-9868-57a2d4851a1d" />
    <TestEntry testId="1a64b2e1-3db8-7293-206b-6a522864334a" executionId="9e5f9f80-4994-465e-82aa-92c85c437808" testListId="8c84fa94-04c1-424b-9868-57a2d4851a1d" />
    <TestEntry testId="01636566-ee0a-40b7-2d7d-267de7fe21c7" executionId="23b8bf1f-9025-42a5-9a67-226c9b42dd07" testListId="8c84fa94-04c1-424b-9868-57a2d4851a1d" />
    <TestEntry testId="2aa4b133-ec68-72d1-12a9-9c4bdded6e09" executionId="e1fe2f51-14ac-40fc-a2a9-cbbdda2b85aa" testListId="8c84fa94-04c1-424b-9868-57a2d4851a1d" />
    <TestEntry testId="c132f2d0-02e5-6682-5b1b-3d889c08a3c9" executionId="c3da32ac-60a7-4e69-a901-28e92fe0a5eb" testListId="8c84fa94-04c1-424b-9868-57a2d4851a1d" />
    <TestEntry testId="4f88f77f-19dd-489d-40d6-142461366932" executionId="12b83b7a-b787-49c8-a0be-61c20aaa91cf" testListId="8c84fa94-04c1-424b-9868-57a2d4851a1d" />
    <TestEntry testId="df2003db-1749-9a04-6cda-533da3ee7ea2" executionId="ecba7efd-4be1-48e4-b6fe-60815c72f052" testListId="8c84fa94-04c1-424b-9868-57a2d4851a1d" />
    <TestEntry testId="7bc9fc3e-a32f-63aa-d1a3-1584eb3aa8e8" executionId="bfac107e-2861-48b1-9884-4ee08ee23558" testListId="8c84fa94-04c1-424b-9868-57a2d4851a1d" />
    <TestEntry testId="cb624010-279b-f5dd-3305-92a211ac5df8" executionId="d8a71fd3-e9d4-46f8-bbb6-ec5cbfeea64a" testListId="8c84fa94-04c1-424b-9868-57a2d4851a1d" />
    <TestEntry testId="6b873352-9435-30a7-3b16-961995c9547b" executionId="a102f271-2550-44f6-8f7c-cde7acba2d03" testListId="8c84fa94-04c1-424b-9868-57a2d4851a1d" />
    <TestEntry testId="33af30c9-3b4e-b683-5417-09ce161a4245" executionId="546caa68-7ad8-441c-867b-796ebce68fdd" testListId="8c84fa94-04c1-424b-9868-57a2d4851a1d" />
    <TestEntry testId="5038eb7b-b0d8-504a-9be1-3bf2b64939a2" executionId="7b367652-0b21-4f1e-aa61-37d4de9ffaae" testListId="8c84fa94-04c1-424b-9868-57a2d4851a1d" />
    <TestEntry testId="098e1d00-b2ea-9513-0b0f-0b094c130ede" executionId="e06f5393-0ad7-4811-af70-9f62bd6b8c6e" testListId="8c84fa94-04c1-424b-9868-57a2d4851a1d" />
    <TestEntry testId="389c6b08-8cc7-ecce-2db9-2dafd4d84267" executionId="fd6c9c29-2f89-4024-a851-e40595c770dc" testListId="8c84fa94-04c1-424b-9868-57a2d4851a1d" />
    <TestEntry testId="bb8c3c28-e66b-59a9-e667-77451a6daf69" executionId="d0b727fc-419c-4c5e-ab51-f30723f4ee54" testListId="8c84fa94-04c1-424b-9868-57a2d4851a1d" />
    <TestEntry testId="e6215ad6-c2e1-e982-c86a-74c17013838e" executionId="f19971ac-163e-448d-8fb4-ad75b173fc06" testListId="8c84fa94-04c1-424b-9868-57a2d4851a1d" />
    <TestEntry testId="f540f843-7324-6e45-6b2f-c15deaa967b4" executionId="67f7d07c-9525-42b7-a562-caa33452cebd" testListId="8c84fa94-04c1-424b-9868-57a2d4851a1d" />
    <TestEntry testId="66d5a6d9-bfa7-f7ae-4a99-52ee9d731059" executionId="1fa2de7d-0c40-41ad-8e6d-ab5e4cf128e1" testListId="8c84fa94-04c1-424b-9868-57a2d4851a1d" />
    <TestEntry testId="805b4aea-1b34-2e98-651d-42929371c3c8" executionId="4b6e68b8-f8a5-4dfb-a3cb-89461648f4b8" testListId="8c84fa94-04c1-424b-9868-57a2d4851a1d" />
    <TestEntry testId="ed03321b-4503-e7da-9d58-acee8d297247" executionId="11dbf160-8451-4821-a5f8-42b851714a07" testListId="8c84fa94-04c1-424b-9868-57a2d4851a1d" />
    <TestEntry testId="96519d85-9810-af48-ead7-c319c7a41b14" executionId="6a098b94-76bc-44bb-a01c-744f2bb64e96" testListId="8c84fa94-04c1-424b-9868-57a2d4851a1d" />
  </TestEntries>
  <TestLists>
    <TestList name="Ergebnisse nicht in einer Liste" id="8c84fa94-04c1-424b-9868-57a2d4851a1d" />
    <TestList name="Alle geladenen Ergebnisse" id="19431567-8539-422a-85d7-44ee4e166bda" />
  </TestLists>
  <ResultSummary outcome="Completed">
    <Counters total="256" executed="256" passed="256" failed="0" error="0" timeout="0" aborted="0" inconclusive="0" passedButRunAborted="0" notRunnable="0" notExecuted="0" disconnected="0" warning="0" completed="0" inProgress="0" pending="0" />
    <Output>
      <StdOut>[xUnit.net 00:00:00.00] xUnit.net VSTest Adapter v3.1.5+1b188a7b0a (64-bit .NET 10.0.12)&#xD;
[xUnit.net 00:00:00.92]   Discovering: VideoWebPlayer.Tests&#xD;
[xUnit.net 00:00:01.18]   Discovered:  VideoWebPlayer.Tests&#xD;
[xUnit.net 00:00:01.34]   Starting:    VideoWebPlayer.Tests&#xD;
[xUnit.net 00:00:15.17]   Finished:    VideoWebPlayer.Tests (ID = '4e0991edc9464c2f26592c0e4a87f50fd1e293f9f59fdfc35e9b453efba0254e')&#xD;
</StdOut>
    </Output>
  </ResultSummary>
</TestRun>