<?xml version="1.0" encoding="utf-8"?>
<TestRun id="93534f01-5a29-49a6-be62-cfcf61474b8b" name="Martin@DESKTOP-CM8OBSG 2026-09-22 21:25:47" runUser="DESKTOP-CM8OBSG\Martin" xmlns="http://microsoft.com/schemas/VisualStudio/TeamTest/2010">
  <Times creation="2026-09-22T21:25:47.3687581+02:00" queuing="2026-09-22T21:25:47.3687581+02:00" start="2026-09-22T21:25:43.9676929+02:00" finish="2026-09-22T21:26:57.1310894+02:00" />
  <TestSettings name="default" id="c81b5ad7-009e-497f-b834-42d248e0901c">
    <Deployment runDeploymentRoot="Martin_DESKTOP-CM8OBSG_2026-09-22_21_25_47" />
  </TestSettings>
  <Results>
    <UnitTestResult executionId="df1ec0fe-19a5-4cd9-a0c6-a490edadc525" testId="cddc9bf7-3e15-9ed1-6b56-a3395dde7d81" testName="VideoWebPlayer.Tests.Services.ContinueWatchingWatchedStatusTests.ProcessBufferedEntry_OutsideEndThreshold_DoesNotMarkMovieWatched" computerName="DESKTOP-CM8OBSG" duration="00:00:00.0090754" startTime="2026-09-22T21:25:49.2380499+02:00" endTime="2026-09-22T21:25:49.2471790+02:00" testType="13cdc9d9-ddb5-4fa4-a97d-d965ccfc6d4b" outcome="Passed" testListId="8c84fa94-04c1-424b-9868-57a2d4851a1d" relativeResultsDirectory="df1ec0fe-19a5-4cd9-a0c6-a490edadc525" />
    <UnitTestResult executionId="f18605a1-dcf7-4d40-b82f-0920471baa1f" testId="30c51aae-283c-e31c-987b-5a1af7283ef2" testName="VideoWebPlayer.Tests.RestoreInProgressMiddlewareTests.InvokeAsync_AllowsBackupAdminRoutesDuringRestore" computerName="DESKTOP-CM8OBSG" duration="00:00:00.0115633" startTime="2026-09-22T21:25:48.9092618+02:00" endTime="2026-09-22T21:25:48.9208855+02:00" testType="13cdc9d9-ddb5-4fa4-a97d-d965ccfc6d4b" outcome="Passed" testListId="8c84fa94-04c1-424b-9868-57a2d4851a1d" relativeResultsDirectory="f18605a1-dcf7-4d40-b82f-0920471baa1f" />
    <UnitTestResult executionId="a22ba048-5091-438d-a148-8e55dee4a133" testId="494f5aee-d0e0-c0a0-d124-465d91a8e5fc" testName="VideoWebPlayer.Tests.Services.LocalMediaSourceReaderTests.OpenFileStream_RejectsTraversalOutsideRoot(fileName: &quot;..\\..\\outside.txt&quot;)" computerName="DESKTOP-CM8OBSG" duration="00:00:00.0015298" startTime="2026-09-22T21:25:47.4896739+02:00" endTime="2026-09-22T21:25:47.4912265+02:00" testType="13cdc9d9-ddb5-4fa4-a97d-d965ccfc6d4b" outcome="Passed" testListId="8c84fa94-04c1-424b-9868-57a2d4851a1d" relativeResultsDirectory="a22ba048-5091-438d-a148-8e55dee4a133" />
    <UnitTestResult executionId="9530a7b6-cefb-4274-8cc2-7c9c70f1b8c2" testId="0b64cea4-dd3c-41c1-0f49-df19a3ef484a" testName="VideoWebPlayer.Tests.Services.MediaMetadataEditorServiceTests.UpdateAsync_RejectsInvalidIdsAndNames(objectType: &quot;movie&quot;, id: 0, name: &quot;Title&quot;)" computerName="DESKTOP-CM8OBSG" duration="00:00:00.0004442" startTime="2026-09-22T21:25:48.7955539+02:00" endTime="2026-09-22T21:25:48.7960222+02:00" testType="13cdc9d9-ddb5-4fa4-a97d-d965ccfc6d4b" outcome="Passed" testListId="8c84fa94-04c1-424b-9868-57a2d4851a1d" relativeResultsDirectory="9530a7b6-cefb-4274-8cc2-7c9c70f1b8c2" />
    <UnitTestResult executionId="9bb12242-95a9-46ea-a357-51794e50bd55" testId="436cc92e-e114-dbdd-4f50-4c280b12a769" testName="VideoWebPlayer.Tests.MediaSourceSwitchE2ETests.User_Can_Switch_Source_From_Menu_And_Sees_Only_Selected_Source_Titles" computerName="DESKTOP-CM8OBSG" duration="00:00:10.8754684" startTime="2026-09-22T21:25:47.3957057+02:00" endTime="2026-09-22T21:25:58.2711717+02:00" testType="13cdc9d9-ddb5-4fa4-a97d-d965ccfc6d4b" outcome="Passed" testListId="8c84fa94-04c1-424b-9868-57a2d4851a1d" relativeResultsDirectory="9bb12242-95a9-46ea-a357-51794e50bd55" />
    <UnitTestResult executionId="73716027-df52-4a4b-8ac2-35e943d39776" testId="417b33f7-c42f-9fe7-feb4-c2d76e08d0f5" testName="VideoWebPlayer.Tests.BackupSettingsServiceTests.GetOptionsAsync_MapsUpdateBackupRetentionFromUpdateSettings" computerName="DESKTOP-CM8OBSG" duration="00:00:00.0016460" startTime="2026-09-22T21:25:48.2499217+02:00" endTime="2026-09-22T21:25:48.2515910+02:00" testType="13cdc9d9-ddb5-4fa4-a97d-d965ccfc6d4b" outcome="Passed" testListId="8c84fa94-04c1-424b-9868-57a2d4851a1d" relativeResultsDirectory="73716027-df52-4a4b-8ac2-35e943d39776" />
    <UnitTestResult executionId="c0453948-507c-4d92-9b8b-9667a1a81608" testId="af13adc1-2722-75b2-2d30-566687bbb9a5" testName="VideoWebPlayer.Tests.Services.LocalMediaSourceReaderTests.ReadDirectoryEntries_ListsFoldersAndFiles_IgnoresDotEntries" computerName="DESKTOP-CM8OBSG" duration="00:00:00.0077367" startTime="2026-09-22T21:25:47.3723381+02:00" endTime="2026-09-22T21:25:47.3801049+02:00" testType="13cdc9d9-ddb5-4fa4-a97d-d965ccfc6d4b" outcome="Passed" testListId="8c84fa94-04c1-424b-9868-57a2d4851a1d" relativeResultsDirectory="c0453948-507c-4d92-9b8b-9667a1a81608" />
    <UnitTestResult executionId="e7ce5440-395a-477d-86ed-a575d2b2ba24" testId="9d99957e-80f1-be62-c69b-1bbd442d58f6" testName="VideoWebPlayer.Tests.Services.MediaMetadataEditorServiceTests.UpdateAsync_RejectsReleaseDateForPremieredAtTypes(objectType: &quot;tvshowseason&quot;)" computerName="DESKTOP-CM8OBSG" duration="00:00:00.0020904" startTime="2026-09-22T21:25:48.7909356+02:00" endTime="2026-09-22T21:25:48.7930840+02:00" testType="13cdc9d9-ddb5-4fa4-a97d-d965ccfc6d4b" outcome="Passed" testListId="8c84fa94-04c1-424b-9868-57a2d4851a1d" relativeResultsDirectory="e7ce5440-395a-477d-86ed-a575d2b2ba24" />
    <UnitTestResult executionId="ef123532-2f41-450c-b0c1-3acf2edb6e61" testId="8595183f-6140-ac7f-60a2-1738b83fea3c" testName="VideoWebPlayer.Tests.Services.ContinueWatchingServiceGetNextEpisodeTests.AllEpisodesWithoutReleaseDate_SortsByNumber" computerName="DESKTOP-CM8OBSG" duration="00:00:00.0051348" startTime="2026-09-22T21:25:49.9104227+02:00" endTime="2026-09-22T21:25:49.9155871+02:00" testType="13cdc9d9-ddb5-4fa4-a97d-d965ccfc6d4b" outcome="Passed" testListId="8c84fa94-04c1-424b-9868-57a2d4851a1d" relativeResultsDirectory="ef123532-2f41-450c-b0c1-3acf2edb6e61" />
    <UnitTestResult executionId="e1b906e6-0d20-44dc-a6e7-283e2ef4c060" testId="f45740c1-244c-f7bc-dd90-053ff6b4588e" testName="VideoWebPlayer.Tests.ApplicationDbContextTests.DeleteMediaSourceAsync_RemovesNestedMediaCollections" computerName="DESKTOP-CM8OBSG" duration="00:00:00.4332443" startTime="2026-09-22T21:25:51.9657147+02:00" endTime="2026-09-22T21:25:52.3990163+02:00" testType="13cdc9d9-ddb5-4fa4-a97d-d965ccfc6d4b" outcome="Passed" testListId="8c84fa94-04c1-424b-9868-57a2d4851a1d" relativeResultsDirectory="e1b906e6-0d20-44dc-a6e7-283e2ef4c060" />
    <UnitTestResult executionId="0b345f89-6ff3-42ed-876f-678d6e770a55" testId="33af30c9-3b4e-b683-5417-09ce161a4245" testName="VideoWebPlayer.Tests.Components.MediaBoxContextMenuInteractionTests.PointerPress_DoesNotOpenMenuBeforeDelayCompletes" computerName="DESKTOP-CM8OBSG" duration="00:00:00.0003306" startTime="2026-09-22T21:25:47.5335126+02:00" endTime="2026-09-22T21:25:47.5338659+02:00" testType="13cdc9d9-ddb5-4fa4-a97d-d965ccfc6d4b" outcome="Passed" testListId="8c84fa94-04c1-424b-9868-57a2d4851a1d" relativeResultsDirectory="0b345f89-6ff3-42ed-876f-678d6e770a55" />
    <UnitTestResult executionId="1331f7e3-a010-4398-9196-a07fe4633b37" testId="575b0e54-c8e1-7115-6aec-f34eb643d11d" testName="VideoWebPlayer.Tests.Services.Backups.BackupUploadSessionServiceTests_BeginSession.BeginSessionAsync_WithPathInFileName_Fails" computerName="DESKTOP-CM8OBSG" duration="00:00:00.0012457" startTime="2026-09-22T21:25:49.5792267+02:00" endTime="2026-09-22T21:25:49.5804909+02:00" testType="13cdc9d9-ddb5-4fa4-a97d-d965ccfc6d4b" outcome="Passed" testListId="8c84fa94-04c1-424b-9868-57a2d4851a1d" relativeResultsDirectory="1331f7e3-a010-4398-9196-a07fe4633b37" />
    <UnitTestResult executionId="4e9a1aa7-f9aa-4417-9243-590a0590c135" testId="f3a4f7e4-cdcc-c9f0-11f5-c5e4193f617c" testName="VideoWebPlayer.Tests.Services.EpisodeBackgroundImage.EpisodeBackgroundImageServiceTests.Test_EnsureBackgroundImage_ReturnsFallback_OnGenerationError" computerName="DESKTOP-CM8OBSG" duration="00:00:00.1270553" startTime="2026-09-22T21:25:54.7628572+02:00" endTime="2026-09-22T21:25:54.8899743+02:00" testType="13cdc9d9-ddb5-4fa4-a97d-d965ccfc6d4b" outcome="Passed" testListId="8c84fa94-04c1-424b-9868-57a2d4851a1d" relativeResultsDirectory="4e9a1aa7-f9aa-4417-9243-590a0590c135" />
    <UnitTestResult executionId="767ee913-0205-4ce7-a5a0-d2e607228cb2" testId="26e0cafb-da98-a034-3502-751e22b14ba7" testName="VideoWebPlayer.Tests.MediaSourceLocalDirectoryE2ETests.Edit_LocalSource_TypeSelect_Is_Disabled" computerName="DESKTOP-CM8OBSG" duration="00:00:13.7611880" startTime="2026-09-22T21:25:47.3521222+02:00" endTime="2026-09-22T21:26:01.1132934+02:00" testType="13cdc9d9-ddb5-4fa4-a97d-d965ccfc6d4b" outcome="Passed" testListId="8c84fa94-04c1-424b-9868-57a2d4851a1d" relativeResultsDirectory="767ee913-0205-4ce7-a5a0-d2e607228cb2" />
    <UnitTestResult executionId="00c55326-dedd-4ee0-91de-4b0e521fa280" testId="a7e2b3bf-1ab3-0d82-af1a-d4ecbeec1de6" testName="VideoWebPlayer.Tests.Utils.ByteSizeHelperTests.FormatBytes_UsesLargestFittingUnit(bytes: 512, expected: &quot;512 B&quot;)" computerName="DESKTOP-CM8OBSG" duration="00:00:00.0000252" startTime="2026-09-22T21:25:47.4981283+02:00" endTime="2026-09-22T21:25:47.4981676+02:00" testType="13cdc9d9-ddb5-4fa4-a97d-d965ccfc6d4b" outcome="Passed" testListId="8c84fa94-04c1-424b-9868-57a2d4851a1d" relativeResultsDirectory="00c55326-dedd-4ee0-91de-4b0e521fa280" />
    <UnitTestResult executionId="0711cdf7-f9df-4809-99eb-bd93d6b6c00a" testId="cb624010-279b-f5dd-3305-92a211ac5df8" testName="VideoWebPlayer.Tests.Services.ContinueWatchingServiceGetNextEpisodeTests.NoNextSeason_ReturnsNull" computerName="DESKTOP-CM8OBSG" duration="00:00:00.0116443" startTime="2026-09-22T21:25:49.7137037+02:00" endTime="2026-09-22T21:25:49.7253694+02:00" testType="13cdc9d9-ddb5-4fa4-a97d-d965ccfc6d4b" outcome="Passed" testListId="8c84fa94-04c1-424b-9868-57a2d4851a1d" relativeResultsDirectory="0711cdf7-f9df-4809-99eb-bd93d6b6c00a" />
    <UnitTestResult executionId="442392fc-ed09-44b1-8f06-ba7da1b0a236" testId="a7553402-3d04-1119-5c92-25b5ccf459e1" testName="VideoWebPlayer.Tests.UpdatesControllerAuthorizationTests.Check_ValidatesAntiforgeryToken" computerName="DESKTOP-CM8OBSG" duration="00:00:00.1383044" startTime="2026-09-22T21:25:47.3102320+02:00" endTime="2026-09-22T21:25:47.4545689+02:00" testType="13cdc9d9-ddb5-4fa4-a97d-d965ccfc6d4b" outcome="Passed" testListId="8c84fa94-04c1-424b-9868-57a2d4851a1d" relativeResultsDirectory="442392fc-ed09-44b1-8f06-ba7da1b0a236" />
    <UnitTestResult executionId="482f5a22-a1bd-42e0-8b91-11af9778e512" testId="8aca3636-85fa-7214-16e7-0168b6371fad" testName="VideoWebPlayer.Tests.Services.ContinueWatchingWatchedStatusTests.ProcessBufferedEntry_RepeatedCompletion_UpdatesSingleWatchedEntry" computerName="DESKTOP-CM8OBSG" duration="00:00:00.0288044" startTime="2026-09-22T21:25:49.3315742+02:00" endTime="2026-09-22T21:25:49.3604233+02:00" testType="13cdc9d9-ddb5-4fa4-a97d-d965ccfc6d4b" outcome="Passed" testListId="8c84fa94-04c1-424b-9868-57a2d4851a1d" relativeResultsDirectory="482f5a22-a1bd-42e0-8b91-11af9778e512" />
    <UnitTestResult executionId="74e4740d-b3d1-40f7-b629-76920db449de" testId="800d207a-2fb3-9ccc-1a74-51bfb6f07a80" testName="VideoWebPlayer.Tests.EpisodesControllerBackgroundImageTests.GetBackgroundImage_WhenIfNoneMatchMatchesETag_ReturnsNotModified" computerName="DESKTOP-CM8OBSG" duration="00:00:00.4013840" startTime="2026-09-22T21:25:49.5483742+02:00" endTime="2026-09-22T21:25:49.9497829+02:00" testType="13cdc9d9-ddb5-4fa4-a97d-d965ccfc6d4b" outcome="Passed" testListId="8c84fa94-04c1-424b-9868-57a2d4851a1d" relativeResultsDirectory="74e4740d-b3d1-40f7-b629-76920db449de" />
    <UnitTestResult executionId="0322717f-9378-4499-8153-f8409b0fd82c" testId="a0dba3fc-92ef-a488-a3b3-17f7b7288f96" testName="VideoWebPlayer.Tests.MediaBoxContextMenuPositionE2ETests.OpenMenu_OnFirstCard_StaysWithinViewportBounds(width: 1280, height: 800)" computerName="DESKTOP-CM8OBSG" duration="00:00:07.2076125" startTime="2026-09-22T21:26:16.6949938+02:00" endTime="2026-09-22T21:26:23.9026398+02:00" testType="13cdc9d9-ddb5-4fa4-a97d-d965ccfc6d4b" outcome="Passed" testListId="8c84fa94-04c1-424b-9868-57a2d4851a1d" relativeResultsDirectory="0322717f-9378-4499-8153-f8409b0fd82c" />
    <UnitTestResult executionId="fa77a869-eb3f-4d8c-9741-f7eca12d18f5" testId="aff283d7-e5f6-133b-8345-19d2bbb8c4e2" testName="VideoWebPlayer.Tests.MediaBoxContextMenuPositionE2ETests.OpenMenu_OnFirstCard_StaysWithinViewportBounds(width: 375, height: 667)" computerName="DESKTOP-CM8OBSG" duration="00:00:07.2832937" startTime="2026-09-22T21:26:09.4111565+02:00" endTime="2026-09-22T21:26:16.6944750+02:00" testType="13cdc9d9-ddb5-4fa4-a97d-d965ccfc6d4b" outcome="Passed" testListId="8c84fa94-04c1-424b-9868-57a2d4851a1d" relativeResultsDirectory="fa77a869-eb3f-4d8c-9741-f7eca12d18f5" />
    <UnitTestResult executionId="d210f0c9-8f94-43f2-b92a-1f8f61f6a7fd" testId="dadc6ee2-07c6-b8d7-012e-c560309ab388" testName="VideoWebPlayer.Tests.BackupUploadE2ETests.BackupUpload_InvalidFile_ShowsError" computerName="DESKTOP-CM8OBSG" duration="00:00:03.1440483" startTime="2026-09-22T21:26:10.6338781+02:00" endTime="2026-09-22T21:26:13.7779699+02:00" testType="13cdc9d9-ddb5-4fa4-a97d-d965ccfc6d4b" outcome="Passed" testListId="8c84fa94-04c1-424b-9868-57a2d4851a1d" relativeResultsDirectory="d210f0c9-8f94-43f2-b92a-1f8f61f6a7fd" />
    <UnitTestResult executionId="305d673d-91de-4561-819a-4162941ec187" testId="4dac3f06-3c84-6eb2-de85-788f64e04f25" testName="VideoWebPlayer.Tests.Controllers.ItemsControllerAccessTests.Get_MovieCollection_Without_Access_Returns_Unauthorized" computerName="DESKTOP-CM8OBSG" duration="00:00:00.0075540" startTime="2026-09-22T21:25:49.9493993+02:00" endTime="2026-09-22T21:25:49.9569876+02:00" testType="13cdc9d9-ddb5-4fa4-a97d-d965ccfc6d4b" outcome="Passed" testListId="8c84fa94-04c1-424b-9868-57a2d4851a1d" relativeResultsDirectory="305d673d-91de-4561-819a-4162941ec187" />
    <UnitTestResult executionId="386ce75b-1186-4d76-948e-9da937e9806b" testId="331dbdb7-a524-3cdf-30d8-cdf8d82e6b17" testName="VideoWebPlayer.Tests.Services.EpisodeBackgroundImage.EpisodeBackgroundImageServiceTests.Test_EnsureBackgroundImage_UsesPoster_WhenFanartMissing" computerName="DESKTOP-CM8OBSG" duration="00:00:01.5574307" startTime="2026-09-22T21:25:48.2094963+02:00" endTime="2026-09-22T21:25:49.7669494+02:00" testType="13cdc9d9-ddb5-4fa4-a97d-d965ccfc6d4b" outcome="Passed" testListId="8c84fa94-04c1-424b-9868-57a2d4851a1d" relativeResultsDirectory="386ce75b-1186-4d76-948e-9da937e9806b" />
    <UnitTestResult executionId="68c354ad-005f-47ee-9c4b-2551d107766b" testId="c43da728-aa0d-ac7a-3ae4-7faf9543140d" testName="VideoWebPlayer.Tests.ApiDocumentationContractTests.MauiLogin_RejectsNonMauiApiTokens(apiToken: &quot;test-web-api-token&quot;)" computerName="DESKTOP-CM8OBSG" duration="00:00:05.9365156" startTime="2026-09-22T21:25:48.7797614+02:00" endTime="2026-09-22T21:25:54.7163095+02:00" testType="13cdc9d9-ddb5-4fa4-a97d-d965ccfc6d4b" outcome="Passed" testListId="8c84fa94-04c1-424b-9868-57a2d4851a1d" relativeResultsDirectory="68c354ad-005f-47ee-9c4b-2551d107766b" />
    <UnitTestResult executionId="ed7bc1a6-af51-4f5d-9cb8-b762d55375a3" testId="4450c8d5-f58b-0d75-a0fd-e2b1a69e9599" testName="VideoWebPlayer.Tests.Services.UpdateSettingsServiceTests.UpdateAsync_RejectsInvalidIntervalAndRetentionValues(intervalMinutes: 30, retainedBackups: 0)" computerName="DESKTOP-CM8OBSG" duration="00:00:00.0009390" startTime="2026-09-22T21:25:48.2525289+02:00" endTime="2026-09-22T21:25:48.2534910+02:00" testType="13cdc9d9-ddb5-4fa4-a97d-d965ccfc6d4b" outcome="Passed" testListId="8c84fa94-04c1-424b-9868-57a2d4851a1d" relativeResultsDirectory="ed7bc1a6-af51-4f5d-9cb8-b762d55375a3" />
    <UnitTestResult executionId="9e028686-ddc4-49a3-9e79-4d3b8d5302db" testId="2aa4b133-ec68-72d1-12a9-9c4bdded6e09" testName="VideoWebPlayer.Tests.Services.ContinueWatchingContextMenuActionTests.SkipAsync_LastEpisode_RemovesEntryWithoutReplacement" computerName="DESKTOP-CM8OBSG" duration="00:00:00.0607036" startTime="2026-09-22T21:25:50.0203153+02:00" endTime="2026-09-22T21:25:50.0810769+02:00" testType="13cdc9d9-ddb5-4fa4-a97d-d965ccfc6d4b" outcome="Passed" testListId="8c84fa94-04c1-424b-9868-57a2d4851a1d" relativeResultsDirectory="9e028686-ddc4-49a3-9e79-4d3b8d5302db" />
    <UnitTestResult executionId="7707e7bd-6948-448b-bdb3-67b601b8ba84" testId="900d8a0e-e3ee-3c09-f568-c5e8ba8749b1" testName="VideoWebPlayer.Tests.EpisodesControllerBackgroundImageTests.GetBackgroundImage_WhenEpisodeUnknown_ReturnsNotFound" computerName="DESKTOP-CM8OBSG" duration="00:00:00.4289643" startTime="2026-09-22T21:25:52.3100640+02:00" endTime="2026-09-22T21:25:52.7390908+02:00" testType="13cdc9d9-ddb5-4fa4-a97d-d965ccfc6d4b" outcome="Passed" testListId="8c84fa94-04c1-424b-9868-57a2d4851a1d" relativeResultsDirectory="7707e7bd-6948-448b-bdb3-67b601b8ba84" />
    <UnitTestResult executionId="6f114385-f6a7-4b98-be59-cb954ac8b73b" testId="2ac064c2-bfc2-eae2-9681-0130f68484cf" testName="VideoWebPlayer.Tests.Components.MediaBoxContextMenuInteractionTests.ContextMenuHandler_SuppressesNativeMenuButDoesNotOpenActions" computerName="DESKTOP-CM8OBSG" duration="00:00:00.0035456" startTime="2026-09-22T21:25:47.5340983+02:00" endTime="2026-09-22T21:25:47.5376745+02:00" testType="13cdc9d9-ddb5-4fa4-a97d-d965ccfc6d4b" outcome="Passed" testListId="8c84fa94-04c1-424b-9868-57a2d4851a1d" relativeResultsDirectory="6f114385-f6a7-4b98-be59-cb954ac8b73b" />
    <UnitTestResult executionId="0edee6f7-90db-48c4-9d1d-43d736e1d004" testId="64eba37c-96ce-ccbb-677e-cbbbec9d0c59" testName="VideoWebPlayer.Tests.MediaSourceLocalDirectoryE2ETests.Admin_SeesError_When_Local_Directory_Is_Not_Accessible" computerName="DESKTOP-CM8OBSG" duration="00:00:07.0550763" startTime="2026-09-22T21:26:15.1394109+02:00" endTime="2026-09-22T21:26:22.1945270+02:00" testType="13cdc9d9-ddb5-4fa4-a97d-d965ccfc6d4b" outcome="Passed" testListId="8c84fa94-04c1-424b-9868-57a2d4851a1d" relativeResultsDirectory="0edee6f7-90db-48c4-9d1d-43d736e1d004" />
    <UnitTestResult executionId="c5e781da-92a0-4d9a-8126-bb3ffdeea01b" testId="35642201-cb24-2978-0a0d-61550a45a140" testName="VideoWebPlayer.Tests.TVShowDetailsBackgroundImageUrlBuilderTests.BuildEpisodeBackgroundImageUrl_WithNullAccessToken_StillIncludesQueryParameter" computerName="DESKTOP-CM8OBSG" duration="00:00:00.0128650" startTime="2026-09-22T21:25:47.3102746+02:00" endTime="2026-09-22T21:25:47.3332729+02:00" testType="13cdc9d9-ddb5-4fa4-a97d-d965ccfc6d4b" outcome="Passed" testListId="8c84fa94-04c1-424b-9868-57a2d4851a1d" relativeResultsDirectory="c5e781da-92a0-4d9a-8126-bb3ffdeea01b" />
    <UnitTestResult executionId="c9b73998-24e8-4871-bdf3-4699f12661ed" testId="389c6b08-8cc7-ecce-2db9-2dafd4d84267" testName="VideoWebPlayer.Tests.Utils.ByteSizeHelperTests.FormatBytes_UsesLargestFittingUnit(bytes: 1536, expected: &quot;1.5 KB&quot;)" computerName="DESKTOP-CM8OBSG" duration="00:00:00.0000788" startTime="2026-09-22T21:25:47.4983916+02:00" endTime="2026-09-22T21:25:47.4984842+02:00" testType="13cdc9d9-ddb5-4fa4-a97d-d965ccfc6d4b" outcome="Passed" testListId="8c84fa94-04c1-424b-9868-57a2d4851a1d" relativeResultsDirectory="c9b73998-24e8-4871-bdf3-4699f12661ed" />
    <UnitTestResult executionId="828064d0-e23e-4e73-abef-a7237ae03fa2" testId="3f53d568-6ffe-015a-a4a6-b1c53cd16e90" testName="VideoWebPlayer.Tests.UpdatesPageE2ETests.Admin_Installs_Update_Through_Post_And_Sees_Result" computerName="DESKTOP-CM8OBSG" duration="00:00:02.7125572" startTime="2026-09-22T21:26:12.6742593+02:00" endTime="2026-09-22T21:26:15.3868629+02:00" testType="13cdc9d9-ddb5-4fa4-a97d-d965ccfc6d4b" outcome="Passed" testListId="8c84fa94-04c1-424b-9868-57a2d4851a1d" relativeResultsDirectory="828064d0-e23e-4e73-abef-a7237ae03fa2" />
    <UnitTestResult executionId="50b044af-f5ce-4d60-838a-b5cd8338c2d8" testId="a8beebca-084e-d42a-a339-7c68c5d37b19" testName="VideoWebPlayer.Tests.Services.ContinueWatchingServiceGetNextEpisodeTests.LastEpisodeOfSeason_ReturnsNull_InSameSeason" computerName="DESKTOP-CM8OBSG" duration="00:00:00.0130132" startTime="2026-09-22T21:25:49.7688705+02:00" endTime="2026-09-22T21:25:49.7819282+02:00" testType="13cdc9d9-ddb5-4fa4-a97d-d965ccfc6d4b" outcome="Passed" testListId="8c84fa94-04c1-424b-9868-57a2d4851a1d" relativeResultsDirectory="50b044af-f5ce-4d60-838a-b5cd8338c2d8" />
    <UnitTestResult executionId="88e5332a-5992-4234-954d-a457256efc61" testId="bf76348b-92ab-d7f2-a188-66e71936c0f2" testName="VideoWebPlayer.Tests.Services.ContinueWatchingServiceGetNextEpisodeTests.RegressionTest_LoopScenario_NoInfiniteLoop" computerName="DESKTOP-CM8OBSG" duration="00:00:00.0092330" startTime="2026-09-22T21:25:49.7825707+02:00" endTime="2026-09-22T21:25:49.7918348+02:00" testType="13cdc9d9-ddb5-4fa4-a97d-d965ccfc6d4b" outcome="Passed" testListId="8c84fa94-04c1-424b-9868-57a2d4851a1d" relativeResultsDirectory="88e5332a-5992-4234-954d-a457256efc61" />
    <UnitTestResult executionId="cc88b0f4-5026-4161-b832-4d32042fb1ba" testId="b73d9c02-01de-8726-54b5-c1b6c4dd275b" testName="VideoWebPlayer.Tests.MediaSourceScanServiceTests.ExecuteAsync_AddsMediaItem_WhenSourceContainsMovieFile" computerName="DESKTOP-CM8OBSG" duration="00:00:00.0303433" startTime="2026-09-22T21:26:50.0972197+02:00" endTime="2026-09-22T21:26:50.1275983+02:00" testType="13cdc9d9-ddb5-4fa4-a97d-d965ccfc6d4b" outcome="Passed" testListId="8c84fa94-04c1-424b-9868-57a2d4851a1d" relativeResultsDirectory="cc88b0f4-5026-4161-b832-4d32042fb1ba" />
    <UnitTestResult executionId="075d462a-f33d-46af-9d05-c2f53d12d01d" testId="5af7a2d5-c437-0f74-db1e-23f690192ba6" testName="VideoWebPlayer.Tests.Controllers.ItemsControllerAccessTests.Get_TVShow_Without_Access_Returns_Unauthorized" computerName="DESKTOP-CM8OBSG" duration="00:00:00.0187419" startTime="2026-09-22T21:25:49.7666242+02:00" endTime="2026-09-22T21:25:49.7853884+02:00" testType="13cdc9d9-ddb5-4fa4-a97d-d965ccfc6d4b" outcome="Passed" testListId="8c84fa94-04c1-424b-9868-57a2d4851a1d" relativeResultsDirectory="075d462a-f33d-46af-9d05-c2f53d12d01d" />
    <UnitTestResult executionId="d106f562-f203-4cf7-81d3-9dc34b1afe3a" testId="16c1adda-ced7-a2df-b292-716c2d2b73f3" testName="VideoWebPlayer.Tests.Services.LocalMediaSourceReaderTests.FileExistsAsync_RejectsReparsePointPath" computerName="DESKTOP-CM8OBSG" duration="00:00:00.0321600" startTime="2026-09-22T21:25:47.4520631+02:00" endTime="2026-09-22T21:25:47.4842546+02:00" testType="13cdc9d9-ddb5-4fa4-a97d-d965ccfc6d4b" outcome="Passed" testListId="8c84fa94-04c1-424b-9868-57a2d4851a1d" relativeResultsDirectory="d106f562-f203-4cf7-81d3-9dc34b1afe3a" />
    <UnitTestResult executionId="68efca72-38c0-49b3-80af-fbd8f393286f" testId="db5f03d2-860e-96f7-e490-b4fd5f21b45c" testName="VideoWebPlayer.Tests.Controllers.ItemsControllerLocalSourceTests.StreamMediaItem_LocalMovie_WithoutSourceAccess_ReturnsUnauthorized" computerName="DESKTOP-CM8OBSG" duration="00:00:00.3315085" startTime="2026-09-22T21:25:49.3611970+02:00" endTime="2026-09-22T21:25:49.6927541+02:00" testType="13cdc9d9-ddb5-4fa4-a97d-d965ccfc6d4b" outcome="Passed" testListId="8c84fa94-04c1-424b-9868-57a2d4851a1d" relativeResultsDirectory="68efca72-38c0-49b3-80af-fbd8f393286f" />
    <UnitTestResult executionId="81fd01cf-c03b-4d6f-bc96-bf4cada6ce8b" testId="38839ecc-0125-05c7-b4d6-f0c4665d32b8" testName="VideoWebPlayer.Tests.LocalMediaSourceStreamingE2ETests.Stream_LocalMovie_ReturnsOkWithVideoContent" computerName="DESKTOP-CM8OBSG" duration="00:00:07.4869276" startTime="2026-09-22T21:25:47.3103112+02:00" endTime="2026-09-22T21:25:54.8000953+02:00" testType="13cdc9d9-ddb5-4fa4-a97d-d965ccfc6d4b" outcome="Passed" testListId="8c84fa94-04c1-424b-9868-57a2d4851a1d" relativeResultsDirectory="81fd01cf-c03b-4d6f-bc96-bf4cada6ce8b" />
    <UnitTestResult executionId="a2f23e32-e169-4562-ab59-66d0e8aa47e9" testId="3e7dae7c-6fab-b739-0872-8a0c3374b49a" testName="VideoWebPlayer.Tests.KestrelLimitsTests.ParseMaxRequestBodySize_WithZero_ReturnsNull" computerName="DESKTOP-CM8OBSG" duration="00:00:00.0125125" startTime="2026-09-22T21:25:47.3102309+02:00" endTime="2026-09-22T21:25:47.3332669+02:00" testType="13cdc9d9-ddb5-4fa4-a97d-d965ccfc6d4b" outcome="Passed" testListId="8c84fa94-04c1-424b-9868-57a2d4851a1d" relativeResultsDirectory="a2f23e32-e169-4562-ab59-66d0e8aa47e9" />
    <UnitTestResult executionId="7abdb407-19f6-4e6b-b385-0d82dc324a67" testId="9a45db0d-3890-3014-596c-1f82e308534f" testName="VideoWebPlayer.Tests.MediaSourceDeleteE2ETests.Admin_Can_Delete_MediaSource_And_It_Disappears" computerName="DESKTOP-CM8OBSG" duration="00:00:11.8036204" startTime="2026-09-22T21:25:48.2527084+02:00" endTime="2026-09-22T21:26:00.0563125+02:00" testType="13cdc9d9-ddb5-4fa4-a97d-d965ccfc6d4b" outcome="Passed" testListId="8c84fa94-04c1-424b-9868-57a2d4851a1d" relativeResultsDirectory="7abdb407-19f6-4e6b-b385-0d82dc324a67" />
    <UnitTestResult executionId="e54f665c-64b0-4eb0-bd3b-0e9122a17743" testId="2343bd2f-4e1f-38a7-043a-c9af174c16af" testName="VideoWebPlayer.Tests.MediaSourceScanServiceTests.Services_ScannerAndClassifier_IncrementalSeriesProcessing" computerName="DESKTOP-CM8OBSG" duration="00:00:01.7506953" startTime="2026-09-22T21:26:46.6629980+02:00" endTime="2026-09-22T21:26:48.4137302+02:00" testType="13cdc9d9-ddb5-4fa4-a97d-d965ccfc6d4b" outcome="Passed" testListId="8c84fa94-04c1-424b-9868-57a2d4851a1d" relativeResultsDirectory="e54f665c-64b0-4eb0-bd3b-0e9122a17743" />
    <UnitTestResult executionId="e8f45f8f-378b-45c0-8644-5b4d33559778" testId="951ea8c4-da2d-eeb4-182b-9f08cb19dce1" testName="VideoWebPlayer.Tests.Services.LocalMediaSourceReaderTests.OpenFileStream_RejectsTraversalOutsideRoot(fileName: &quot;C:\\Users\\Martin\\AppData\\Local\\Temp\\vwp-local&quot;···)" computerName="DESKTOP-CM8OBSG" duration="00:00:00.0017345" startTime="2026-09-22T21:25:47.4878066+02:00" endTime="2026-09-22T21:25:47.4895709+02:00" testType="13cdc9d9-ddb5-4fa4-a97d-d965ccfc6d4b" outcome="Passed" testListId="8c84fa94-04c1-424b-9868-57a2d4851a1d" relativeResultsDirectory="e8f45f8f-378b-45c0-8644-5b4d33559778" />
    <UnitTestResult executionId="f33c9abb-a54a-4ff1-973b-ed3985d84af1" testId="7c1d8c40-9430-e388-9c97-35b734644a68" testName="VideoWebPlayer.Tests.Services.UpdateSettingsServiceTests.GetBackupOptionsAsync_ReturnsPersistedUpdateBackupSettings" computerName="DESKTOP-CM8OBSG" duration="00:00:00.0092429" startTime="2026-09-22T21:25:48.3076796+02:00" endTime="2026-09-22T21:25:48.3169501+02:00" testType="13cdc9d9-ddb5-4fa4-a97d-d965ccfc6d4b" outcome="Passed" testListId="8c84fa94-04c1-424b-9868-57a2d4851a1d" relativeResultsDirectory="f33c9abb-a54a-4ff1-973b-ed3985d84af1" />
    <UnitTestResult executionId="7e38b272-f54c-4535-9ab0-81f8f38476a8" testId="aaa530b1-d8f7-3140-f959-5882b26fb3da" testName="VideoWebPlayer.Tests.UpdatesPageE2ETests.Admin_Edits_Resets_And_Saves_Update_Configuration" computerName="DESKTOP-CM8OBSG" duration="00:00:12.2215721" startTime="2026-09-22T21:25:48.3350937+02:00" endTime="2026-09-22T21:26:00.5566638+02:00" testType="13cdc9d9-ddb5-4fa4-a97d-d965ccfc6d4b" outcome="Passed" testListId="8c84fa94-04c1-424b-9868-57a2d4851a1d" relativeResultsDirectory="7e38b272-f54c-4535-9ab0-81f8f38476a8" />
    <UnitTestResult executionId="0bea6a67-52a5-4b61-bc6b-2e124b292d2d" testId="139b3634-57f0-28d2-3613-8ef14b36bdfe" testName="VideoWebPlayer.Tests.Services.MediaMetadataEditorServiceTests.UpdateTVShowAsync_SavesGenresAndRejectsPremieredAt" computerName="DESKTOP-CM8OBSG" duration="00:00:01.1057180" startTime="2026-09-22T21:25:47.3103172+02:00" endTime="2026-09-22T21:25:48.4221779+02:00" testType="13cdc9d9-ddb5-4fa4-a97d-d965ccfc6d4b" outcome="Passed" testListId="8c84fa94-04c1-424b-9868-57a2d4851a1d" relativeResultsDirectory="0bea6a67-52a5-4b61-bc6b-2e124b292d2d" />
    <UnitTestResult executionId="3fc23991-85a5-438f-b0df-56ab1ebfa3d1" testId="c798eb98-71b8-13b7-b02e-d95c3eb24fba" testName="VideoWebPlayer.Tests.Services.ContinueWatchingServiceSignalRTests.ProcessBufferedEntry_Episode_SendsSignalRUpdate" computerName="DESKTOP-CM8OBSG" duration="00:00:00.2749518" startTime="2026-09-22T21:25:48.4822700+02:00" endTime="2026-09-22T21:25:48.7572569+02:00" testType="13cdc9d9-ddb5-4fa4-a97d-d965ccfc6d4b" outcome="Passed" testListId="8c84fa94-04c1-424b-9868-57a2d4851a1d" relativeResultsDirectory="3fc23991-85a5-438f-b0df-56ab1ebfa3d1" />
    <UnitTestResult executionId="a1d666e4-a0f9-443a-bb90-187edabc447b" testId="b821b65b-f0bb-5148-40d4-5695d947f402" testName="VideoWebPlayer.Tests.Controllers.ItemsControllerAccessTests.Get_TVShowEpisode_Without_Access_Returns_Unauthorized" computerName="DESKTOP-CM8OBSG" duration="00:00:00.0366439" startTime="2026-09-22T21:25:49.7856057+02:00" endTime="2026-09-22T21:25:49.8222837+02:00" testType="13cdc9d9-ddb5-4fa4-a97d-d965ccfc6d4b" outcome="Passed" testListId="8c84fa94-04c1-424b-9868-57a2d4851a1d" relativeResultsDirectory="a1d666e4-a0f9-443a-bb90-187edabc447b" />
    <UnitTestResult executionId="4e345c91-5d8c-4748-9d95-34014557a5d2" testId="ef630eab-5aeb-defd-0735-841afd3b7355" testName="VideoWebPlayer.Tests.KestrelLimitsTests.ParseMaxRequestBodySize_WithPositiveValue_ReturnsLimit" computerName="DESKTOP-CM8OBSG" duration="00:00:00.0039239" startTime="2026-09-22T21:25:47.3430648+02:00" endTime="2026-09-22T21:25:47.3470087+02:00" testType="13cdc9d9-ddb5-4fa4-a97d-d965ccfc6d4b" outcome="Passed" testListId="8c84fa94-04c1-424b-9868-57a2d4851a1d" relativeResultsDirectory="4e345c91-5d8c-4748-9d95-34014557a5d2" />
    <UnitTestResult executionId="763784b0-be0a-4e9d-bfb5-df55501592fa" testId="c132f2d0-02e5-6682-5b1b-3d889c08a3c9" testName="VideoWebPlayer.Tests.Services.ContinueWatchingServiceSignalRTests.MultipleUpdates_SendsMultipleEvents" computerName="DESKTOP-CM8OBSG" duration="00:00:00.0098552" startTime="2026-09-22T21:25:48.7689747+02:00" endTime="2026-09-22T21:25:48.7788880+02:00" testType="13cdc9d9-ddb5-4fa4-a97d-d965ccfc6d4b" outcome="Passed" testListId="8c84fa94-04c1-424b-9868-57a2d4851a1d" relativeResultsDirectory="763784b0-be0a-4e9d-bfb5-df55501592fa" />
    <UnitTestResult executionId="8378c745-7a49-409a-ac0e-45cf9efa364b" testId="d1627210-df85-050b-8944-2a64aa8aec5c" testName="VideoWebPlayer.Tests.Utils.ByteSizeHelperTests.SplitBytes_PicksReadableUnit(bytes: 5368709120, expectedValue: 5, expectedUnit: &quot;GB&quot;)" computerName="DESKTOP-CM8OBSG" duration="00:00:00.0000073" startTime="2026-09-22T21:25:47.5023251+02:00" endTime="2026-09-22T21:25:47.5023428+02:00" testType="13cdc9d9-ddb5-4fa4-a97d-d965ccfc6d4b" outcome="Passed" testListId="8c84fa94-04c1-424b-9868-57a2d4851a1d" relativeResultsDirectory="8378c745-7a49-409a-ac0e-45cf9efa364b" />
    <UnitTestResult executionId="e2928da9-0105-4d06-8eb2-7f0b2830aa6c" testId="2c4ce002-d078-5136-52e3-9cd14e3a4232" testName="VideoWebPlayer.Tests.UpdatesControllerAuthorizationTests.ActionEndpoint_IsExposedAsServerSidePost(methodName: &quot;Check&quot;, template: &quot;check&quot;)" computerName="DESKTOP-CM8OBSG" duration="00:00:00.0001610" startTime="2026-09-22T21:25:47.4596335+02:00" endTime="2026-09-22T21:25:47.4598136+02:00" testType="13cdc9d9-ddb5-4fa4-a97d-d965ccfc6d4b" outcome="Passed" testListId="8c84fa94-04c1-424b-9868-57a2d4851a1d" relativeResultsDirectory="e2928da9-0105-4d06-8eb2-7f0b2830aa6c" />
    <UnitTestResult executionId="451a1f38-d84c-4704-9d68-eee3f826dfe9" testId="f8838c04-7a55-79c2-1bfc-206e3de10bb0" testName="VideoWebPlayer.Tests.Services.Backups.VideoWebPlayerBackupFacadeTests.ImportUploadFileAsync_NameWithoutBakExtension_AppendsExtension" computerName="DESKTOP-CM8OBSG" duration="00:00:00.0419280" startTime="2026-09-22T21:25:50.4923637+02:00" endTime="2026-09-22T21:25:50.5343404+02:00" testType="13cdc9d9-ddb5-4fa4-a97d-d965ccfc6d4b" outcome="Passed" testListId="8c84fa94-04c1-424b-9868-57a2d4851a1d" relativeResultsDirectory="451a1f38-d84c-4704-9d68-eee3f826dfe9" />
    <UnitTestResult executionId="7b4b2262-2188-43a5-9a02-afb154610fba" testId="c516b12f-2af5-3e0f-27e3-553e9a7c06da" testName="VideoWebPlayer.Tests.Services.VideoWebPlayerUpdateBackupServiceTests.CreateBackupAsync_WhenBackupFails_ReturnsFailureAndWritesHistory" computerName="DESKTOP-CM8OBSG" duration="00:00:00.0330267" startTime="2026-09-22T21:25:48.2114991+02:00" endTime="2026-09-22T21:25:48.2445669+02:00" testType="13cdc9d9-ddb5-4fa4-a97d-d965ccfc6d4b" outcome="Passed" testListId="8c84fa94-04c1-424b-9868-57a2d4851a1d" relativeResultsDirectory="7b4b2262-2188-43a5-9a02-afb154610fba" />
    <UnitTestResult executionId="d34a6b2e-d659-4b53-9662-1cc588c5d2f8" testId="257647b4-6745-c26e-1bc3-64856b0490c1" testName="VideoWebPlayer.Tests.Services.EpisodeBackgroundImage.EpisodeBackgroundImageGeneratorTests.Test_CreateCanvasWithScaledImage_PlacesImageCentered" computerName="DESKTOP-CM8OBSG" duration="00:00:00.0055165" startTime="2026-09-22T21:25:47.9197608+02:00" endTime="2026-09-22T21:25:47.9253091+02:00" testType="13cdc9d9-ddb5-4fa4-a97d-d965ccfc6d4b" outcome="Passed" testListId="8c84fa94-04c1-424b-9868-57a2d4851a1d" relativeResultsDirectory="d34a6b2e-d659-4b53-9662-1cc588c5d2f8" />
    <UnitTestResult executionId="f0fa8fe6-cebb-4063-ba56-2d0ceaef663b" testId="69aa0a84-04b4-a611-68f0-4f684902c7ec" testName="VideoWebPlayer.Tests.Controllers.ItemsControllerAccessTests.Get_MovieCollection_Unlocked_Returns_Ok" computerName="DESKTOP-CM8OBSG" duration="00:00:00.0546440" startTime="2026-09-22T21:25:49.8333042+02:00" endTime="2026-09-22T21:25:49.8880039+02:00" testType="13cdc9d9-ddb5-4fa4-a97d-d965ccfc6d4b" outcome="Passed" testListId="8c84fa94-04c1-424b-9868-57a2d4851a1d" relativeResultsDirectory="f0fa8fe6-cebb-4063-ba56-2d0ceaef663b" />
    <UnitTestResult executionId="be4f5312-fbb6-4df5-9b77-f59f335fd335" testId="d7851fa2-2664-eda9-fbe8-a936c62a0d05" testName="VideoWebPlayer.Tests.MediaSourceClassifierBackgroundImageTests.ClassifyAllAsync_MarksBackgroundForUpdate_WhenNewFanartFileAppearsForEpisodeWithExistingGeneratedBackground" computerName="DESKTOP-CM8OBSG" duration="00:00:00.1335818" startTime="2026-09-22T21:26:51.5305551+02:00" endTime="2026-09-22T21:26:51.6641711+02:00" testType="13cdc9d9-ddb5-4fa4-a97d-d965ccfc6d4b" outcome="Passed" testListId="8c84fa94-04c1-424b-9868-57a2d4851a1d" relativeResultsDirectory="be4f5312-fbb6-4df5-9b77-f59f335fd335" />
    <UnitTestResult executionId="202c8d04-7a69-465f-acaa-001f8dd5c371" testId="01636566-ee0a-40b7-2d7d-267de7fe21c7" testName="VideoWebPlayer.Tests.Utils.ByteSizeHelperTests.ToBytes_ConvertsUnitValueToBytes(value: 1, unit: null, expected: 1048576)" computerName="DESKTOP-CM8OBSG" duration="00:00:00.0000076" startTime="2026-09-22T21:25:47.4968297+02:00" endTime="2026-09-22T21:25:47.4968497+02:00" testType="13cdc9d9-ddb5-4fa4-a97d-d965ccfc6d4b" outcome="Passed" testListId="8c84fa94-04c1-424b-9868-57a2d4851a1d" relativeResultsDirectory="202c8d04-7a69-465f-acaa-001f8dd5c371" />
    <UnitTestResult executionId="66768221-1ebf-4d75-bceb-f25ddae23b12" testId="34b659ae-e40e-3244-3ec2-d9b8ed4c9aae" testName="VideoWebPlayer.Tests.Services.UpdateSettingsServiceTests.GetDefaultSettings_UsesSameConfiguredFallbacksAsNewSettings" computerName="DESKTOP-CM8OBSG" duration="00:00:00.0002602" startTime="2026-09-22T21:25:48.2987180+02:00" endTime="2026-09-22T21:25:48.2989951+02:00" testType="13cdc9d9-ddb5-4fa4-a97d-d965ccfc6d4b" outcome="Passed" testListId="8c84fa94-04c1-424b-9868-57a2d4851a1d" relativeResultsDirectory="66768221-1ebf-4d75-bceb-f25ddae23b12" />
    <UnitTestResult executionId="133dbbe6-37ff-4812-92a1-7da977e8d5c1" testId="df962fa3-c21d-cd1a-fc3e-fa5238b2610d" testName="VideoWebPlayer.Tests.Services.UpdateBackupCoordinatorTests.CreateBackupAsync_WithoutRegisteredBackupServiceAndFailureAllowed_AllowsInstallation" computerName="DESKTOP-CM8OBSG" duration="00:00:00.0024821" startTime="2026-09-22T21:25:48.2062410+02:00" endTime="2026-09-22T21:25:48.2087622+02:00" testType="13cdc9d9-ddb5-4fa4-a97d-d965ccfc6d4b" outcome="Passed" testListId="8c84fa94-04c1-424b-9868-57a2d4851a1d" relativeResultsDirectory="133dbbe6-37ff-4812-92a1-7da977e8d5c1" />
    <UnitTestResult executionId="6f12518a-5aa5-4992-b930-16da1972aac2" testId="b6d74adb-d445-6512-dc44-f391363241e1" testName="VideoWebPlayer.Tests.LocalMediaSourcePipelineE2ETests.LocalSource_ScanAndClassify_ExposesTvShowViaApi" computerName="DESKTOP-CM8OBSG" duration="00:00:06.1481788" startTime="2026-09-22T21:25:49.0241585+02:00" endTime="2026-09-22T21:25:55.1723650+02:00" testType="13cdc9d9-ddb5-4fa4-a97d-d965ccfc6d4b" outcome="Passed" testListId="8c84fa94-04c1-424b-9868-57a2d4851a1d" relativeResultsDirectory="6f12518a-5aa5-4992-b930-16da1972aac2" />
    <UnitTestResult executionId="78fe5c74-68ea-4180-a6a8-9ea8c08d93ea" testId="9b87e751-3776-021f-6464-fec8dc0d9654" testName="VideoWebPlayer.Tests.Components.MediaBoxContextMenuInteractionTests.MediaBox_RendersWatchedIndicatorOnlyWhenWatchedAtIsSet" computerName="DESKTOP-CM8OBSG" duration="00:00:00.0017075" startTime="2026-09-22T21:25:47.5420178+02:00" endTime="2026-09-22T21:25:47.5437559+02:00" testType="13cdc9d9-ddb5-4fa4-a97d-d965ccfc6d4b" outcome="Passed" testListId="8c84fa94-04c1-424b-9868-57a2d4851a1d" relativeResultsDirectory="78fe5c74-68ea-4180-a6a8-9ea8c08d93ea" />
    <UnitTestResult executionId="253bd551-458a-4990-aef7-69971cebf6d4" testId="6adbaf68-06e8-e324-c0a8-87f8e26b9b58" testName="VideoWebPlayer.Tests.EpisodesControllerBackgroundImageTests.GetBackgroundImage_WhenSuccessful_SetsCacheControlAndETagHeaders" computerName="DESKTOP-CM8OBSG" duration="00:00:00.5598778" startTime="2026-09-22T21:25:48.9881423+02:00" endTime="2026-09-22T21:25:49.5480535+02:00" testType="13cdc9d9-ddb5-4fa4-a97d-d965ccfc6d4b" outcome="Passed" testListId="8c84fa94-04c1-424b-9868-57a2d4851a1d" relativeResultsDirectory="253bd551-458a-4990-aef7-69971cebf6d4" />
    <UnitTestResult executionId="9da93dd4-1a93-4382-8fe1-a4b58cdf9fe2" testId="42210038-7787-374c-e3d9-6c18b35f56d9" testName="VideoWebPlayer.Tests.Services.MediaSourceReaderDispatcherTests.ReadRootDirectory_WithLocalDirectorySource_UsesLocalReader" computerName="DESKTOP-CM8OBSG" duration="00:00:00.0027873" startTime="2026-09-22T21:25:47.3563125+02:00" endTime="2026-09-22T21:25:47.3591236+02:00" testType="13cdc9d9-ddb5-4fa4-a97d-d965ccfc6d4b" outcome="Passed" testListId="8c84fa94-04c1-424b-9868-57a2d4851a1d" relativeResultsDirectory="9da93dd4-1a93-4382-8fe1-a4b58cdf9fe2" />
    <UnitTestResult executionId="b60d0a93-a9f5-4672-8ebd-1ed87118a487" testId="5106a795-54f2-5849-1e6a-7b961056dbe0" testName="VideoWebPlayer.Tests.MediaBoxContextMenuPositionE2ETests.OpenMenu_OnLastCard_StaysWithinViewportBounds(width: 1280, height: 800)" computerName="DESKTOP-CM8OBSG" duration="00:00:12.1420448" startTime="2026-09-22T21:25:49.9652409+02:00" endTime="2026-09-22T21:26:02.1072627+02:00" testType="13cdc9d9-ddb5-4fa4-a97d-d965ccfc6d4b" outcome="Passed" testListId="8c84fa94-04c1-424b-9868-57a2d4851a1d" relativeResultsDirectory="b60d0a93-a9f5-4672-8ebd-1ed87118a487" />
    <UnitTestResult executionId="a5ec86c3-fe2b-4847-b7a3-f1a249d9ec62" testId="f540f843-7324-6e45-6b2f-c15deaa967b4" testName="VideoWebPlayer.Tests.Components.MediaBoxContextMenuInteractionTests.RecentEntriesList_DoesNotPassContextActionsToMediaBox" computerName="DESKTOP-CM8OBSG" duration="00:00:00.0027471" startTime="2026-09-22T21:25:47.5389165+02:00" endTime="2026-09-22T21:25:47.5417013+02:00" testType="13cdc9d9-ddb5-4fa4-a97d-d965ccfc6d4b" outcome="Passed" testListId="8c84fa94-04c1-424b-9868-57a2d4851a1d" relativeResultsDirectory="a5ec86c3-fe2b-4847-b7a3-f1a249d9ec62" />
    <UnitTestResult executionId="e265f0ec-b562-4d1a-8746-3124e2e9df92" testId="da52ef38-b1e7-bc44-55f4-7fe94c0be49e" testName="VideoWebPlayer.Tests.Services.MediaMetadataEditorServiceTests.UpdateMovieAsync_SavesMetadataAndCreatesNewGenres" computerName="DESKTOP-CM8OBSG" duration="00:00:00.2114227" startTime="2026-09-22T21:25:48.5382473+02:00" endTime="2026-09-22T21:25:48.7497186+02:00" testType="13cdc9d9-ddb5-4fa4-a97d-d965ccfc6d4b" outcome="Passed" testListId="8c84fa94-04c1-424b-9868-57a2d4851a1d" relativeResultsDirectory="e265f0ec-b562-4d1a-8746-3124e2e9df92" />
    <UnitTestResult executionId="c736577c-0c7c-4263-af27-52b644f3eae4" testId="8dbf715d-a808-95da-92f9-d99da704af3b" testName="VideoWebPlayer.Tests.Services.ContinueWatchingServiceGetNextEpisodeTests.AllEpisodesWithReleaseDate_SortsCorrectly" computerName="DESKTOP-CM8OBSG" duration="00:00:00.0220578" startTime="2026-09-22T21:25:49.9691769+02:00" endTime="2026-09-22T21:25:49.9913025+02:00" testType="13cdc9d9-ddb5-4fa4-a97d-d965ccfc6d4b" outcome="Passed" testListId="8c84fa94-04c1-424b-9868-57a2d4851a1d" relativeResultsDirectory="c736577c-0c7c-4263-af27-52b644f3eae4" />
    <UnitTestResult executionId="42ade03b-cc02-4d63-8f07-188aa1bdc629" testId="c08d7d10-d13f-6912-80b9-f1d287c9b2fa" testName="VideoWebPlayer.Tests.ApplicationDbContextTests.MediaSource_DefaultsToSftpSourceType" computerName="DESKTOP-CM8OBSG" duration="00:00:00.1124453" startTime="2026-09-22T21:25:51.6954907+02:00" endTime="2026-09-22T21:25:51.8080000+02:00" testType="13cdc9d9-ddb5-4fa4-a97d-d965ccfc6d4b" outcome="Passed" testListId="8c84fa94-04c1-424b-9868-57a2d4851a1d" relativeResultsDirectory="42ade03b-cc02-4d63-8f07-188aa1bdc629" />
    <UnitTestResult executionId="7c746177-6f8b-45f0-a4d3-4e5556a75b59" testId="805b4aea-1b34-2e98-651d-42929371c3c8" testName="VideoWebPlayer.Tests.ItemsControllerMetadataTests.UpdateMetadata_WhenMovieCollectionUpdateIsValid_ReturnsOk" computerName="DESKTOP-CM8OBSG" duration="00:00:00.0385116" startTime="2026-09-22T21:25:50.6218610+02:00" endTime="2026-09-22T21:25:50.6604131+02:00" testType="13cdc9d9-ddb5-4fa4-a97d-d965ccfc6d4b" outcome="Passed" testListId="8c84fa94-04c1-424b-9868-57a2d4851a1d" relativeResultsDirectory="7c746177-6f8b-45f0-a4d3-4e5556a75b59" />
    <UnitTestResult executionId="785a9584-1587-4323-867b-e5dac45dd215" testId="2e1bb7a8-d87d-b39c-8bbb-1ae3b6eb973e" testName="VideoWebPlayer.Tests.Controllers.ActorsControllerTests.GetActor_Aggregates_Movie_Collections_And_TV_Shows" computerName="DESKTOP-CM8OBSG" duration="00:00:00.4003679" startTime="2026-09-22T21:25:49.7253721+02:00" endTime="2026-09-22T21:25:50.1257790+02:00" testType="13cdc9d9-ddb5-4fa4-a97d-d965ccfc6d4b" outcome="Passed" testListId="8c84fa94-04c1-424b-9868-57a2d4851a1d" relativeResultsDirectory="785a9584-1587-4323-867b-e5dac45dd215" />
    <UnitTestResult executionId="89062b0b-60e1-4a85-84ab-c20b953816db" testId="aebe2a70-94a5-afb5-cb19-b307a9f7d77b" testName="VideoWebPlayer.Tests.Services.WatchedStatusServiceTests.MarkWatchedAsync_StoresMovieAndEpisodePerUser" computerName="DESKTOP-CM8OBSG" duration="00:00:00.2410226" startTime="2026-09-22T21:25:50.1182641+02:00" endTime="2026-09-22T21:25:50.3593372+02:00" testType="13cdc9d9-ddb5-4fa4-a97d-d965ccfc6d4b" outcome="Passed" testListId="8c84fa94-04c1-424b-9868-57a2d4851a1d" relativeResultsDirectory="89062b0b-60e1-4a85-84ab-c20b953816db" />
    <UnitTestResult executionId="b3d7a66e-5d3b-40ff-a79f-05f1987ab007" testId="70963d8f-69f1-d549-b5e0-4d4ae50e8181" testName="VideoWebPlayer.Tests.Services.UpdateAdminServiceTests.GetSnapshotAsync_IncludesSettingsStatusAndDefaultSettings" computerName="DESKTOP-CM8OBSG" duration="00:00:00.0053178" startTime="2026-09-22T21:25:47.4491814+02:00" endTime="2026-09-22T21:25:47.4545272+02:00" testType="13cdc9d9-ddb5-4fa4-a97d-d965ccfc6d4b" outcome="Passed" testListId="8c84fa94-04c1-424b-9868-57a2d4851a1d" relativeResultsDirectory="b3d7a66e-5d3b-40ff-a79f-05f1987ab007" />
    <UnitTestResult executionId="fd64ffff-c365-439d-85af-4475e680e731" testId="235faf4b-a8f8-7e0f-3aff-a0643ce2d7c5" testName="VideoWebPlayer.Tests.BackupUploadE2ETests.BackupUpload_ValidFile_ShowsProgressAndImportsBackup" computerName="DESKTOP-CM8OBSG" duration="00:00:03.2397942" startTime="2026-09-22T21:26:13.7786430+02:00" endTime="2026-09-22T21:26:17.0184769+02:00" testType="13cdc9d9-ddb5-4fa4-a97d-d965ccfc6d4b" outcome="Passed" testListId="8c84fa94-04c1-424b-9868-57a2d4851a1d" relativeResultsDirectory="fd64ffff-c365-439d-85af-4475e680e731" />
    <UnitTestResult executionId="4bc31f56-d691-43be-a2cc-db61962cce52" testId="09dbbb0f-b24d-d70e-0312-023d9be12a27" testName="VideoWebPlayer.Tests.Services.UpdateBackupCoordinatorTests.CreateBackupAsync_WhenBackupFails_BlocksInstallation" computerName="DESKTOP-CM8OBSG" duration="00:00:00.0101498" startTime="2026-09-22T21:25:48.3076663+02:00" endTime="2026-09-22T21:25:48.3178351+02:00" testType="13cdc9d9-ddb5-4fa4-a97d-d965ccfc6d4b" outcome="Passed" testListId="8c84fa94-04c1-424b-9868-57a2d4851a1d" relativeResultsDirectory="4bc31f56-d691-43be-a2cc-db61962cce52" />
    <UnitTestResult executionId="627b79c6-a5bb-464f-a552-ae0fbb0809e5" testId="9fe4a074-a906-98d4-5e76-6e563fa7d8bc" testName="VideoWebPlayer.Tests.EpisodesControllerBackgroundImageTests.GetBackgroundImage_WhenNoGeneratedImage_FallsBackToBannerOrFanart" computerName="DESKTOP-CM8OBSG" duration="00:00:00.5349842" startTime="2026-09-22T21:25:51.3993596+02:00" endTime="2026-09-22T21:25:51.9343695+02:00" testType="13cdc9d9-ddb5-4fa4-a97d-d965ccfc6d4b" outcome="Passed" testListId="8c84fa94-04c1-424b-9868-57a2d4851a1d" relativeResultsDirectory="627b79c6-a5bb-464f-a552-ae0fbb0809e5" />
    <UnitTestResult executionId="319ec5f1-9e94-4937-94a0-4f53db9119ad" testId="15cbc13d-0e26-b323-586b-011a3b76d4ff" testName="VideoWebPlayer.Tests.MetadataEditModelValidationTests.Validate_WhenTitleIsEmpty_ReturnsTitleRequiredMessage" computerName="DESKTOP-CM8OBSG" duration="00:00:00.0003346" startTime="2026-09-22T21:25:47.3434611+02:00" endTime="2026-09-22T21:25:47.3438175+02:00" testType="13cdc9d9-ddb5-4fa4-a97d-d965ccfc6d4b" outcome="Passed" testListId="8c84fa94-04c1-424b-9868-57a2d4851a1d" relativeResultsDirectory="319ec5f1-9e94-4937-94a0-4f53db9119ad" />
    <UnitTestResult executionId="d9762c43-d876-4fb0-8d61-129178a365e9" testId="93c53c2f-d9f3-affc-cce2-0ab8d8012e51" testName="VideoWebPlayer.Tests.BackupsControllerAuthorizationTests.GetUploadStatusEndpoint_IsExposedAsGet" computerName="DESKTOP-CM8OBSG" duration="00:00:00.0007971" startTime="2026-09-22T21:25:49.9599576+02:00" endTime="2026-09-22T21:25:49.9607707+02:00" testType="13cdc9d9-ddb5-4fa4-a97d-d965ccfc6d4b" outcome="Passed" testListId="8c84fa94-04c1-424b-9868-57a2d4851a1d" relativeResultsDirectory="d9762c43-d876-4fb0-8d61-129178a365e9" />
    <UnitTestResult executionId="6730222a-aa45-4e8c-90ae-82bf1fed56c5" testId="414a7113-f2c5-02ba-6cc0-76feb01aaf1a" testName="VideoWebPlayer.Tests.Services.MediaEntryFilterTests.IsIgnoredEntry_RegularName_ReturnsFalse(name: &quot;folder&quot;)" computerName="DESKTOP-CM8OBSG" duration="00:00:00.0000094" startTime="2026-09-22T21:25:47.3550041+02:00" endTime="2026-09-22T21:25:47.3550270+02:00" testType="13cdc9d9-ddb5-4fa4-a97d-d965ccfc6d4b" outcome="Passed" testListId="8c84fa94-04c1-424b-9868-57a2d4851a1d" relativeResultsDirectory="6730222a-aa45-4e8c-90ae-82bf1fed56c5" />
    <UnitTestResult executionId="185dc380-0c3c-4beb-affa-93f88f83e5b8" testId="234b99e7-2407-bdc0-da1b-e8ae21457858" testName="VideoWebPlayer.Tests.MetadataEditorUiStateTests.DetailsPage_OrdersAssignedGenresFirst(fileName: &quot;MovieCollectionDetails.razor&quot;)" computerName="DESKTOP-CM8OBSG" duration="00:00:00.0018993" startTime="2026-09-22T21:25:50.1730973+02:00" endTime="2026-09-22T21:25:50.1750255+02:00" testType="13cdc9d9-ddb5-4fa4-a97d-d965ccfc6d4b" outcome="Passed" testListId="8c84fa94-04c1-424b-9868-57a2d4851a1d" relativeResultsDirectory="185dc380-0c3c-4beb-affa-93f88f83e5b8" />
    <UnitTestResult executionId="c699da70-41f1-4e1b-bfee-074e15cae4ab" testId="f2af6028-2142-6a45-36fd-e2270bcfca14" testName="VideoWebPlayer.Tests.Components.MediaBoxContextMenuInteractionTests.PointerCancel_ClosesOpenMenuAndClearsClickSuppression" computerName="DESKTOP-CM8OBSG" duration="00:00:00.0004433" startTime="2026-09-22T21:25:47.5301866+02:00" endTime="2026-09-22T21:25:47.5306605+02:00" testType="13cdc9d9-ddb5-4fa4-a97d-d965ccfc6d4b" outcome="Passed" testListId="8c84fa94-04c1-424b-9868-57a2d4851a1d" relativeResultsDirectory="c699da70-41f1-4e1b-bfee-074e15cae4ab" />
    <UnitTestResult executionId="4e9b4678-155b-4ffe-bc37-e683ec86f4d2" testId="68d79439-49b0-e8ef-f6a6-61af8d635f9e" testName="VideoWebPlayer.Tests.Services.MediaSourceScannerLocalTests.ScanAllSourcesAsync_CreatesRootCollection_ForLocalSource" computerName="DESKTOP-CM8OBSG" duration="00:00:00.2932562" startTime="2026-09-22T21:25:50.2721030+02:00" endTime="2026-09-22T21:25:50.5653900+02:00" testType="13cdc9d9-ddb5-4fa4-a97d-d965ccfc6d4b" outcome="Passed" testListId="8c84fa94-04c1-424b-9868-57a2d4851a1d" relativeResultsDirectory="4e9b4678-155b-4ffe-bc37-e683ec86f4d2" />
    <UnitTestResult executionId="ee5e2ea6-6d02-4378-b1c0-835ac2536cff" testId="4d910e3a-c953-bbbc-e940-0e20ecee7fe6" testName="VideoWebPlayer.Tests.Services.EpisodeBackgroundImage.EpisodeBackgroundImageGeneratorTests.Test_GenerateBackgroundImage_WithMissingFanart_ReturnsNull" computerName="DESKTOP-CM8OBSG" duration="00:00:00.0037092" startTime="2026-09-22T21:25:47.5344443+02:00" endTime="2026-09-22T21:25:47.5381679+02:00" testType="13cdc9d9-ddb5-4fa4-a97d-d965ccfc6d4b" outcome="Passed" testListId="8c84fa94-04c1-424b-9868-57a2d4851a1d" relativeResultsDirectory="ee5e2ea6-6d02-4378-b1c0-835ac2536cff" />
    <UnitTestResult executionId="01edcecf-4b95-4c56-bbfa-5b9b478379af" testId="0f36ad0b-e6bc-1693-278d-6f67cae37ccd" testName="VideoWebPlayer.Tests.Utils.ByteSizeHelperTests.SplitBytes_PicksReadableUnit(bytes: 536870912, expectedValue: 512, expectedUnit: &quot;MB&quot;)" computerName="DESKTOP-CM8OBSG" duration="00:00:00.0002351" startTime="2026-09-22T21:25:47.5016816+02:00" endTime="2026-09-22T21:25:47.5019340+02:00" testType="13cdc9d9-ddb5-4fa4-a97d-d965ccfc6d4b" outcome="Passed" testListId="8c84fa94-04c1-424b-9868-57a2d4851a1d" relativeResultsDirectory="01edcecf-4b95-4c56-bbfa-5b9b478379af" />
    <UnitTestResult executionId="a13e4f2e-b975-4298-80f9-a82e00792add" testId="fd439eff-020e-b439-13cb-0d553b9c06a9" testName="VideoWebPlayer.Tests.Components.MediaBoxContextMenuInteractionTests.PointerReleaseBeforeDelay_CancelsLongPressWithoutOpeningMenu" computerName="DESKTOP-CM8OBSG" duration="00:00:00.0008788" startTime="2026-09-22T21:25:47.5205207+02:00" endTime="2026-09-22T21:25:47.5214419+02:00" testType="13cdc9d9-ddb5-4fa4-a97d-d965ccfc6d4b" outcome="Passed" testListId="8c84fa94-04c1-424b-9868-57a2d4851a1d" relativeResultsDirectory="a13e4f2e-b975-4298-80f9-a82e00792add" />
    <UnitTestResult executionId="3c66465d-e73c-4d77-98ce-ab05e1fe8da8" testId="c63fb57c-3a31-e1d3-503f-74f1b76bb947" testName="VideoWebPlayer.Tests.ApplicationDbContextTests.DeleteMediaSourceAsync_PublishesMediaSourceDeletedEvent" computerName="DESKTOP-CM8OBSG" duration="00:00:00.1563651" startTime="2026-09-22T21:25:51.8086886+02:00" endTime="2026-09-22T21:25:51.9650996+02:00" testType="13cdc9d9-ddb5-4fa4-a97d-d965ccfc6d4b" outcome="Passed" testListId="8c84fa94-04c1-424b-9868-57a2d4851a1d" relativeResultsDirectory="3c66465d-e73c-4d77-98ce-ab05e1fe8da8" />
    <UnitTestResult executionId="5fbcdc55-5e28-41ab-8d98-d652c3d41cb7" testId="7a926581-df0d-3983-4947-ec67efeacfc5" testName="VideoWebPlayer.Tests.LocalMediaSourceStreamingE2ETests.Download_LocalMovie_ReturnsOkWithFileName" computerName="DESKTOP-CM8OBSG" duration="00:00:01.6588542" startTime="2026-09-22T21:25:56.7053382+02:00" endTime="2026-09-22T21:25:58.3642354+02:00" testType="13cdc9d9-ddb5-4fa4-a97d-d965ccfc6d4b" outcome="Passed" testListId="8c84fa94-04c1-424b-9868-57a2d4851a1d" relativeResultsDirectory="5fbcdc55-5e28-41ab-8d98-d652c3d41cb7" />
    <UnitTestResult executionId="eeb0a08a-5256-4bd9-96b7-381583ab3db9" testId="fd5ff085-f9f7-993a-a69b-486fd45b7c19" testName="VideoWebPlayer.Tests.Services.MediaEntryFilterTests.IsIgnoredEntry_DotPrefixedName_ReturnsTrue(name: &quot;.hidden&quot;)" computerName="DESKTOP-CM8OBSG" duration="00:00:00.0000102" startTime="2026-09-22T21:25:47.3539111+02:00" endTime="2026-09-22T21:25:47.3539356+02:00" testType="13cdc9d9-ddb5-4fa4-a97d-d965ccfc6d4b" outcome="Passed" testListId="8c84fa94-04c1-424b-9868-57a2d4851a1d" relativeResultsDirectory="eeb0a08a-5256-4bd9-96b7-381583ab3db9" />
    <UnitTestResult executionId="71a0945a-f9cc-4fc6-908f-3e78fcae1ba9" testId="abee1f47-059d-8972-68f5-de305f97eb25" testName="VideoWebPlayer.Tests.Services.UpdateBackupCoordinatorTests.CreateBackupAsync_WhenBackupServiceThrows_BlocksInstallation" computerName="DESKTOP-CM8OBSG" duration="00:00:00.0138594" startTime="2026-09-22T21:25:48.3180525+02:00" endTime="2026-09-22T21:25:48.3319402+02:00" testType="13cdc9d9-ddb5-4fa4-a97d-d965ccfc6d4b" outcome="Passed" testListId="8c84fa94-04c1-424b-9868-57a2d4851a1d" relativeResultsDirectory="71a0945a-f9cc-4fc6-908f-3e78fcae1ba9" />
    <UnitTestResult executionId="fdc0b9f0-d4c2-4485-bd42-853e34cb2573" testId="f7027e65-a98c-0dd3-95f1-2b0bf288666e" testName="VideoWebPlayer.Tests.Services.FavoritesServiceContextMenuActionTests.RemoveFavoriteAsync_WithPersistenceId_RemovesEveryFavoriteType(targetTemplate: FavoriteEntry { CreatedAt = 2026-09-22T19:25:47.2989771Z, Id = 0, MovieCollectionId = null, MovieId = null, TVShowEpisodeId = null, ··· })" computerName="DESKTOP-CM8OBSG" duration="00:00:00.0037694" startTime="2026-09-22T21:25:48.2643959+02:00" endTime="2026-09-22T21:25:48.2681959+02:00" testType="13cdc9d9-ddb5-4fa4-a97d-d965ccfc6d4b" outcome="Passed" testListId="8c84fa94-04c1-424b-9868-57a2d4851a1d" relativeResultsDirectory="fdc0b9f0-d4c2-4485-bd42-853e34cb2573" />
    <UnitTestResult executionId="0b34c680-c13f-43bf-839a-9c4e3cbda487" testId="a31498af-9726-8744-9f4c-3078aaea89af" testName="VideoWebPlayer.Tests.Services.Backups.BackupUploadSessionServiceTests_Cleanup.GetSession_WithinCleanupInterval_SkipsTempFileScan" computerName="DESKTOP-CM8OBSG" duration="00:00:00.0095793" startTime="2026-09-22T21:25:47.3631626+02:00" endTime="2026-09-22T21:25:47.3749762+02:00" testType="13cdc9d9-ddb5-4fa4-a97d-d965ccfc6d4b" outcome="Passed" testListId="8c84fa94-04c1-424b-9868-57a2d4851a1d" relativeResultsDirectory="0b34c680-c13f-43bf-839a-9c4e3cbda487" />
    <UnitTestResult executionId="28eb318b-3f80-422d-adf9-d9c42e9302ac" testId="5a6cda3c-a215-b8f2-ea3d-13f42470bf1d" testName="VideoWebPlayer.Tests.ApiTokenConfigurationTests.AddVideoWebPlayerServices_ProductionRequiresMauiApiToken" computerName="DESKTOP-CM8OBSG" duration="00:00:00.0019912" startTime="2026-09-22T21:25:49.0216579+02:00" endTime="2026-09-22T21:25:49.0236908+02:00" testType="13cdc9d9-ddb5-4fa4-a97d-d965ccfc6d4b" outcome="Passed" testListId="8c84fa94-04c1-424b-9868-57a2d4851a1d" relativeResultsDirectory="28eb318b-3f80-422d-adf9-d9c42e9302ac" />
    <UnitTestResult executionId="6bd27d5b-3dc0-4797-8918-e63514dc7a34" testId="5743913e-ab43-a679-d998-85f699ffa065" testName="VideoWebPlayer.Tests.Controllers.SourceVisibilityControllerTests.GetSources_Includes_Sources_With_Unlocked_Items" computerName="DESKTOP-CM8OBSG" duration="00:00:01.5953916" startTime="2026-09-22T21:25:47.6367519+02:00" endTime="2026-09-22T21:25:49.2321719+02:00" testType="13cdc9d9-ddb5-4fa4-a97d-d965ccfc6d4b" outcome="Passed" testListId="8c84fa94-04c1-424b-9868-57a2d4851a1d" relativeResultsDirectory="6bd27d5b-3dc0-4797-8918-e63514dc7a34" />
    <UnitTestResult executionId="86035971-0c84-4743-9d80-7eab639f7a18" testId="8cfbc9a5-3aec-8bd3-7e4a-b9033dbdd6ea" testName="VideoWebPlayer.Tests.MediaBoxContextMenuInteractionE2ETests.ClickOutside_ClosesOpenMenu" computerName="DESKTOP-CM8OBSG" duration="00:00:07.1168832" startTime="2026-09-22T21:26:08.9781235+02:00" endTime="2026-09-22T21:26:16.0950309+02:00" testType="13cdc9d9-ddb5-4fa4-a97d-d965ccfc6d4b" outcome="Passed" testListId="8c84fa94-04c1-424b-9868-57a2d4851a1d" relativeResultsDirectory="86035971-0c84-4743-9d80-7eab639f7a18" />
    <UnitTestResult executionId="fb5d6601-15e8-4c77-9cc0-c298af979b74" testId="01a6ac1b-9fd2-94d2-b99c-8bbb2591d5aa" testName="VideoWebPlayer.Tests.Services.ContinueWatchingServiceGetNextEpisodeTests.SeasonTransition_LastEpisodeOfSeason_JumpsToNextSeason" computerName="DESKTOP-CM8OBSG" duration="00:00:00.0400583" startTime="2026-09-22T21:25:49.8628565+02:00" endTime="2026-09-22T21:25:49.9029672+02:00" testType="13cdc9d9-ddb5-4fa4-a97d-d965ccfc6d4b" outcome="Passed" testListId="8c84fa94-04c1-424b-9868-57a2d4851a1d" relativeResultsDirectory="fb5d6601-15e8-4c77-9cc0-c298af979b74" />
    <UnitTestResult executionId="2d168079-d16b-49a3-b976-b14625b5f567" testId="8232a0b4-dcf6-1fdc-5b10-1843b93cbc75" testName="VideoWebPlayer.Tests.Services.MediaMetadataEditorServiceTests.UpdateAsync_RejectsPremieredAtForReleaseDateTypes(objectType: &quot;tvshowepisode&quot;)" computerName="DESKTOP-CM8OBSG" duration="00:00:00.0012262" startTime="2026-09-22T21:25:48.4482283+02:00" endTime="2026-09-22T21:25:48.4494807+02:00" testType="13cdc9d9-ddb5-4fa4-a97d-d965ccfc6d4b" outcome="Passed" testListId="8c84fa94-04c1-424b-9868-57a2d4851a1d" relativeResultsDirectory="2d168079-d16b-49a3-b976-b14625b5f567" />
    <UnitTestResult executionId="e0c55510-c990-46e4-9274-7630f1ae9a24" testId="28ff2ec5-37fd-f7c8-9bef-92f785ef9bc5" testName="VideoWebPlayer.Tests.KestrelLimitsTests.ParseMaxRequestBodySize_WithNonNumericValue_ThrowsInvalidOperationException" computerName="DESKTOP-CM8OBSG" duration="00:00:00.0014313" startTime="2026-09-22T21:25:47.3471492+02:00" endTime="2026-09-22T21:25:47.3486059+02:00" testType="13cdc9d9-ddb5-4fa4-a97d-d965ccfc6d4b" outcome="Passed" testListId="8c84fa94-04c1-424b-9868-57a2d4851a1d" relativeResultsDirectory="e0c55510-c990-46e4-9274-7630f1ae9a24" />
    <UnitTestResult executionId="eab98033-8c73-455f-a2df-da874ba7aee7" testId="c10c0e36-3d19-fe8e-35a7-904f806a9c9b" testName="VideoWebPlayer.Tests.MediaBoxContextMenuInteractionE2ETests.PointerReleaseBeforeDelay_DoesNotOpenMenu_AndNavigatesNormally" computerName="DESKTOP-CM8OBSG" duration="00:00:04.0263805" startTime="2026-09-22T21:26:23.0756779+02:00" endTime="2026-09-22T21:26:27.1021081+02:00" testType="13cdc9d9-ddb5-4fa4-a97d-d965ccfc6d4b" outcome="Passed" testListId="8c84fa94-04c1-424b-9868-57a2d4851a1d" relativeResultsDirectory="eab98033-8c73-455f-a2df-da874ba7aee7" />
    <UnitTestResult executionId="514b07f1-ed9b-4a77-9251-7c2f3cb4fe10" testId="9ae2f764-bb8e-8555-e548-1cdeb0761d46" testName="VideoWebPlayer.Tests.MediaBoxContextMenuInteractionE2ETests.MenuAction_Remove_ClosesMenuAndRemovesCard" computerName="DESKTOP-CM8OBSG" duration="00:00:06.7327118" startTime="2026-09-22T21:26:27.1026638+02:00" endTime="2026-09-22T21:26:33.8354018+02:00" testType="13cdc9d9-ddb5-4fa4-a97d-d965ccfc6d4b" outcome="Passed" testListId="8c84fa94-04c1-424b-9868-57a2d4851a1d" relativeResultsDirectory="514b07f1-ed9b-4a77-9251-7c2f3cb4fe10" />
    <UnitTestResult executionId="70293f1e-9d96-464e-ad0c-edb57c1f92f2" testId="a6e05270-8b27-05d2-2211-9454ceacb6a1" testName="VideoWebPlayer.Tests.Utils.ByteSizeHelperTests.ToBytes_ConvertsUnitValueToBytes(value: 5, unit: &quot;GB&quot;, expected: 5368709120)" computerName="DESKTOP-CM8OBSG" duration="00:00:00.0004295" startTime="2026-09-22T21:25:47.4959516+02:00" endTime="2026-09-22T21:25:47.4964068+02:00" testType="13cdc9d9-ddb5-4fa4-a97d-d965ccfc6d4b" outcome="Passed" testListId="8c84fa94-04c1-424b-9868-57a2d4851a1d" relativeResultsDirectory="70293f1e-9d96-464e-ad0c-edb57c1f92f2" />
    <UnitTestResult executionId="275d3414-c500-48db-a552-8b70a13303ae" testId="a3c39c98-7569-f482-8118-6ab654969342" testName="VideoWebPlayer.Tests.Services.LocalMediaSourceReaderTests.FileExistsAsync_RejectsTraversalOutsideRoot(fileName: &quot;C:\\Users\\Martin\\AppData\\Local\\Temp\\vwp-local&quot;···)" computerName="DESKTOP-CM8OBSG" duration="00:00:00.0020405" startTime="2026-09-22T21:25:47.3896275+02:00" endTime="2026-09-22T21:25:47.3916867+02:00" testType="13cdc9d9-ddb5-4fa4-a97d-d965ccfc6d4b" outcome="Passed" testListId="8c84fa94-04c1-424b-9868-57a2d4851a1d" relativeResultsDirectory="275d3414-c500-48db-a552-8b70a13303ae" />
    <UnitTestResult executionId="380310ef-2144-4477-b56e-3e2e53712f34" testId="8eabe2b3-cb9f-2bd5-2cbd-b5c0e83a2237" testName="VideoWebPlayer.Tests.MetadataEditorUiStateTests.DetailsPage_OrdersAssignedGenresFirst(fileName: &quot;TVShowDetails.razor&quot;)" computerName="DESKTOP-CM8OBSG" duration="00:00:00.0051995" startTime="2026-09-22T21:25:50.1675640+02:00" endTime="2026-09-22T21:25:50.1728088+02:00" testType="13cdc9d9-ddb5-4fa4-a97d-d965ccfc6d4b" outcome="Passed" testListId="8c84fa94-04c1-424b-9868-57a2d4851a1d" relativeResultsDirectory="380310ef-2144-4477-b56e-3e2e53712f34" />
    <UnitTestResult executionId="69277d28-6a5b-49fa-921e-125445044637" testId="9b3156dc-a7f4-dd41-cfd0-0fda863a6c50" testName="VideoWebPlayer.Tests.ItemsControllerMetadataTests.UpdateMetadata_WhenIdIsInvalid_ReturnsBadRequest" computerName="DESKTOP-CM8OBSG" duration="00:00:00.0023059" startTime="2026-09-22T21:25:50.7098652+02:00" endTime="2026-09-22T21:25:50.7121963+02:00" testType="13cdc9d9-ddb5-4fa4-a97d-d965ccfc6d4b" outcome="Passed" testListId="8c84fa94-04c1-424b-9868-57a2d4851a1d" relativeResultsDirectory="69277d28-6a5b-49fa-921e-125445044637" />
    <UnitTestResult executionId="449c1bb6-2bae-4075-b2b2-8d454006472c" testId="bb8c3c28-e66b-59a9-e667-77451a6daf69" testName="VideoWebPlayer.Tests.Services.ContinueWatchingServiceGetNextEpisodeTests.OffByOne_PositionNotConfusedWithId" computerName="DESKTOP-CM8OBSG" duration="00:00:00.0214604" startTime="2026-09-22T21:25:49.9468334+02:00" endTime="2026-09-22T21:25:49.9683349+02:00" testType="13cdc9d9-ddb5-4fa4-a97d-d965ccfc6d4b" outcome="Passed" testListId="8c84fa94-04c1-424b-9868-57a2d4851a1d" relativeResultsDirectory="449c1bb6-2bae-4075-b2b2-8d454006472c" />
    <UnitTestResult executionId="0cb0f218-7e03-4f83-8f2c-c3ee26df7c4b" testId="4e6ad0d3-e7cc-34b5-5ffb-a5203bf0d3d6" testName="VideoWebPlayer.Tests.MediaSourceAdminDetailsValidationTests.TryValidateLocalDirectory_WithExistingDirectory_ReturnsTrue" computerName="DESKTOP-CM8OBSG" duration="00:00:00.0008148" startTime="2026-09-22T21:25:49.0156726+02:00" endTime="2026-09-22T21:25:49.0165139+02:00" testType="13cdc9d9-ddb5-4fa4-a97d-d965ccfc6d4b" outcome="Passed" testListId="8c84fa94-04c1-424b-9868-57a2d4851a1d" relativeResultsDirectory="0cb0f218-7e03-4f83-8f2c-c3ee26df7c4b" />
    <UnitTestResult executionId="5bdd2089-7454-483f-844e-037f0ff85692" testId="e6215ad6-c2e1-e982-c86a-74c17013838e" testName="VideoWebPlayer.Tests.Services.Backups.BackupUploadSessionServiceTests_BeginSession.BeginSessionAsync_WithSameFileName_CreatesDistinctSessions" computerName="DESKTOP-CM8OBSG" duration="00:00:00.0041774" startTime="2026-09-22T21:25:49.5823063+02:00" endTime="2026-09-22T21:25:49.5865096+02:00" testType="13cdc9d9-ddb5-4fa4-a97d-d965ccfc6d4b" outcome="Passed" testListId="8c84fa94-04c1-424b-9868-57a2d4851a1d" relativeResultsDirectory="5bdd2089-7454-483f-844e-037f0ff85692" />
    <UnitTestResult executionId="a39d7766-e02a-444c-97a2-35660cc5127a" testId="d8d8cfe6-d308-ca22-0554-e1ff64bc9918" testName="VideoWebPlayer.Tests.UpdatesPageE2ETests.Admin_Checks_For_Updates_And_Refreshes_Changed_Data" computerName="DESKTOP-CM8OBSG" duration="00:00:04.8815944" startTime="2026-09-22T21:26:07.7919622+02:00" endTime="2026-09-22T21:26:12.6736049+02:00" testType="13cdc9d9-ddb5-4fa4-a97d-d965ccfc6d4b" outcome="Passed" testListId="8c84fa94-04c1-424b-9868-57a2d4851a1d" relativeResultsDirectory="a39d7766-e02a-444c-97a2-35660cc5127a" />
    <UnitTestResult executionId="4e73a8b4-f63c-4912-a0fa-da1bc7eed295" testId="55782a04-4b59-cab9-caa4-907243fe0f30" testName="VideoWebPlayer.Tests.Services.EpisodeBackgroundImage.EpisodeBackgroundImageServiceTests.Test_EnsureBackgroundImage_LazyLoads_OnFirstCall" computerName="DESKTOP-CM8OBSG" duration="00:00:00.6648617" startTime="2026-09-22T21:25:54.8908223+02:00" endTime="2026-09-22T21:25:55.5557763+02:00" testType="13cdc9d9-ddb5-4fa4-a97d-d965ccfc6d4b" outcome="Passed" testListId="8c84fa94-04c1-424b-9868-57a2d4851a1d" relativeResultsDirectory="4e73a8b4-f63c-4912-a0fa-da1bc7eed295" />
    <UnitTestResult executionId="4eeca33e-2712-4eb2-be83-5a279a548374" testId="758dad43-928a-7c48-b746-e6030a392dec" testName="VideoWebPlayer.Tests.EpisodesBackgroundImageAccessTokenE2ETests.GetBackgroundImage_WithoutAccessToken_ReturnsUnauthorized" computerName="DESKTOP-CM8OBSG" duration="00:00:01.9541839" startTime="2026-09-22T21:25:54.7669615+02:00" endTime="2026-09-22T21:25:56.7212199+02:00" testType="13cdc9d9-ddb5-4fa4-a97d-d965ccfc6d4b" outcome="Passed" testListId="8c84fa94-04c1-424b-9868-57a2d4851a1d" relativeResultsDirectory="4eeca33e-2712-4eb2-be83-5a279a548374" />
    <UnitTestResult executionId="93ff5b47-c38f-4a85-b2d9-70ab2f1eb821" testId="537463fb-7caf-a52b-f995-62556cda674d" testName="VideoWebPlayer.Tests.LocalMediaSourceClassifierTests.ClassifyAllAsync_ClassifiesTvShow_FromLocalSource" computerName="DESKTOP-CM8OBSG" duration="00:00:00.0669698" startTime="2026-09-22T21:26:51.4625166+02:00" endTime="2026-09-22T21:26:51.5295201+02:00" testType="13cdc9d9-ddb5-4fa4-a97d-d965ccfc6d4b" outcome="Passed" testListId="8c84fa94-04c1-424b-9868-57a2d4851a1d" relativeResultsDirectory="93ff5b47-c38f-4a85-b2d9-70ab2f1eb821" />
    <UnitTestResult executionId="a9d621c7-9053-4810-ad00-42573db1d182" testId="d0d137ca-823e-80dd-5654-00284ae9bd9f" testName="VideoWebPlayer.Tests.Services.Backups.BackupUploadSessionServiceTests_Concurrency.AppendChunkAsync_WhenSessionDisposedWhileWaiting_ReturnsRejectedInsteadOfThrowing" computerName="DESKTOP-CM8OBSG" duration="00:00:00.0205394" startTime="2026-09-22T21:25:50.1344448+02:00" endTime="2026-09-22T21:25:50.1552078+02:00" testType="13cdc9d9-ddb5-4fa4-a97d-d965ccfc6d4b" outcome="Passed" testListId="8c84fa94-04c1-424b-9868-57a2d4851a1d" relativeResultsDirectory="a9d621c7-9053-4810-ad00-42573db1d182" />
    <UnitTestResult executionId="7be90462-7ca3-4d53-b132-45e1345de410" testId="c388766f-6752-02ce-e66c-03102719fccb" testName="VideoWebPlayer.Tests.Services.EpisodeBackgroundImage.EpisodeBackgroundImageGeneratorTests.Test_GetDominantColor_ReturnsCorrectColor" computerName="DESKTOP-CM8OBSG" duration="00:00:00.0095517" startTime="2026-09-22T21:25:47.5247151+02:00" endTime="2026-09-22T21:25:47.5342939+02:00" testType="13cdc9d9-ddb5-4fa4-a97d-d965ccfc6d4b" outcome="Passed" testListId="8c84fa94-04c1-424b-9868-57a2d4851a1d" relativeResultsDirectory="7be90462-7ca3-4d53-b132-45e1345de410" />
    <UnitTestResult executionId="2a4a512f-0721-48c4-9dc2-4750f3d4ec83" testId="f1306288-7366-8dfe-f0c4-e4725fbd3bfe" testName="VideoWebPlayer.Tests.Controllers.ItemsControllerAccessTests.Get_Movie_From_Unlocked_Collection_Returns_Ok" computerName="DESKTOP-CM8OBSG" duration="00:00:00.4478105" startTime="2026-09-22T21:25:49.2674412+02:00" endTime="2026-09-22T21:25:49.7152831+02:00" testType="13cdc9d9-ddb5-4fa4-a97d-d965ccfc6d4b" outcome="Passed" testListId="8c84fa94-04c1-424b-9868-57a2d4851a1d" relativeResultsDirectory="2a4a512f-0721-48c4-9dc2-4750f3d4ec83" />
    <UnitTestResult executionId="d18d2bd2-bf21-4e43-8956-e8a9977decbb" testId="fc8f7742-6daf-9585-6942-8c90b7f7a367" testName="VideoWebPlayer.Tests.Services.Backups.BackupUploadSessionServiceTests_BeginSession.BeginSessionAsync_WithEmptyFileName_Fails" computerName="DESKTOP-CM8OBSG" duration="00:00:00.0013663" startTime="2026-09-22T21:25:49.5752794+02:00" endTime="2026-09-22T21:25:49.5766681+02:00" testType="13cdc9d9-ddb5-4fa4-a97d-d965ccfc6d4b" outcome="Passed" testListId="8c84fa94-04c1-424b-9868-57a2d4851a1d" relativeResultsDirectory="d18d2bd2-bf21-4e43-8956-e8a9977decbb" />
    <UnitTestResult executionId="ad20ee7c-73d8-439b-a8d6-fe8f13bb7952" testId="f7027e65-a98c-0dd3-95f1-2b0bf288666e" testName="VideoWebPlayer.Tests.Services.FavoritesServiceContextMenuActionTests.RemoveFavoriteAsync_WithPersistenceId_RemovesEveryFavoriteType(targetTemplate: FavoriteEntry { CreatedAt = 2026-09-22T19:25:47.2991044Z, Id = 0, MovieCollectionId = null, MovieId = 105, TVShowEpisodeId = null, ··· })" computerName="DESKTOP-CM8OBSG" duration="00:00:00.0034451" startTime="2026-09-22T21:25:48.3064445+02:00" endTime="2026-09-22T21:25:48.3099135+02:00" testType="13cdc9d9-ddb5-4fa4-a97d-d965ccfc6d4b" outcome="Passed" testListId="8c84fa94-04c1-424b-9868-57a2d4851a1d" relativeResultsDirectory="ad20ee7c-73d8-439b-a8d6-fe8f13bb7952" />
    <UnitTestResult executionId="2cf1a188-ccf8-45cd-bee1-b0228e1102c1" testId="52a832d2-1f8b-aaff-0fd5-5247317d289d" testName="VideoWebPlayer.Tests.ApiDocumentationContractTests.MauiContract_RuntimeLoginHealthAndAuthenticatedRead_Succeeds" computerName="DESKTOP-CM8OBSG" duration="00:00:01.8308055" startTime="2026-09-22T21:25:56.7061875+02:00" endTime="2026-09-22T21:25:58.5370305+02:00" testType="13cdc9d9-ddb5-4fa4-a97d-d965ccfc6d4b" outcome="Passed" testListId="8c84fa94-04c1-424b-9868-57a2d4851a1d" relativeResultsDirectory="2cf1a188-ccf8-45cd-bee1-b0228e1102c1" />
    <UnitTestResult executionId="911726ff-3e84-42e3-9eb3-a48bc7de3fd6" testId="1420802e-f5d0-9eee-37ef-10725cf8f59f" testName="VideoWebPlayer.Tests.Utils.ByteSizeHelperTests.FormatBytes_UsesLargestFittingUnit(bytes: 1048576, expected: &quot;1 MB&quot;)" computerName="DESKTOP-CM8OBSG" duration="00:00:00.0000095" startTime="2026-09-22T21:25:47.4982799+02:00" endTime="2026-09-22T21:25:47.4982977+02:00" testType="13cdc9d9-ddb5-4fa4-a97d-d965ccfc6d4b" outcome="Passed" testListId="8c84fa94-04c1-424b-9868-57a2d4851a1d" relativeResultsDirectory="911726ff-3e84-42e3-9eb3-a48bc7de3fd6" />
    <UnitTestResult executionId="19cf8b34-23e2-40a6-a0cd-e8aae7b9b69f" testId="8c06daae-9431-435f-cdf7-d4810b00a679" testName="VideoWebPlayer.Tests.Services.EpisodeBackgroundImage.EpisodeBackgroundImageGeneratorTests.Test_ApplyTintOverlay_OpacityApplied" computerName="DESKTOP-CM8OBSG" duration="00:00:00.2081909" startTime="2026-09-22T21:25:47.3102375+02:00" endTime="2026-09-22T21:25:47.5244952+02:00" testType="13cdc9d9-ddb5-4fa4-a97d-d965ccfc6d4b" outcome="Passed" testListId="8c84fa94-04c1-424b-9868-57a2d4851a1d" relativeResultsDirectory="19cf8b34-23e2-40a6-a0cd-e8aae7b9b69f" />
    <UnitTestResult executionId="2d20263e-ea58-4ce2-9b30-2fa809ed164b" testId="5533c20f-9692-173c-8478-78178e37cf59" testName="VideoWebPlayer.Tests.Services.ContinueWatchingServiceGetNextEpisodeTests.MixedReleaseDate_NullAndNonNull_SortsConsistently" computerName="DESKTOP-CM8OBSG" duration="00:00:00.0430108" startTime="2026-09-22T21:25:49.7255905+02:00" endTime="2026-09-22T21:25:49.7686245+02:00" testType="13cdc9d9-ddb5-4fa4-a97d-d965ccfc6d4b" outcome="Passed" testListId="8c84fa94-04c1-424b-9868-57a2d4851a1d" relativeResultsDirectory="2d20263e-ea58-4ce2-9b30-2fa809ed164b" />
    <UnitTestResult executionId="65cc5871-73ad-470f-a2ad-33cfd27ef8d8" testId="bb2c118e-889d-1e07-5cf3-af048fab3cbf" testName="VideoWebPlayer.Tests.Controllers.ItemsControllerAccessTests.Get_TVShowEpisode_Unlocked_Returns_Ok" computerName="DESKTOP-CM8OBSG" duration="00:00:00.0603164" startTime="2026-09-22T21:25:49.8887257+02:00" endTime="2026-09-22T21:25:49.9490820+02:00" testType="13cdc9d9-ddb5-4fa4-a97d-d965ccfc6d4b" outcome="Passed" testListId="8c84fa94-04c1-424b-9868-57a2d4851a1d" relativeResultsDirectory="65cc5871-73ad-470f-a2ad-33cfd27ef8d8" />
    <UnitTestResult executionId="de160ed1-d30e-4b17-b912-3d5a598a4c4b" testId="b6aa075d-7a5c-d5a8-6a62-65132e79e6b3" testName="VideoWebPlayer.Tests.LocalMediaSourceStreamingE2ETests.Stream_LocalMovie_WithoutSourceAccess_ReturnsUnauthorized" computerName="DESKTOP-CM8OBSG" duration="00:00:01.9043671" startTime="2026-09-22T21:25:54.8006216+02:00" endTime="2026-09-22T21:25:56.7050194+02:00" testType="13cdc9d9-ddb5-4fa4-a97d-d965ccfc6d4b" outcome="Passed" testListId="8c84fa94-04c1-424b-9868-57a2d4851a1d" relativeResultsDirectory="de160ed1-d30e-4b17-b912-3d5a598a4c4b" />
    <UnitTestResult executionId="826624ee-6490-449f-8914-7bf630913f57" testId="c8f2cf2e-a5ab-c0fc-84f1-1550e7ba745b" testName="VideoWebPlayer.Tests.ApplicationDbContextTests.DeleteMediaSourceAsync_CanDeleteSourceWithoutRelatedEntities" computerName="DESKTOP-CM8OBSG" duration="00:00:00.3033756" startTime="2026-09-22T21:25:50.6614769+02:00" endTime="2026-09-22T21:25:50.9649210+02:00" testType="13cdc9d9-ddb5-4fa4-a97d-d965ccfc6d4b" outcome="Passed" testListId="8c84fa94-04c1-424b-9868-57a2d4851a1d" relativeResultsDirectory="826624ee-6490-449f-8914-7bf630913f57" />
    <UnitTestResult executionId="bda0e454-6cf7-4827-acb0-c1a5e517ec90" testId="55d3c3f6-7c9d-fb2c-4157-c9533e85e010" testName="VideoWebPlayer.Tests.Services.UpdateSettingsServiceTests.UpdateAsync_RejectsInvalidIntervalAndRetentionValues(intervalMinutes: 30, retainedBackups: 11)" computerName="DESKTOP-CM8OBSG" duration="00:00:00.0400428" startTime="2026-09-22T21:25:48.2071032+02:00" endTime="2026-09-22T21:25:48.2471634+02:00" testType="13cdc9d9-ddb5-4fa4-a97d-d965ccfc6d4b" outcome="Passed" testListId="8c84fa94-04c1-424b-9868-57a2d4851a1d" relativeResultsDirectory="bda0e454-6cf7-4827-acb0-c1a5e517ec90" />
    <UnitTestResult executionId="94b74b2b-c848-4606-8bc1-17d9c5317888" testId="7fbe78c6-4ab7-a313-524f-da888f7bb662" testName="VideoWebPlayer.Tests.RestoreBackupJobServiceTests.StartRestore_RunsInBackgroundAndRejectsParallelRestore" computerName="DESKTOP-CM8OBSG" duration="00:00:00.8901317" startTime="2026-09-22T21:25:47.3102641+02:00" endTime="2026-09-22T21:25:48.2064730+02:00" testType="13cdc9d9-ddb5-4fa4-a97d-d965ccfc6d4b" outcome="Passed" testListId="8c84fa94-04c1-424b-9868-57a2d4851a1d" relativeResultsDirectory="94b74b2b-c848-4606-8bc1-17d9c5317888" />
    <UnitTestResult executionId="704e76fa-d522-4f8d-ac96-13cf40cc973c" testId="4634d455-17bc-5bab-b4aa-2bf68394da91" testName="VideoWebPlayer.Tests.Services.EpisodeBackgroundImage.EpisodeBackgroundImageServiceTests.Test_EnsureBackgroundImage_UsesCached_OnSubsequentCall" computerName="DESKTOP-CM8OBSG" duration="00:00:00.8361304" startTime="2026-09-22T21:25:51.9339679+02:00" endTime="2026-09-22T21:25:52.7701506+02:00" testType="13cdc9d9-ddb5-4fa4-a97d-d965ccfc6d4b" outcome="Passed" testListId="8c84fa94-04c1-424b-9868-57a2d4851a1d" relativeResultsDirectory="704e76fa-d522-4f8d-ac96-13cf40cc973c" />
    <UnitTestResult executionId="58cc4256-1e23-4d2f-93d7-ea355057c4bf" testId="8091342c-3711-1d04-4b10-edb004add822" testName="VideoWebPlayer.Tests.Services.MediaMetadataEditorServiceTests.UpdateTVShowSeasonAsync_RejectsPlotAndGenres" computerName="DESKTOP-CM8OBSG" duration="00:00:00.0041861" startTime="2026-09-22T21:25:48.7863236+02:00" endTime="2026-09-22T21:25:48.7905431+02:00" testType="13cdc9d9-ddb5-4fa4-a97d-d965ccfc6d4b" outcome="Passed" testListId="8c84fa94-04c1-424b-9868-57a2d4851a1d" relativeResultsDirectory="58cc4256-1e23-4d2f-93d7-ea355057c4bf" />
    <UnitTestResult executionId="9b420c3e-a59f-467e-8290-0ab34f5c6c83" testId="3b467947-ab78-43a8-f1a4-1acda7d3d3c3" testName="VideoWebPlayer.Tests.UpdatesControllerAuthorizationTests.Install_ValidatesAntiforgeryToken" computerName="DESKTOP-CM8OBSG" duration="00:00:00.0029905" startTime="2026-09-22T21:25:47.4557976+02:00" endTime="2026-09-22T21:25:47.4588095+02:00" testType="13cdc9d9-ddb5-4fa4-a97d-d965ccfc6d4b" outcome="Passed" testListId="8c84fa94-04c1-424b-9868-57a2d4851a1d" relativeResultsDirectory="9b420c3e-a59f-467e-8290-0ab34f5c6c83" />
    <UnitTestResult executionId="55d11431-0b56-4033-94e8-c31c24ccba5d" testId="90bf971e-f9d8-7652-34af-ed3c1d48291e" testName="VideoWebPlayer.Tests.MetadataEditorUiStateTests.DetailsPage_DoesNotLoadInternalClientWithoutAuthenticatedUser(fileName: &quot;TVShowDetails.razor&quot;)" computerName="DESKTOP-CM8OBSG" duration="00:00:00.0156502" startTime="2026-09-22T21:25:50.1803355+02:00" endTime="2026-09-22T21:25:50.1960697+02:00" testType="13cdc9d9-ddb5-4fa4-a97d-d965ccfc6d4b" outcome="Passed" testListId="8c84fa94-04c1-424b-9868-57a2d4851a1d" relativeResultsDirectory="55d11431-0b56-4033-94e8-c31c24ccba5d" />
    <UnitTestResult executionId="85be1ee1-223f-4cc2-b543-6eac92f40419" testId="565c8c85-6825-461c-8323-d49dfdcafd04" testName="VideoWebPlayer.Tests.Services.LocalMediaSourceReaderTests.ReadFileStreamAsync_RejectsTraversalOutsideRoot(fileName: &quot;..\\..\\outside.txt&quot;)" computerName="DESKTOP-CM8OBSG" duration="00:00:00.0021247" startTime="2026-09-22T21:25:47.3699752+02:00" endTime="2026-09-22T21:25:47.3721208+02:00" testType="13cdc9d9-ddb5-4fa4-a97d-d965ccfc6d4b" outcome="Passed" testListId="8c84fa94-04c1-424b-9868-57a2d4851a1d" relativeResultsDirectory="85be1ee1-223f-4cc2-b543-6eac92f40419" />
    <UnitTestResult executionId="f36aa436-b6ea-4cec-8366-f270b0de3286" testId="8299fd5b-4b5a-fd81-57a2-3a135709e1d6" testName="VideoWebPlayer.Tests.Services.LocalMediaSourceReaderTests.ReadFileAsync_ReturnsContent_AndNullWhenMissing" computerName="DESKTOP-CM8OBSG" duration="00:00:00.0037028" startTime="2026-09-22T21:25:47.3828868+02:00" endTime="2026-09-22T21:25:47.3866144+02:00" testType="13cdc9d9-ddb5-4fa4-a97d-d965ccfc6d4b" outcome="Passed" testListId="8c84fa94-04c1-424b-9868-57a2d4851a1d" relativeResultsDirectory="f36aa436-b6ea-4cec-8366-f270b0de3286" />
    <UnitTestResult executionId="15ae2419-6523-4011-bbb9-9c58c3aa729b" testId="bfe2138c-0c89-0331-3296-5a5b21a5d9fc" testName="VideoWebPlayer.Tests.BackupUploadE2ETests.BackupUpload_NonJsonErrorResponse_ShowsFriendlyMessage" computerName="DESKTOP-CM8OBSG" duration="00:00:03.0424104" startTime="2026-09-22T21:26:20.1939685+02:00" endTime="2026-09-22T21:26:23.2364345+02:00" testType="13cdc9d9-ddb5-4fa4-a97d-d965ccfc6d4b" outcome="Passed" testListId="8c84fa94-04c1-424b-9868-57a2d4851a1d" relativeResultsDirectory="15ae2419-6523-4011-bbb9-9c58c3aa729b" />
    <UnitTestResult executionId="a6f5ed5c-f64d-413f-9c7e-c485b97333a7" testId="6fa1cf32-3c37-1e55-6e37-ba8cf8865ede" testName="VideoWebPlayer.Tests.Services.MediaEntryFilterTests.IsIgnoredEntry_DotPrefixedName_ReturnsTrue(name: &quot;.&quot;)" computerName="DESKTOP-CM8OBSG" duration="00:00:00.0000083" startTime="2026-09-22T21:25:47.3540637+02:00" endTime="2026-09-22T21:25:47.3540841+02:00" testType="13cdc9d9-ddb5-4fa4-a97d-d965ccfc6d4b" outcome="Passed" testListId="8c84fa94-04c1-424b-9868-57a2d4851a1d" relativeResultsDirectory="a6f5ed5c-f64d-413f-9c7e-c485b97333a7" />
    <UnitTestResult executionId="9c619714-f720-4b19-a82d-c02a4737b730" testId="6de82629-afe7-65c2-6f46-6a2d663d8715" testName="VideoWebPlayer.Tests.Services.ContinueWatchingServiceSignalRTests.BufferFlow_EnqueueAndProcess_SendsSignalREvent" computerName="DESKTOP-CM8OBSG" duration="00:00:00.0108561" startTime="2026-09-22T21:25:48.7575349+02:00" endTime="2026-09-22T21:25:48.7684375+02:00" testType="13cdc9d9-ddb5-4fa4-a97d-d965ccfc6d4b" outcome="Passed" testListId="8c84fa94-04c1-424b-9868-57a2d4851a1d" relativeResultsDirectory="9c619714-f720-4b19-a82d-c02a4737b730" />
    <UnitTestResult executionId="53c01dda-7656-46e6-b7a4-fe978878b9e7" testId="9362973c-1f9e-6376-5733-22595b3e25fb" testName="VideoWebPlayer.Tests.Utils.ByteSizeHelperTests.ToBytes_ConvertsUnitValueToBytes(value: 1,5, unit: &quot;GB&quot;, expected: 1610612736)" computerName="DESKTOP-CM8OBSG" duration="00:00:00.0007440" startTime="2026-09-22T21:25:47.4949463+02:00" endTime="2026-09-22T21:25:47.4957245+02:00" testType="13cdc9d9-ddb5-4fa4-a97d-d965ccfc6d4b" outcome="Passed" testListId="8c84fa94-04c1-424b-9868-57a2d4851a1d" relativeResultsDirectory="53c01dda-7656-46e6-b7a4-fe978878b9e7" />
    <UnitTestResult executionId="aed3af87-1d49-491c-b4fa-6f2c97cd87bd" testId="0702ec98-2eb1-a03b-8052-9c44b6276397" testName="VideoWebPlayer.Tests.Services.UpdateSettingsServiceTests.GetOrCreateAsync_CleansPersistedLegacyLimitsBeforeReturningSettingsAndRuntimeOptions(persistedInterval: 2000, expectedInterval: 1440, persistedRetention: 50, expectedRetention: 10)" computerName="DESKTOP-CM8OBSG" duration="00:00:00.0009215" startTime="2026-09-22T21:25:48.2943876+02:00" endTime="2026-09-22T21:25:48.2953277+02:00" testType="13cdc9d9-ddb5-4fa4-a97d-d965ccfc6d4b" outcome="Passed" testListId="8c84fa94-04c1-424b-9868-57a2d4851a1d" relativeResultsDirectory="aed3af87-1d49-491c-b4fa-6f2c97cd87bd" />
[...]
    <TestEntry testId="eb50c6f3-fab7-1e4b-db0e-d2a04bcf57da" executionId="38f7c071-1acf-4d78-8f04-9340227c5c4c" testListId="8c84fa94-04c1-424b-9868-57a2d4851a1d" />
    <TestEntry testId="6b873352-9435-30a7-3b16-961995c9547b" executionId="5139e3e6-adb4-4095-9bb6-4ef4c6c2847e" testListId="8c84fa94-04c1-424b-9868-57a2d4851a1d" />
    <TestEntry testId="ec1b08d6-49ff-7744-adda-b8bca18e0dba" executionId="7d1ce251-b00e-4986-bca7-89e22d8d7147" testListId="8c84fa94-04c1-424b-9868-57a2d4851a1d" />
    <TestEntry testId="f7027e65-a98c-0dd3-95f1-2b0bf288666e" executionId="32f9b3ad-3f89-436f-aa44-39ce275de555" testListId="8c84fa94-04c1-424b-9868-57a2d4851a1d" />
    <TestEntry testId="5f987bda-6d32-a528-3206-025fbdcc5d6f" executionId="90289783-17fb-43d8-ae27-90b21c318e1e" testListId="8c84fa94-04c1-424b-9868-57a2d4851a1d" />
    <TestEntry testId="5775504c-6ece-f42c-ed8f-5259ea56709d" executionId="7a3f0293-d837-429c-a5a5-c9f6763c20c2" testListId="8c84fa94-04c1-424b-9868-57a2d4851a1d" />
    <TestEntry testId="95de6210-3cd0-ab46-ff1e-bb9f215d932c" executionId="db0d6ec1-0225-4f3d-b80d-ac92b5cf3193" testListId="8c84fa94-04c1-424b-9868-57a2d4851a1d" />
    <TestEntry testId="66d5a6d9-bfa7-f7ae-4a99-52ee9d731059" executionId="2d8a1af5-bd81-4f00-8950-7fe7321837ef" testListId="8c84fa94-04c1-424b-9868-57a2d4851a1d" />
    <TestEntry testId="be538e2c-8ed4-4833-1d13-ac16546b93bc" executionId="ca4d812b-5140-4d6e-af5e-1bfc92f840d4" testListId="8c84fa94-04c1-424b-9868-57a2d4851a1d" />
    <TestEntry testId="4894a060-5898-4d02-9df5-32e8c0e13e27" executionId="f33fd82d-aef1-4273-bea0-5ef3c1fb9b99" testListId="8c84fa94-04c1-424b-9868-57a2d4851a1d" />
    <TestEntry testId="dda5c524-7822-f237-b70e-517c10c6f337" executionId="d107890d-8c5e-4da3-90d1-38570083dba2" testListId="8c84fa94-04c1-424b-9868-57a2d4851a1d" />
    <TestEntry testId="ed0c4198-f1a2-c889-4ca3-de16020f2230" executionId="017cb268-ce05-47ac-a711-64d33db5f0a5" testListId="8c84fa94-04c1-424b-9868-57a2d4851a1d" />
    <TestEntry testId="e957e544-5018-cb64-f9a2-f463afaef52c" executionId="40d9890e-c091-4c7e-bf5b-c04cf1e62c56" testListId="8c84fa94-04c1-424b-9868-57a2d4851a1d" />
    <TestEntry testId="40c838ae-27c1-0312-70a3-42308ef4c3a4" executionId="34bab7ed-6be2-4e60-b98b-27659e76de2e" testListId="8c84fa94-04c1-424b-9868-57a2d4851a1d" />
    <TestEntry testId="b82a4573-c4c7-cad6-fee7-a2430aea7695" executionId="74488557-6d78-4b8f-9f78-dfc3b18c9a1a" testListId="8c84fa94-04c1-424b-9868-57a2d4851a1d" />
    <TestEntry testId="25310843-3d68-5674-583d-7d36df1ab682" executionId="11156883-5d69-4d5f-8385-1423c00939b1" testListId="8c84fa94-04c1-424b-9868-57a2d4851a1d" />
    <TestEntry testId="716d2f2e-a8ea-f262-cb1c-1fb2853d2265" executionId="fde505e1-3b60-42df-ac76-a96af8275958" testListId="8c84fa94-04c1-424b-9868-57a2d4851a1d" />
    <TestEntry testId="1948b58c-ab6c-aeb0-6e89-18972ddb0694" executionId="18e63610-1745-4bfa-be2d-63f1f2ff07d9" testListId="8c84fa94-04c1-424b-9868-57a2d4851a1d" />
    <TestEntry testId="3672f88d-68db-c893-1a3f-45e7e9a87b79" executionId="3350e48b-502f-4980-afa2-89a4ca9e6024" testListId="8c84fa94-04c1-424b-9868-57a2d4851a1d" />
    <TestEntry testId="2c4d82da-c547-c9fc-748b-8167cec18504" executionId="16140c01-441b-4009-9222-9e7cc9a45840" testListId="8c84fa94-04c1-424b-9868-57a2d4851a1d" />
    <TestEntry testId="cb6b6042-a346-a517-379d-de8dc9a2bfbb" executionId="f28462ca-07c5-486d-87ff-e3a5e110e4b4" testListId="8c84fa94-04c1-424b-9868-57a2d4851a1d" />
    <TestEntry testId="d5b060a2-68a4-a2bd-b2d9-c17cef8ef221" executionId="965fcd85-58d6-4821-8b14-7860a04e9e35" testListId="8c84fa94-04c1-424b-9868-57a2d4851a1d" />
    <TestEntry testId="21129285-3b16-ae90-2328-34749d8e1f6b" executionId="d56849be-3cfb-4e58-a604-6b8c6ea23b1d" testListId="8c84fa94-04c1-424b-9868-57a2d4851a1d" />
    <TestEntry testId="f6c49c81-6d7b-67a0-d57d-f83da270740b" executionId="cba9bef0-9dbf-4692-b6e2-91c81a8d1f8c" testListId="8c84fa94-04c1-424b-9868-57a2d4851a1d" />
    <TestEntry testId="1c15e84d-7c88-9e9c-ecbe-ab2b5209d06a" executionId="5b1104f9-1901-4bb2-8174-4b28b24fdd8e" testListId="8c84fa94-04c1-424b-9868-57a2d4851a1d" />
    <TestEntry testId="3d09bab7-50fd-9a30-ea15-7586afca8f01" executionId="70238b09-a0c4-47bc-892d-a76de9c368fe" testListId="8c84fa94-04c1-424b-9868-57a2d4851a1d" />
    <TestEntry testId="4a79edd4-3eae-b803-4ec2-d43d86418066" executionId="6ee3d1e1-9892-4eaf-8f46-875dccd8cb8f" testListId="8c84fa94-04c1-424b-9868-57a2d4851a1d" />
    <TestEntry testId="922f6d05-2590-8a95-bd78-372cc3336ddd" executionId="ab198df2-d6a8-49b1-97af-2cf0b46022bb" testListId="8c84fa94-04c1-424b-9868-57a2d4851a1d" />
    <TestEntry testId="7f8f8dc0-7272-0e94-cc4f-26c17f393dad" executionId="95a787bf-cba8-461f-add3-2c59e602b054" testListId="8c84fa94-04c1-424b-9868-57a2d4851a1d" />
    <TestEntry testId="49e81002-f66d-2a89-bbc4-9d786c4ed51e" executionId="ec621f09-51a5-4ce6-87f9-feb266b332f7" testListId="8c84fa94-04c1-424b-9868-57a2d4851a1d" />
    <TestEntry testId="fc706573-da86-dcb9-ed71-58fd6848f599" executionId="b7297f7c-9680-4683-a258-560b0093bc38" testListId="8c84fa94-04c1-424b-9868-57a2d4851a1d" />
    <TestEntry testId="91b4968a-eb3f-b3d8-0285-e1c42de70294" executionId="18f9ed56-157a-4e5a-9583-cd1a89b6e330" testListId="8c84fa94-04c1-424b-9868-57a2d4851a1d" />
    <TestEntry testId="20df4bf8-93eb-d783-2579-186375d90ad7" executionId="03626e15-811a-49de-a514-1e86ad5b3d76" testListId="8c84fa94-04c1-424b-9868-57a2d4851a1d" />
    <TestEntry testId="018932d0-686c-a984-889a-07cf1475ef9d" executionId="aef9c6b2-54df-4c64-ac0c-c62318f0b08c" testListId="8c84fa94-04c1-424b-9868-57a2d4851a1d" />
    <TestEntry testId="aa8febaf-6bfc-e457-1597-149548839a2b" executionId="244d4000-e8bd-4936-85d8-635aa491a55e" testListId="8c84fa94-04c1-424b-9868-57a2d4851a1d" />
    <TestEntry testId="5f140c77-fdd9-b947-695f-0a91ef8e49ab" executionId="70865c36-697c-466d-b69e-de14295e5927" testListId="8c84fa94-04c1-424b-9868-57a2d4851a1d" />
    <TestEntry testId="9ff21d67-6bcf-cb13-1068-565e6dc5b86c" executionId="ba7969d4-ebc0-4fbc-b203-03bd9106b2bc" testListId="8c84fa94-04c1-424b-9868-57a2d4851a1d" />
    <TestEntry testId="59d6044b-2cb7-70e4-4564-dbacd74fa13a" executionId="d32ec41c-1019-4fc9-b687-e03d12f9a1e6" testListId="8c84fa94-04c1-424b-9868-57a2d4851a1d" />
    <TestEntry testId="af8493e6-807d-18ea-ad49-840a021f7b37" executionId="8ae831e8-d3d5-4654-89ea-575c335f3efe" testListId="8c84fa94-04c1-424b-9868-57a2d4851a1d" />
    <TestEntry testId="9ac57737-b78b-eba6-3267-bc7b92b7fc06" executionId="5877f2d1-fbc1-4895-96e6-20de67a5b5da" testListId="8c84fa94-04c1-424b-9868-57a2d4851a1d" />
    <TestEntry testId="fbc0af6e-c3d7-eda8-de8f-736a5ea6005b" executionId="1c341ca9-589f-4c0a-a708-288aa205f9c4" testListId="8c84fa94-04c1-424b-9868-57a2d4851a1d" />
    <TestEntry testId="081bbf32-d7fb-29f5-080f-fc62f9b0bc7f" executionId="46fc5ece-c56c-4158-8401-cc682d66a36a" testListId="8c84fa94-04c1-424b-9868-57a2d4851a1d" />
    <TestEntry testId="2735ed77-1398-f178-f8c1-ec8d1dd254c5" executionId="7855a072-4909-4da9-b03d-bcd8cabc45d4" testListId="8c84fa94-04c1-424b-9868-57a2d4851a1d" />
    <TestEntry testId="3290daa7-d507-f542-3f4f-73f3c10c5d9e" executionId="b44d2702-c3d2-4adc-975f-98ad547fd22f" testListId="8c84fa94-04c1-424b-9868-57a2d4851a1d" />
    <TestEntry testId="f9e3fe53-984e-ed66-7c82-26be8e0fd658" executionId="784b7d59-ed57-41a1-9d72-295b07d3d149" testListId="8c84fa94-04c1-424b-9868-57a2d4851a1d" />
    <TestEntry testId="84fdc6a4-fe1f-51e5-aab0-d9ddae06d285" executionId="68ed35aa-0373-4000-8172-08215c95f9e7" testListId="8c84fa94-04c1-424b-9868-57a2d4851a1d" />
    <TestEntry testId="0ed8ac00-cc7d-78e3-2c34-108097922d30" executionId="64e4ef1d-15c8-4f7c-8caf-b2afa1bc0f49" testListId="8c84fa94-04c1-424b-9868-57a2d4851a1d" />
    <TestEntry testId="aa2d58dc-e117-ac8c-deaf-187bde3c9e8d" executionId="6f63898c-7d78-41c8-bb4d-24b3ca9e8936" testListId="8c84fa94-04c1-424b-9868-57a2d4851a1d" />
    <TestEntry testId="96519d85-9810-af48-ead7-c319c7a41b14" executionId="ca20841e-5250-4554-b14c-ea84abc6c696" testListId="8c84fa94-04c1-424b-9868-57a2d4851a1d" />
    <TestEntry testId="71b260a4-7a0a-22bd-51b9-3b57c783a4a6" executionId="fd1c8910-b898-4bd4-ad8b-b29a00e85fff" testListId="8c84fa94-04c1-424b-9868-57a2d4851a1d" />
    <TestEntry testId="284ed5db-1230-f6ad-207e-de1cfc3c566b" executionId="e996d7ef-a613-4633-a4b9-408b125c7b64" testListId="8c84fa94-04c1-424b-9868-57a2d4851a1d" />
    <TestEntry testId="f8ffb059-28b1-9662-170e-0724b4810d6a" executionId="47df1955-8895-476a-bba2-4c6436e1382f" testListId="8c84fa94-04c1-424b-9868-57a2d4851a1d" />
    <TestEntry testId="addcc560-4b1a-780b-5445-0ee6047d0bcc" executionId="4f23c370-08d0-4958-aae1-d3bdd736c427" testListId="8c84fa94-04c1-424b-9868-57a2d4851a1d" />
    <TestEntry testId="c09aa0b3-1f12-a97f-26c7-62ac961ee239" executionId="9d0c92e1-3b6c-4a04-b8ad-f70a4b75616f" testListId="8c84fa94-04c1-424b-9868-57a2d4851a1d" />
    <TestEntry testId="5c3816c1-6eb3-31d1-6176-2e2e744acf0f" executionId="67d20c92-bc34-4c3d-861d-473cef394c85" testListId="8c84fa94-04c1-424b-9868-57a2d4851a1d" />
    <TestEntry testId="d1a0b80a-5b42-d5fa-2df9-1683b86139ce" executionId="472cba3d-3efe-4bbd-bc8d-1460024c4f8a" testListId="8c84fa94-04c1-424b-9868-57a2d4851a1d" />
    <TestEntry testId="3592b6e4-6a25-916e-2ab9-1b1213d942ed" executionId="2e28123e-3fd4-4179-b28e-040362580ab5" testListId="8c84fa94-04c1-424b-9868-57a2d4851a1d" />
    <TestEntry testId="6c5ed67c-3eae-e1a5-15e6-3d115a1c8878" executionId="ef35bbea-c7ca-4d53-9139-a26a9c41a600" testListId="8c84fa94-04c1-424b-9868-57a2d4851a1d" />
    <TestEntry testId="33f87a38-7ca4-a1f9-c05a-30fc7eb3f586" executionId="98827bc3-8701-4048-b5ab-bb5802a525b2" testListId="8c84fa94-04c1-424b-9868-57a2d4851a1d" />
    <TestEntry testId="cdc6a990-e753-1269-b788-def34966aaec" executionId="c760f023-fe0a-480e-9013-5f3d33eb228b" testListId="8c84fa94-04c1-424b-9868-57a2d4851a1d" />
    <TestEntry testId="166e698a-e831-ae2a-ae4c-8abfb431f19a" executionId="bba2a811-181b-4e85-9abc-bca78cc0c85a" testListId="8c84fa94-04c1-424b-9868-57a2d4851a1d" />
    <TestEntry testId="5038eb7b-b0d8-504a-9be1-3bf2b64939a2" executionId="1e23b472-e250-41bf-9aae-58e3e8e36412" testListId="8c84fa94-04c1-424b-9868-57a2d4851a1d" />
    <TestEntry testId="e30853e7-76b1-6ff1-0d31-27913b6a2b48" executionId="0115a960-7656-4328-95be-dce45c2b3847" testListId="8c84fa94-04c1-424b-9868-57a2d4851a1d" />
    <TestEntry testId="1ca50681-0f25-4c9a-20ed-309c8a8e432b" executionId="2d5f2b11-f553-4f53-890e-53c9161b26f9" testListId="8c84fa94-04c1-424b-9868-57a2d4851a1d" />
    <TestEntry testId="85bdca0c-97d6-23bd-7f81-7e90c56a192a" executionId="2ee20d4f-9da6-43f9-8050-e92cff668ac6" testListId="8c84fa94-04c1-424b-9868-57a2d4851a1d" />
    <TestEntry testId="0f363a96-ecbb-d935-19e5-267c7a78e000" executionId="f066da03-f174-4768-98d5-97fd337b864a" testListId="8c84fa94-04c1-424b-9868-57a2d4851a1d" />
    <TestEntry testId="c645fdec-9e6b-0c9d-3338-494816d19f94" executionId="ed126122-8119-4df0-8512-85a257beb41a" testListId="8c84fa94-04c1-424b-9868-57a2d4851a1d" />
    <TestEntry testId="1914ec07-2eea-91ca-339f-6ea003e6ac39" executionId="d7ac487e-4657-456f-80db-eb1ebdf78bcb" testListId="8c84fa94-04c1-424b-9868-57a2d4851a1d" />
    <TestEntry testId="42c112bd-7f55-9468-46fa-a664b47e4ec4" executionId="57943b6f-e0bf-41fd-a779-20e0dc24dde9" testListId="8c84fa94-04c1-424b-9868-57a2d4851a1d" />
    <TestEntry testId="f55c1785-5c4e-1de8-5c8a-987d853d4808" executionId="22bd14fc-c1df-4050-aba7-0b9ace8d0840" testListId="8c84fa94-04c1-424b-9868-57a2d4851a1d" />
    <TestEntry testId="ea90c80d-da1a-2a5a-0c3b-366266ea4d71" executionId="9f6b4098-c15c-45f1-b3e3-ebc7883514bc" testListId="8c84fa94-04c1-424b-9868-57a2d4851a1d" />
    <TestEntry testId="3562198e-d083-9878-223b-d7cad3356acf" executionId="94a07d34-be22-4f41-84ce-b0773c0b4993" testListId="8c84fa94-04c1-424b-9868-57a2d4851a1d" />
    <TestEntry testId="6a201dd5-0aeb-3c72-68b4-c65d51909ffd" executionId="b9b476c2-1729-40c8-8039-b4968ecc2dad" testListId="8c84fa94-04c1-424b-9868-57a2d4851a1d" />
    <TestEntry testId="962a03e4-35ef-6bf7-7da6-890eb46bbee2" executionId="cbd56001-24e2-4a0b-bfec-d115b69761ff" testListId="8c84fa94-04c1-424b-9868-57a2d4851a1d" />
    <TestEntry testId="ef297977-d1ea-da5f-c606-71b90229a785" executionId="538a794c-bcb0-47b7-99b8-76f6ba8dfcbf" testListId="8c84fa94-04c1-424b-9868-57a2d4851a1d" />
    <TestEntry testId="05c64929-0170-5ad2-25a9-29e8bfb31195" executionId="6c15b423-4ece-454a-bb46-99ce1f38e552" testListId="8c84fa94-04c1-424b-9868-57a2d4851a1d" />
    <TestEntry testId="1da3e8aa-9282-7156-1f28-992497a9a06b" executionId="0345b5f4-28c6-4a0e-9c32-3f89cf77f1dd" testListId="8c84fa94-04c1-424b-9868-57a2d4851a1d" />
    <TestEntry testId="7ade06a2-239c-914a-e479-f089c22cad73" executionId="0af71df6-19f8-494d-bcfa-bd0204aaa4fa" testListId="8c84fa94-04c1-424b-9868-57a2d4851a1d" />
    <TestEntry testId="cc640fb5-9327-f2ba-f7a1-470ea480d798" executionId="0f40c1b3-eac1-4977-a433-84cc1d69ba2b" testListId="8c84fa94-04c1-424b-9868-57a2d4851a1d" />
    <TestEntry testId="907767fb-d595-b91f-03e3-234efc29e492" executionId="9fd9c77b-9654-412f-8e5f-6b0641679908" testListId="8c84fa94-04c1-424b-9868-57a2d4851a1d" />
    <TestEntry testId="756fc695-e805-5dc0-e722-af6c5a054d2b" executionId="b1974e69-5965-4223-9962-fdd0f39bf319" testListId="8c84fa94-04c1-424b-9868-57a2d4851a1d" />
    <TestEntry testId="65fa3a93-d776-becf-ffa4-2967237141ed" executionId="9dde2510-3bc2-4fba-adc6-3a9db8a7651c" testListId="8c84fa94-04c1-424b-9868-57a2d4851a1d" />
    <TestEntry testId="2435985f-ab52-e2fd-c731-d9183dca6ceb" executionId="353ffb7f-1a01-4b86-a53a-7e7952864a6c" testListId="8c84fa94-04c1-424b-9868-57a2d4851a1d" />
    <TestEntry testId="51a77c33-2195-c1de-ca6d-657f838f0b72" executionId="14190ae7-9a1b-4b11-9071-ca1f71adf565" testListId="8c84fa94-04c1-424b-9868-57a2d4851a1d" />
    <TestEntry testId="339bf639-f706-db27-3bb5-d505055e0d23" executionId="19c9aabe-4f81-4f5a-99ce-41be9ae3b85e" testListId="8c84fa94-04c1-424b-9868-57a2d4851a1d" />
    <TestEntry testId="06855945-d9fb-222c-4cbd-3ebd4370b1bf" executionId="8daa9e35-3dba-458f-b60b-c87f51a034ed" testListId="8c84fa94-04c1-424b-9868-57a2d4851a1d" />
    <TestEntry testId="64d104a7-c7b1-d1d6-b966-16c896dbcd90" executionId="e55a5937-77fb-4cbc-a256-42dd2ad2cad7" testListId="8c84fa94-04c1-424b-9868-57a2d4851a1d" />
    <TestEntry testId="ae17086a-48de-7f2e-3198-12f215d52c72" executionId="ff28cff7-3718-498e-bb0e-f882784a7df6" testListId="8c84fa94-04c1-424b-9868-57a2d4851a1d" />
    <TestEntry testId="93507b67-af54-7ef2-206f-00799f803785" executionId="d64cda51-fe5e-4c13-b072-5dac17d8ef91" testListId="8c84fa94-04c1-424b-9868-57a2d4851a1d" />
    <TestEntry testId="84df83c6-ad85-33ac-374a-d92ef5062f13" executionId="cd6bbf74-f6a2-4b71-8188-22cb4b83517a" testListId="8c84fa94-04c1-424b-9868-57a2d4851a1d" />
    <TestEntry testId="a4e31c7f-c9ec-fcd3-89c6-d19059f45f73" executionId="76b7c8b6-108c-4ba3-a532-574f477405f8" testListId="8c84fa94-04c1-424b-9868-57a2d4851a1d" />
    <TestEntry testId="27aa2833-282a-5824-b83c-495d274a012f" executionId="e3be45a8-5e2a-412f-9131-e7100dc41421" testListId="8c84fa94-04c1-424b-9868-57a2d4851a1d" />
    <TestEntry testId="bff9bc06-6bc4-1d5a-abb4-d46da8afadbc" executionId="a4a12f85-54bc-40f8-8fd1-12213da9ba6c" testListId="8c84fa94-04c1-424b-9868-57a2d4851a1d" />
    <TestEntry testId="93ad4f6c-0c12-d26a-1fb6-990b21c6e680" executionId="f16ecc80-c701-46d8-84cc-f76b4e036226" testListId="8c84fa94-04c1-424b-9868-57a2d4851a1d" />
    <TestEntry testId="3d076a3e-7550-8c0b-7aef-fbd8e2aaebe4" executionId="4a0cc4ef-1c66-4f52-98c5-90f6ca47feac" testListId="8c84fa94-04c1-424b-9868-57a2d4851a1d" />
    <TestEntry testId="4f88f77f-19dd-489d-40d6-142461366932" executionId="8248c498-c0b9-4049-821e-448c20f214a2" testListId="8c84fa94-04c1-424b-9868-57a2d4851a1d" />
    <TestEntry testId="b7f55a94-271a-644d-6d20-f4870fdb8340" executionId="c6cfca0d-62b3-409b-88be-939065d7e298" testListId="8c84fa94-04c1-424b-9868-57a2d4851a1d" />
    <TestEntry testId="d63cd0b2-2ae1-6932-f41e-ff5fe2edeca3" executionId="f35457a9-ca25-4d2a-ba8b-87c8055c387d" testListId="8c84fa94-04c1-424b-9868-57a2d4851a1d" />
    <TestEntry testId="567f41b5-8632-5d49-b246-25100492c0f8" executionId="53556e6a-af7a-4d55-b468-e3d26f03b1d1" testListId="8c84fa94-04c1-424b-9868-57a2d4851a1d" />
    <TestEntry testId="4958f0ed-c27d-5e5f-f7ea-6552dc0b9899" executionId="db655719-359b-44ba-a41d-262d355c8f86" testListId="8c84fa94-04c1-424b-9868-57a2d4851a1d" />
    <TestEntry testId="9fcf9756-1b82-ccdb-d8e2-46efc523e5b1" executionId="6f57cece-d554-46e0-9a97-f193ed0b92ca" testListId="8c84fa94-04c1-424b-9868-57a2d4851a1d" />
    <TestEntry testId="53c4f5cd-279b-3c35-e314-3f7e55208576" executionId="63e34530-c31e-4924-8104-ffd790841583" testListId="8c84fa94-04c1-424b-9868-57a2d4851a1d" />
    <TestEntry testId="783f6236-3f19-ef19-2fab-929b8c6c62a9" executionId="90189303-bad7-4a5f-8d69-b86da6a14fdd" testListId="8c84fa94-04c1-424b-9868-57a2d4851a1d" />
    <TestEntry testId="df2003db-1749-9a04-6cda-533da3ee7ea2" executionId="65eefa05-5745-41b2-94b3-4ed6665390e9" testListId="8c84fa94-04c1-424b-9868-57a2d4851a1d" />
    <TestEntry testId="bfaedc76-1cf4-713b-4d86-4a6e02709ac8" executionId="e38d6bce-70cf-481c-9a26-8010eabe1286" testListId="8c84fa94-04c1-424b-9868-57a2d4851a1d" />
    <TestEntry testId="d6e78642-0634-a14b-f87c-2f1e96fdf69e" executionId="622b0f66-e9dd-4af3-b71b-757a038d6813" testListId="8c84fa94-04c1-424b-9868-57a2d4851a1d" />
    <TestEntry testId="0f93be03-4d24-3ffc-33eb-859b7c3191a3" executionId="81f3e214-6ee1-43e9-b1cd-06440085278c" testListId="8c84fa94-04c1-424b-9868-57a2d4851a1d" />
    <TestEntry testId="70b71162-6bc9-242a-3e34-cb6149b787e4" executionId="acd956cc-142a-49eb-9bf4-b1627f318312" testListId="8c84fa94-04c1-424b-9868-57a2d4851a1d" />
    <TestEntry testId="86ab1f91-4310-3f40-e06a-afcad3eb14d2" executionId="ad911c8b-2c5d-4839-9037-fc8c3691074b" testListId="8c84fa94-04c1-424b-9868-57a2d4851a1d" />
    <TestEntry testId="fd6cfed8-24cc-25da-0806-eab42aae6368" executionId="42553c65-0865-463e-98ad-69dd0d3c55d8" testListId="8c84fa94-04c1-424b-9868-57a2d4851a1d" />
    <TestEntry testId="0cbcc47f-ea85-e002-df55-f87a6533bd23" executionId="3ce50884-6621-4094-88b8-ce33e82f44bd" testListId="8c84fa94-04c1-424b-9868-57a2d4851a1d" />
    <TestEntry testId="08e997fa-102d-83b0-8048-59947d8f4afb" executionId="bbc6ccd2-fa3c-4957-80a2-68aa45ec939e" testListId="8c84fa94-04c1-424b-9868-57a2d4851a1d" />
  </TestEntries>
  <TestLists>
    <TestList name="Ergebnisse nicht in einer Liste" id="8c84fa94-04c1-424b-9868-57a2d4851a1d" />
    <TestList name="Alle geladenen Ergebnisse" id="19431567-8539-422a-85d7-44ee4e166bda" />
  </TestLists>
  <ResultSummary outcome="Completed">
    <Counters total="351" executed="351" passed="351" failed="0" error="0" timeout="0" aborted="0" inconclusive="0" passedButRunAborted="0" notRunnable="0" notExecuted="0" disconnected="0" warning="0" completed="0" inProgress="0" pending="0" />
    <Output>
      <StdOut>[xUnit.net 00:00:00.00] xUnit.net VSTest Adapter v3.1.5+1b188a7b0a (64-bit .NET 10.0.12)&#xD;
[xUnit.net 00:00:00.15]   Discovering: VideoWebPlayer.Tests&#xD;
[xUnit.net 00:00:00.44]   Discovered:  VideoWebPlayer.Tests&#xD;
[xUnit.net 00:00:00.61]   Starting:    VideoWebPlayer.Tests&#xD;
[xUnit.net 00:01:05.57]   Finished:    VideoWebPlayer.Tests (ID = '4e0991edc9464c2f26592c0e4a87f50fd1e293f9f59fdfc35e9b453efba0254e')&#xD;
</StdOut>
    </Output>
    <CollectorDataEntries>
      <Collector agentName="DESKTOP-CM8OBSG" uri="datacollector://microsoft/CoverletCodeCoverage/1.0" collectorDisplayName="XPlat code coverage">
        <UriAttachments>
          <UriAttachment>
            <A href="DESKTOP-CM8OBSG\coverage.cobertura.xml"></A>
          </UriAttachment>
        </UriAttachments>
      </Collector>
    </CollectorDataEntries>
  </ResultSummary>
</TestRun>