<?xml version="1.0" encoding="utf-8"?>
<TestRun id="57c2a9e1-02b6-44ff-a781-bb677f7ac1b6" name="Martin@DESKTOP-CM8OBSG 2026-09-23 06:44:10" runUser="DESKTOP-CM8OBSG\Martin" xmlns="http://microsoft.com/schemas/VisualStudio/TeamTest/2010">
  <Times creation="2026-09-23T06:44:10.3934998+02:00" queuing="2026-09-23T06:44:10.3934999+02:00" start="2026-09-23T06:44:09.6105116+02:00" finish="2026-09-23T06:44:10.3938256+02:00" />
  <TestSettings name="default" id="63d3d84f-4754-43c6-931e-1e5f1bdc4b1e">
    <Deployment runDeploymentRoot="Martin_DESKTOP-CM8OBSG_2026-09-23_06_44_10" />
  </TestSettings>
  <TestLists>
    <TestList name="Ergebnisse nicht in einer Liste" id="8c84fa94-04c1-424b-9868-57a2d4851a1d" />
    <TestList name="Alle geladenen Ergebnisse" id="19431567-8539-422a-85d7-44ee4e166bda" />
  </TestLists>
  <ResultSummary outcome="Completed">
    <Counters total="0" executed="0" passed="0" failed="0" error="0" timeout="0" aborted="0" inconclusive="0" passedButRunAborted="0" notRunnable="0" notExecuted="0" disconnected="0" warning="0" completed="0" inProgress="0" pending="0" />
    <Output>
      <StdOut>[xUnit.net 00:00:00.00] xUnit.net VSTest Adapter v3.1.5+1b188a7b0a (64-bit .NET 10.0.12)&#xD;
[xUnit.net 00:00:00.16]   Discovering: VideoWebPlayer.Tests&#xD;
[xUnit.net 00:00:00.44]   Discovered:  VideoWebPlayer.Tests&#xD;
</StdOut>
    </Output>
    <RunInfos>
      <RunInfo computerName="DESKTOP-CM8OBSG" outcome="Warning" timestamp="2026-09-23T06:44:10.3243088+02:00">
        <Text>Kein Test entspricht dem angegebenen Testfallfilter "Category=Integration" in "D:\Repositories\softwareschmiede\487c3041-d72b-486e-811f-9ed8db04630b\VideoWebPlayer.Tests\bin\Release\net10.0\VideoWebPlayer.Tests.dll".</Text>
      </RunInfo>
    </RunInfos>
  </ResultSummary>
</TestRun>